2021-03-29 10:43:38,170 [10] INFO  SPOS_ManagerView.Classes.Requests - Request sent: http://localhost:5000/validateManager/mrodrigues/D404559F602EAB6FD602AC7680DACBFAADD13630335E951F097AF3900E9DE176B6DB28512F2E000B9D04FBA5133E8B1C6E8DF59DB3A8AB9D60BE4B97CC9E81DB .Result: Success
2021-03-29 10:43:45,557 [20] ERROR SPOS_ManagerView.Classes.Requests - Request sent: http://localhost:5000/GetUserById/1 .Result: The remote server returned an error: (404) Not Found.
2021-03-29 10:43:45,612 [20] INFO  SPOS_ManagerView.Classes.Requests - Request sent: http://localhost:5000/getJobTitles .Result: Success
2021-03-29 10:44:10,668 [9] ERROR SPOS_ManagerView.Classes.Requests - Request sent: http://localhost:5000/GetUserById/1 .Result: The remote server returned an error: (404) Not Found.
2021-03-29 10:44:15,321 [9] INFO  SPOS_ManagerView.Classes.Requests - Request sent: http://localhost:5000/getJobTitles .Result: Success
2021-03-29 10:45:15,116 [15] ERROR SPOS_ManagerView.Classes.Requests - Request sent: http://localhost:5000/GetUserById/1 .Result: The remote server returned an error: (404) Not Found.
2021-03-29 10:45:15,148 [15] INFO  SPOS_ManagerView.Classes.Requests - Request sent: http://localhost:5000/getJobTitles .Result: Success
2021-03-29 10:49:08,656 [19] INFO  SPOS_ManagerView.Classes.Requests - Request sent: http://localhost:5000/validateManager/mrodrigues/D404559F602EAB6FD602AC7680DACBFAADD13630335E951F097AF3900E9DE176B6DB28512F2E000B9D04FBA5133E8B1C6E8DF59DB3A8AB9D60BE4B97CC9E81DB .Result: Success
2021-03-29 10:49:13,016 [19] INFO  SPOS_ManagerView.Classes.Requests - Request sent: http://localhost:5000/GetUserById/1 .Result: Success
2021-03-29 10:49:13,281 [19] INFO  SPOS_ManagerView.Classes.Requests - Request sent: http://localhost:5000/getJobTitles .Result: Success
2021-03-29 10:49:19,512 [9] ERROR SPOS_ManagerView.Classes.Requests - Request sent: http://localhost:5000/GetUserById/1ttt .Result: The remote server returned an error: (400) Bad Request.
2021-03-29 10:49:19,555 [9] INFO  SPOS_ManagerView.Classes.Requests - Request sent: http://localhost:5000/getJobTitles .Result: Success
2021-03-29 10:52:25,138 [14] INFO  SPOS_ManagerView.Classes.Requests - Request sent: http://localhost:5000/validateManager/mrodrigues/D404559F602EAB6FD602AC7680DACBFAADD13630335E951F097AF3900E9DE176B6DB28512F2E000B9D04FBA5133E8B1C6E8DF59DB3A8AB9D60BE4B97CC9E81DB .Result: Success
2021-03-29 10:52:39,737 [4] ERROR SPOS_ManagerView.Classes.Requests - Request sent: http://localhost:5000/GetUserById/432343 .Result: The remote server returned an error: (404) Not Found.
2021-03-29 10:52:39,757 [4] INFO  SPOS_ManagerView.Classes.Requests - Request sent: http://localhost:5000/getJobTitles .Result: Success
2021-03-29 10:53:01,340 [13] INFO  SPOS_ManagerView.Classes.Requests - Request sent: http://localhost:5000/validateManager/mrodrigues/D404559F602EAB6FD602AC7680DACBFAADD13630335E951F097AF3900E9DE176B6DB28512F2E000B9D04FBA5133E8B1C6E8DF59DB3A8AB9D60BE4B97CC9E81DB .Result: Success
2021-03-29 10:53:05,706 [4] ERROR SPOS_ManagerView.Classes.Requests - Request sent: http://localhost:5000/GetUserById/432343 .Result: The remote server returned an error: (404) Not Found.
2021-03-29 10:54:09,447 [19] INFO  SPOS_ManagerView.Classes.Requests - Request sent: http://localhost:5000/validateManager/mrodrigues/D404559F602EAB6FD602AC7680DACBFAADD13630335E951F097AF3900E9DE176B6DB28512F2E000B9D04FBA5133E8B1C6E8DF59DB3A8AB9D60BE4B97CC9E81DB .Result: Success
2021-03-29 10:54:13,401 [4] ERROR SPOS_ManagerView.Classes.Requests - Request sent: http://localhost:5000/GetUserById/432343 .Result: The remote server returned an error: (404) Not Found.
2021-03-29 10:54:13,429 [4] INFO  SPOS_ManagerView.Classes.Requests - Request sent: http://localhost:5000/getJobTitles .Result: Success
2021-03-29 10:54:24,252 [9] ERROR SPOS_ManagerView.Classes.Requests - Request sent: http://localhost:5000/GetUserById/432343 .Result: The remote server returned an error: (404) Not Found.
2021-03-29 10:54:53,510 [19] INFO  SPOS_ManagerView.Classes.Requests - Request sent: http://localhost:5000/validateManager/mrodrigues/D404559F602EAB6FD602AC7680DACBFAADD13630335E951F097AF3900E9DE176B6DB28512F2E000B9D04FBA5133E8B1C6E8DF59DB3A8AB9D60BE4B97CC9E81DB .Result: Success
2021-03-29 10:54:55,154 [9] INFO  SPOS_ManagerView.Classes.Requests - Request sent: http://localhost:5000/getJobTitles .Result: Success
2021-03-29 10:54:58,716 [5] ERROR SPOS_ManagerView.Classes.Requests - Request sent: http://localhost:5000/GetUserById/980916 .Result: The remote server returned an error: (404) Not Found.
2021-03-29 10:54:58,731 [5] INFO  SPOS_ManagerView.Classes.Requests - Request sent: http://localhost:5000/getJobTitles .Result: Success
2021-03-29 10:55:02,672 [5] INFO  SPOS_ManagerView.Classes.Requests - Request sent: http://localhost:5000/GetUserById/1 .Result: Success
2021-03-29 10:55:02,891 [5] INFO  SPOS_ManagerView.Classes.Requests - Request sent: http://localhost:5000/getJobTitles .Result: Success
2021-03-29 10:55:05,195 [17] ERROR SPOS_ManagerView.Classes.Requests - Request sent: http://localhost:5000/GetUserById/980916 .Result: The remote server returned an error: (404) Not Found.
2021-03-29 10:55:05,235 [17] INFO  SPOS_ManagerView.Classes.Requests - Request sent: http://localhost:5000/getJobTitles .Result: Success
2021-03-29 10:55:08,351 [4] INFO  SPOS_ManagerView.Classes.Requests - Request sent: http://localhost:5000/GetUserById/2 .Result: Success
2021-03-29 10:55:08,373 [4] INFO  SPOS_ManagerView.Classes.Requests - Request sent: http://localhost:5000/getJobTitles .Result: Success
2021-03-29 10:55:11,666 [5] ERROR SPOS_ManagerView.Classes.Requests - Request sent: http://localhost:5000/GetUserById/980916 .Result: The remote server returned an error: (404) Not Found.
2021-03-29 10:55:11,683 [5] INFO  SPOS_ManagerView.Classes.Requests - Request sent: http://localhost:5000/getJobTitles .Result: Success
2021-03-29 10:55:14,733 [5] INFO  SPOS_ManagerView.Classes.Requests - Request sent: http://localhost:5000/GetUserById/3 .Result: Success
2021-03-29 10:55:14,762 [5] INFO  SPOS_ManagerView.Classes.Requests - Request sent: http://localhost:5000/getJobTitles .Result: Success
2021-03-29 10:55:16,397 [9] ERROR SPOS_ManagerView.Classes.Requests - Request sent: http://localhost:5000/GetUserById/980916 .Result: The remote server returned an error: (404) Not Found.
2021-03-29 10:55:16,418 [9] INFO  SPOS_ManagerView.Classes.Requests - Request sent: http://localhost:5000/getJobTitles .Result: Success
2021-03-29 10:55:19,450 [5] ERROR SPOS_ManagerView.Classes.Requests - Request sent: http://localhost:5000/GetUserById/980916 .Result: The remote server returned an error: (404) Not Found.
2021-03-29 10:55:19,479 [5] INFO  SPOS_ManagerView.Classes.Requests - Request sent: http://localhost:5000/getJobTitles .Result: Success
2021-03-29 10:57:35,345 [4] INFO  SPOS_ManagerView.Classes.Requests - Request sent: http://localhost:5000/validateManager/mrodrigues/D404559F602EAB6FD602AC7680DACBFAADD13630335E951F097AF3900E9DE176B6DB28512F2E000B9D04FBA5133E8B1C6E8DF59DB3A8AB9D60BE4B97CC9E81DB .Result: Success
2021-03-29 10:57:49,729 [4] ERROR SPOS_ManagerView.Classes.Requests - Request sent: http://localhost:5000/createManagerAccount/3/eleni/D404559F602EAB6FD602AC7680DACBFAADD13630335E951F097AF3900E9DE176B6DB28512F2E000B9D04FBA5133E8B1C6E8DF59DB3A8AB9D60BE4B97CC9E81DB .Result: The remote server returned an error: (400) Bad Request.
2021-03-29 10:58:03,014 [18] ERROR SPOS_ManagerView.Classes.Requests - Request sent: http://localhost:5000/createManagerAccount/3/eleni/D404559F602EAB6FD602AC7680DACBFAADD13630335E951F097AF3900E9DE176B6DB28512F2E000B9D04FBA5133E8B1C6E8DF59DB3A8AB9D60BE4B97CC9E81DB .Result: The remote server returned an error: (400) Bad Request.
2021-03-29 10:58:31,478 [5] ERROR SPOS_ManagerView.Classes.Requests - Request sent: http://localhost:5000/createManagerAccount/3/eleni/D404559F602EAB6FD602AC7680DACBFAADD13630335E951F097AF3900E9DE176B6DB28512F2E000B9D04FBA5133E8B1C6E8DF59DB3A8AB9D60BE4B97CC9E81DB .Result: An error occurred while sending the request.
2021-03-29 10:59:20,541 [10] INFO  SPOS_ManagerView.Classes.Requests - Request sent: http://localhost:5000/GetUserById/3 .Result: Success
2021-03-29 10:59:21,302 [10] INFO  SPOS_ManagerView.Classes.Requests - Request sent: http://localhost:5000/getJobTitles .Result: Success
2021-03-29 10:59:24,538 [5] INFO  SPOS_ManagerView.Classes.Requests - Request sent: http://localhost:5000/updateStaffMember/%7B%22ID%22%3Anull%2C%22jobTitle%22%3A%222%22%2C%22FName%22%3A%22Maria%22%2C%22MName%22%3A%22Eleni%22%2C%22LName%22%3A%22Christodou%22%2C%22personal_id%22%3A%2212431%22%2C%22address_no%22%3A%2243%22%2C%22postal_code%22%3A%2234%22%2C%22address_street%22%3A%22street%22%2C%22gender%22%3A%22F%22%2C%22email%22%3A%22maria%40gmail.com%22%2C%22DOB%22%3A%222001-01-02T00%3A00%3A00%22%2C%22salary_per_hour%22%3A%225.00%22%2C%22phone_no%22%3A%2222216322%22%2C%22is_active%22%3Atrue%2C%22is_manager%22%3Atrue%2C%22working_minutes%22%3A0%7D .Result: Success
2021-03-29 10:59:32,880 [27] INFO  SPOS_ManagerView.Classes.Requests - Request sent: http://localhost:5000/createManagerAccount/3/eleni/D404559F602EAB6FD602AC7680DACBFAADD13630335E951F097AF3900E9DE176B6DB28512F2E000B9D04FBA5133E8B1C6E8DF59DB3A8AB9D60BE4B97CC9E81DB .Result: Success
2021-03-29 10:59:38,164 [23] INFO  SPOS_ManagerView.Classes.Requests - Request sent: http://localhost:5000/validateManager/eleni/D404559F602EAB6FD602AC7680DACBFAADD13630335E951F097AF3900E9DE176B6DB28512F2E000B9D04FBA5133E8B1C6E8DF59DB3A8AB9D60BE4B97CC9E81DB .Result: Success
2021-03-29 10:59:41,490 [10] INFO  SPOS_ManagerView.Classes.Requests - Request sent: http://localhost:5000/validateManager/mrodrigues/D404559F602EAB6FD602AC7680DACBFAADD13630335E951F097AF3900E9DE176B6DB28512F2E000B9D04FBA5133E8B1C6E8DF59DB3A8AB9D60BE4B97CC9E81DB .Result: Success
2021-03-29 11:02:01,672 [9] INFO  SPOS_ManagerView.Classes.Requests - Request sent: http://localhost:5000/validateManager/mrodrigues/D404559F602EAB6FD602AC7680DACBFAADD13630335E951F097AF3900E9DE176B6DB28512F2E000B9D04FBA5133E8B1C6E8DF59DB3A8AB9D60BE4B97CC9E81DB .Result: Success
2021-03-29 11:02:11,425 [14] INFO  SPOS_ManagerView.Classes.Requests - Request sent: http://localhost:5000/createPOSAccount/3/1234 .Result: Success
2021-03-29 11:02:26,771 [4] ERROR SPOS_ManagerView.Classes.Requests - Request sent: http://localhost:5000/createPOSAccount/3/123 .Result: The remote server returned an error: (400) Bad Request.
2021-03-29 11:02:31,303 [13] INFO  SPOS_ManagerView.Classes.Requests - Request sent: http://localhost:5000/createPOSAccount/3/1234 .Result: Success
2021-03-29 11:02:33,020 [9] ERROR SPOS_ManagerView.Classes.Requests - Request sent: http://localhost:5000/createPOSAccount/3/1234 .Result: The remote server returned an error: (400) Bad Request.
2021-03-29 11:16:21,586 [14] INFO  SPOS_ManagerView.Classes.Requests - Request sent: http://localhost:5000/validateManager/mrodrigues/D404559F602EAB6FD602AC7680DACBFAADD13630335E951F097AF3900E9DE176B6DB28512F2E000B9D04FBA5133E8B1C6E8DF59DB3A8AB9D60BE4B97CC9E81DB .Result: Success
2021-03-29 11:16:25,184 [17] INFO  SPOS_ManagerView.Classes.Requests - Request sent: http://localhost:5000/getAllStaff .Result: Success
2021-03-29 11:22:19,336 [10] INFO  SPOS_ManagerView.Classes.Requests - Request sent: http://localhost:5000/validateManager/mrodrigues/D404559F602EAB6FD602AC7680DACBFAADD13630335E951F097AF3900E9DE176B6DB28512F2E000B9D04FBA5133E8B1C6E8DF59DB3A8AB9D60BE4B97CC9E81DB .Result: Success
2021-03-29 11:22:24,119 [15] INFO  SPOS_ManagerView.Classes.Requests - Request sent: http://localhost:5000/getAllStaff .Result: Success
2021-03-29 11:22:30,681 [16] INFO  SPOS_ManagerView.Classes.Requests - Request sent: http://localhost:5000/getAllStaff .Result: Success
2021-03-29 11:22:32,069 [5] INFO  SPOS_ManagerView.Classes.Requests - Request sent: http://localhost:5000/getAllStaff .Result: Success
2021-03-29 11:23:23,101 [5] INFO  SPOS_ManagerView.Classes.Requests - Request sent: http://localhost:5000/validateManager/mrodrigues/D404559F602EAB6FD602AC7680DACBFAADD13630335E951F097AF3900E9DE176B6DB28512F2E000B9D04FBA5133E8B1C6E8DF59DB3A8AB9D60BE4B97CC9E81DB .Result: Success
2021-03-29 11:23:27,468 [4] INFO  SPOS_ManagerView.Classes.Requests - Request sent: http://localhost:5000/getAllStaff .Result: Success
2021-03-29 11:26:58,399 [4] INFO  SPOS_ManagerView.Classes.Requests - Request sent: http://localhost:5000/validateManager/mrodrigues/D404559F602EAB6FD602AC7680DACBFAADD13630335E951F097AF3900E9DE176B6DB28512F2E000B9D04FBA5133E8B1C6E8DF59DB3A8AB9D60BE4B97CC9E81DB .Result: Success
2021-03-29 11:27:03,373 [4] INFO  SPOS_ManagerView.Classes.Requests - Request sent: http://localhost:5000/getAllStaff .Result: Success
2021-03-29 11:29:27,810 [21] INFO  SPOS_ManagerView.Classes.Requests - Request sent: http://localhost:5000/validateManager/mrodrigues/D404559F602EAB6FD602AC7680DACBFAADD13630335E951F097AF3900E9DE176B6DB28512F2E000B9D04FBA5133E8B1C6E8DF59DB3A8AB9D60BE4B97CC9E81DB .Result: Success
2021-03-29 11:29:32,812 [4] INFO  SPOS_ManagerView.Classes.Requests - Request sent: http://localhost:5000/getAllStaff .Result: Success
2021-03-29 12:05:58,248 [15] INFO  SPOS_ManagerView.Classes.Requests - Request sent: http://localhost:5000/validateManager/mrodrigues/D404559F602EAB6FD602AC7680DACBFAADD13630335E951F097AF3900E9DE176B6DB28512F2E000B9D04FBA5133E8B1C6E8DF59DB3A8AB9D60BE4B97CC9E81DB .Result: Success
2021-03-29 12:06:06,850 [9] INFO  SPOS_ManagerView.Classes.Requests - Request sent: http://localhost:5000/GetUserById/1 .Result: Success
2021-03-29 12:06:07,239 [9] INFO  SPOS_ManagerView.Classes.Requests - Request sent: http://localhost:5000/getJobTitles .Result: Success
2021-03-29 12:07:02,137 [9] INFO  SPOS_ManagerView.Classes.Requests - Request sent: http://localhost:5000/GetUserById/1 .Result: Success
2021-03-29 12:07:02,196 [9] INFO  SPOS_ManagerView.Classes.Requests - Request sent: http://localhost:5000/getJobTitles .Result: Success
2021-03-29 12:07:05,293 [15] INFO  SPOS_ManagerView.Classes.Requests - Request sent: http://localhost:5000/getJobTitles .Result: Success
2021-03-29 12:07:09,002 [4] INFO  SPOS_ManagerView.Classes.Requests - Request sent: http://localhost:5000/GetUserById/1 .Result: Success
2021-03-29 12:07:09,019 [4] INFO  SPOS_ManagerView.Classes.Requests - Request sent: http://localhost:5000/getJobTitles .Result: Success
2021-03-29 12:07:13,397 [18] INFO  SPOS_ManagerView.Classes.Requests - Request sent: http://localhost:5000/GetUserById/2 .Result: Success
2021-03-29 12:07:13,418 [18] INFO  SPOS_ManagerView.Classes.Requests - Request sent: http://localhost:5000/getJobTitles .Result: Success
2021-03-29 13:15:00,284 [14] INFO  SPOS_ManagerView.Classes.Requests - Request sent: http://localhost:5000/validateManager/mrodrigues/D404559F602EAB6FD602AC7680DACBFAADD13630335E951F097AF3900E9DE176B6DB28512F2E000B9D04FBA5133E8B1C6E8DF59DB3A8AB9D60BE4B97CC9E81DB .Result: Success
2021-03-29 13:15:04,235 [4] INFO  SPOS_ManagerView.Classes.Requests - Request sent: http://localhost:5000/GetUserById/1 .Result: Success
2021-03-29 13:15:16,259 [4] INFO  SPOS_ManagerView.Classes.Requests - Request sent: http://localhost:5000/getJobTitles .Result: Success
2021-03-29 13:16:08,142 [10] INFO  SPOS_ManagerView.Classes.Requests - Request sent: http://localhost:5000/validateManager/mrodrigues/D404559F602EAB6FD602AC7680DACBFAADD13630335E951F097AF3900E9DE176B6DB28512F2E000B9D04FBA5133E8B1C6E8DF59DB3A8AB9D60BE4B97CC9E81DB .Result: Success
2021-03-29 13:16:13,550 [9] INFO  SPOS_ManagerView.Classes.Requests - Request sent: http://localhost:5000/GetUserById/1 .Result: Success
2021-03-29 13:16:19,044 [9] INFO  SPOS_ManagerView.Classes.Requests - Request sent: http://localhost:5000/getJobTitles .Result: Success
2021-03-29 14:20:31,084 [4] INFO  SPOS_ManagerView.Classes.Requests - Request sent: http://localhost:5000/validateManager/mrodrigues/D404559F602EAB6FD602AC7680DACBFAADD13630335E951F097AF3900E9DE176B6DB28512F2E000B9D04FBA5133E8B1C6E8DF59DB3A8AB9D60BE4B97CC9E81DB .Result: Success
