2021-03-21 12:43:43,002 [8] ERROR Rest.Controllers.UsersController - Received Request: 'getUserId/123'. Error: Unable to cast object of type 'System.Int32' to type 'System.String'.
2021-03-21 12:45:01,134 [4] INFO  Rest.Controllers.UsersController - Received Request: 'getUserId/123'. Result: Microsoft.AspNetCore.Mvc.OkObjectResult
2021-03-21 12:47:14,933 [4] INFO  Rest.Controllers.UsersController - Received Request: 'checkPassword/123'. Result: Microsoft.AspNetCore.Mvc.OkResult
2021-03-21 12:47:15,316 [9] INFO  Rest.Controllers.UsersController - Received Request: 'getUserName/123'. Result: Microsoft.AspNetCore.Mvc.OkObjectResult
2021-03-21 12:47:15,359 [15] INFO  Rest.Controllers.UsersController - Received Request: 'getUserId/123'. Result: Microsoft.AspNetCore.Mvc.OkObjectResult
2021-03-21 13:02:37,439 [16] ERROR Rest.Controllers.OrdersController - Received Request: 'createOrder/1/cash'. Error: Unable to cast object of type 'System.Int64' to type 'System.Int32'.
2021-03-21 13:03:28,285 [11] INFO  Rest.Controllers.OrdersController - Received Request: 'createOrder/1/cash'. Result: Microsoft.AspNetCore.Mvc.OkObjectResult
2021-03-21 13:15:10,819 [18] INFO  Rest.Controllers.UsersController - Received Request: 'checkPassword/123'. Result: Microsoft.AspNetCore.Mvc.OkResult
2021-03-21 13:15:11,079 [21] INFO  Rest.Controllers.UsersController - Received Request: 'getUserName/123'. Result: Microsoft.AspNetCore.Mvc.OkObjectResult
2021-03-21 13:15:11,123 [17] INFO  Rest.Controllers.UsersController - Received Request: 'getUserId/123'. Result: Microsoft.AspNetCore.Mvc.OkObjectResult
2021-03-21 13:15:11,202 [20] INFO  Rest.Controllers.ItemsController - Received Request: 'getItemTypes'. Result: Microsoft.AspNetCore.Mvc.OkObjectResult
2021-03-21 13:15:11,564 [18] INFO  Rest.Controllers.ItemsController - Received Request: 'getCategories'. Result: Microsoft.AspNetCore.Mvc.OkObjectResult
2021-03-21 13:15:13,656 [21] INFO  Rest.Controllers.ItemsController - Received Request: 'getItemTypes'. Result: Microsoft.AspNetCore.Mvc.OkObjectResult
2021-03-21 13:15:13,688 [17] INFO  Rest.Controllers.ItemsController - Received Request: 'getItems/1'. Result: Microsoft.AspNetCore.Mvc.OkObjectResult
2021-03-21 13:15:17,960 [20] INFO  Rest.Controllers.OrdersController - Received Request: 'createOrder/1/VISA'. Result: Microsoft.AspNetCore.Mvc.OkObjectResult
2021-03-21 13:37:54,784 [10] INFO  Rest.Controllers.UsersController - Received Request: 'checkPassword/123'. Result: Microsoft.AspNetCore.Mvc.OkResult
2021-03-21 13:37:55,094 [10] INFO  Rest.Controllers.UsersController - Received Request: 'getUserName/123'. Result: Microsoft.AspNetCore.Mvc.OkObjectResult
2021-03-21 13:37:55,155 [9] INFO  Rest.Controllers.UsersController - Received Request: 'getUserId/123'. Result: Microsoft.AspNetCore.Mvc.OkObjectResult
2021-03-21 13:37:55,257 [4] INFO  Rest.Controllers.ItemsController - Received Request: 'getItemTypes'. Result: Microsoft.AspNetCore.Mvc.OkObjectResult
2021-03-21 13:37:55,667 [8] INFO  Rest.Controllers.ItemsController - Received Request: 'getCategories'. Result: Microsoft.AspNetCore.Mvc.OkObjectResult
2021-03-21 13:37:57,772 [12] INFO  Rest.Controllers.ItemsController - Received Request: 'getItemTypes'. Result: Microsoft.AspNetCore.Mvc.OkObjectResult
2021-03-21 13:37:57,798 [10] INFO  Rest.Controllers.ItemsController - Received Request: 'getItems/1'. Result: Microsoft.AspNetCore.Mvc.OkObjectResult
2021-03-21 13:38:01,430 [4] INFO  Rest.Controllers.OrdersController - Received Request: 'createOrder/1/VISA'. Result: Microsoft.AspNetCore.Mvc.OkObjectResult
2021-03-21 13:38:01,826 [8] ERROR Rest.Controllers.OrdersController - Received Request: 'insertItemInOrder/7/1/1'. Error: The INSERT statement conflicted with the FOREIGN KEY constraint "FK_ITEMS_RECEIPT_HISTORY_RECEIPTS_HISTORY". The conflict occurred in database "POS", table "dbo.RECEIPTS_HISTORY", column 'ID'.
The statement has been terminated.
2021-03-21 13:39:11,271 [17] INFO  Rest.Controllers.UsersController - Received Request: 'checkPassword/123'. Result: Microsoft.AspNetCore.Mvc.OkResult
2021-03-21 13:39:11,288 [19] INFO  Rest.Controllers.UsersController - Received Request: 'getUserName/123'. Result: Microsoft.AspNetCore.Mvc.OkObjectResult
2021-03-21 13:39:11,306 [20] INFO  Rest.Controllers.UsersController - Received Request: 'getUserId/123'. Result: Microsoft.AspNetCore.Mvc.OkObjectResult
2021-03-21 13:39:11,329 [19] INFO  Rest.Controllers.ItemsController - Received Request: 'getItemTypes'. Result: Microsoft.AspNetCore.Mvc.OkObjectResult
2021-03-21 13:39:11,355 [20] INFO  Rest.Controllers.ItemsController - Received Request: 'getCategories'. Result: Microsoft.AspNetCore.Mvc.OkObjectResult
2021-03-21 13:39:12,473 [17] INFO  Rest.Controllers.ItemsController - Received Request: 'getItemTypes'. Result: Microsoft.AspNetCore.Mvc.OkObjectResult
2021-03-21 13:39:12,493 [19] INFO  Rest.Controllers.ItemsController - Received Request: 'getItems/1'. Result: Microsoft.AspNetCore.Mvc.OkObjectResult
2021-03-21 13:39:14,302 [19] INFO  Rest.Controllers.OrdersController - Received Request: 'createOrder/1/VISA'. Result: Microsoft.AspNetCore.Mvc.OkObjectResult
2021-03-21 13:39:30,818 [17] INFO  Rest.Controllers.OrdersController - Received Request: 'insertItemInOrder/8/1/1'. Result: Microsoft.AspNetCore.Mvc.OkResult
2021-03-21 13:40:21,736 [27] INFO  Rest.Controllers.UsersController - Received Request: 'checkPassword/123'. Result: Microsoft.AspNetCore.Mvc.OkResult
2021-03-21 13:40:21,768 [28] INFO  Rest.Controllers.UsersController - Received Request: 'getUserName/123'. Result: Microsoft.AspNetCore.Mvc.OkObjectResult
2021-03-21 13:40:21,788 [28] INFO  Rest.Controllers.UsersController - Received Request: 'getUserId/123'. Result: Microsoft.AspNetCore.Mvc.OkObjectResult
2021-03-21 13:40:21,812 [29] INFO  Rest.Controllers.ItemsController - Received Request: 'getItemTypes'. Result: Microsoft.AspNetCore.Mvc.OkObjectResult
2021-03-21 13:40:21,841 [22] INFO  Rest.Controllers.ItemsController - Received Request: 'getCategories'. Result: Microsoft.AspNetCore.Mvc.OkObjectResult
2021-03-21 13:40:23,047 [27] INFO  Rest.Controllers.ItemsController - Received Request: 'getItemTypes'. Result: Microsoft.AspNetCore.Mvc.OkObjectResult
2021-03-21 13:40:23,062 [22] INFO  Rest.Controllers.ItemsController - Received Request: 'getItems/1'. Result: Microsoft.AspNetCore.Mvc.OkObjectResult
2021-03-21 13:40:27,926 [22] INFO  Rest.Controllers.OrdersController - Received Request: 'createOrder/1/CASH'. Result: Microsoft.AspNetCore.Mvc.OkObjectResult
2021-03-21 13:40:37,389 [27] INFO  Rest.Controllers.OrdersController - Received Request: 'insertItemInOrder/9/2/1'. Result: Microsoft.AspNetCore.Mvc.OkResult
2021-03-21 13:40:38,213 [27] INFO  Rest.Controllers.OrdersController - Received Request: 'insertItemInOrder/9/3/1'. Result: Microsoft.AspNetCore.Mvc.OkResult
2021-03-21 13:42:00,630 [36] INFO  Rest.Controllers.UsersController - Received Request: 'checkPassword/123'. Result: Microsoft.AspNetCore.Mvc.OkResult
2021-03-21 13:42:00,657 [36] INFO  Rest.Controllers.UsersController - Received Request: 'getUserName/123'. Result: Microsoft.AspNetCore.Mvc.OkObjectResult
2021-03-21 13:42:00,707 [36] INFO  Rest.Controllers.UsersController - Received Request: 'getUserId/123'. Result: Microsoft.AspNetCore.Mvc.OkObjectResult
2021-03-21 13:42:00,759 [38] INFO  Rest.Controllers.ItemsController - Received Request: 'getItemTypes'. Result: Microsoft.AspNetCore.Mvc.OkObjectResult
2021-03-21 13:42:00,789 [33] INFO  Rest.Controllers.ItemsController - Received Request: 'getCategories'. Result: Microsoft.AspNetCore.Mvc.OkObjectResult
2021-03-21 13:42:01,558 [34] INFO  Rest.Controllers.ItemsController - Received Request: 'getItemTypes'. Result: Microsoft.AspNetCore.Mvc.OkObjectResult
2021-03-21 13:42:01,582 [38] INFO  Rest.Controllers.ItemsController - Received Request: 'getItems/1'. Result: Microsoft.AspNetCore.Mvc.OkObjectResult
2021-03-21 13:42:09,376 [36] INFO  Rest.Controllers.OrdersController - Received Request: 'createOrder/1/MASTER'. Result: Microsoft.AspNetCore.Mvc.OkObjectResult
2021-03-21 13:42:54,898 [41] INFO  Rest.Controllers.OrdersController - Received Request: 'insertItemInOrder/10/1/1'. Result: Microsoft.AspNetCore.Mvc.OkResult
2021-03-21 13:42:55,088 [40] INFO  Rest.Controllers.OrdersController - Received Request: 'insertItemInOrder/10/2/1'. Result: Microsoft.AspNetCore.Mvc.OkResult
2021-03-21 13:45:43,659 [4] INFO  Rest.Controllers.OrdersController - Received Request: 'createOrder/1/cash'. Result: Microsoft.AspNetCore.Mvc.OkObjectResult
2021-03-21 13:45:55,171 [5] INFO  Rest.Controllers.UsersController - Received Request: 'checkPassword/123'. Result: Microsoft.AspNetCore.Mvc.OkResult
2021-03-21 13:45:55,284 [4] INFO  Rest.Controllers.UsersController - Received Request: 'getUserName/123'. Result: Microsoft.AspNetCore.Mvc.OkObjectResult
2021-03-21 13:45:55,670 [12] INFO  Rest.Controllers.UsersController - Received Request: 'getUserId/123'. Result: Microsoft.AspNetCore.Mvc.OkObjectResult
2021-03-21 13:45:55,776 [11] INFO  Rest.Controllers.ItemsController - Received Request: 'getItemTypes'. Result: Microsoft.AspNetCore.Mvc.OkObjectResult
2021-03-21 13:45:55,961 [9] INFO  Rest.Controllers.ItemsController - Received Request: 'getCategories'. Result: Microsoft.AspNetCore.Mvc.OkObjectResult
2021-03-21 13:45:58,141 [4] INFO  Rest.Controllers.ItemsController - Received Request: 'getItemTypes'. Result: Microsoft.AspNetCore.Mvc.OkObjectResult
2021-03-21 13:45:58,220 [5] INFO  Rest.Controllers.ItemsController - Received Request: 'getItems/3'. Result: Microsoft.AspNetCore.Mvc.OkObjectResult
2021-03-21 13:46:06,457 [11] INFO  Rest.Controllers.OrdersController - Received Request: 'createOrder/1/MASTER'. Result: Microsoft.AspNetCore.Mvc.OkObjectResult
2021-03-21 13:48:27,705 [4] INFO  Rest.Controllers.UsersController - Received Request: 'checkPassword/123'. Result: Microsoft.AspNetCore.Mvc.OkResult
2021-03-21 13:48:28,324 [5] INFO  Rest.Controllers.UsersController - Received Request: 'getUserName/123'. Result: Microsoft.AspNetCore.Mvc.OkObjectResult
2021-03-21 13:48:28,457 [5] INFO  Rest.Controllers.UsersController - Received Request: 'getUserId/123'. Result: Microsoft.AspNetCore.Mvc.OkObjectResult
2021-03-21 13:48:28,749 [4] INFO  Rest.Controllers.ItemsController - Received Request: 'getItemTypes'. Result: Microsoft.AspNetCore.Mvc.OkObjectResult
2021-03-21 13:48:30,349 [14] INFO  Rest.Controllers.ItemsController - Received Request: 'getCategories'. Result: Microsoft.AspNetCore.Mvc.OkObjectResult
2021-03-21 13:48:33,438 [5] INFO  Rest.Controllers.ItemsController - Received Request: 'getItemTypes'. Result: Microsoft.AspNetCore.Mvc.OkObjectResult
2021-03-21 13:48:33,518 [14] INFO  Rest.Controllers.ItemsController - Received Request: 'getItems/4'. Result: Microsoft.AspNetCore.Mvc.OkObjectResult
2021-03-21 13:48:50,979 [16] INFO  Rest.Controllers.OrdersController - Received Request: 'createOrder/1/CASH'. Result: Microsoft.AspNetCore.Mvc.OkObjectResult
2021-03-21 13:48:57,231 [5] INFO  Rest.Controllers.OrdersController - Received Request: 'insertItemInOrder/16/12/1'. Result: Microsoft.AspNetCore.Mvc.OkResult
2021-03-21 13:48:57,281 [4] INFO  Rest.Controllers.OrdersController - Received Request: 'insertItemInOrder/16/13/1'. Result: Microsoft.AspNetCore.Mvc.OkResult
2021-03-21 13:48:57,330 [4] INFO  Rest.Controllers.OrdersController - Received Request: 'insertItemInOrder/16/14/1'. Result: Microsoft.AspNetCore.Mvc.OkResult
