2021-03-22 11:49:01,172 [31] INFO  Rest.Controllers.UsersController - Received Request: 'checkPassword/123'. Result: Microsoft.AspNetCore.Mvc.OkResult
2021-03-22 11:49:01,324 [33] INFO  Rest.Controllers.UsersController - Received Request: 'getUserName/123'. Result: Microsoft.AspNetCore.Mvc.OkObjectResult
2021-03-22 11:49:01,359 [35] INFO  Rest.Controllers.UsersController - Received Request: 'getUserId/123'. Result: Microsoft.AspNetCore.Mvc.OkObjectResult
2021-03-22 11:49:01,463 [35] INFO  Rest.Controllers.ItemsController - Received Request: 'getItemTypes'. Result: Microsoft.AspNetCore.Mvc.OkObjectResult
2021-03-22 11:49:02,178 [31] INFO  Rest.Controllers.ItemsController - Received Request: 'getCategories'. Result: Microsoft.AspNetCore.Mvc.OkObjectResult
2021-03-22 13:03:59,077 [11] INFO  Rest.Controllers.UsersController - Received Request: 'getAllUsers/1'. Result: Microsoft.AspNetCore.Mvc.NotFoundResult
2021-03-22 13:04:28,681 [4] INFO  Rest.Controllers.UsersController - Received Request: 'getAllUsers/1'. Result: Microsoft.AspNetCore.Mvc.NotFoundResult
2021-03-22 13:04:34,760 [6] INFO  Rest.Controllers.UsersController - Received Request: 'getAllUsers/0'. Result: Microsoft.AspNetCore.Mvc.OkObjectResult
2021-03-22 13:06:00,195 [20] ERROR Rest.Controllers.UsersController - Received Request: 'checkInOutUsers/1/1. Error: Procedure or function getAllUsersByCheckIn has too many arguments specified.
2021-03-22 13:06:39,257 [20] ERROR Rest.Controllers.UsersController - Received Request: 'checkInOutUsers/1/1. Error: Violation of PRIMARY KEY constraint 'PK_CHECK_IN_OUT_HISTORY'. Cannot insert duplicate key in object 'dbo.CHECK_IN_OUT_HISTORY'. The duplicate key value is (1).
The statement has been terminated.
2021-03-22 13:07:46,487 [4] INFO  Rest.Controllers.UsersController - Received Request: 'checkInOutUsers/1/1'. Result: Microsoft.AspNetCore.Mvc.OkResult
2021-03-22 13:08:09,806 [6] INFO  Rest.Controllers.UsersController - Received Request: 'checkInOutUsers/0/1'. Result: Microsoft.AspNetCore.Mvc.OkResult
2021-03-22 13:09:56,057 [18] INFO  Rest.Controllers.UsersController - Received Request: 'checkInOutUsers/1/1'. Result: Microsoft.AspNetCore.Mvc.OkResult
2021-03-22 13:10:07,868 [24] INFO  Rest.Controllers.UsersController - Received Request: 'getAllUsers/1'. Result: Microsoft.AspNetCore.Mvc.OkObjectResult
2021-03-22 13:10:12,123 [19] INFO  Rest.Controllers.UsersController - Received Request: 'getAllUsers/0'. Result: Microsoft.AspNetCore.Mvc.OkObjectResult
2021-03-22 13:11:19,522 [28] INFO  Rest.Controllers.UsersController - Received Request: 'getAllUsers/0'. Result: Microsoft.AspNetCore.Mvc.OkObjectResult
2021-03-22 13:26:30,243 [5] INFO  Rest.Controllers.UsersController - Received Request: 'getAllUsers/0'. Result: Microsoft.AspNetCore.Mvc.OkObjectResult
2021-03-22 13:27:07,433 [11] INFO  Rest.Controllers.UsersController - Received Request: 'getAllUsers/1'. Result: Microsoft.AspNetCore.Mvc.OkObjectResult
2021-03-22 13:27:11,732 [8] INFO  Rest.Controllers.UsersController - Received Request: 'getAllUsers/0'. Result: Microsoft.AspNetCore.Mvc.OkObjectResult
2021-03-22 13:30:42,696 [21] INFO  Rest.Controllers.UsersController - Received Request: 'getAllUsers/0'. Result: Microsoft.AspNetCore.Mvc.OkObjectResult
2021-03-22 13:30:47,611 [21] INFO  Rest.Controllers.UsersController - Received Request: 'getAllUsers/1'. Result: Microsoft.AspNetCore.Mvc.OkObjectResult
2021-03-22 13:33:33,113 [24] INFO  Rest.Controllers.UsersController - Received Request: 'checkInOutUsers/0/1'. Result: Microsoft.AspNetCore.Mvc.OkResult
2021-03-22 13:35:02,085 [32] INFO  Rest.Controllers.UsersController - Received Request: 'checkInOutUsers/1/1'. Result: Microsoft.AspNetCore.Mvc.OkResult
2021-03-22 13:35:17,303 [32] INFO  Rest.Controllers.UsersController - Received Request: 'checkInOutUsers/0/1'. Result: Microsoft.AspNetCore.Mvc.OkResult
2021-03-22 13:36:03,910 [37] INFO  Rest.Controllers.UsersController - Received Request: 'checkInOutUsers/1/1'. Result: Microsoft.AspNetCore.Mvc.OkResult
2021-03-22 13:43:01,297 [49] INFO  Rest.Controllers.UsersController - Received Request: 'checkInOutUsers/0/1'. Result: Microsoft.AspNetCore.Mvc.OkResult
2021-03-22 13:49:43,409 [51] INFO  Rest.Controllers.UsersController - Received Request: 'checkInOutUsers/1/1'. Result: Microsoft.AspNetCore.Mvc.OkResult
2021-03-22 13:57:46,961 [63] INFO  Rest.Controllers.UsersController - Received Request: 'checkInOutUsers/0/1'. Result: Microsoft.AspNetCore.Mvc.OkResult
2021-03-22 13:59:01,726 [70] INFO  Rest.Controllers.UsersController - Received Request: 'checkInOutUsers/1/1'. Result: Microsoft.AspNetCore.Mvc.OkResult
2021-03-22 14:09:07,266 [76] INFO  Rest.Controllers.UsersController - Received Request: 'checkInOutUsers/1/1'. Result: Microsoft.AspNetCore.Mvc.OkResult
2021-03-22 14:12:05,957 [4] INFO  Rest.Controllers.UsersController - Received Request: 'checkInOutUsers/1/1'. Result: Microsoft.AspNetCore.Mvc.OkResult
2021-03-22 14:12:17,867 [12] INFO  Rest.Controllers.UsersController - Received Request: 'checkInOutUsers/0/1'. Result: Microsoft.AspNetCore.Mvc.OkResult
2021-03-22 14:13:38,853 [16] INFO  Rest.Controllers.UsersController - Received Request: 'checkInOutUsers/1/1'. Result: Microsoft.AspNetCore.Mvc.OkResult
2021-03-22 14:19:19,538 [30] INFO  Rest.Controllers.UsersController - Received Request: 'checkInOutUsers/0/1'. Result: Microsoft.AspNetCore.Mvc.OkResult
2021-03-22 14:29:06,123 [39] INFO  Rest.Controllers.UsersController - Received Request: 'checkInOutUsers/1/1'. Result: Microsoft.AspNetCore.Mvc.OkResult
2021-03-22 14:30:35,579 [44] INFO  Rest.Controllers.UsersController - Received Request: 'checkInOutUsers/0/1'. Result: Microsoft.AspNetCore.Mvc.OkResult
2021-03-22 14:32:11,397 [52] INFO  Rest.Controllers.UsersController - Received Request: 'checkInOutUsers/1/1'. Result: Microsoft.AspNetCore.Mvc.OkResult
2021-03-22 14:32:31,448 [52] INFO  Rest.Controllers.UsersController - Received Request: 'checkInOutUsers/0/1'. Result: Microsoft.AspNetCore.Mvc.OkResult
2021-03-22 14:35:54,125 [58] INFO  Rest.Controllers.UsersController - Received Request: 'getAllUsers/1'. Result: Microsoft.AspNetCore.Mvc.NotFoundResult
2021-03-22 14:35:57,790 [62] INFO  Rest.Controllers.UsersController - Received Request: 'getAllUsers/0'. Result: Microsoft.AspNetCore.Mvc.OkObjectResult
2021-03-22 14:36:32,899 [71] INFO  Rest.Controllers.UsersController - Received Request: 'checkInOutUsers/1/1'. Result: Microsoft.AspNetCore.Mvc.OkResult
2021-03-22 14:36:42,924 [67] INFO  Rest.Controllers.UsersController - Received Request: 'getAllUsers/0'. Result: Microsoft.AspNetCore.Mvc.NotFoundResult
2021-03-22 14:36:45,693 [71] INFO  Rest.Controllers.UsersController - Received Request: 'getAllUsers/1'. Result: Microsoft.AspNetCore.Mvc.OkObjectResult
2021-03-22 14:37:04,251 [67] INFO  Rest.Controllers.UsersController - Received Request: 'checkInOutUsers/0/1'. Result: Microsoft.AspNetCore.Mvc.OkResult
2021-03-22 14:37:12,613 [71] INFO  Rest.Controllers.UsersController - Received Request: 'getAllUsers/0'. Result: Microsoft.AspNetCore.Mvc.OkObjectResult
2021-03-22 14:37:16,836 [70] INFO  Rest.Controllers.UsersController - Received Request: 'getAllUsers/1'. Result: Microsoft.AspNetCore.Mvc.NotFoundResult
2021-03-22 14:42:56,171 [80] INFO  Rest.Controllers.UsersController - Received Request: 'getAllUsers/0'. Result: Microsoft.AspNetCore.Mvc.OkObjectResult
2021-03-22 14:43:03,390 [79] INFO  Rest.Controllers.UsersController - Received Request: 'getAllUsers/1'. Result: Microsoft.AspNetCore.Mvc.NotFoundResult
2021-03-22 14:47:15,483 [84] INFO  Rest.Controllers.UsersController - Received Request: 'getAllUsers/0'. Result: Microsoft.AspNetCore.Mvc.OkObjectResult
2021-03-22 14:47:16,028 [84] INFO  Rest.Controllers.UsersController - Received Request: 'getAllUsers/1'. Result: Microsoft.AspNetCore.Mvc.NotFoundResult
