2021-03-24 10:35:09,041 [110] INFO  Rest.Controllers.UsersController - Received Request: 'checkPassword/123'. Result: Microsoft.AspNetCore.Mvc.OkResult
2021-03-24 10:35:09,087 [110] INFO  Rest.Controllers.UsersController - Received Request: 'getUserName/123'. Result: Microsoft.AspNetCore.Mvc.OkObjectResult
2021-03-24 10:35:09,102 [108] INFO  Rest.Controllers.UsersController - Received Request: 'getUserId/123'. Result: Microsoft.AspNetCore.Mvc.OkObjectResult
2021-03-24 10:35:09,133 [110] INFO  Rest.Controllers.ItemsController - Received Request: 'getItemTypes'. Result: Microsoft.AspNetCore.Mvc.OkObjectResult
2021-03-24 10:35:09,330 [110] INFO  Rest.Controllers.ItemsController - Received Request: 'getCategories'. Result: Microsoft.AspNetCore.Mvc.OkObjectResult
2021-03-24 10:35:10,202 [108] INFO  Rest.Controllers.OrdersController - Received Request: 'getAllTodaysOrders'. Result: System.Collections.Generic.Dictionary`2[System.Int64,System.Decimal]
2021-03-24 10:35:48,698 [85] INFO  Rest.Controllers.ItemsController - Received Request: 'getItemTypes'. Result: Microsoft.AspNetCore.Mvc.OkObjectResult
2021-03-24 10:35:48,708 [83] INFO  Rest.Controllers.ItemsController - Received Request: 'getCategories'. Result: Microsoft.AspNetCore.Mvc.OkObjectResult
2021-03-24 10:35:53,606 [85] INFO  Rest.Controllers.ItemsController - Received Request: 'getItemTypes'. Result: Microsoft.AspNetCore.Mvc.OkObjectResult
2021-03-24 10:35:53,627 [96] INFO  Rest.Controllers.ItemsController - Received Request: 'getItems/2'. Result: Microsoft.AspNetCore.Mvc.OkObjectResult
2021-03-24 10:39:28,450 [108] INFO  Rest.Controllers.UsersController - Received Request: 'checkPassword/123'. Result: Microsoft.AspNetCore.Mvc.OkResult
2021-03-24 10:39:28,504 [108] INFO  Rest.Controllers.UsersController - Received Request: 'getUserName/123'. Result: Microsoft.AspNetCore.Mvc.OkObjectResult
2021-03-24 10:39:28,517 [106] INFO  Rest.Controllers.UsersController - Received Request: 'getUserId/123'. Result: Microsoft.AspNetCore.Mvc.OkObjectResult
2021-03-24 10:39:28,551 [83] INFO  Rest.Controllers.ItemsController - Received Request: 'getItemTypes'. Result: Microsoft.AspNetCore.Mvc.OkObjectResult
2021-03-24 10:39:28,743 [83] INFO  Rest.Controllers.ItemsController - Received Request: 'getCategories'. Result: Microsoft.AspNetCore.Mvc.OkObjectResult
2021-03-24 10:39:29,396 [100] INFO  Rest.Controllers.OrdersController - Received Request: 'getAllTodaysOrders'. Result: System.Collections.Generic.Dictionary`2[System.Int64,System.Decimal]
2021-03-24 10:39:30,534 [105] INFO  Rest.Controllers.ItemsController - Received Request: 'getItemTypes'. Result: Microsoft.AspNetCore.Mvc.OkObjectResult
2021-03-24 10:39:30,544 [101] INFO  Rest.Controllers.ItemsController - Received Request: 'getCategories'. Result: Microsoft.AspNetCore.Mvc.OkObjectResult
2021-03-24 10:39:32,042 [100] INFO  Rest.Controllers.ItemsController - Received Request: 'getItemTypes'. Result: Microsoft.AspNetCore.Mvc.OkObjectResult
2021-03-24 10:39:32,051 [100] INFO  Rest.Controllers.ItemsController - Received Request: 'getItems/1'. Result: Microsoft.AspNetCore.Mvc.OkObjectResult
2021-03-24 10:39:53,769 [101] INFO  Rest.Controllers.UsersController - Received Request: 'checkPassword/123'. Result: Microsoft.AspNetCore.Mvc.OkResult
2021-03-24 10:39:53,815 [92] INFO  Rest.Controllers.UsersController - Received Request: 'getUserName/123'. Result: Microsoft.AspNetCore.Mvc.OkObjectResult
2021-03-24 10:39:53,830 [110] INFO  Rest.Controllers.UsersController - Received Request: 'getUserId/123'. Result: Microsoft.AspNetCore.Mvc.OkObjectResult
2021-03-24 10:39:53,866 [108] INFO  Rest.Controllers.ItemsController - Received Request: 'getItemTypes'. Result: Microsoft.AspNetCore.Mvc.OkObjectResult
2021-03-24 10:39:54,037 [110] INFO  Rest.Controllers.ItemsController - Received Request: 'getCategories'. Result: Microsoft.AspNetCore.Mvc.OkObjectResult
2021-03-24 10:39:55,920 [97] INFO  Rest.Controllers.ItemsController - Received Request: 'getItemTypes'. Result: Microsoft.AspNetCore.Mvc.OkObjectResult
2021-03-24 10:39:55,931 [97] INFO  Rest.Controllers.ItemsController - Received Request: 'getItems/1'. Result: Microsoft.AspNetCore.Mvc.OkObjectResult
2021-03-24 10:41:29,207 [116] INFO  Rest.Controllers.UsersController - Received Request: 'checkPassword/123'. Result: Microsoft.AspNetCore.Mvc.OkResult
2021-03-24 10:41:29,250 [117] INFO  Rest.Controllers.UsersController - Received Request: 'getUserName/123'. Result: Microsoft.AspNetCore.Mvc.OkObjectResult
2021-03-24 10:41:29,264 [116] INFO  Rest.Controllers.UsersController - Received Request: 'getUserId/123'. Result: Microsoft.AspNetCore.Mvc.OkObjectResult
2021-03-24 10:41:29,305 [117] INFO  Rest.Controllers.ItemsController - Received Request: 'getItemTypes'. Result: Microsoft.AspNetCore.Mvc.OkObjectResult
2021-03-24 10:41:29,489 [117] INFO  Rest.Controllers.ItemsController - Received Request: 'getCategories'. Result: Microsoft.AspNetCore.Mvc.OkObjectResult
2021-03-24 10:41:31,647 [95] INFO  Rest.Controllers.ItemsController - Received Request: 'getItemTypes'. Result: Microsoft.AspNetCore.Mvc.OkObjectResult
2021-03-24 10:41:31,657 [116] INFO  Rest.Controllers.ItemsController - Received Request: 'getItems/1'. Result: Microsoft.AspNetCore.Mvc.OkObjectResult
2021-03-24 10:42:24,568 [14] INFO  Rest.Controllers.UsersController - Received Request: 'checkPassword/123'. Result: Microsoft.AspNetCore.Mvc.OkResult
2021-03-24 10:42:24,654 [14] INFO  Rest.Controllers.UsersController - Received Request: 'getUserName/123'. Result: Microsoft.AspNetCore.Mvc.OkObjectResult
2021-03-24 10:42:24,682 [9] INFO  Rest.Controllers.UsersController - Received Request: 'getUserId/123'. Result: Microsoft.AspNetCore.Mvc.OkObjectResult
2021-03-24 10:42:24,752 [8] INFO  Rest.Controllers.ItemsController - Received Request: 'getItemTypes'. Result: Microsoft.AspNetCore.Mvc.OkObjectResult
2021-03-24 10:42:25,010 [15] INFO  Rest.Controllers.ItemsController - Received Request: 'getCategories'. Result: Microsoft.AspNetCore.Mvc.OkObjectResult
2021-03-24 10:42:31,200 [14] INFO  Rest.Controllers.ItemsController - Received Request: 'getItemTypes'. Result: Microsoft.AspNetCore.Mvc.OkObjectResult
2021-03-24 10:42:31,216 [16] INFO  Rest.Controllers.ItemsController - Received Request: 'getItems/3'. Result: Microsoft.AspNetCore.Mvc.OkObjectResult
2021-03-24 10:42:51,502 [14] INFO  Rest.Controllers.UsersController - Received Request: 'checkPassword/123'. Result: Microsoft.AspNetCore.Mvc.OkResult
2021-03-24 10:42:51,553 [14] INFO  Rest.Controllers.UsersController - Received Request: 'getUserName/123'. Result: Microsoft.AspNetCore.Mvc.OkObjectResult
2021-03-24 10:42:51,569 [15] INFO  Rest.Controllers.UsersController - Received Request: 'getUserId/123'. Result: Microsoft.AspNetCore.Mvc.OkObjectResult
2021-03-24 10:42:51,604 [24] INFO  Rest.Controllers.ItemsController - Received Request: 'getItemTypes'. Result: Microsoft.AspNetCore.Mvc.OkObjectResult
2021-03-24 10:42:51,778 [24] INFO  Rest.Controllers.ItemsController - Received Request: 'getCategories'. Result: Microsoft.AspNetCore.Mvc.OkObjectResult
2021-03-24 10:42:53,314 [15] INFO  Rest.Controllers.ItemsController - Received Request: 'getItemTypes'. Result: Microsoft.AspNetCore.Mvc.OkObjectResult
2021-03-24 10:42:53,326 [15] INFO  Rest.Controllers.ItemsController - Received Request: 'getItems/3'. Result: Microsoft.AspNetCore.Mvc.OkObjectResult
2021-03-24 10:45:54,222 [26] INFO  Rest.Controllers.UsersController - Received Request: 'checkPassword/123'. Result: Microsoft.AspNetCore.Mvc.OkResult
2021-03-24 10:45:54,266 [36] INFO  Rest.Controllers.UsersController - Received Request: 'getUserName/123'. Result: Microsoft.AspNetCore.Mvc.OkObjectResult
2021-03-24 10:45:54,280 [36] INFO  Rest.Controllers.UsersController - Received Request: 'getUserId/123'. Result: Microsoft.AspNetCore.Mvc.OkObjectResult
2021-03-24 10:45:54,316 [26] INFO  Rest.Controllers.ItemsController - Received Request: 'getItemTypes'. Result: Microsoft.AspNetCore.Mvc.OkObjectResult
2021-03-24 10:45:54,503 [32] INFO  Rest.Controllers.ItemsController - Received Request: 'getCategories'. Result: Microsoft.AspNetCore.Mvc.OkObjectResult
2021-03-24 10:45:55,712 [36] INFO  Rest.Controllers.ItemsController - Received Request: 'getItemTypes'. Result: Microsoft.AspNetCore.Mvc.OkObjectResult
2021-03-24 10:45:55,729 [32] INFO  Rest.Controllers.ItemsController - Received Request: 'getItems/1'. Result: Microsoft.AspNetCore.Mvc.OkObjectResult
2021-03-24 10:46:00,153 [26] INFO  Rest.Controllers.OrdersController - Received Request: 'createOrder/1/CASH'. Result: Microsoft.AspNetCore.Mvc.OkObjectResult
2021-03-24 10:46:00,171 [26] INFO  Rest.Controllers.OrdersController - Received Request: 'insertItemInOrder/30/1/1'. Result: Microsoft.AspNetCore.Mvc.OkResult
2021-03-24 10:46:00,182 [36] INFO  Rest.Controllers.OrdersController - Received Request: 'insertItemInOrder/30/2/1'. Result: Microsoft.AspNetCore.Mvc.OkResult
2021-03-24 10:46:00,199 [39] INFO  Rest.Controllers.OrdersController - Received Request: 'insertItemInOrder/30/3/1'. Result: Microsoft.AspNetCore.Mvc.OkResult
2021-03-24 10:46:42,213 [44] INFO  Rest.Controllers.UsersController - Received Request: 'checkPassword/123'. Result: Microsoft.AspNetCore.Mvc.OkResult
2021-03-24 10:46:42,237 [42] INFO  Rest.Controllers.UsersController - Received Request: 'getUserName/123'. Result: Microsoft.AspNetCore.Mvc.OkObjectResult
2021-03-24 10:46:42,251 [48] INFO  Rest.Controllers.UsersController - Received Request: 'getUserId/123'. Result: Microsoft.AspNetCore.Mvc.OkObjectResult
2021-03-24 10:46:42,269 [42] INFO  Rest.Controllers.ItemsController - Received Request: 'getItemTypes'. Result: Microsoft.AspNetCore.Mvc.OkObjectResult
2021-03-24 10:46:42,281 [45] INFO  Rest.Controllers.ItemsController - Received Request: 'getCategories'. Result: Microsoft.AspNetCore.Mvc.OkObjectResult
2021-03-24 10:46:43,286 [48] INFO  Rest.Controllers.OrdersController - Received Request: 'getAllTodaysOrders'. Result: System.Collections.Generic.Dictionary`2[System.Int64,System.Decimal]
2021-03-24 10:46:44,386 [46] INFO  Rest.Controllers.OrdersController - Received Request: 'getOrderById/30'. Result: System.Collections.Generic.List`1[Rest.Models.ReceiptContents]
2021-03-24 10:46:44,414 [46] INFO  Rest.Controllers.OrdersController - Received Request: 'getAllTodaysOrders'. Result: System.Collections.Generic.Dictionary`2[System.Int64,System.Decimal]
2021-03-24 10:46:45,630 [46] INFO  Rest.Controllers.ItemsController - Received Request: 'getItemTypes'. Result: Microsoft.AspNetCore.Mvc.OkObjectResult
2021-03-24 10:46:45,640 [45] INFO  Rest.Controllers.ItemsController - Received Request: 'getCategories'. Result: Microsoft.AspNetCore.Mvc.OkObjectResult
2021-03-24 10:50:35,451 [58] INFO  Rest.Controllers.UsersController - Received Request: 'checkPassword/123'. Result: Microsoft.AspNetCore.Mvc.OkResult
2021-03-24 10:50:35,504 [58] INFO  Rest.Controllers.UsersController - Received Request: 'getUserName/123'. Result: Microsoft.AspNetCore.Mvc.OkObjectResult
2021-03-24 10:50:35,526 [60] INFO  Rest.Controllers.UsersController - Received Request: 'getUserId/123'. Result: Microsoft.AspNetCore.Mvc.OkObjectResult
2021-03-24 10:50:35,563 [60] INFO  Rest.Controllers.ItemsController - Received Request: 'getItemTypes'. Result: Microsoft.AspNetCore.Mvc.OkObjectResult
2021-03-24 10:50:35,731 [55] INFO  Rest.Controllers.ItemsController - Received Request: 'getCategories'. Result: Microsoft.AspNetCore.Mvc.OkObjectResult
2021-03-24 10:50:38,384 [58] INFO  Rest.Controllers.ItemsController - Received Request: 'getItemTypes'. Result: Microsoft.AspNetCore.Mvc.OkObjectResult
2021-03-24 10:50:38,399 [59] INFO  Rest.Controllers.ItemsController - Received Request: 'getItems/3'. Result: Microsoft.AspNetCore.Mvc.OkObjectResult
2021-03-24 10:50:49,770 [58] INFO  Rest.Controllers.OrdersController - Received Request: 'createOrder/1/CASH'. Result: Microsoft.AspNetCore.Mvc.OkObjectResult
2021-03-24 10:50:49,802 [58] INFO  Rest.Controllers.OrdersController - Received Request: 'insertItemInOrder/31/10/1'. Result: Microsoft.AspNetCore.Mvc.OkResult
2021-03-24 10:50:49,811 [59] INFO  Rest.Controllers.OrdersController - Received Request: 'insertItemInOrder/31/11/1'. Result: Microsoft.AspNetCore.Mvc.OkResult
2021-03-24 10:51:04,409 [59] INFO  Rest.Controllers.ItemsController - Received Request: 'getItemTypes'. Result: Microsoft.AspNetCore.Mvc.OkObjectResult
2021-03-24 10:51:04,427 [60] INFO  Rest.Controllers.ItemsController - Received Request: 'getCategories'. Result: Microsoft.AspNetCore.Mvc.OkObjectResult
2021-03-24 10:51:06,047 [60] INFO  Rest.Controllers.ItemsController - Received Request: 'getItemTypes'. Result: Microsoft.AspNetCore.Mvc.OkObjectResult
2021-03-24 10:51:06,063 [58] INFO  Rest.Controllers.ItemsController - Received Request: 'getCategories'. Result: Microsoft.AspNetCore.Mvc.OkObjectResult
2021-03-24 10:51:20,215 [63] INFO  Rest.Controllers.UsersController - Received Request: 'checkPassword/123'. Result: Microsoft.AspNetCore.Mvc.OkResult
2021-03-24 10:51:20,267 [58] INFO  Rest.Controllers.UsersController - Received Request: 'getUserName/123'. Result: Microsoft.AspNetCore.Mvc.OkObjectResult
2021-03-24 10:51:20,285 [55] INFO  Rest.Controllers.UsersController - Received Request: 'getUserId/123'. Result: Microsoft.AspNetCore.Mvc.OkObjectResult
2021-03-24 10:51:20,325 [58] INFO  Rest.Controllers.ItemsController - Received Request: 'getItemTypes'. Result: Microsoft.AspNetCore.Mvc.OkObjectResult
2021-03-24 10:51:20,505 [54] INFO  Rest.Controllers.ItemsController - Received Request: 'getCategories'. Result: Microsoft.AspNetCore.Mvc.OkObjectResult
2021-03-24 10:51:21,332 [54] INFO  Rest.Controllers.ItemsController - Received Request: 'getItemTypes'. Result: Microsoft.AspNetCore.Mvc.OkObjectResult
2021-03-24 10:51:21,344 [55] INFO  Rest.Controllers.ItemsController - Received Request: 'getItems/2'. Result: Microsoft.AspNetCore.Mvc.OkObjectResult
2021-03-24 10:51:25,448 [60] INFO  Rest.Controllers.OrdersController - Received Request: 'createOrder/1/CASH'. Result: Microsoft.AspNetCore.Mvc.OkObjectResult
2021-03-24 10:51:25,459 [63] INFO  Rest.Controllers.OrdersController - Received Request: 'insertItemInOrder/32/6/1'. Result: Microsoft.AspNetCore.Mvc.OkResult
2021-03-24 10:51:25,474 [55] INFO  Rest.Controllers.OrdersController - Received Request: 'insertItemInOrder/32/7/1'. Result: Microsoft.AspNetCore.Mvc.OkResult
2021-03-24 10:51:37,485 [58] INFO  Rest.Controllers.UsersController - Received Request: 'checkPassword/123'. Result: Microsoft.AspNetCore.Mvc.OkResult
2021-03-24 10:51:37,498 [58] INFO  Rest.Controllers.UsersController - Received Request: 'getUserName/123'. Result: Microsoft.AspNetCore.Mvc.OkObjectResult
2021-03-24 10:51:37,513 [58] INFO  Rest.Controllers.UsersController - Received Request: 'getUserId/123'. Result: Microsoft.AspNetCore.Mvc.OkObjectResult
2021-03-24 10:51:37,531 [54] INFO  Rest.Controllers.ItemsController - Received Request: 'getItemTypes'. Result: Microsoft.AspNetCore.Mvc.OkObjectResult
2021-03-24 10:51:37,543 [59] INFO  Rest.Controllers.ItemsController - Received Request: 'getCategories'. Result: Microsoft.AspNetCore.Mvc.OkObjectResult
2021-03-24 10:51:38,453 [58] INFO  Rest.Controllers.ItemsController - Received Request: 'getItemTypes'. Result: Microsoft.AspNetCore.Mvc.OkObjectResult
2021-03-24 10:51:38,463 [64] INFO  Rest.Controllers.ItemsController - Received Request: 'getItems/1'. Result: Microsoft.AspNetCore.Mvc.OkObjectResult
2021-03-24 10:51:42,226 [54] INFO  Rest.Controllers.OrdersController - Received Request: 'createOrder/1/CASH'. Result: Microsoft.AspNetCore.Mvc.OkObjectResult
2021-03-24 10:51:42,242 [60] INFO  Rest.Controllers.OrdersController - Received Request: 'insertItemInOrder/33/1/1'. Result: Microsoft.AspNetCore.Mvc.OkResult
2021-03-24 10:51:47,678 [63] INFO  Rest.Controllers.ItemsController - Received Request: 'getItemTypes'. Result: Microsoft.AspNetCore.Mvc.OkObjectResult
2021-03-24 10:51:47,694 [63] INFO  Rest.Controllers.ItemsController - Received Request: 'getCategories'. Result: Microsoft.AspNetCore.Mvc.OkObjectResult
2021-03-24 10:51:49,047 [63] INFO  Rest.Controllers.ItemsController - Received Request: 'getItemTypes'. Result: Microsoft.AspNetCore.Mvc.OkObjectResult
2021-03-24 10:51:49,062 [60] INFO  Rest.Controllers.ItemsController - Received Request: 'getCategories'. Result: Microsoft.AspNetCore.Mvc.OkObjectResult
2021-03-24 10:54:17,887 [67] INFO  Rest.Controllers.UsersController - Received Request: 'checkPassword/123'. Result: Microsoft.AspNetCore.Mvc.OkResult
2021-03-24 10:54:17,937 [67] INFO  Rest.Controllers.UsersController - Received Request: 'getUserName/123'. Result: Microsoft.AspNetCore.Mvc.OkObjectResult
2021-03-24 10:54:17,950 [71] INFO  Rest.Controllers.UsersController - Received Request: 'getUserId/123'. Result: Microsoft.AspNetCore.Mvc.OkObjectResult
2021-03-24 10:54:17,985 [67] INFO  Rest.Controllers.ItemsController - Received Request: 'getItemTypes'. Result: Microsoft.AspNetCore.Mvc.OkObjectResult
2021-03-24 10:54:18,168 [69] INFO  Rest.Controllers.ItemsController - Received Request: 'getCategories'. Result: Microsoft.AspNetCore.Mvc.OkObjectResult
2021-03-24 10:54:19,979 [67] INFO  Rest.Controllers.ItemsController - Received Request: 'getItemTypes'. Result: Microsoft.AspNetCore.Mvc.OkObjectResult
2021-03-24 10:54:19,991 [67] INFO  Rest.Controllers.ItemsController - Received Request: 'getItems/3'. Result: Microsoft.AspNetCore.Mvc.OkObjectResult
2021-03-24 10:54:24,381 [70] INFO  Rest.Controllers.OrdersController - Received Request: 'createOrder/1/CASH'. Result: Microsoft.AspNetCore.Mvc.OkObjectResult
2021-03-24 10:54:24,392 [71] INFO  Rest.Controllers.OrdersController - Received Request: 'insertItemInOrder/34/10/1'. Result: Microsoft.AspNetCore.Mvc.OkResult
2021-03-24 10:54:24,403 [67] INFO  Rest.Controllers.OrdersController - Received Request: 'insertItemInOrder/34/11/1'. Result: Microsoft.AspNetCore.Mvc.OkResult
2021-03-24 10:54:31,769 [71] INFO  Rest.Controllers.UsersController - Received Request: 'checkPassword/123'. Result: Microsoft.AspNetCore.Mvc.OkResult
2021-03-24 10:54:31,780 [69] INFO  Rest.Controllers.UsersController - Received Request: 'getUserName/123'. Result: Microsoft.AspNetCore.Mvc.OkObjectResult
2021-03-24 10:54:31,790 [71] INFO  Rest.Controllers.UsersController - Received Request: 'getUserId/123'. Result: Microsoft.AspNetCore.Mvc.OkObjectResult
2021-03-24 10:54:31,809 [71] INFO  Rest.Controllers.ItemsController - Received Request: 'getItemTypes'. Result: Microsoft.AspNetCore.Mvc.OkObjectResult
2021-03-24 10:54:31,819 [70] INFO  Rest.Controllers.ItemsController - Received Request: 'getCategories'. Result: Microsoft.AspNetCore.Mvc.OkObjectResult
2021-03-24 10:54:32,536 [69] INFO  Rest.Controllers.ItemsController - Received Request: 'getItemTypes'. Result: Microsoft.AspNetCore.Mvc.OkObjectResult
2021-03-24 10:54:32,549 [67] INFO  Rest.Controllers.ItemsController - Received Request: 'getItems/3'. Result: Microsoft.AspNetCore.Mvc.OkObjectResult
2021-03-24 10:54:40,085 [69] INFO  Rest.Controllers.OrdersController - Received Request: 'createOrder/1/CASH'. Result: Microsoft.AspNetCore.Mvc.OkObjectResult
2021-03-24 10:54:40,174 [70] INFO  Rest.Controllers.OrdersController - Received Request: 'insertItemInOrder/35/10/1'. Result: Microsoft.AspNetCore.Mvc.OkResult
2021-03-24 10:54:40,194 [69] INFO  Rest.Controllers.OrdersController - Received Request: 'insertItemInOrder/35/11/1'. Result: Microsoft.AspNetCore.Mvc.OkResult
2021-03-24 10:56:39,116 [86] INFO  Rest.Controllers.UsersController - Received Request: 'checkPassword/123'. Result: Microsoft.AspNetCore.Mvc.OkResult
2021-03-24 10:56:39,159 [87] INFO  Rest.Controllers.UsersController - Received Request: 'getUserName/123'. Result: Microsoft.AspNetCore.Mvc.OkObjectResult
2021-03-24 10:56:39,178 [86] INFO  Rest.Controllers.UsersController - Received Request: 'getUserId/123'. Result: Microsoft.AspNetCore.Mvc.OkObjectResult
2021-03-24 10:56:39,216 [82] INFO  Rest.Controllers.ItemsController - Received Request: 'getItemTypes'. Result: Microsoft.AspNetCore.Mvc.OkObjectResult
2021-03-24 10:56:39,395 [82] INFO  Rest.Controllers.ItemsController - Received Request: 'getCategories'. Result: Microsoft.AspNetCore.Mvc.OkObjectResult
2021-03-24 10:56:39,865 [86] INFO  Rest.Controllers.ItemsController - Received Request: 'getItemTypes'. Result: Microsoft.AspNetCore.Mvc.OkObjectResult
2021-03-24 10:56:39,879 [86] INFO  Rest.Controllers.ItemsController - Received Request: 'getCategories'. Result: Microsoft.AspNetCore.Mvc.OkObjectResult
2021-03-24 10:56:40,078 [82] INFO  Rest.Controllers.ItemsController - Received Request: 'getItemTypes'. Result: Microsoft.AspNetCore.Mvc.OkObjectResult
2021-03-24 10:56:40,087 [82] INFO  Rest.Controllers.ItemsController - Received Request: 'getCategories'. Result: Microsoft.AspNetCore.Mvc.OkObjectResult
2021-03-24 10:56:41,440 [82] INFO  Rest.Controllers.ItemsController - Received Request: 'getItemTypes'. Result: Microsoft.AspNetCore.Mvc.OkObjectResult
2021-03-24 10:56:41,452 [82] INFO  Rest.Controllers.ItemsController - Received Request: 'getItems/3'. Result: Microsoft.AspNetCore.Mvc.OkObjectResult
2021-03-24 10:56:46,612 [86] INFO  Rest.Controllers.OrdersController - Received Request: 'createOrder/1/CASH'. Result: Microsoft.AspNetCore.Mvc.OkObjectResult
2021-03-24 10:56:46,624 [87] INFO  Rest.Controllers.OrdersController - Received Request: 'insertItemInOrder/36/10/1'. Result: Microsoft.AspNetCore.Mvc.OkResult
2021-03-24 10:56:46,635 [87] INFO  Rest.Controllers.OrdersController - Received Request: 'insertItemInOrder/36/11/1'. Result: Microsoft.AspNetCore.Mvc.OkResult
2021-03-24 10:57:13,375 [87] INFO  Rest.Controllers.UsersController - Received Request: 'checkPassword/123'. Result: Microsoft.AspNetCore.Mvc.OkResult
2021-03-24 10:57:13,396 [90] INFO  Rest.Controllers.UsersController - Received Request: 'getUserName/123'. Result: Microsoft.AspNetCore.Mvc.OkObjectResult
2021-03-24 10:57:13,408 [89] INFO  Rest.Controllers.UsersController - Received Request: 'getUserId/123'. Result: Microsoft.AspNetCore.Mvc.OkObjectResult
2021-03-24 10:57:13,426 [89] INFO  Rest.Controllers.ItemsController - Received Request: 'getItemTypes'. Result: Microsoft.AspNetCore.Mvc.OkObjectResult
2021-03-24 10:57:13,439 [91] INFO  Rest.Controllers.ItemsController - Received Request: 'getCategories'. Result: Microsoft.AspNetCore.Mvc.OkObjectResult
2021-03-24 10:57:14,149 [92] INFO  Rest.Controllers.ItemsController - Received Request: 'getItemTypes'. Result: Microsoft.AspNetCore.Mvc.OkObjectResult
2021-03-24 10:57:14,158 [92] INFO  Rest.Controllers.ItemsController - Received Request: 'getItems/1'. Result: Microsoft.AspNetCore.Mvc.OkObjectResult
2021-03-24 10:57:19,041 [87] INFO  Rest.Controllers.OrdersController - Received Request: 'createOrder/1/CASH'. Result: Microsoft.AspNetCore.Mvc.OkObjectResult
2021-03-24 10:57:19,055 [91] INFO  Rest.Controllers.OrdersController - Received Request: 'insertItemInOrder/37/1/1'. Result: Microsoft.AspNetCore.Mvc.OkResult
2021-03-24 11:11:09,258 [99] INFO  Rest.Controllers.UsersController - Received Request: 'checkPassword/123'. Result: Microsoft.AspNetCore.Mvc.OkResult
2021-03-24 11:11:09,301 [104] INFO  Rest.Controllers.UsersController - Received Request: 'getUserName/123'. Result: Microsoft.AspNetCore.Mvc.OkObjectResult
2021-03-24 11:11:09,315 [99] INFO  Rest.Controllers.UsersController - Received Request: 'getUserId/123'. Result: Microsoft.AspNetCore.Mvc.OkObjectResult
2021-03-24 11:11:09,358 [103] INFO  Rest.Controllers.ItemsController - Received Request: 'getItemTypes'. Result: Microsoft.AspNetCore.Mvc.OkObjectResult
2021-03-24 11:11:09,520 [103] INFO  Rest.Controllers.ItemsController - Received Request: 'getCategories'. Result: Microsoft.AspNetCore.Mvc.OkObjectResult
2021-03-24 11:11:13,138 [103] INFO  Rest.Controllers.OrdersController - Received Request: 'getAllTodaysOrders'. Result: System.Collections.Generic.Dictionary`2[System.Int64,System.Decimal]
2021-03-24 11:11:14,709 [104] INFO  Rest.Controllers.OrdersController - Received Request: 'getOrderById/35'. Result: System.Collections.Generic.List`1[Rest.Models.ReceiptContents]
2021-03-24 11:11:14,740 [103] INFO  Rest.Controllers.OrdersController - Received Request: 'getAllTodaysOrders'. Result: System.Collections.Generic.Dictionary`2[System.Int64,System.Decimal]
2021-03-24 11:11:16,222 [99] INFO  Rest.Controllers.ItemsController - Received Request: 'getItemTypes'. Result: Microsoft.AspNetCore.Mvc.OkObjectResult
2021-03-24 11:11:16,233 [103] INFO  Rest.Controllers.ItemsController - Received Request: 'getCategories'. Result: Microsoft.AspNetCore.Mvc.OkObjectResult
2021-03-24 11:11:17,788 [104] INFO  Rest.Controllers.ItemsController - Received Request: 'getItemTypes'. Result: Microsoft.AspNetCore.Mvc.OkObjectResult
2021-03-24 11:11:17,804 [105] INFO  Rest.Controllers.ItemsController - Received Request: 'getItems/1'. Result: Microsoft.AspNetCore.Mvc.OkObjectResult
2021-03-24 11:11:25,477 [103] INFO  Rest.Controllers.ItemsController - Received Request: 'getItemTypes'. Result: Microsoft.AspNetCore.Mvc.OkObjectResult
2021-03-24 11:11:25,488 [103] INFO  Rest.Controllers.ItemsController - Received Request: 'getCategories'. Result: Microsoft.AspNetCore.Mvc.OkObjectResult
2021-03-24 11:15:24,349 [113] INFO  Rest.Controllers.UsersController - Received Request: 'checkPassword/123'. Result: Microsoft.AspNetCore.Mvc.OkResult
2021-03-24 11:15:24,408 [113] INFO  Rest.Controllers.UsersController - Received Request: 'getUserName/123'. Result: Microsoft.AspNetCore.Mvc.OkObjectResult
2021-03-24 11:15:24,425 [105] INFO  Rest.Controllers.UsersController - Received Request: 'getUserId/123'. Result: Microsoft.AspNetCore.Mvc.OkObjectResult
2021-03-24 11:15:24,472 [105] INFO  Rest.Controllers.ItemsController - Received Request: 'getItemTypes'. Result: Microsoft.AspNetCore.Mvc.OkObjectResult
2021-03-24 11:15:24,650 [113] INFO  Rest.Controllers.ItemsController - Received Request: 'getCategories'. Result: Microsoft.AspNetCore.Mvc.OkObjectResult
2021-03-24 11:15:25,680 [113] INFO  Rest.Controllers.OrdersController - Received Request: 'getAllTodaysOrders'. Result: System.Collections.Generic.Dictionary`2[System.Int64,System.Decimal]
2021-03-24 11:15:26,396 [117] INFO  Rest.Controllers.OrdersController - Received Request: 'getOrderById/31'. Result: System.Collections.Generic.List`1[Rest.Models.ReceiptContents]
2021-03-24 11:15:26,433 [105] INFO  Rest.Controllers.OrdersController - Received Request: 'getAllTodaysOrders'. Result: System.Collections.Generic.Dictionary`2[System.Int64,System.Decimal]
2021-03-24 11:15:27,258 [104] INFO  Rest.Controllers.ItemsController - Received Request: 'getItemTypes'. Result: Microsoft.AspNetCore.Mvc.OkObjectResult
2021-03-24 11:15:27,272 [115] INFO  Rest.Controllers.ItemsController - Received Request: 'getCategories'. Result: Microsoft.AspNetCore.Mvc.OkObjectResult
2021-03-24 11:15:34,476 [113] INFO  Rest.Controllers.ItemsController - Received Request: 'getItemTypes'. Result: Microsoft.AspNetCore.Mvc.OkObjectResult
2021-03-24 11:15:34,490 [113] INFO  Rest.Controllers.ItemsController - Received Request: 'getCategories'. Result: Microsoft.AspNetCore.Mvc.OkObjectResult
2021-03-24 11:15:36,831 [105] INFO  Rest.Controllers.ItemsController - Received Request: 'getItemTypes'. Result: Microsoft.AspNetCore.Mvc.OkObjectResult
2021-03-24 11:15:36,842 [103] INFO  Rest.Controllers.ItemsController - Received Request: 'getCategories'. Result: Microsoft.AspNetCore.Mvc.OkObjectResult
2021-03-24 11:15:42,770 [115] INFO  Rest.Controllers.ItemsController - Received Request: 'getItemTypes'. Result: Microsoft.AspNetCore.Mvc.OkObjectResult
2021-03-24 11:15:42,785 [115] INFO  Rest.Controllers.ItemsController - Received Request: 'getCategories'. Result: Microsoft.AspNetCore.Mvc.OkObjectResult
2021-03-24 11:16:44,802 [94] INFO  Rest.Controllers.UsersController - Received Request: 'checkPassword/123'. Result: Microsoft.AspNetCore.Mvc.OkResult
2021-03-24 11:16:44,847 [91] INFO  Rest.Controllers.UsersController - Received Request: 'getUserName/123'. Result: Microsoft.AspNetCore.Mvc.OkObjectResult
2021-03-24 11:16:44,866 [102] INFO  Rest.Controllers.UsersController - Received Request: 'getUserId/123'. Result: Microsoft.AspNetCore.Mvc.OkObjectResult
2021-03-24 11:16:44,915 [91] INFO  Rest.Controllers.ItemsController - Received Request: 'getItemTypes'. Result: Microsoft.AspNetCore.Mvc.OkObjectResult
2021-03-24 11:16:45,101 [91] INFO  Rest.Controllers.ItemsController - Received Request: 'getCategories'. Result: Microsoft.AspNetCore.Mvc.OkObjectResult
2021-03-24 11:16:46,440 [94] INFO  Rest.Controllers.OrdersController - Received Request: 'getAllTodaysOrders'. Result: System.Collections.Generic.Dictionary`2[System.Int64,System.Decimal]
2021-03-24 11:16:47,607 [94] INFO  Rest.Controllers.OrdersController - Received Request: 'getOrderById/31'. Result: System.Collections.Generic.List`1[Rest.Models.ReceiptContents]
2021-03-24 11:16:47,647 [96] INFO  Rest.Controllers.OrdersController - Received Request: 'getAllTodaysOrders'. Result: System.Collections.Generic.Dictionary`2[System.Int64,System.Decimal]
2021-03-24 11:16:48,410 [101] INFO  Rest.Controllers.ItemsController - Received Request: 'getItemTypes'. Result: Microsoft.AspNetCore.Mvc.OkObjectResult
2021-03-24 11:16:48,420 [101] INFO  Rest.Controllers.ItemsController - Received Request: 'getCategories'. Result: Microsoft.AspNetCore.Mvc.OkObjectResult
2021-03-24 11:16:52,733 [102] INFO  Rest.Controllers.ItemsController - Received Request: 'getItemTypes'. Result: Microsoft.AspNetCore.Mvc.OkObjectResult
2021-03-24 11:16:52,749 [97] INFO  Rest.Controllers.ItemsController - Received Request: 'getItems/3'. Result: Microsoft.AspNetCore.Mvc.OkObjectResult
2021-03-24 11:18:30,459 [88] INFO  Rest.Controllers.UsersController - Received Request: 'checkPassword/123'. Result: Microsoft.AspNetCore.Mvc.OkResult
2021-03-24 11:18:30,505 [86] INFO  Rest.Controllers.UsersController - Received Request: 'getUserName/123'. Result: Microsoft.AspNetCore.Mvc.OkObjectResult
2021-03-24 11:18:30,527 [83] INFO  Rest.Controllers.UsersController - Received Request: 'getUserId/123'. Result: Microsoft.AspNetCore.Mvc.OkObjectResult
2021-03-24 11:18:30,566 [87] INFO  Rest.Controllers.ItemsController - Received Request: 'getItemTypes'. Result: Microsoft.AspNetCore.Mvc.OkObjectResult
2021-03-24 11:18:30,740 [83] INFO  Rest.Controllers.ItemsController - Received Request: 'getCategories'. Result: Microsoft.AspNetCore.Mvc.OkObjectResult
2021-03-24 11:18:32,025 [88] INFO  Rest.Controllers.ItemsController - Received Request: 'getItemTypes'. Result: Microsoft.AspNetCore.Mvc.OkObjectResult
2021-03-24 11:18:32,038 [88] INFO  Rest.Controllers.ItemsController - Received Request: 'getItems/3'. Result: Microsoft.AspNetCore.Mvc.OkObjectResult
2021-03-24 11:18:33,839 [86] INFO  Rest.Controllers.OrdersController - Received Request: 'getAllTodaysOrders'. Result: System.Collections.Generic.Dictionary`2[System.Int64,System.Decimal]
2021-03-24 11:18:35,216 [83] INFO  Rest.Controllers.ItemsController - Received Request: 'getItemTypes'. Result: Microsoft.AspNetCore.Mvc.OkObjectResult
2021-03-24 11:18:35,225 [86] INFO  Rest.Controllers.ItemsController - Received Request: 'getCategories'. Result: Microsoft.AspNetCore.Mvc.OkObjectResult
2021-03-24 11:18:37,017 [88] INFO  Rest.Controllers.ItemsController - Received Request: 'getItemTypes'. Result: Microsoft.AspNetCore.Mvc.OkObjectResult
2021-03-24 11:18:37,027 [83] INFO  Rest.Controllers.ItemsController - Received Request: 'getItems/1'. Result: Microsoft.AspNetCore.Mvc.OkObjectResult
2021-03-24 11:18:47,405 [88] INFO  Rest.Controllers.ItemsController - Received Request: 'getItemTypes'. Result: Microsoft.AspNetCore.Mvc.OkObjectResult
2021-03-24 11:18:47,424 [87] INFO  Rest.Controllers.ItemsController - Received Request: 'getCategories'. Result: Microsoft.AspNetCore.Mvc.OkObjectResult
2021-03-24 11:19:50,428 [74] INFO  Rest.Controllers.UsersController - Received Request: 'checkPassword/123'. Result: Microsoft.AspNetCore.Mvc.OkResult
2021-03-24 11:19:50,470 [74] INFO  Rest.Controllers.UsersController - Received Request: 'getUserName/123'. Result: Microsoft.AspNetCore.Mvc.OkObjectResult
2021-03-24 11:19:50,485 [73] INFO  Rest.Controllers.UsersController - Received Request: 'getUserId/123'. Result: Microsoft.AspNetCore.Mvc.OkObjectResult
2021-03-24 11:19:50,518 [72] INFO  Rest.Controllers.ItemsController - Received Request: 'getItemTypes'. Result: Microsoft.AspNetCore.Mvc.OkObjectResult
2021-03-24 11:19:50,702 [71] INFO  Rest.Controllers.ItemsController - Received Request: 'getCategories'. Result: Microsoft.AspNetCore.Mvc.OkObjectResult
2021-03-24 11:19:52,107 [72] INFO  Rest.Controllers.OrdersController - Received Request: 'getAllTodaysOrders'. Result: System.Collections.Generic.Dictionary`2[System.Int64,System.Decimal]
2021-03-24 11:19:52,907 [73] INFO  Rest.Controllers.OrdersController - Received Request: 'getOrderById/32'. Result: System.Collections.Generic.List`1[Rest.Models.ReceiptContents]
2021-03-24 11:19:52,942 [73] INFO  Rest.Controllers.OrdersController - Received Request: 'getAllTodaysOrders'. Result: System.Collections.Generic.Dictionary`2[System.Int64,System.Decimal]
2021-03-24 11:19:53,958 [73] INFO  Rest.Controllers.ItemsController - Received Request: 'getItemTypes'. Result: Microsoft.AspNetCore.Mvc.OkObjectResult
2021-03-24 11:19:53,967 [70] INFO  Rest.Controllers.ItemsController - Received Request: 'getCategories'. Result: Microsoft.AspNetCore.Mvc.OkObjectResult
2021-03-24 11:20:28,823 [60] INFO  Rest.Controllers.UsersController - Received Request: 'checkPassword/123'. Result: Microsoft.AspNetCore.Mvc.OkResult
2021-03-24 11:20:28,879 [59] INFO  Rest.Controllers.UsersController - Received Request: 'getUserName/123'. Result: Microsoft.AspNetCore.Mvc.OkObjectResult
2021-03-24 11:20:28,894 [60] INFO  Rest.Controllers.UsersController - Received Request: 'getUserId/123'. Result: Microsoft.AspNetCore.Mvc.OkObjectResult
2021-03-24 11:20:28,934 [60] INFO  Rest.Controllers.ItemsController - Received Request: 'getItemTypes'. Result: Microsoft.AspNetCore.Mvc.OkObjectResult
2021-03-24 11:20:29,104 [65] INFO  Rest.Controllers.ItemsController - Received Request: 'getCategories'. Result: Microsoft.AspNetCore.Mvc.OkObjectResult
2021-03-24 11:20:30,118 [65] INFO  Rest.Controllers.OrdersController - Received Request: 'getAllTodaysOrders'. Result: System.Collections.Generic.Dictionary`2[System.Int64,System.Decimal]
2021-03-24 11:20:31,880 [61] INFO  Rest.Controllers.OrdersController - Received Request: 'getOrderById/32'. Result: System.Collections.Generic.List`1[Rest.Models.ReceiptContents]
2021-03-24 11:20:31,916 [62] INFO  Rest.Controllers.OrdersController - Received Request: 'getAllTodaysOrders'. Result: System.Collections.Generic.Dictionary`2[System.Int64,System.Decimal]
2021-03-24 11:20:32,945 [60] INFO  Rest.Controllers.ItemsController - Received Request: 'getItemTypes'. Result: Microsoft.AspNetCore.Mvc.OkObjectResult
2021-03-24 11:20:32,953 [60] INFO  Rest.Controllers.ItemsController - Received Request: 'getCategories'. Result: Microsoft.AspNetCore.Mvc.OkObjectResult
2021-03-24 11:20:36,948 [61] INFO  Rest.Controllers.ItemsController - Received Request: 'getItemTypes'. Result: Microsoft.AspNetCore.Mvc.OkObjectResult
2021-03-24 11:20:36,961 [61] INFO  Rest.Controllers.ItemsController - Received Request: 'getItems/1'. Result: Microsoft.AspNetCore.Mvc.OkObjectResult
2021-03-24 11:20:40,539 [62] INFO  Rest.Controllers.ItemsController - Received Request: 'getItemTypes'. Result: Microsoft.AspNetCore.Mvc.OkObjectResult
2021-03-24 11:20:40,554 [65] INFO  Rest.Controllers.ItemsController - Received Request: 'getCategories'. Result: Microsoft.AspNetCore.Mvc.OkObjectResult
2021-03-24 11:20:48,638 [59] INFO  Rest.Controllers.UsersController - Received Request: 'checkPassword/123'. Result: Microsoft.AspNetCore.Mvc.OkResult
2021-03-24 11:20:48,650 [59] INFO  Rest.Controllers.UsersController - Received Request: 'getUserName/123'. Result: Microsoft.AspNetCore.Mvc.OkObjectResult
2021-03-24 11:20:48,661 [58] INFO  Rest.Controllers.UsersController - Received Request: 'getUserId/123'. Result: Microsoft.AspNetCore.Mvc.OkObjectResult
2021-03-24 11:20:48,679 [58] INFO  Rest.Controllers.ItemsController - Received Request: 'getItemTypes'. Result: Microsoft.AspNetCore.Mvc.OkObjectResult
2021-03-24 11:20:48,693 [60] INFO  Rest.Controllers.ItemsController - Received Request: 'getCategories'. Result: Microsoft.AspNetCore.Mvc.OkObjectResult
2021-03-24 11:20:50,117 [65] INFO  Rest.Controllers.OrdersController - Received Request: 'getAllTodaysOrders'. Result: System.Collections.Generic.Dictionary`2[System.Int64,System.Decimal]
2021-03-24 11:20:51,283 [59] INFO  Rest.Controllers.ItemsController - Received Request: 'getItemTypes'. Result: Microsoft.AspNetCore.Mvc.OkObjectResult
2021-03-24 11:20:51,293 [61] INFO  Rest.Controllers.ItemsController - Received Request: 'getCategories'. Result: Microsoft.AspNetCore.Mvc.OkObjectResult
2021-03-24 11:20:52,208 [60] INFO  Rest.Controllers.OrdersController - Received Request: 'getAllTodaysOrders'. Result: System.Collections.Generic.Dictionary`2[System.Int64,System.Decimal]
2021-03-24 11:20:53,079 [65] INFO  Rest.Controllers.OrdersController - Received Request: 'getOrderById/31'. Result: System.Collections.Generic.List`1[Rest.Models.ReceiptContents]
2021-03-24 11:20:53,089 [58] INFO  Rest.Controllers.OrdersController - Received Request: 'getAllTodaysOrders'. Result: System.Collections.Generic.Dictionary`2[System.Int64,System.Decimal]
2021-03-24 11:20:54,190 [59] INFO  Rest.Controllers.ItemsController - Received Request: 'getItemTypes'. Result: Microsoft.AspNetCore.Mvc.OkObjectResult
2021-03-24 11:20:54,201 [65] INFO  Rest.Controllers.ItemsController - Received Request: 'getCategories'. Result: Microsoft.AspNetCore.Mvc.OkObjectResult
2021-03-24 11:21:17,922 [52] INFO  Rest.Controllers.UsersController - Received Request: 'checkPassword/123'. Result: Microsoft.AspNetCore.Mvc.OkResult
2021-03-24 11:21:17,962 [49] INFO  Rest.Controllers.UsersController - Received Request: 'getUserName/123'. Result: Microsoft.AspNetCore.Mvc.OkObjectResult
2021-03-24 11:21:17,980 [55] INFO  Rest.Controllers.UsersController - Received Request: 'getUserId/123'. Result: Microsoft.AspNetCore.Mvc.OkObjectResult
2021-03-24 11:21:18,022 [49] INFO  Rest.Controllers.ItemsController - Received Request: 'getItemTypes'. Result: Microsoft.AspNetCore.Mvc.OkObjectResult
2021-03-24 11:21:18,208 [55] INFO  Rest.Controllers.ItemsController - Received Request: 'getCategories'. Result: Microsoft.AspNetCore.Mvc.OkObjectResult
2021-03-24 11:21:19,997 [52] INFO  Rest.Controllers.OrdersController - Received Request: 'getAllTodaysOrders'. Result: System.Collections.Generic.Dictionary`2[System.Int64,System.Decimal]
2021-03-24 11:21:20,939 [54] INFO  Rest.Controllers.OrdersController - Received Request: 'getOrderById/32'. Result: System.Collections.Generic.List`1[Rest.Models.ReceiptContents]
2021-03-24 11:21:20,968 [51] INFO  Rest.Controllers.OrdersController - Received Request: 'getAllTodaysOrders'. Result: System.Collections.Generic.Dictionary`2[System.Int64,System.Decimal]
2021-03-24 11:21:21,941 [54] INFO  Rest.Controllers.ItemsController - Received Request: 'getItemTypes'. Result: Microsoft.AspNetCore.Mvc.OkObjectResult
2021-03-24 11:21:21,950 [52] INFO  Rest.Controllers.ItemsController - Received Request: 'getCategories'. Result: Microsoft.AspNetCore.Mvc.OkObjectResult
2021-03-24 11:21:23,360 [50] INFO  Rest.Controllers.ItemsController - Received Request: 'getItemTypes'. Result: Microsoft.AspNetCore.Mvc.OkObjectResult
2021-03-24 11:21:23,372 [52] INFO  Rest.Controllers.ItemsController - Received Request: 'getItems/3'. Result: Microsoft.AspNetCore.Mvc.OkObjectResult
2021-03-24 11:21:41,645 [54] INFO  Rest.Controllers.UsersController - Received Request: 'checkPassword/123'. Result: Microsoft.AspNetCore.Mvc.OkResult
2021-03-24 11:21:41,690 [54] INFO  Rest.Controllers.UsersController - Received Request: 'getUserName/123'. Result: Microsoft.AspNetCore.Mvc.OkObjectResult
2021-03-24 11:21:41,704 [54] INFO  Rest.Controllers.UsersController - Received Request: 'getUserId/123'. Result: Microsoft.AspNetCore.Mvc.OkObjectResult
2021-03-24 11:21:41,739 [48] INFO  Rest.Controllers.ItemsController - Received Request: 'getItemTypes'. Result: Microsoft.AspNetCore.Mvc.OkObjectResult
2021-03-24 11:21:41,919 [54] INFO  Rest.Controllers.ItemsController - Received Request: 'getCategories'. Result: Microsoft.AspNetCore.Mvc.OkObjectResult
2021-03-24 11:21:43,283 [47] INFO  Rest.Controllers.OrdersController - Received Request: 'getAllTodaysOrders'. Result: System.Collections.Generic.Dictionary`2[System.Int64,System.Decimal]
2021-03-24 11:21:43,952 [47] INFO  Rest.Controllers.OrdersController - Received Request: 'getOrderById/32'. Result: System.Collections.Generic.List`1[Rest.Models.ReceiptContents]
2021-03-24 11:21:43,986 [45] INFO  Rest.Controllers.OrdersController - Received Request: 'getAllTodaysOrders'. Result: System.Collections.Generic.Dictionary`2[System.Int64,System.Decimal]
2021-03-24 11:21:44,719 [49] INFO  Rest.Controllers.ItemsController - Received Request: 'getItemTypes'. Result: Microsoft.AspNetCore.Mvc.OkObjectResult
2021-03-24 11:21:44,728 [49] INFO  Rest.Controllers.ItemsController - Received Request: 'getCategories'. Result: Microsoft.AspNetCore.Mvc.OkObjectResult
2021-03-24 11:21:45,710 [55] INFO  Rest.Controllers.ItemsController - Received Request: 'getItemTypes'. Result: Microsoft.AspNetCore.Mvc.OkObjectResult
2021-03-24 11:21:45,720 [55] INFO  Rest.Controllers.ItemsController - Received Request: 'getItems/3'. Result: Microsoft.AspNetCore.Mvc.OkObjectResult
2021-03-24 11:23:41,104 [28] INFO  Rest.Controllers.UsersController - Received Request: 'checkPassword/123'. Result: Microsoft.AspNetCore.Mvc.OkResult
2021-03-24 11:23:41,149 [41] INFO  Rest.Controllers.UsersController - Received Request: 'getUserName/123'. Result: Microsoft.AspNetCore.Mvc.OkObjectResult
2021-03-24 11:23:41,171 [28] INFO  Rest.Controllers.UsersController - Received Request: 'getUserId/123'. Result: Microsoft.AspNetCore.Mvc.OkObjectResult
2021-03-24 11:23:41,223 [28] INFO  Rest.Controllers.ItemsController - Received Request: 'getItemTypes'. Result: Microsoft.AspNetCore.Mvc.OkObjectResult
2021-03-24 11:23:41,427 [38] INFO  Rest.Controllers.ItemsController - Received Request: 'getCategories'. Result: Microsoft.AspNetCore.Mvc.OkObjectResult
2021-03-24 11:23:42,378 [38] INFO  Rest.Controllers.OrdersController - Received Request: 'getAllTodaysOrders'. Result: System.Collections.Generic.Dictionary`2[System.Int64,System.Decimal]
2021-03-24 11:23:43,252 [28] INFO  Rest.Controllers.OrdersController - Received Request: 'getOrderById/31'. Result: System.Collections.Generic.List`1[Rest.Models.ReceiptContents]
2021-03-24 11:23:43,282 [41] INFO  Rest.Controllers.OrdersController - Received Request: 'getAllTodaysOrders'. Result: System.Collections.Generic.Dictionary`2[System.Int64,System.Decimal]
2021-03-24 11:23:43,895 [28] INFO  Rest.Controllers.ItemsController - Received Request: 'getItemTypes'. Result: Microsoft.AspNetCore.Mvc.OkObjectResult
2021-03-24 11:23:43,905 [36] INFO  Rest.Controllers.ItemsController - Received Request: 'getCategories'. Result: Microsoft.AspNetCore.Mvc.OkObjectResult
2021-03-24 11:23:46,609 [32] INFO  Rest.Controllers.ItemsController - Received Request: 'getItemTypes'. Result: Microsoft.AspNetCore.Mvc.OkObjectResult
2021-03-24 11:23:46,618 [41] INFO  Rest.Controllers.ItemsController - Received Request: 'getCategories'. Result: Microsoft.AspNetCore.Mvc.OkObjectResult
2021-03-24 11:23:48,784 [32] INFO  Rest.Controllers.ItemsController - Received Request: 'getItemTypes'. Result: Microsoft.AspNetCore.Mvc.OkObjectResult
2021-03-24 11:23:48,794 [36] INFO  Rest.Controllers.ItemsController - Received Request: 'getItems/3'. Result: Microsoft.AspNetCore.Mvc.OkObjectResult
2021-03-24 11:24:26,564 [36] INFO  Rest.Controllers.UsersController - Received Request: 'checkPassword/123'. Result: Microsoft.AspNetCore.Mvc.OkResult
2021-03-24 11:24:26,629 [38] INFO  Rest.Controllers.UsersController - Received Request: 'getUserName/123'. Result: Microsoft.AspNetCore.Mvc.OkObjectResult
2021-03-24 11:24:26,651 [26] INFO  Rest.Controllers.UsersController - Received Request: 'getUserId/123'. Result: Microsoft.AspNetCore.Mvc.OkObjectResult
2021-03-24 11:24:26,700 [31] INFO  Rest.Controllers.ItemsController - Received Request: 'getItemTypes'. Result: Microsoft.AspNetCore.Mvc.OkObjectResult
2021-03-24 11:24:26,924 [38] INFO  Rest.Controllers.ItemsController - Received Request: 'getCategories'. Result: Microsoft.AspNetCore.Mvc.OkObjectResult
2021-03-24 11:24:27,799 [29] INFO  Rest.Controllers.OrdersController - Received Request: 'getAllTodaysOrders'. Result: System.Collections.Generic.Dictionary`2[System.Int64,System.Decimal]
2021-03-24 11:24:29,200 [26] INFO  Rest.Controllers.OrdersController - Received Request: 'getOrderById/31'. Result: System.Collections.Generic.List`1[Rest.Models.ReceiptContents]
2021-03-24 11:24:29,234 [26] INFO  Rest.Controllers.OrdersController - Received Request: 'getAllTodaysOrders'. Result: System.Collections.Generic.Dictionary`2[System.Int64,System.Decimal]
2021-03-24 11:24:29,797 [36] INFO  Rest.Controllers.ItemsController - Received Request: 'getItemTypes'. Result: Microsoft.AspNetCore.Mvc.OkObjectResult
2021-03-24 11:24:29,807 [36] INFO  Rest.Controllers.ItemsController - Received Request: 'getCategories'. Result: Microsoft.AspNetCore.Mvc.OkObjectResult
2021-03-24 11:24:31,053 [36] INFO  Rest.Controllers.ItemsController - Received Request: 'getItemTypes'. Result: Microsoft.AspNetCore.Mvc.OkObjectResult
2021-03-24 11:24:31,062 [29] INFO  Rest.Controllers.ItemsController - Received Request: 'getCategories'. Result: Microsoft.AspNetCore.Mvc.OkObjectResult
2021-03-24 11:24:32,121 [34] INFO  Rest.Controllers.ItemsController - Received Request: 'getItemTypes'. Result: Microsoft.AspNetCore.Mvc.OkObjectResult
2021-03-24 11:24:32,132 [34] INFO  Rest.Controllers.ItemsController - Received Request: 'getCategories'. Result: Microsoft.AspNetCore.Mvc.OkObjectResult
2021-03-24 11:24:33,930 [38] INFO  Rest.Controllers.ItemsController - Received Request: 'getItemTypes'. Result: Microsoft.AspNetCore.Mvc.OkObjectResult
2021-03-24 11:24:33,942 [36] INFO  Rest.Controllers.ItemsController - Received Request: 'getItems/1'. Result: Microsoft.AspNetCore.Mvc.OkObjectResult
2021-03-24 11:25:07,400 [24] INFO  Rest.Controllers.UsersController - Received Request: 'checkPassword/123'. Result: Microsoft.AspNetCore.Mvc.OkResult
2021-03-24 11:25:07,438 [24] INFO  Rest.Controllers.UsersController - Received Request: 'getUserName/123'. Result: Microsoft.AspNetCore.Mvc.OkObjectResult
2021-03-24 11:25:07,452 [22] INFO  Rest.Controllers.UsersController - Received Request: 'getUserId/123'. Result: Microsoft.AspNetCore.Mvc.OkObjectResult
2021-03-24 11:25:07,485 [22] INFO  Rest.Controllers.ItemsController - Received Request: 'getItemTypes'. Result: Microsoft.AspNetCore.Mvc.OkObjectResult
2021-03-24 11:25:07,644 [36] INFO  Rest.Controllers.ItemsController - Received Request: 'getCategories'. Result: Microsoft.AspNetCore.Mvc.OkObjectResult
2021-03-24 11:25:08,616 [24] INFO  Rest.Controllers.OrdersController - Received Request: 'getAllTodaysOrders'. Result: System.Collections.Generic.Dictionary`2[System.Int64,System.Decimal]
2021-03-24 11:25:09,314 [36] INFO  Rest.Controllers.OrdersController - Received Request: 'getOrderById/32'. Result: System.Collections.Generic.List`1[Rest.Models.ReceiptContents]
2021-03-24 11:25:09,345 [22] INFO  Rest.Controllers.OrdersController - Received Request: 'getAllTodaysOrders'. Result: System.Collections.Generic.Dictionary`2[System.Int64,System.Decimal]
2021-03-24 11:25:09,996 [24] INFO  Rest.Controllers.ItemsController - Received Request: 'getItemTypes'. Result: Microsoft.AspNetCore.Mvc.OkObjectResult
2021-03-24 11:25:10,006 [22] INFO  Rest.Controllers.ItemsController - Received Request: 'getCategories'. Result: Microsoft.AspNetCore.Mvc.OkObjectResult
2021-03-24 11:25:30,950 [23] INFO  Rest.Controllers.UsersController - Received Request: 'checkPassword/123'. Result: Microsoft.AspNetCore.Mvc.OkResult
2021-03-24 11:25:31,000 [23] INFO  Rest.Controllers.UsersController - Received Request: 'getUserName/123'. Result: Microsoft.AspNetCore.Mvc.OkObjectResult
2021-03-24 11:25:31,017 [23] INFO  Rest.Controllers.UsersController - Received Request: 'getUserId/123'. Result: Microsoft.AspNetCore.Mvc.OkObjectResult
2021-03-24 11:25:31,057 [21] INFO  Rest.Controllers.ItemsController - Received Request: 'getItemTypes'. Result: Microsoft.AspNetCore.Mvc.OkObjectResult
2021-03-24 11:25:31,249 [24] INFO  Rest.Controllers.ItemsController - Received Request: 'getCategories'. Result: Microsoft.AspNetCore.Mvc.OkObjectResult
2021-03-24 11:25:31,956 [22] INFO  Rest.Controllers.OrdersController - Received Request: 'getAllTodaysOrders'. Result: System.Collections.Generic.Dictionary`2[System.Int64,System.Decimal]
2021-03-24 11:25:32,698 [24] INFO  Rest.Controllers.OrdersController - Received Request: 'getOrderById/32'. Result: System.Collections.Generic.List`1[Rest.Models.ReceiptContents]
2021-03-24 11:25:32,763 [19] INFO  Rest.Controllers.OrdersController - Received Request: 'getAllTodaysOrders'. Result: System.Collections.Generic.Dictionary`2[System.Int64,System.Decimal]
2021-03-24 11:25:33,377 [36] INFO  Rest.Controllers.ItemsController - Received Request: 'getItemTypes'. Result: Microsoft.AspNetCore.Mvc.OkObjectResult
2021-03-24 11:25:33,386 [23] INFO  Rest.Controllers.ItemsController - Received Request: 'getCategories'. Result: Microsoft.AspNetCore.Mvc.OkObjectResult
2021-03-24 11:25:51,538 [23] INFO  Rest.Controllers.UsersController - Received Request: 'checkPassword/123'. Result: Microsoft.AspNetCore.Mvc.OkResult
2021-03-24 11:25:51,587 [14] INFO  Rest.Controllers.UsersController - Received Request: 'getUserName/123'. Result: Microsoft.AspNetCore.Mvc.OkObjectResult
2021-03-24 11:25:51,605 [23] INFO  Rest.Controllers.UsersController - Received Request: 'getUserId/123'. Result: Microsoft.AspNetCore.Mvc.OkObjectResult
2021-03-24 11:25:51,648 [23] INFO  Rest.Controllers.ItemsController - Received Request: 'getItemTypes'. Result: Microsoft.AspNetCore.Mvc.OkObjectResult
2021-03-24 11:25:51,816 [19] INFO  Rest.Controllers.ItemsController - Received Request: 'getCategories'. Result: Microsoft.AspNetCore.Mvc.OkObjectResult
2021-03-24 11:25:53,162 [22] INFO  Rest.Controllers.OrdersController - Received Request: 'getAllTodaysOrders'. Result: System.Collections.Generic.Dictionary`2[System.Int64,System.Decimal]
2021-03-24 11:25:54,032 [24] INFO  Rest.Controllers.OrdersController - Received Request: 'getOrderById/35'. Result: System.Collections.Generic.List`1[Rest.Models.ReceiptContents]
2021-03-24 11:25:54,060 [24] INFO  Rest.Controllers.OrdersController - Received Request: 'getAllTodaysOrders'. Result: System.Collections.Generic.Dictionary`2[System.Int64,System.Decimal]
2021-03-24 11:25:55,121 [17] INFO  Rest.Controllers.ItemsController - Received Request: 'getItemTypes'. Result: Microsoft.AspNetCore.Mvc.OkObjectResult
2021-03-24 11:25:55,130 [18] INFO  Rest.Controllers.ItemsController - Received Request: 'getCategories'. Result: Microsoft.AspNetCore.Mvc.OkObjectResult
2021-03-24 11:33:07,359 [5] INFO  Rest.Controllers.UsersController - Received Request: 'checkPassword/123'. Result: Microsoft.AspNetCore.Mvc.OkResult
2021-03-24 11:33:07,410 [118] INFO  Rest.Controllers.UsersController - Received Request: 'getUserName/123'. Result: Microsoft.AspNetCore.Mvc.OkObjectResult
2021-03-24 11:33:07,427 [5] INFO  Rest.Controllers.UsersController - Received Request: 'getUserId/123'. Result: Microsoft.AspNetCore.Mvc.OkObjectResult
2021-03-24 11:33:07,470 [118] INFO  Rest.Controllers.ItemsController - Received Request: 'getItemTypes'. Result: Microsoft.AspNetCore.Mvc.OkObjectResult
2021-03-24 11:33:07,656 [108] INFO  Rest.Controllers.ItemsController - Received Request: 'getCategories'. Result: Microsoft.AspNetCore.Mvc.OkObjectResult
2021-03-24 11:33:09,848 [4] INFO  Rest.Controllers.ItemsController - Received Request: 'getItemTypes'. Result: Microsoft.AspNetCore.Mvc.OkObjectResult
2021-03-24 11:33:09,860 [4] INFO  Rest.Controllers.ItemsController - Received Request: 'getItems/1'. Result: Microsoft.AspNetCore.Mvc.OkObjectResult
2021-03-24 11:33:12,094 [5] INFO  Rest.Controllers.OrdersController - Received Request: 'getAllTodaysOrders'. Result: System.Collections.Generic.Dictionary`2[System.Int64,System.Decimal]
2021-03-24 11:33:14,846 [9] INFO  Rest.Controllers.OrdersController - Received Request: 'getOrderById/33'. Result: System.Collections.Generic.List`1[Rest.Models.ReceiptContents]
2021-03-24 11:33:14,881 [106] INFO  Rest.Controllers.OrdersController - Received Request: 'getAllTodaysOrders'. Result: System.Collections.Generic.Dictionary`2[System.Int64,System.Decimal]
2021-03-24 11:33:16,905 [106] INFO  Rest.Controllers.ItemsController - Received Request: 'getItemTypes'. Result: Microsoft.AspNetCore.Mvc.OkObjectResult
2021-03-24 11:33:16,916 [118] INFO  Rest.Controllers.ItemsController - Received Request: 'getCategories'. Result: Microsoft.AspNetCore.Mvc.OkObjectResult
2021-03-24 11:33:28,014 [118] INFO  Rest.Controllers.UsersController - Received Request: 'checkPassword/123'. Result: Microsoft.AspNetCore.Mvc.OkResult
2021-03-24 11:33:28,028 [108] INFO  Rest.Controllers.UsersController - Received Request: 'getUserName/123'. Result: Microsoft.AspNetCore.Mvc.OkObjectResult
2021-03-24 11:33:28,045 [4] INFO  Rest.Controllers.UsersController - Received Request: 'getUserId/123'. Result: Microsoft.AspNetCore.Mvc.OkObjectResult
2021-03-24 11:33:28,062 [5] INFO  Rest.Controllers.ItemsController - Received Request: 'getItemTypes'. Result: Microsoft.AspNetCore.Mvc.OkObjectResult
2021-03-24 11:33:28,075 [5] INFO  Rest.Controllers.ItemsController - Received Request: 'getCategories'. Result: Microsoft.AspNetCore.Mvc.OkObjectResult
2021-03-24 11:33:30,041 [9] INFO  Rest.Controllers.ItemsController - Received Request: 'getItemTypes'. Result: Microsoft.AspNetCore.Mvc.OkObjectResult
2021-03-24 11:33:30,053 [106] INFO  Rest.Controllers.ItemsController - Received Request: 'getItems/1'. Result: Microsoft.AspNetCore.Mvc.OkObjectResult
2021-03-24 11:33:35,655 [4] INFO  Rest.Controllers.OrdersController - Received Request: 'createOrder/1/CASH'. Result: Microsoft.AspNetCore.Mvc.OkObjectResult
2021-03-24 11:33:36,005 [118] INFO  Rest.Controllers.OrdersController - Received Request: 'insertItemInOrder/38/1/1'. Result: Microsoft.AspNetCore.Mvc.OkResult
2021-03-24 11:33:36,025 [5] INFO  Rest.Controllers.OrdersController - Received Request: 'insertItemInOrder/38/2/1'. Result: Microsoft.AspNetCore.Mvc.OkResult
2021-03-24 11:36:44,696 [13] INFO  Rest.Controllers.UsersController - Received Request: 'checkPassword/123'. Result: Microsoft.AspNetCore.Mvc.OkResult
2021-03-24 11:36:44,743 [13] INFO  Rest.Controllers.UsersController - Received Request: 'getUserName/123'. Result: Microsoft.AspNetCore.Mvc.OkObjectResult
2021-03-24 11:36:44,759 [18] INFO  Rest.Controllers.UsersController - Received Request: 'getUserId/123'. Result: Microsoft.AspNetCore.Mvc.OkObjectResult
2021-03-24 11:36:44,801 [18] INFO  Rest.Controllers.ItemsController - Received Request: 'getItemTypes'. Result: Microsoft.AspNetCore.Mvc.OkObjectResult
2021-03-24 11:36:44,966 [18] INFO  Rest.Controllers.ItemsController - Received Request: 'getCategories'. Result: Microsoft.AspNetCore.Mvc.OkObjectResult
2021-03-24 11:36:48,313 [18] INFO  Rest.Controllers.OrdersController - Received Request: 'getAllTodaysOrders'. Result: System.Collections.Generic.Dictionary`2[System.Int64,System.Decimal]
2021-03-24 11:36:49,358 [13] INFO  Rest.Controllers.OrdersController - Received Request: 'getOrderById/31'. Result: System.Collections.Generic.List`1[Rest.Models.ReceiptContents]
2021-03-24 11:36:49,394 [18] INFO  Rest.Controllers.OrdersController - Received Request: 'getAllTodaysOrders'. Result: System.Collections.Generic.Dictionary`2[System.Int64,System.Decimal]
2021-03-24 11:36:50,653 [13] INFO  Rest.Controllers.ItemsController - Received Request: 'getItemTypes'. Result: Microsoft.AspNetCore.Mvc.OkObjectResult
2021-03-24 11:36:50,661 [13] INFO  Rest.Controllers.ItemsController - Received Request: 'getCategories'. Result: Microsoft.AspNetCore.Mvc.OkObjectResult
2021-03-24 13:07:59,026 [8] INFO  Rest.Controllers.UsersController - Received Request: 'checkPassword/123'. Result: Microsoft.AspNetCore.Mvc.OkResult
2021-03-24 13:07:59,127 [8] INFO  Rest.Controllers.UsersController - Received Request: 'getUserName/123'. Result: Microsoft.AspNetCore.Mvc.OkObjectResult
2021-03-24 13:07:59,160 [9] INFO  Rest.Controllers.UsersController - Received Request: 'getUserId/123'. Result: Microsoft.AspNetCore.Mvc.OkObjectResult
2021-03-24 13:07:59,244 [4] INFO  Rest.Controllers.ItemsController - Received Request: 'getItemTypes'. Result: Microsoft.AspNetCore.Mvc.OkObjectResult
2021-03-24 13:07:59,464 [12] INFO  Rest.Controllers.ItemsController - Received Request: 'getCategories'. Result: Microsoft.AspNetCore.Mvc.OkObjectResult
2021-03-24 13:08:00,453 [9] INFO  Rest.Controllers.OrdersController - Received Request: 'getAllTodaysOrders'. Result: System.Collections.Generic.Dictionary`2[System.Int64,System.Decimal]
2021-03-24 13:08:03,058 [13] INFO  Rest.Controllers.ItemsController - Received Request: 'getItemTypes'. Result: Microsoft.AspNetCore.Mvc.OkObjectResult
2021-03-24 13:08:03,068 [8] INFO  Rest.Controllers.ItemsController - Received Request: 'getCategories'. Result: Microsoft.AspNetCore.Mvc.OkObjectResult
2021-03-24 13:08:04,106 [4] INFO  Rest.Controllers.ItemsController - Received Request: 'getItemTypes'. Result: Microsoft.AspNetCore.Mvc.OkObjectResult
2021-03-24 13:08:04,147 [4] INFO  Rest.Controllers.ItemsController - Received Request: 'getItems/1'. Result: Microsoft.AspNetCore.Mvc.OkObjectResult
2021-03-24 13:08:07,854 [8] INFO  Rest.Controllers.ItemsController - Received Request: 'getItemTypes'. Result: Microsoft.AspNetCore.Mvc.OkObjectResult
2021-03-24 13:08:07,875 [8] INFO  Rest.Controllers.ItemsController - Received Request: 'getCategories'. Result: Microsoft.AspNetCore.Mvc.OkObjectResult
2021-03-24 13:08:08,561 [11] INFO  Rest.Controllers.ItemsController - Received Request: 'getItemTypes'. Result: Microsoft.AspNetCore.Mvc.OkObjectResult
2021-03-24 13:08:08,577 [9] INFO  Rest.Controllers.ItemsController - Received Request: 'getItems/4'. Result: Microsoft.AspNetCore.Mvc.OkObjectResult
2021-03-24 13:08:25,167 [9] INFO  Rest.Controllers.OrdersController - Received Request: 'createOrder/1/CASH'. Result: Microsoft.AspNetCore.Mvc.OkObjectResult
2021-03-24 13:08:25,293 [12] INFO  Rest.Controllers.OrdersController - Received Request: 'insertItemInOrder/39/1/2'. Result: Microsoft.AspNetCore.Mvc.OkResult
2021-03-24 13:08:25,305 [11] INFO  Rest.Controllers.OrdersController - Received Request: 'insertItemInOrder/39/2/3'. Result: Microsoft.AspNetCore.Mvc.OkResult
2021-03-24 13:08:25,315 [11] INFO  Rest.Controllers.OrdersController - Received Request: 'insertItemInOrder/39/3/4'. Result: Microsoft.AspNetCore.Mvc.OkResult
2021-03-24 13:08:25,326 [4] INFO  Rest.Controllers.OrdersController - Received Request: 'insertItemInOrder/39/4/1'. Result: Microsoft.AspNetCore.Mvc.OkResult
2021-03-24 13:08:25,338 [8] INFO  Rest.Controllers.OrdersController - Received Request: 'insertItemInOrder/39/5/1'. Result: Microsoft.AspNetCore.Mvc.OkResult
2021-03-24 13:08:25,349 [4] INFO  Rest.Controllers.OrdersController - Received Request: 'insertItemInOrder/39/12/3'. Result: Microsoft.AspNetCore.Mvc.OkResult
2021-03-24 13:08:25,365 [11] INFO  Rest.Controllers.OrdersController - Received Request: 'insertItemInOrder/39/13/2'. Result: Microsoft.AspNetCore.Mvc.OkResult
2021-03-24 13:08:25,379 [4] INFO  Rest.Controllers.OrdersController - Received Request: 'insertItemInOrder/39/14/2'. Result: Microsoft.AspNetCore.Mvc.OkResult
2021-03-24 13:08:30,218 [12] INFO  Rest.Controllers.UsersController - Received Request: 'checkPassword/123'. Result: Microsoft.AspNetCore.Mvc.OkResult
2021-03-24 13:08:30,234 [12] INFO  Rest.Controllers.UsersController - Received Request: 'getUserName/123'. Result: Microsoft.AspNetCore.Mvc.OkObjectResult
2021-03-24 13:08:30,250 [8] INFO  Rest.Controllers.UsersController - Received Request: 'getUserId/123'. Result: Microsoft.AspNetCore.Mvc.OkObjectResult
2021-03-24 13:08:30,269 [12] INFO  Rest.Controllers.ItemsController - Received Request: 'getItemTypes'. Result: Microsoft.AspNetCore.Mvc.OkObjectResult
2021-03-24 13:08:30,281 [12] INFO  Rest.Controllers.ItemsController - Received Request: 'getCategories'. Result: Microsoft.AspNetCore.Mvc.OkObjectResult
2021-03-24 13:08:30,884 [4] INFO  Rest.Controllers.OrdersController - Received Request: 'getAllTodaysOrders'. Result: System.Collections.Generic.Dictionary`2[System.Int64,System.Decimal]
2021-03-24 13:08:31,748 [9] INFO  Rest.Controllers.OrdersController - Received Request: 'getOrderById/39'. Result: System.Collections.Generic.List`1[Rest.Models.ReceiptContents]
2021-03-24 13:08:31,787 [8] INFO  Rest.Controllers.OrdersController - Received Request: 'getAllTodaysOrders'. Result: System.Collections.Generic.Dictionary`2[System.Int64,System.Decimal]
2021-03-24 13:08:34,462 [9] INFO  Rest.Controllers.ItemsController - Received Request: 'getItemTypes'. Result: Microsoft.AspNetCore.Mvc.OkObjectResult
2021-03-24 13:08:34,477 [4] INFO  Rest.Controllers.ItemsController - Received Request: 'getCategories'. Result: Microsoft.AspNetCore.Mvc.OkObjectResult
2021-03-24 13:08:42,471 [12] INFO  Rest.Controllers.UsersController - Received Request: 'checkPassword/123'. Result: Microsoft.AspNetCore.Mvc.OkResult
2021-03-24 13:08:42,490 [12] INFO  Rest.Controllers.UsersController - Received Request: 'getUserName/123'. Result: Microsoft.AspNetCore.Mvc.OkObjectResult
2021-03-24 13:08:42,506 [12] INFO  Rest.Controllers.UsersController - Received Request: 'getUserId/123'. Result: Microsoft.AspNetCore.Mvc.OkObjectResult
2021-03-24 13:08:42,530 [12] INFO  Rest.Controllers.ItemsController - Received Request: 'getItemTypes'. Result: Microsoft.AspNetCore.Mvc.OkObjectResult
2021-03-24 13:08:42,549 [11] INFO  Rest.Controllers.ItemsController - Received Request: 'getCategories'. Result: Microsoft.AspNetCore.Mvc.OkObjectResult
2021-03-24 13:08:43,315 [8] INFO  Rest.Controllers.OrdersController - Received Request: 'getAllTodaysOrders'. Result: System.Collections.Generic.Dictionary`2[System.Int64,System.Decimal]
2021-03-24 13:08:44,210 [8] INFO  Rest.Controllers.OrdersController - Received Request: 'getOrderById/39'. Result: System.Collections.Generic.List`1[Rest.Models.ReceiptContents]
2021-03-24 13:08:44,224 [11] INFO  Rest.Controllers.OrdersController - Received Request: 'getAllTodaysOrders'. Result: System.Collections.Generic.Dictionary`2[System.Int64,System.Decimal]
2021-03-24 13:09:24,814 [22] INFO  Rest.Controllers.ItemsController - Received Request: 'getItemTypes'. Result: Microsoft.AspNetCore.Mvc.OkObjectResult
2021-03-24 13:09:24,831 [19] INFO  Rest.Controllers.ItemsController - Received Request: 'getCategories'. Result: Microsoft.AspNetCore.Mvc.OkObjectResult
2021-03-24 13:09:25,844 [21] INFO  Rest.Controllers.OrdersController - Received Request: 'getAllTodaysOrders'. Result: System.Collections.Generic.Dictionary`2[System.Int64,System.Decimal]
2021-03-24 13:09:35,244 [24] INFO  Rest.Controllers.ItemsController - Received Request: 'getItemTypes'. Result: Microsoft.AspNetCore.Mvc.OkObjectResult
2021-03-24 13:09:35,265 [23] INFO  Rest.Controllers.ItemsController - Received Request: 'getCategories'. Result: Microsoft.AspNetCore.Mvc.OkObjectResult
2021-03-24 13:09:37,218 [23] INFO  Rest.Controllers.ItemsController - Received Request: 'getItemTypes'. Result: Microsoft.AspNetCore.Mvc.OkObjectResult
2021-03-24 13:09:37,231 [23] INFO  Rest.Controllers.ItemsController - Received Request: 'getItems/1'. Result: Microsoft.AspNetCore.Mvc.OkObjectResult
2021-03-24 13:09:40,083 [21] INFO  Rest.Controllers.ItemsController - Received Request: 'getItemTypes'. Result: Microsoft.AspNetCore.Mvc.OkObjectResult
2021-03-24 13:09:40,102 [23] INFO  Rest.Controllers.ItemsController - Received Request: 'getCategories'. Result: Microsoft.AspNetCore.Mvc.OkObjectResult
2021-03-24 13:09:40,743 [23] INFO  Rest.Controllers.ItemsController - Received Request: 'getItemTypes'. Result: Microsoft.AspNetCore.Mvc.OkObjectResult
2021-03-24 13:09:40,758 [19] INFO  Rest.Controllers.ItemsController - Received Request: 'getItems/3'. Result: Microsoft.AspNetCore.Mvc.OkObjectResult
2021-03-24 13:09:45,976 [27] INFO  Rest.Controllers.OrdersController - Received Request: 'createOrder/1/CASH'. Result: Microsoft.AspNetCore.Mvc.OkObjectResult
2021-03-24 13:09:45,998 [28] INFO  Rest.Controllers.OrdersController - Received Request: 'insertItemInOrder/40/2/2'. Result: Microsoft.AspNetCore.Mvc.OkResult
2021-03-24 13:09:46,012 [19] INFO  Rest.Controllers.OrdersController - Received Request: 'insertItemInOrder/40/1/3'. Result: Microsoft.AspNetCore.Mvc.OkResult
2021-03-24 13:09:46,033 [21] INFO  Rest.Controllers.OrdersController - Received Request: 'insertItemInOrder/40/3/2'. Result: Microsoft.AspNetCore.Mvc.OkResult
2021-03-24 13:09:46,049 [21] INFO  Rest.Controllers.OrdersController - Received Request: 'insertItemInOrder/40/4/1'. Result: Microsoft.AspNetCore.Mvc.OkResult
2021-03-24 13:09:46,409 [24] INFO  Rest.Controllers.OrdersController - Received Request: 'insertItemInOrder/40/5/1'. Result: Microsoft.AspNetCore.Mvc.OkResult
2021-03-24 13:09:46,425 [23] INFO  Rest.Controllers.OrdersController - Received Request: 'insertItemInOrder/40/10/2'. Result: Microsoft.AspNetCore.Mvc.OkResult
2021-03-24 13:09:46,442 [21] INFO  Rest.Controllers.OrdersController - Received Request: 'insertItemInOrder/40/11/3'. Result: Microsoft.AspNetCore.Mvc.OkResult
2021-03-24 13:10:09,426 [31] INFO  Rest.Controllers.UsersController - Received Request: 'checkPassword/123'. Result: Microsoft.AspNetCore.Mvc.OkResult
2021-03-24 13:10:09,446 [31] INFO  Rest.Controllers.UsersController - Received Request: 'getUserName/123'. Result: Microsoft.AspNetCore.Mvc.OkObjectResult
2021-03-24 13:10:09,464 [33] INFO  Rest.Controllers.UsersController - Received Request: 'getUserId/123'. Result: Microsoft.AspNetCore.Mvc.OkObjectResult
2021-03-24 13:10:09,497 [33] INFO  Rest.Controllers.ItemsController - Received Request: 'getItemTypes'. Result: Microsoft.AspNetCore.Mvc.OkObjectResult
2021-03-24 13:10:09,509 [33] INFO  Rest.Controllers.ItemsController - Received Request: 'getCategories'. Result: Microsoft.AspNetCore.Mvc.OkObjectResult
2021-03-24 13:10:10,024 [33] INFO  Rest.Controllers.OrdersController - Received Request: 'getAllTodaysOrders'. Result: System.Collections.Generic.Dictionary`2[System.Int64,System.Decimal]
2021-03-24 13:10:13,668 [32] INFO  Rest.Controllers.OrdersController - Received Request: 'getOrderById/40'. Result: System.Collections.Generic.List`1[Rest.Models.ReceiptContents]
2021-03-24 13:10:13,681 [35] INFO  Rest.Controllers.OrdersController - Received Request: 'getAllTodaysOrders'. Result: System.Collections.Generic.Dictionary`2[System.Int64,System.Decimal]
2021-03-24 13:10:25,467 [31] INFO  Rest.Controllers.ItemsController - Received Request: 'getItemTypes'. Result: Microsoft.AspNetCore.Mvc.OkObjectResult
2021-03-24 13:10:25,481 [30] INFO  Rest.Controllers.ItemsController - Received Request: 'getCategories'. Result: Microsoft.AspNetCore.Mvc.OkObjectResult
2021-03-24 13:10:52,277 [38] INFO  Rest.Controllers.ItemsController - Received Request: 'getItemTypes'. Result: Microsoft.AspNetCore.Mvc.OkObjectResult
2021-03-24 13:10:52,293 [41] INFO  Rest.Controllers.ItemsController - Received Request: 'getItems/1'. Result: Microsoft.AspNetCore.Mvc.OkObjectResult
2021-03-24 13:10:54,684 [37] INFO  Rest.Controllers.ItemsController - Received Request: 'getItemTypes'. Result: Microsoft.AspNetCore.Mvc.OkObjectResult
2021-03-24 13:10:54,700 [38] INFO  Rest.Controllers.ItemsController - Received Request: 'getCategories'. Result: Microsoft.AspNetCore.Mvc.OkObjectResult
2021-03-24 13:10:55,446 [38] INFO  Rest.Controllers.ItemsController - Received Request: 'getItemTypes'. Result: Microsoft.AspNetCore.Mvc.OkObjectResult
2021-03-24 13:10:55,459 [43] INFO  Rest.Controllers.ItemsController - Received Request: 'getItems/3'. Result: Microsoft.AspNetCore.Mvc.OkObjectResult
2021-03-24 13:11:38,804 [55] INFO  Rest.Controllers.UsersController - Received Request: 'checkPassword/123'. Result: Microsoft.AspNetCore.Mvc.OkResult
2021-03-24 13:11:38,854 [58] INFO  Rest.Controllers.UsersController - Received Request: 'getUserName/123'. Result: Microsoft.AspNetCore.Mvc.OkObjectResult
2021-03-24 13:11:38,872 [58] INFO  Rest.Controllers.UsersController - Received Request: 'getUserId/123'. Result: Microsoft.AspNetCore.Mvc.OkObjectResult
2021-03-24 13:11:38,918 [55] INFO  Rest.Controllers.ItemsController - Received Request: 'getItemTypes'. Result: Microsoft.AspNetCore.Mvc.OkObjectResult
2021-03-24 13:11:39,096 [56] INFO  Rest.Controllers.ItemsController - Received Request: 'getCategories'. Result: Microsoft.AspNetCore.Mvc.OkObjectResult
2021-03-24 13:11:40,139 [56] INFO  Rest.Controllers.OrdersController - Received Request: 'getAllTodaysOrders'. Result: System.Collections.Generic.Dictionary`2[System.Int64,System.Decimal]
2021-03-24 13:11:40,912 [57] INFO  Rest.Controllers.OrdersController - Received Request: 'getOrderById/40'. Result: System.Collections.Generic.List`1[Rest.Models.ReceiptContents]
2021-03-24 13:11:40,949 [57] INFO  Rest.Controllers.OrdersController - Received Request: 'getAllTodaysOrders'. Result: System.Collections.Generic.Dictionary`2[System.Int64,System.Decimal]
2021-03-24 13:11:42,114 [56] INFO  Rest.Controllers.ItemsController - Received Request: 'getItemTypes'. Result: Microsoft.AspNetCore.Mvc.OkObjectResult
2021-03-24 13:11:42,126 [57] INFO  Rest.Controllers.ItemsController - Received Request: 'getCategories'. Result: Microsoft.AspNetCore.Mvc.OkObjectResult
2021-03-24 13:11:43,144 [57] INFO  Rest.Controllers.ItemsController - Received Request: 'getItemTypes'. Result: Microsoft.AspNetCore.Mvc.OkObjectResult
2021-03-24 13:11:43,156 [56] INFO  Rest.Controllers.ItemsController - Received Request: 'getItems/3'. Result: Microsoft.AspNetCore.Mvc.OkObjectResult
2021-03-24 13:11:46,069 [56] INFO  Rest.Controllers.OrdersController - Received Request: 'modifyReceipt/40/VISA/0'. Result: Microsoft.AspNetCore.Mvc.NotFoundResult
2021-03-24 13:11:46,165 [57] INFO  Rest.Controllers.OrdersController - Received Request: 'removeReceiptContents/40'. Result: Microsoft.AspNetCore.Mvc.NotFoundResult
2021-03-24 13:11:46,213 [57] INFO  Rest.Controllers.OrdersController - Received Request: 'insertItemInOrder/40/2/2'. Result: Microsoft.AspNetCore.Mvc.OkResult
2021-03-24 13:11:46,226 [58] INFO  Rest.Controllers.OrdersController - Received Request: 'insertItemInOrder/40/1/3'. Result: Microsoft.AspNetCore.Mvc.OkResult
2021-03-24 13:11:46,237 [58] INFO  Rest.Controllers.OrdersController - Received Request: 'insertItemInOrder/40/3/2'. Result: Microsoft.AspNetCore.Mvc.OkResult
2021-03-24 13:11:46,263 [59] INFO  Rest.Controllers.OrdersController - Received Request: 'insertItemInOrder/40/4/1'. Result: Microsoft.AspNetCore.Mvc.OkResult
2021-03-24 13:11:46,274 [59] INFO  Rest.Controllers.OrdersController - Received Request: 'insertItemInOrder/40/5/1'. Result: Microsoft.AspNetCore.Mvc.OkResult
2021-03-24 13:11:46,286 [60] INFO  Rest.Controllers.OrdersController - Received Request: 'insertItemInOrder/40/10/2'. Result: Microsoft.AspNetCore.Mvc.OkResult
2021-03-24 13:11:46,300 [60] INFO  Rest.Controllers.OrdersController - Received Request: 'insertItemInOrder/40/11/3'. Result: Microsoft.AspNetCore.Mvc.OkResult
2021-03-24 13:11:46,314 [55] INFO  Rest.Controllers.OrdersController - Received Request: 'insertItemInOrder/40/10/1'. Result: Microsoft.AspNetCore.Mvc.OkResult
2021-03-24 13:12:02,375 [56] INFO  Rest.Controllers.UsersController - Received Request: 'checkPassword/123'. Result: Microsoft.AspNetCore.Mvc.OkResult
2021-03-24 13:12:02,395 [55] INFO  Rest.Controllers.UsersController - Received Request: 'getUserName/123'. Result: Microsoft.AspNetCore.Mvc.OkObjectResult
2021-03-24 13:12:02,417 [58] INFO  Rest.Controllers.UsersController - Received Request: 'getUserId/123'. Result: Microsoft.AspNetCore.Mvc.OkObjectResult
2021-03-24 13:12:02,457 [58] INFO  Rest.Controllers.ItemsController - Received Request: 'getItemTypes'. Result: Microsoft.AspNetCore.Mvc.OkObjectResult
2021-03-24 13:12:02,473 [58] INFO  Rest.Controllers.ItemsController - Received Request: 'getCategories'. Result: Microsoft.AspNetCore.Mvc.OkObjectResult
2021-03-24 13:12:09,418 [55] INFO  Rest.Controllers.OrdersController - Received Request: 'getAllTodaysOrders'. Result: System.Collections.Generic.Dictionary`2[System.Int64,System.Decimal]
2021-03-24 13:12:10,198 [56] INFO  Rest.Controllers.OrdersController - Received Request: 'getOrderById/40'. Result: System.Collections.Generic.List`1[Rest.Models.ReceiptContents]
2021-03-24 13:12:10,210 [56] INFO  Rest.Controllers.OrdersController - Received Request: 'getAllTodaysOrders'. Result: System.Collections.Generic.Dictionary`2[System.Int64,System.Decimal]
2021-03-24 13:12:11,387 [55] INFO  Rest.Controllers.ItemsController - Received Request: 'getItemTypes'. Result: Microsoft.AspNetCore.Mvc.OkObjectResult
2021-03-24 13:12:11,400 [56] INFO  Rest.Controllers.ItemsController - Received Request: 'getCategories'. Result: Microsoft.AspNetCore.Mvc.OkObjectResult
2021-03-24 13:33:54,637 [69] INFO  Rest.Controllers.UsersController - Received Request: 'checkPassword/123'. Result: Microsoft.AspNetCore.Mvc.OkResult
2021-03-24 13:33:54,702 [73] INFO  Rest.Controllers.UsersController - Received Request: 'getUserName/123'. Result: Microsoft.AspNetCore.Mvc.OkObjectResult
2021-03-24 13:33:54,722 [73] INFO  Rest.Controllers.UsersController - Received Request: 'getUserId/123'. Result: Microsoft.AspNetCore.Mvc.OkObjectResult
2021-03-24 13:33:54,770 [68] INFO  Rest.Controllers.ItemsController - Received Request: 'getItemTypes'. Result: Microsoft.AspNetCore.Mvc.OkObjectResult
2021-03-24 13:33:54,990 [72] INFO  Rest.Controllers.ItemsController - Received Request: 'getCategories'. Result: Microsoft.AspNetCore.Mvc.OkObjectResult
2021-03-24 13:33:56,200 [69] INFO  Rest.Controllers.ItemsController - Received Request: 'getItemTypes'. Result: Microsoft.AspNetCore.Mvc.OkObjectResult
2021-03-24 13:33:56,216 [69] INFO  Rest.Controllers.ItemsController - Received Request: 'getItems/1'. Result: Microsoft.AspNetCore.Mvc.OkObjectResult
2021-03-24 13:34:00,660 [69] INFO  Rest.Controllers.ItemsController - Received Request: 'getItemTypes'. Result: Microsoft.AspNetCore.Mvc.OkObjectResult
2021-03-24 13:34:00,680 [73] INFO  Rest.Controllers.ItemsController - Received Request: 'getCategories'. Result: Microsoft.AspNetCore.Mvc.OkObjectResult
