2021-03-28 10:50:12,169 [16] INFO  Rest.Controllers.AdminsController - Received Request: 'validateManager/mrodrigues/123'. Result: Microsoft.AspNetCore.Mvc.OkResult
2021-03-28 10:51:32,998 [24] INFO  Rest.Controllers.AdminsController - Received Request: 'validateManager/mrodrigues/123'. Result: Microsoft.AspNetCore.Mvc.OkResult
2021-03-28 10:53:56,953 [15] INFO  Rest.Controllers.AdminsController - Received Request: 'validateManager/mrodrigues/123'. Result: Microsoft.AspNetCore.Mvc.OkResult
2021-03-28 10:55:40,563 [4] ERROR Rest.Controllers.AdminsController - Received Request: 'createManagerAccount/980916/D404559F602EAB6FD602AC7680DACBFAADD13630335E951F097AF3900E9DE176B6DB28512F2E000B9D04FBA5133E8B1C6E8DF59DB3A8AB9D60BE4B97CC9E81DB'. Error: Violation of PRIMARY KEY constraint 'PK_MANAGER_ACCOUNT'. Cannot insert duplicate key in object 'dbo.MANAGER_ACCOUNT'. The duplicate key value is (1).
The statement has been terminated.
2021-03-28 10:59:10,293 [22] INFO  Rest.Controllers.AdminsController - Received Request: 'createManagerAccount/980916/D404559F602EAB6FD602AC7680DACBFAADD13630335E951F097AF3900E9DE176B6DB28512F2E000B9D04FBA5133E8B1C6E8DF59DB3A8AB9D60BE4B97CC9E81DB'. Result: Microsoft.AspNetCore.Mvc.OkResult
2021-03-28 10:59:51,640 [27] ERROR Rest.Controllers.AdminsController - Received Request: 'createManagerAccount/980916/3C9909AFEC25354D551DAE21590BB26E38D53F2173B8D3DC3EEE4C047E7AB1C1EB8B85103E3BE7BA613B31BB5C9C36214DC9F14A42FD7A2FDB84856BCA5C44C2'. Error: Incorrect syntax near 'C9909AFEC25354D551DAE21590BB26E38D53F2173B8D3DC3EEE4C047E7AB1C1EB8B85103E3BE7BA613B31BB5C9C36214DC9F14A42FD7A2FDB84856BCA5C44C2'.
2021-03-28 11:00:30,834 [31] ERROR Rest.Controllers.AdminsController - Received Request: 'createManagerAccount/432343/D404559F602EAB6FD602AC7680DACBFAADD13630335E951F097AF3900E9DE176B6DB28512F2E000B9D04FBA5133E8B1C6E8DF59DB3A8AB9D60BE4B97CC9E81DB'. Error: Cannot insert the value NULL into column 'ID', table 'POS.dbo.MANAGER_ACCOUNT'; column does not allow nulls. INSERT fails.
The statement has been terminated.
2021-03-28 11:00:38,580 [28] INFO  Rest.Controllers.AdminsController - Received Request: 'getJobTitles'. Result: Microsoft.AspNetCore.Mvc.OkObjectResult
2021-03-28 11:00:38,883 [31] INFO  Rest.Controllers.AdminsController - Received Request: 'getJobTitles'. Result: Microsoft.AspNetCore.Mvc.OkObjectResult
2021-03-28 11:00:43,012 [33] INFO  Rest.Controllers.AdminsController - Received Request: 'createUser/{"jobTitle":"2","FName":"Andreas","MName":null,"LName":"Ioannou","personal_id":"432343","address_no":"90","postal_code":"12","address_street":"street","gender":"M","email":"andreas@gmail.com","DOB":"2000-02-27T00:00:00","salary_per_hour":"5.00","phone_no":"2211563","is_active":true,"is_manager":true}'. Result: Microsoft.AspNetCore.Mvc.OkResult
2021-03-28 11:00:53,511 [33] INFO  Rest.Controllers.AdminsController - Received Request: 'createManagerAccount/432343/D404559F602EAB6FD602AC7680DACBFAADD13630335E951F097AF3900E9DE176B6DB28512F2E000B9D04FBA5133E8B1C6E8DF59DB3A8AB9D60BE4B97CC9E81DB'. Result: Microsoft.AspNetCore.Mvc.OkResult
2021-03-28 11:01:09,175 [31] INFO  Rest.Controllers.AdminsController - Received Request: 'getJobTitles'. Result: Microsoft.AspNetCore.Mvc.OkObjectResult
2021-03-28 11:01:18,094 [33] INFO  Rest.Controllers.AdminsController - Received Request: 'getJobTitles'. Result: Microsoft.AspNetCore.Mvc.OkObjectResult
2021-03-28 11:01:18,122 [29] INFO  Rest.Controllers.AdminsController - Received Request: 'getJobTitles'. Result: Microsoft.AspNetCore.Mvc.OkObjectResult
2021-03-28 11:01:20,076 [31] INFO  Rest.Controllers.AdminsController - Received Request: 'createUser/{"jobTitle":"1","FName":"Andreas","MName":null,"LName":"Ioannou","personal_id":"432343","address_no":"90","postal_code":"12","address_street":"street","gender":"M","email":"andreas@gmail.com","DOB":"2000-02-27T00:00:00","salary_per_hour":"5.00","phone_no":"2211563","is_active":true,"is_manager":true}'. Result: Microsoft.AspNetCore.Mvc.OkResult
2021-03-28 11:02:18,355 [44] INFO  Rest.Controllers.AdminsController - Received Request: 'getJobTitles'. Result: Microsoft.AspNetCore.Mvc.OkObjectResult
2021-03-28 11:02:18,381 [44] INFO  Rest.Controllers.AdminsController - Received Request: 'getJobTitles'. Result: Microsoft.AspNetCore.Mvc.OkObjectResult
2021-03-28 11:02:22,177 [42] INFO  Rest.Controllers.AdminsController - Received Request: 'createUser/{"jobTitle":"1","FName":"Andreas","MName":null,"LName":"Ioannou","personal_id":"432343","address_no":"90","postal_code":"12","address_street":"street","gender":"M","email":"andreas@gmail.com","DOB":"2000-02-27T00:00:00","salary_per_hour":"5.00","phone_no":"2211563","is_active":true,"is_manager":false}'. Result: Microsoft.AspNetCore.Mvc.OkResult
2021-03-28 11:03:34,136 [64] INFO  Rest.Controllers.AdminsController - Received Request: 'validateManager/mrodrigues/1234'. Result: Microsoft.AspNetCore.Mvc.NotFoundResult
2021-03-28 11:05:00,948 [5] INFO  Rest.Controllers.AdminsController - Received Request: 'validateManager/mrodrigues/D404559F602EAB6FD602AC7680DACBFAADD13630335E951F097AF3900E9DE176B6DB28512F2E000B9D04FBA5133E8B1C6E8DF59DB3A8AB9D60BE4B97CC9E81DB'. Result: Microsoft.AspNetCore.Mvc.NotFoundResult
2021-03-28 11:05:02,714 [4] INFO  Rest.Controllers.AdminsController - Received Request: 'validateManager/mrodrigues/D404559F602EAB6FD602AC7680DACBFAADD13630335E951F097AF3900E9DE176B6DB28512F2E000B9D04FBA5133E8B1C6E8DF59DB3A8AB9D60BE4B97CC9E81DB'. Result: Microsoft.AspNetCore.Mvc.NotFoundResult
2021-03-28 11:06:58,375 [10] INFO  Rest.Controllers.AdminsController - Received Request: 'validateManager/mrodrigues/D404559F602EAB6FD602AC7680DACBFAADD13630335E951F097AF3900E9DE176B6DB28512F2E000B9D04FBA5133E8B1C6E8DF59DB3A8AB9D60BE4B97CC9E81DB'. Result: Microsoft.AspNetCore.Mvc.NotFoundResult
2021-03-28 11:08:18,412 [20] INFO  Rest.Controllers.AdminsController - Received Request: 'createManagerAccount/980916/D404559F602EAB6FD602AC7680DACBFAADD13630335E951F097AF3900E9DE176B6DB28512F2E000B9D04FBA5133E8B1C6E8DF59DB3A8AB9D60BE4B97CC9E81DB'. Result: Microsoft.AspNetCore.Mvc.OkResult
2021-03-28 11:09:34,302 [27] INFO  Rest.Controllers.AdminsController - Received Request: 'validateManager/mrodrigues/D404559F602EAB6FD602AC7680DACBFAADD13630335E951F097AF3900E9DE176B6DB28512F2E000B9D04FBA5133E8B1C6E8DF59DB3A8AB9D60BE4B97CC9E81DB'. Result: Microsoft.AspNetCore.Mvc.NotFoundResult
2021-03-28 11:09:42,931 [37] INFO  Rest.Controllers.AdminsController - Received Request: 'validateManager/mrodrigues/D404559F602EAB6FD602AC7680DACBFAADD13630335E951F097AF3900E9DE176B6DB28512F2E000B9D04FBA5133E8B1C6E8DF59DB3A8AB9D60BE4B97CC9E81DB'. Result: Microsoft.AspNetCore.Mvc.NotFoundResult
2021-03-28 11:09:52,082 [41] INFO  Rest.Controllers.AdminsController - Received Request: 'validateManager/mrodrigues/D404559F602EAB6FD602AC7680DACBFAADD13630335E951F097AF3900E9DE176B6DB28512F2E000B9D04FBA5133E8B1C6E8DF59DB3A8AB9D60BE4B97CC9E81DB'. Result: Microsoft.AspNetCore.Mvc.NotFoundResult
2021-03-28 11:09:58,409 [40] INFO  Rest.Controllers.AdminsController - Received Request: 'validateManager/mrodrigues/D404559F602EAB6FD602AC7680DACBFAADD13630335E951F097AF3900E9DE176B6DB28512F2E000B9D04FBA5133E8B1C6E8DF59DB3A8AB9D60BE4B97CC9E81DB'. Result: Microsoft.AspNetCore.Mvc.NotFoundResult
2021-03-28 11:10:02,818 [26] INFO  Rest.Controllers.AdminsController - Received Request: 'validateManager/mrodrigues/D404559F602EAB6FD602AC7680DACBFAADD13630335E951F097AF3900E9DE176B6DB28512F2E000B9D04FBA5133E8B1C6E8DF59DB3A8AB9D60BE4B97CC9E81DB'. Result: Microsoft.AspNetCore.Mvc.NotFoundResult
2021-03-28 11:15:12,831 [47] INFO  Rest.Controllers.AdminsController - Received Request: 'validateManager/mrodrigues/D404559F602EAB6FD602AC7680DACBFAADD13630335E951F097AF3900E9DE176B6DB28512F2E000B9D04FBA5133E8B1C6E8DF59DB3A8AB9D60BE4B97CC9E81DB'. Result: Microsoft.AspNetCore.Mvc.NotFoundResult
2021-03-28 11:15:24,418 [51] INFO  Rest.Controllers.AdminsController - Received Request: 'validateManager/mrodrigues/D404559F602EAB6FD602AC7680DACBFAADD13630335E951F097AF3900E9DE176B6DB28512F2E000B9D04FBA5133E8B1C6E8DF59DB3A8AB9D60BE4B97CC9E81DB'. Result: Microsoft.AspNetCore.Mvc.NotFoundResult
2021-03-28 11:15:43,099 [55] INFO  Rest.Controllers.AdminsController - Received Request: 'validateManager/mrodrigues/D404559F602EAB6FD602AC7680DACBFAADD13630335E951F097AF3900E9DE176B6DB28512F2E000B9D04FBA5133E8B1C6E8DF59DB3A8AB9D60BE4B97CC9E81DB'. Result: Microsoft.AspNetCore.Mvc.NotFoundResult
2021-03-28 11:16:04,768 [46] INFO  Rest.Controllers.AdminsController - Received Request: 'validateManager/mrodrigues/D404559F602EAB6FD602AC7680DACBFAADD13630335E951F097AF3900E9DE176B6DB28512F2E000B9D04FBA5133E8B1C6E8DF59DB3A8AB9D60BE4B97CC9E81DB'. Result: Microsoft.AspNetCore.Mvc.NotFoundResult
2021-03-28 11:19:10,953 [12] INFO  Rest.Controllers.AdminsController - Received Request: 'validateManager/mrodrigues/D404559F602EAB6FD602AC7680DACBFAADD13630335E951F097AF3900E9DE176B6DB28512F2E000B9D04FBA5133E8B1C6E8DF59DB3A8AB9D60BE4B97CC9E81DB'. Result: Microsoft.AspNetCore.Mvc.OkResult
2021-03-28 11:19:36,372 [4] INFO  Rest.Controllers.AdminsController - Received Request: 'validateManager/mrodrigues/D404559F602EAB6FD602AC7680DACBFAADD13630335E951F097AF3900E9DE176B6DB28512F2E000B9D04FBA5133E8B1C6E8DF59DB3A8AB9D60BE4B97CC9E81DB'. Result: Microsoft.AspNetCore.Mvc.OkResult
2021-03-28 11:19:43,443 [16] INFO  Rest.Controllers.AdminsController - Received Request: 'validateManager/antreasa/D404559F602EAB6FD602AC7680DACBFAADD13630335E951F097AF3900E9DE176B6DB28512F2E000B9D04FBA5133E8B1C6E8DF59DB3A8AB9D60BE4B97CC9E81DB'. Result: Microsoft.AspNetCore.Mvc.NotFoundResult
2021-03-28 11:19:53,056 [5] INFO  Rest.Controllers.AdminsController - Received Request: 'validateManager/mrodrigues/D404559F602EAB6FD602AC7680DACBFAADD13630335E951F097AF3900E9DE176B6DB28512F2E000B9D04FBA5133E8B1C6E8DF59DB3A8AB9D60BE4B97CC9E81DB'. Result: Microsoft.AspNetCore.Mvc.OkResult
2021-03-28 11:20:03,962 [4] ERROR Rest.Controllers.AdminsController - Received Request: 'createManagerAccount/432343/D404559F602EAB6FD602AC7680DACBFAADD13630335E951F097AF3900E9DE176B6DB28512F2E000B9D04FBA5133E8B1C6E8DF59DB3A8AB9D60BE4B97CC9E81DB'. Error: Cannot insert the value NULL into column 'ID', table 'POS.dbo.MANAGER_ACCOUNT'; column does not allow nulls. INSERT fails.
The statement has been terminated.
2021-03-28 11:20:11,150 [16] INFO  Rest.Controllers.AdminsController - Received Request: 'getJobTitles'. Result: Microsoft.AspNetCore.Mvc.OkObjectResult
2021-03-28 11:20:11,637 [14] INFO  Rest.Controllers.AdminsController - Received Request: 'getJobTitles'. Result: Microsoft.AspNetCore.Mvc.OkObjectResult
2021-03-28 11:20:15,908 [17] INFO  Rest.Controllers.AdminsController - Received Request: 'createUser/{"jobTitle":"1","FName":"Andreas","MName":null,"LName":"Ioannou","personal_id":"432343","address_no":"90","postal_code":"12","address_street":"street","gender":"M","email":"andreas@gmail.com","DOB":"2000-02-27T00:00:00","salary_per_hour":"5.00","phone_no":"2211563","is_active":true,"is_manager":true}'. Result: Microsoft.AspNetCore.Mvc.OkResult
2021-03-28 11:20:22,866 [4] INFO  Rest.Controllers.AdminsController - Received Request: 'createManagerAccount/432343/D404559F602EAB6FD602AC7680DACBFAADD13630335E951F097AF3900E9DE176B6DB28512F2E000B9D04FBA5133E8B1C6E8DF59DB3A8AB9D60BE4B97CC9E81DB'. Result: Microsoft.AspNetCore.Mvc.OkResult
2021-03-28 11:20:26,816 [16] INFO  Rest.Controllers.AdminsController - Received Request: 'validateManager/antreasa/D404559F602EAB6FD602AC7680DACBFAADD13630335E951F097AF3900E9DE176B6DB28512F2E000B9D04FBA5133E8B1C6E8DF59DB3A8AB9D60BE4B97CC9E81DB'. Result: Microsoft.AspNetCore.Mvc.NotFoundResult
2021-03-28 11:22:08,754 [21] INFO  Rest.Controllers.AdminsController - Received Request: 'validateManager/mrodrigues/D404559F602EAB6FD602AC7680DACBFAADD13630335E951F097AF3900E9DE176B6DB28512F2E000B9D04FBA5133E8B1C6E8DF59DB3A8AB9D60BE4B97CC9E81DB'. Result: Microsoft.AspNetCore.Mvc.OkResult
2021-03-28 11:22:18,274 [24] INFO  Rest.Controllers.AdminsController - Received Request: 'createManagerAccount/432343/D404559F602EAB6FD602AC7680DACBFAADD13630335E951F097AF3900E9DE176B6DB28512F2E000B9D04FBA5133E8B1C6E8DF59DB3A8AB9D60BE4B97CC9E81DB'. Result: Microsoft.AspNetCore.Mvc.OkResult
2021-03-28 11:22:23,849 [23] INFO  Rest.Controllers.AdminsController - Received Request: 'validateManager/antreasa/D404559F602EAB6FD602AC7680DACBFAADD13630335E951F097AF3900E9DE176B6DB28512F2E000B9D04FBA5133E8B1C6E8DF59DB3A8AB9D60BE4B97CC9E81DB'. Result: Microsoft.AspNetCore.Mvc.OkResult
2021-03-28 11:22:29,731 [22] INFO  Rest.Controllers.AdminsController - Received Request: 'getJobTitles'. Result: Microsoft.AspNetCore.Mvc.OkObjectResult
2021-03-28 11:22:29,762 [22] INFO  Rest.Controllers.AdminsController - Received Request: 'getJobTitles'. Result: Microsoft.AspNetCore.Mvc.OkObjectResult
2021-03-28 11:22:34,221 [22] INFO  Rest.Controllers.AdminsController - Received Request: 'createUser/{"jobTitle":"1","FName":"Andreas","MName":null,"LName":"Ioannou","personal_id":"432343","address_no":"90","postal_code":"12","address_street":"street","gender":"M","email":"andreas@gmail.com","DOB":"2000-02-27T00:00:00","salary_per_hour":"5.00","phone_no":"2211563","is_active":true,"is_manager":false}'. Result: Microsoft.AspNetCore.Mvc.OkResult
2021-03-28 11:22:36,305 [23] INFO  Rest.Controllers.AdminsController - Received Request: 'validateManager/antreasa/D404559F602EAB6FD602AC7680DACBFAADD13630335E951F097AF3900E9DE176B6DB28512F2E000B9D04FBA5133E8B1C6E8DF59DB3A8AB9D60BE4B97CC9E81DB'. Result: Microsoft.AspNetCore.Mvc.NotFoundResult
2021-03-28 11:22:41,108 [22] INFO  Rest.Controllers.AdminsController - Received Request: 'validateManager/mrodrigues/D404559F602EAB6FD602AC7680DACBFAADD13630335E951F097AF3900E9DE176B6DB28512F2E000B9D04FBA5133E8B1C6E8DF59DB3A8AB9D60BE4B97CC9E81DB'. Result: Microsoft.AspNetCore.Mvc.OkResult
2021-03-28 11:22:47,024 [21] INFO  Rest.Controllers.AdminsController - Received Request: 'getJobTitles'. Result: Microsoft.AspNetCore.Mvc.OkObjectResult
2021-03-28 11:22:47,047 [23] INFO  Rest.Controllers.AdminsController - Received Request: 'getJobTitles'. Result: Microsoft.AspNetCore.Mvc.OkObjectResult
2021-03-28 11:22:50,867 [24] INFO  Rest.Controllers.AdminsController - Received Request: 'createUser/{"jobTitle":"1","FName":"Andreas","MName":null,"LName":"Ioannou","personal_id":"432343","address_no":"90","postal_code":"12","address_street":"street","gender":"M","email":"andreas@gmail.com","DOB":"2000-02-27T00:00:00","salary_per_hour":"5.00","phone_no":"2211563","is_active":false,"is_manager":true}'. Result: Microsoft.AspNetCore.Mvc.OkResult
2021-03-28 11:22:59,112 [23] INFO  Rest.Controllers.AdminsController - Received Request: 'validateManager/antreasa/D404559F602EAB6FD602AC7680DACBFAADD13630335E951F097AF3900E9DE176B6DB28512F2E000B9D04FBA5133E8B1C6E8DF59DB3A8AB9D60BE4B97CC9E81DB'. Result: Microsoft.AspNetCore.Mvc.NotFoundResult
2021-03-28 11:23:01,491 [22] INFO  Rest.Controllers.AdminsController - Received Request: 'validateManager/mrodrigues/D404559F602EAB6FD602AC7680DACBFAADD13630335E951F097AF3900E9DE176B6DB28512F2E000B9D04FBA5133E8B1C6E8DF59DB3A8AB9D60BE4B97CC9E81DB'. Result: Microsoft.AspNetCore.Mvc.OkResult
2021-03-28 11:23:04,847 [23] INFO  Rest.Controllers.AdminsController - Received Request: 'getJobTitles'. Result: Microsoft.AspNetCore.Mvc.OkObjectResult
2021-03-28 11:23:04,866 [24] INFO  Rest.Controllers.AdminsController - Received Request: 'getJobTitles'. Result: Microsoft.AspNetCore.Mvc.OkObjectResult
2021-03-28 11:23:15,248 [24] INFO  Rest.Controllers.AdminsController - Received Request: 'createUser/{"jobTitle":"1","FName":"Andreas","MName":null,"LName":"Ioannou","personal_id":"432343","address_no":"90","postal_code":"12","address_street":"street","gender":"M","email":"andreas@gmail.com","DOB":"2000-02-27T00:00:00","salary_per_hour":"5.00","phone_no":"2211563","is_active":true,"is_manager":true}'. Result: Microsoft.AspNetCore.Mvc.OkResult
2021-03-28 11:23:18,678 [22] INFO  Rest.Controllers.AdminsController - Received Request: 'validateManager/antreasa/D404559F602EAB6FD602AC7680DACBFAADD13630335E951F097AF3900E9DE176B6DB28512F2E000B9D04FBA5133E8B1C6E8DF59DB3A8AB9D60BE4B97CC9E81DB'. Result: Microsoft.AspNetCore.Mvc.OkResult
2021-03-28 11:32:51,192 [5] INFO  Rest.Controllers.AdminsController - Received Request: 'validateManager/mrodrigues/D404559F602EAB6FD602AC7680DACBFAADD13630335E951F097AF3900E9DE176B6DB28512F2E000B9D04FBA5133E8B1C6E8DF59DB3A8AB9D60BE4B97CC9E81DB'. Result: Microsoft.AspNetCore.Mvc.OkResult
2021-03-28 11:35:43,626 [26] INFO  Rest.Controllers.AdminsController - Received Request: 'validateManager/mrodrigues/D404559F602EAB6FD602AC7680DACBFAADD13630335E951F097AF3900E9DE176B6DB28512F2E000B9D04FBA5133E8B1C6E8DF59DB3A8AB9D60BE4B97CC9E81DB'. Result: Microsoft.AspNetCore.Mvc.OkResult
2021-03-28 11:38:01,852 [41] INFO  Rest.Controllers.AdminsController - Received Request: 'validateManager/mrodrigues/D404559F602EAB6FD602AC7680DACBFAADD13630335E951F097AF3900E9DE176B6DB28512F2E000B9D04FBA5133E8B1C6E8DF59DB3A8AB9D60BE4B97CC9E81DB'. Result: Microsoft.AspNetCore.Mvc.OkResult
2021-03-28 11:38:25,102 [44] INFO  Rest.Controllers.AdminsController - Received Request: 'validateManager/mrodrigues/D404559F602EAB6FD602AC7680DACBFAADD13630335E951F097AF3900E9DE176B6DB28512F2E000B9D04FBA5133E8B1C6E8DF59DB3A8AB9D60BE4B97CC9E81DB'. Result: Microsoft.AspNetCore.Mvc.OkResult
2021-03-28 11:38:54,480 [44] INFO  Rest.Controllers.AdminsController - Received Request: 'validateManager/mrodrigues/D404559F602EAB6FD602AC7680DACBFAADD13630335E951F097AF3900E9DE176B6DB28512F2E000B9D04FBA5133E8B1C6E8DF59DB3A8AB9D60BE4B97CC9E81DB'. Result: Microsoft.AspNetCore.Mvc.OkResult
2021-03-28 11:39:43,187 [57] INFO  Rest.Controllers.AdminsController - Received Request: 'validateManager/mrodrigues/D404559F602EAB6FD602AC7680DACBFAADD13630335E951F097AF3900E9DE176B6DB28512F2E000B9D04FBA5133E8B1C6E8DF59DB3A8AB9D60BE4B97CC9E81DB'. Result: Microsoft.AspNetCore.Mvc.OkResult
2021-03-28 11:40:39,245 [54] INFO  Rest.Controllers.AdminsController - Received Request: 'validateManager/mrodrigues/D404559F602EAB6FD602AC7680DACBFAADD13630335E951F097AF3900E9DE176B6DB28512F2E000B9D04FBA5133E8B1C6E8DF59DB3A8AB9D60BE4B97CC9E81DB'. Result: Microsoft.AspNetCore.Mvc.OkResult
2021-03-28 11:42:32,238 [73] INFO  Rest.Controllers.AdminsController - Received Request: 'validateManager/mrodrigues/D404559F602EAB6FD602AC7680DACBFAADD13630335E951F097AF3900E9DE176B6DB28512F2E000B9D04FBA5133E8B1C6E8DF59DB3A8AB9D60BE4B97CC9E81DB'. Result: Microsoft.AspNetCore.Mvc.OkResult
2021-03-28 11:49:30,721 [4] INFO  Rest.Controllers.UsersController - Received Request: 'getAllUsers/1'. Result: Microsoft.AspNetCore.Mvc.NotFoundResult
2021-03-28 11:49:31,065 [5] INFO  Rest.Controllers.UsersController - Received Request: 'getAllUsers/0'. Result: Microsoft.AspNetCore.Mvc.OkObjectResult
2021-03-28 11:49:38,085 [11] INFO  Rest.Controllers.UsersController - Received Request: 'validateUserByIdAndPin/2/9999'. Result: Microsoft.AspNetCore.Mvc.OkResult
2021-03-28 11:49:38,123 [5] INFO  Rest.Controllers.UsersController - Received Request: 'checkInOutUsers/1/2'. Result: Microsoft.AspNetCore.Mvc.OkResult
2021-03-28 11:49:38,145 [9] INFO  Rest.Controllers.UsersController - Received Request: 'getAllUsers/1'. Result: Microsoft.AspNetCore.Mvc.OkObjectResult
2021-03-28 11:49:38,167 [10] INFO  Rest.Controllers.UsersController - Received Request: 'getAllUsers/0'. Result: Microsoft.AspNetCore.Mvc.OkObjectResult
2021-03-28 11:49:43,994 [5] INFO  Rest.Controllers.UsersController - Received Request: 'validateUserByIdAndPin/3/4567'. Result: Microsoft.AspNetCore.Mvc.NotFoundResult
2021-03-28 11:49:44,089 [13] INFO  Rest.Controllers.UsersController - Received Request: 'getAllUsers/1'. Result: Microsoft.AspNetCore.Mvc.OkObjectResult
2021-03-28 11:49:44,118 [11] INFO  Rest.Controllers.UsersController - Received Request: 'getAllUsers/0'. Result: Microsoft.AspNetCore.Mvc.OkObjectResult
2021-03-28 11:49:47,682 [11] INFO  Rest.Controllers.UsersController - Received Request: 'validateUserByIdAndPin/3/4561'. Result: Microsoft.AspNetCore.Mvc.OkResult
2021-03-28 11:49:47,701 [9] INFO  Rest.Controllers.UsersController - Received Request: 'checkInOutUsers/1/3'. Result: Microsoft.AspNetCore.Mvc.OkResult
2021-03-28 11:49:47,716 [11] INFO  Rest.Controllers.UsersController - Received Request: 'getAllUsers/1'. Result: Microsoft.AspNetCore.Mvc.OkObjectResult
2021-03-28 11:49:47,733 [11] INFO  Rest.Controllers.UsersController - Received Request: 'getAllUsers/0'. Result: Microsoft.AspNetCore.Mvc.OkObjectResult
2021-03-28 11:50:00,166 [12] INFO  Rest.Controllers.UsersController - Received Request: 'validateUserByIdAndPin/3/4561'. Result: Microsoft.AspNetCore.Mvc.OkResult
2021-03-28 11:50:00,196 [4] INFO  Rest.Controllers.UsersController - Received Request: 'checkInOutUsers/0/3'. Result: Microsoft.AspNetCore.Mvc.OkResult
2021-03-28 11:50:00,222 [4] INFO  Rest.Controllers.UsersController - Received Request: 'getAllUsers/1'. Result: Microsoft.AspNetCore.Mvc.OkObjectResult
2021-03-28 11:50:00,241 [9] INFO  Rest.Controllers.UsersController - Received Request: 'getAllUsers/0'. Result: Microsoft.AspNetCore.Mvc.OkObjectResult
2021-03-28 11:50:04,328 [11] INFO  Rest.Controllers.UsersController - Received Request: 'validateUserByIdAndPin/2/9999'. Result: Microsoft.AspNetCore.Mvc.OkResult
2021-03-28 11:50:04,345 [10] INFO  Rest.Controllers.UsersController - Received Request: 'checkInOutUsers/0/2'. Result: Microsoft.AspNetCore.Mvc.OkResult
2021-03-28 11:50:04,362 [10] INFO  Rest.Controllers.UsersController - Received Request: 'getAllUsers/1'. Result: Microsoft.AspNetCore.Mvc.NotFoundResult
2021-03-28 11:50:04,428 [4] INFO  Rest.Controllers.UsersController - Received Request: 'getAllUsers/0'. Result: Microsoft.AspNetCore.Mvc.OkObjectResult
2021-03-28 11:53:01,476 [24] INFO  Rest.Controllers.UsersController - Received Request: 'checkPassword/123'. Result: Microsoft.AspNetCore.Mvc.OkResult
2021-03-28 11:53:01,581 [23] INFO  Rest.Controllers.UsersController - Received Request: 'getUserName/123'. Result: Microsoft.AspNetCore.Mvc.OkObjectResult
2021-03-28 11:53:01,617 [23] INFO  Rest.Controllers.UsersController - Received Request: 'getUserId/123'. Result: Microsoft.AspNetCore.Mvc.OkObjectResult
2021-03-28 11:53:01,705 [23] INFO  Rest.Controllers.ItemsController - Received Request: 'getItemTypes'. Result: Microsoft.AspNetCore.Mvc.OkObjectResult
2021-03-28 11:53:02,010 [23] INFO  Rest.Controllers.ItemsController - Received Request: 'getCategories'. Result: Microsoft.AspNetCore.Mvc.OkObjectResult
2021-03-28 11:53:04,257 [22] INFO  Rest.Controllers.UsersController - Received Request: 'getAllUsers/1'. Result: Microsoft.AspNetCore.Mvc.NotFoundResult
2021-03-28 11:53:04,404 [22] INFO  Rest.Controllers.UsersController - Received Request: 'getAllUsers/0'. Result: Microsoft.AspNetCore.Mvc.OkObjectResult
2021-03-28 11:53:07,068 [26] INFO  Rest.Controllers.UsersController - Received Request: 'validateUserByIdAndPin/2/9999'. Result: Microsoft.AspNetCore.Mvc.OkResult
2021-03-28 11:53:07,093 [26] INFO  Rest.Controllers.UsersController - Received Request: 'checkInOutUsers/1/2'. Result: Microsoft.AspNetCore.Mvc.OkResult
2021-03-28 11:53:07,111 [26] INFO  Rest.Controllers.UsersController - Received Request: 'getAllUsers/1'. Result: Microsoft.AspNetCore.Mvc.OkObjectResult
2021-03-28 11:53:07,132 [21] INFO  Rest.Controllers.UsersController - Received Request: 'getAllUsers/0'. Result: Microsoft.AspNetCore.Mvc.OkObjectResult
2021-03-28 11:57:18,365 [38] INFO  Rest.Controllers.UsersController - Received Request: 'getAllUsers/1'. Result: Microsoft.AspNetCore.Mvc.OkObjectResult
2021-03-28 11:57:18,713 [37] INFO  Rest.Controllers.UsersController - Received Request: 'getAllUsers/0'. Result: Microsoft.AspNetCore.Mvc.OkObjectResult
2021-03-28 11:57:21,210 [34] INFO  Rest.Controllers.UsersController - Received Request: 'validateUserByIdAndPin/2/9999'. Result: Microsoft.AspNetCore.Mvc.OkResult
2021-03-28 11:57:21,242 [27] INFO  Rest.Controllers.UsersController - Received Request: 'checkInOutUsers/0/2'. Result: Microsoft.AspNetCore.Mvc.OkResult
2021-03-28 11:57:21,256 [27] INFO  Rest.Controllers.UsersController - Received Request: 'getAllUsers/1'. Result: Microsoft.AspNetCore.Mvc.NotFoundResult
2021-03-28 11:57:21,376 [27] INFO  Rest.Controllers.UsersController - Received Request: 'getAllUsers/0'. Result: Microsoft.AspNetCore.Mvc.OkObjectResult
2021-03-28 12:19:59,851 [47] INFO  Rest.Controllers.UsersController - Received Request: 'checkPassword/123'. Result: Microsoft.AspNetCore.Mvc.OkResult
2021-03-28 12:19:59,934 [47] INFO  Rest.Controllers.UsersController - Received Request: 'getUserName/123'. Result: Microsoft.AspNetCore.Mvc.OkObjectResult
2021-03-28 12:19:59,963 [44] INFO  Rest.Controllers.UsersController - Received Request: 'getUserId/123'. Result: Microsoft.AspNetCore.Mvc.OkObjectResult
2021-03-28 12:20:00,080 [47] INFO  Rest.Controllers.ItemsController - Received Request: 'getItemTypes'. Result: Microsoft.AspNetCore.Mvc.OkObjectResult
2021-03-28 12:20:00,491 [46] INFO  Rest.Controllers.ItemsController - Received Request: 'getCategories'. Result: Microsoft.AspNetCore.Mvc.OkObjectResult
2021-03-28 12:20:03,137 [47] INFO  Rest.Controllers.UsersController - Received Request: 'getAllUsers/1'. Result: Microsoft.AspNetCore.Mvc.NotFoundResult
2021-03-28 12:20:03,259 [46] INFO  Rest.Controllers.UsersController - Received Request: 'getAllUsers/0'. Result: Microsoft.AspNetCore.Mvc.OkObjectResult
2021-03-28 12:20:05,959 [45] INFO  Rest.Controllers.UsersController - Received Request: 'validateUserByIdAndPin/1/123'. Result: Microsoft.AspNetCore.Mvc.OkResult
2021-03-28 12:20:05,987 [46] INFO  Rest.Controllers.UsersController - Received Request: 'checkInOutUsers/1/1'. Result: Microsoft.AspNetCore.Mvc.OkResult
2021-03-28 12:20:06,005 [44] INFO  Rest.Controllers.UsersController - Received Request: 'getAllUsers/1'. Result: Microsoft.AspNetCore.Mvc.OkObjectResult
2021-03-28 12:20:06,031 [46] INFO  Rest.Controllers.UsersController - Received Request: 'getAllUsers/0'. Result: Microsoft.AspNetCore.Mvc.OkObjectResult
2021-03-28 12:30:55,164 [10] ERROR Rest.Controllers.ReportsController - Received Request: 'getJobTitles'. Error: Index was outside the bounds of the array.
2021-03-28 12:31:15,833 [9] INFO  Rest.Controllers.ReportsController - Received Request: 'getJobTitles'. Result: Microsoft.AspNetCore.Mvc.OkObjectResult
2021-03-28 12:38:58,390 [16] INFO  Rest.Controllers.AdminsController - Received Request: 'validateManager/mrodrigues/D404559F602EAB6FD602AC7680DACBFAADD13630335E951F097AF3900E9DE176B6DB28512F2E000B9D04FBA5133E8B1C6E8DF59DB3A8AB9D60BE4B97CC9E81DB'. Result: Microsoft.AspNetCore.Mvc.OkResult
2021-03-28 12:40:11,019 [21] INFO  Rest.Controllers.AdminsController - Received Request: 'validateManager/mrodrigues/D404559F602EAB6FD602AC7680DACBFAADD13630335E951F097AF3900E9DE176B6DB28512F2E000B9D04FBA5133E8B1C6E8DF59DB3A8AB9D60BE4B97CC9E81DB'. Result: Microsoft.AspNetCore.Mvc.OkResult
2021-03-28 12:40:53,015 [33] INFO  Rest.Controllers.AdminsController - Received Request: 'validateManager/mrodrigues/D404559F602EAB6FD602AC7680DACBFAADD13630335E951F097AF3900E9DE176B6DB28512F2E000B9D04FBA5133E8B1C6E8DF59DB3A8AB9D60BE4B97CC9E81DB'. Result: Microsoft.AspNetCore.Mvc.OkResult
2021-03-28 12:41:50,575 [46] INFO  Rest.Controllers.AdminsController - Received Request: 'validateManager/mrodrigues/D404559F602EAB6FD602AC7680DACBFAADD13630335E951F097AF3900E9DE176B6DB28512F2E000B9D04FBA5133E8B1C6E8DF59DB3A8AB9D60BE4B97CC9E81DB'. Result: Microsoft.AspNetCore.Mvc.OkResult
2021-03-28 12:44:51,991 [4] INFO  Rest.Controllers.AdminsController - Received Request: 'validateManager/mrodrigues/D404559F602EAB6FD602AC7680DACBFAADD13630335E951F097AF3900E9DE176B6DB28512F2E000B9D04FBA5133E8B1C6E8DF59DB3A8AB9D60BE4B97CC9E81DB'. Result: Microsoft.AspNetCore.Mvc.OkResult
2021-03-28 12:46:29,518 [11] INFO  Rest.Controllers.AdminsController - Received Request: 'validateManager/mrodrigues/D404559F602EAB6FD602AC7680DACBFAADD13630335E951F097AF3900E9DE176B6DB28512F2E000B9D04FBA5133E8B1C6E8DF59DB3A8AB9D60BE4B97CC9E81DB'. Result: Microsoft.AspNetCore.Mvc.OkResult
2021-03-28 12:48:20,552 [4] INFO  Rest.Controllers.AdminsController - Received Request: 'validateManager/mrodrigues/D404559F602EAB6FD602AC7680DACBFAADD13630335E951F097AF3900E9DE176B6DB28512F2E000B9D04FBA5133E8B1C6E8DF59DB3A8AB9D60BE4B97CC9E81DB'. Result: Microsoft.AspNetCore.Mvc.OkResult
2021-03-28 12:51:02,298 [14] INFO  Rest.Controllers.AdminsController - Received Request: 'validateManager/mrodrigues/D404559F602EAB6FD602AC7680DACBFAADD13630335E951F097AF3900E9DE176B6DB28512F2E000B9D04FBA5133E8B1C6E8DF59DB3A8AB9D60BE4B97CC9E81DB'. Result: Microsoft.AspNetCore.Mvc.OkResult
2021-03-28 12:54:22,313 [13] INFO  Rest.Controllers.AdminsController - Received Request: 'validateManager/mrodrigues/D404559F602EAB6FD602AC7680DACBFAADD13630335E951F097AF3900E9DE176B6DB28512F2E000B9D04FBA5133E8B1C6E8DF59DB3A8AB9D60BE4B97CC9E81DB'. Result: Microsoft.AspNetCore.Mvc.OkResult
2021-03-28 12:56:14,227 [5] INFO  Rest.Controllers.AdminsController - Received Request: 'validateManager/mrodrigues/D404559F602EAB6FD602AC7680DACBFAADD13630335E951F097AF3900E9DE176B6DB28512F2E000B9D04FBA5133E8B1C6E8DF59DB3A8AB9D60BE4B97CC9E81DB'. Result: Microsoft.AspNetCore.Mvc.OkResult
2021-03-28 13:03:17,358 [10] INFO  Rest.Controllers.AdminsController - Received Request: 'validateManager/mrodrigues/D404559F602EAB6FD602AC7680DACBFAADD13630335E951F097AF3900E9DE176B6DB28512F2E000B9D04FBA5133E8B1C6E8DF59DB3A8AB9D60BE4B97CC9E81DB'. Result: Microsoft.AspNetCore.Mvc.OkResult
2021-03-28 13:03:30,890 [5] INFO  Rest.Controllers.ReportsController - Received Request: 'getJobTitles'. Result: Microsoft.AspNetCore.Mvc.OkObjectResult
2021-03-28 13:04:21,690 [24] INFO  Rest.Controllers.AdminsController - Received Request: 'validateManager/mrodrigues/D404559F602EAB6FD602AC7680DACBFAADD13630335E951F097AF3900E9DE176B6DB28512F2E000B9D04FBA5133E8B1C6E8DF59DB3A8AB9D60BE4B97CC9E81DB'. Result: Microsoft.AspNetCore.Mvc.OkResult
2021-03-28 13:04:29,034 [14] INFO  Rest.Controllers.ReportsController - Received Request: 'getJobTitles'. Result: Microsoft.AspNetCore.Mvc.OkObjectResult
2021-03-28 13:13:43,619 [13] INFO  Rest.Controllers.AdminsController - Received Request: 'validateManager/mrodrigues/D404559F602EAB6FD602AC7680DACBFAADD13630335E951F097AF3900E9DE176B6DB28512F2E000B9D04FBA5133E8B1C6E8DF59DB3A8AB9D60BE4B97CC9E81DB'. Result: Microsoft.AspNetCore.Mvc.OkResult
2021-03-28 13:13:50,970 [4] INFO  Rest.Controllers.ReportsController - Received Request: 'getJobTitles'. Result: Microsoft.AspNetCore.Mvc.OkObjectResult
2021-03-28 13:14:50,442 [29] INFO  Rest.Controllers.AdminsController - Received Request: 'validateManager/mrodrigues/D404559F602EAB6FD602AC7680DACBFAADD13630335E951F097AF3900E9DE176B6DB28512F2E000B9D04FBA5133E8B1C6E8DF59DB3A8AB9D60BE4B97CC9E81DB'. Result: Microsoft.AspNetCore.Mvc.OkResult
2021-03-28 13:15:03,340 [25] INFO  Rest.Controllers.ReportsController - Received Request: 'getJobTitles'. Result: Microsoft.AspNetCore.Mvc.OkObjectResult
2021-03-28 13:17:38,561 [52] INFO  Rest.Controllers.AdminsController - Received Request: 'validateManager/mrodrigues/D404559F602EAB6FD602AC7680DACBFAADD13630335E951F097AF3900E9DE176B6DB28512F2E000B9D04FBA5133E8B1C6E8DF59DB3A8AB9D60BE4B97CC9E81DB'. Result: Microsoft.AspNetCore.Mvc.OkResult
2021-03-28 13:17:52,593 [48] INFO  Rest.Controllers.ReportsController - Received Request: 'getJobTitles'. Result: Microsoft.AspNetCore.Mvc.OkObjectResult
2021-03-28 14:01:25,991 [59] INFO  Rest.Controllers.AdminsController - Received Request: 'validateManager/mrodrigues/D404559F602EAB6FD602AC7680DACBFAADD13630335E951F097AF3900E9DE176B6DB28512F2E000B9D04FBA5133E8B1C6E8DF59DB3A8AB9D60BE4B97CC9E81DB'. Result: Microsoft.AspNetCore.Mvc.OkResult
2021-03-28 14:01:33,268 [60] INFO  Rest.Controllers.ReportsController - Received Request: 'getJobTitles'. Result: Microsoft.AspNetCore.Mvc.OkObjectResult
2021-03-28 14:02:43,961 [74] INFO  Rest.Controllers.AdminsController - Received Request: 'validateManager/mrodrigues/D404559F602EAB6FD602AC7680DACBFAADD13630335E951F097AF3900E9DE176B6DB28512F2E000B9D04FBA5133E8B1C6E8DF59DB3A8AB9D60BE4B97CC9E81DB'. Result: Microsoft.AspNetCore.Mvc.OkResult
2021-03-28 14:02:50,393 [70] INFO  Rest.Controllers.ReportsController - Received Request: 'getJobTitles'. Result: Microsoft.AspNetCore.Mvc.OkObjectResult
2021-03-28 14:03:55,770 [84] INFO  Rest.Controllers.AdminsController - Received Request: 'validateManager/mrodrigues/D404559F602EAB6FD602AC7680DACBFAADD13630335E951F097AF3900E9DE176B6DB28512F2E000B9D04FBA5133E8B1C6E8DF59DB3A8AB9D60BE4B97CC9E81DB'. Result: Microsoft.AspNetCore.Mvc.OkResult
2021-03-28 14:04:02,592 [78] INFO  Rest.Controllers.ReportsController - Received Request: 'getJobTitles'. Result: Microsoft.AspNetCore.Mvc.OkObjectResult
2021-03-28 14:05:01,020 [70] INFO  Rest.Controllers.ReportsController - Received Request: 'getJobTitles'. Result: Microsoft.AspNetCore.Mvc.OkObjectResult
2021-03-28 14:06:29,394 [62] INFO  Rest.Controllers.AdminsController - Received Request: 'validateManager/mrodrigues/D404559F602EAB6FD602AC7680DACBFAADD13630335E951F097AF3900E9DE176B6DB28512F2E000B9D04FBA5133E8B1C6E8DF59DB3A8AB9D60BE4B97CC9E81DB'. Result: Microsoft.AspNetCore.Mvc.OkResult
2021-03-28 14:06:36,702 [68] INFO  Rest.Controllers.ReportsController - Received Request: 'getJobTitles'. Result: Microsoft.AspNetCore.Mvc.OkObjectResult
2021-03-28 14:08:41,357 [55] INFO  Rest.Controllers.AdminsController - Received Request: 'validateManager/mrodrigues/D404559F602EAB6FD602AC7680DACBFAADD13630335E951F097AF3900E9DE176B6DB28512F2E000B9D04FBA5133E8B1C6E8DF59DB3A8AB9D60BE4B97CC9E81DB'. Result: Microsoft.AspNetCore.Mvc.OkResult
2021-03-28 14:08:48,962 [50] INFO  Rest.Controllers.ReportsController - Received Request: 'getJobTitles'. Result: Microsoft.AspNetCore.Mvc.OkObjectResult
2021-03-28 14:09:13,926 [58] INFO  Rest.Controllers.ReportsController - Received Request: 'getJobTitles'. Result: Microsoft.AspNetCore.Mvc.OkObjectResult
2021-03-28 14:09:54,981 [46] INFO  Rest.Controllers.AdminsController - Received Request: 'validateManager/mrodrigues/D404559F602EAB6FD602AC7680DACBFAADD13630335E951F097AF3900E9DE176B6DB28512F2E000B9D04FBA5133E8B1C6E8DF59DB3A8AB9D60BE4B97CC9E81DB'. Result: Microsoft.AspNetCore.Mvc.OkResult
2021-03-28 14:10:03,507 [46] INFO  Rest.Controllers.ReportsController - Received Request: 'getJobTitles'. Result: Microsoft.AspNetCore.Mvc.OkObjectResult
2021-03-28 14:11:56,301 [38] INFO  Rest.Controllers.ReportsController - Received Request: 'getJobTitles'. Result: Microsoft.AspNetCore.Mvc.OkObjectResult
2021-03-28 14:12:43,822 [28] INFO  Rest.Controllers.ReportsController - Received Request: 'getJobTitles'. Result: Microsoft.AspNetCore.Mvc.OkObjectResult
2021-03-28 14:14:36,171 [20] INFO  Rest.Controllers.AdminsController - Received Request: 'validateManager/mrodrigues/D404559F602EAB6FD602AC7680DACBFAADD13630335E951F097AF3900E9DE176B6DB28512F2E000B9D04FBA5133E8B1C6E8DF59DB3A8AB9D60BE4B97CC9E81DB'. Result: Microsoft.AspNetCore.Mvc.OkResult
2021-03-28 14:14:46,926 [23] INFO  Rest.Controllers.ReportsController - Received Request: 'getJobTitles'. Result: Microsoft.AspNetCore.Mvc.NotFoundResult
2021-03-28 14:16:17,038 [6] INFO  Rest.Controllers.AdminsController - Received Request: 'validateManager/mrodrigues/D404559F602EAB6FD602AC7680DACBFAADD13630335E951F097AF3900E9DE176B6DB28512F2E000B9D04FBA5133E8B1C6E8DF59DB3A8AB9D60BE4B97CC9E81DB'. Result: Microsoft.AspNetCore.Mvc.OkResult
2021-03-28 14:16:23,286 [9] INFO  Rest.Controllers.ReportsController - Received Request: 'getJobTitles'. Result: Microsoft.AspNetCore.Mvc.OkObjectResult
2021-03-28 14:23:19,351 [16] INFO  Rest.Controllers.AdminsController - Received Request: 'validateManager/mrodrigues/D404559F602EAB6FD602AC7680DACBFAADD13630335E951F097AF3900E9DE176B6DB28512F2E000B9D04FBA5133E8B1C6E8DF59DB3A8AB9D60BE4B97CC9E81DB'. Result: Microsoft.AspNetCore.Mvc.OkResult
2021-03-28 14:23:26,323 [13] INFO  Rest.Controllers.ReportsController - Received Request: 'getJobTitles'. Result: Microsoft.AspNetCore.Mvc.OkObjectResult
2021-03-28 14:25:20,297 [19] INFO  Rest.Controllers.AdminsController - Received Request: 'validateManager/mrodrigues/D404559F602EAB6FD602AC7680DACBFAADD13630335E951F097AF3900E9DE176B6DB28512F2E000B9D04FBA5133E8B1C6E8DF59DB3A8AB9D60BE4B97CC9E81DB'. Result: Microsoft.AspNetCore.Mvc.OkResult
2021-03-28 14:25:27,731 [30] INFO  Rest.Controllers.ReportsController - Received Request: 'getJobTitles'. Result: Microsoft.AspNetCore.Mvc.OkObjectResult
2021-03-28 14:26:06,016 [43] INFO  Rest.Controllers.AdminsController - Received Request: 'validateManager/mrodrigues/D404559F602EAB6FD602AC7680DACBFAADD13630335E951F097AF3900E9DE176B6DB28512F2E000B9D04FBA5133E8B1C6E8DF59DB3A8AB9D60BE4B97CC9E81DB'. Result: Microsoft.AspNetCore.Mvc.OkResult
2021-03-28 14:26:12,583 [41] INFO  Rest.Controllers.ReportsController - Received Request: 'getJobTitles'. Result: Microsoft.AspNetCore.Mvc.OkObjectResult
2021-03-28 14:26:42,898 [43] INFO  Rest.Controllers.AdminsController - Received Request: 'validateManager/mrodrigues/D404559F602EAB6FD602AC7680DACBFAADD13630335E951F097AF3900E9DE176B6DB28512F2E000B9D04FBA5133E8B1C6E8DF59DB3A8AB9D60BE4B97CC9E81DB'. Result: Microsoft.AspNetCore.Mvc.OkResult
2021-03-28 14:26:49,847 [47] INFO  Rest.Controllers.ReportsController - Received Request: 'getJobTitles'. Result: Microsoft.AspNetCore.Mvc.OkObjectResult
2021-03-28 14:28:26,802 [63] INFO  Rest.Controllers.AdminsController - Received Request: 'validateManager/mrodrigues/D404559F602EAB6FD602AC7680DACBFAADD13630335E951F097AF3900E9DE176B6DB28512F2E000B9D04FBA5133E8B1C6E8DF59DB3A8AB9D60BE4B97CC9E81DB'. Result: Microsoft.AspNetCore.Mvc.OkResult
2021-03-28 14:28:34,434 [52] INFO  Rest.Controllers.ReportsController - Received Request: 'getJobTitles'. Result: Microsoft.AspNetCore.Mvc.OkObjectResult
2021-03-28 14:29:23,072 [75] INFO  Rest.Controllers.AdminsController - Received Request: 'validateManager/mrodrigues/D404559F602EAB6FD602AC7680DACBFAADD13630335E951F097AF3900E9DE176B6DB28512F2E000B9D04FBA5133E8B1C6E8DF59DB3A8AB9D60BE4B97CC9E81DB'. Result: Microsoft.AspNetCore.Mvc.OkResult
2021-03-28 14:29:30,475 [72] INFO  Rest.Controllers.ReportsController - Received Request: 'getJobTitles'. Result: Microsoft.AspNetCore.Mvc.OkObjectResult
2021-03-28 14:30:33,966 [65] INFO  Rest.Controllers.AdminsController - Received Request: 'validateManager/mrodrigues/D404559F602EAB6FD602AC7680DACBFAADD13630335E951F097AF3900E9DE176B6DB28512F2E000B9D04FBA5133E8B1C6E8DF59DB3A8AB9D60BE4B97CC9E81DB'. Result: Microsoft.AspNetCore.Mvc.OkResult
2021-03-28 14:30:40,278 [65] INFO  Rest.Controllers.ReportsController - Received Request: 'getJobTitles'. Result: Microsoft.AspNetCore.Mvc.OkObjectResult
2021-03-28 14:32:04,216 [102] INFO  Rest.Controllers.AdminsController - Received Request: 'validateManager/mrodrigues/D404559F602EAB6FD602AC7680DACBFAADD13630335E951F097AF3900E9DE176B6DB28512F2E000B9D04FBA5133E8B1C6E8DF59DB3A8AB9D60BE4B97CC9E81DB'. Result: Microsoft.AspNetCore.Mvc.OkResult
2021-03-28 14:32:10,584 [102] INFO  Rest.Controllers.ReportsController - Received Request: 'getJobTitles'. Result: Microsoft.AspNetCore.Mvc.OkObjectResult
2021-03-28 14:33:11,005 [108] INFO  Rest.Controllers.UsersController - Received Request: 'getAllUsers/1'. Result: Microsoft.AspNetCore.Mvc.OkObjectResult
2021-03-28 14:33:11,558 [110] INFO  Rest.Controllers.UsersController - Received Request: 'getAllUsers/0'. Result: Microsoft.AspNetCore.Mvc.OkObjectResult
2021-03-28 14:33:14,175 [110] INFO  Rest.Controllers.UsersController - Received Request: 'validateUserByIdAndPin/1/123'. Result: Microsoft.AspNetCore.Mvc.OkResult
2021-03-28 14:33:14,212 [111] INFO  Rest.Controllers.UsersController - Received Request: 'checkInOutUsers/0/1'. Result: Microsoft.AspNetCore.Mvc.OkResult
2021-03-28 14:33:14,237 [110] INFO  Rest.Controllers.UsersController - Received Request: 'getAllUsers/1'. Result: Microsoft.AspNetCore.Mvc.NotFoundResult
2021-03-28 14:33:14,393 [110] INFO  Rest.Controllers.UsersController - Received Request: 'getAllUsers/0'. Result: Microsoft.AspNetCore.Mvc.OkObjectResult
2021-03-28 14:33:25,600 [109] INFO  Rest.Controllers.ReportsController - Received Request: 'getJobTitles'. Result: Microsoft.AspNetCore.Mvc.OkObjectResult
2021-03-28 14:33:48,603 [119] INFO  Rest.Controllers.ReportsController - Received Request: 'getJobTitles'. Result: Microsoft.AspNetCore.Mvc.OkObjectResult
2021-03-28 14:35:15,121 [125] INFO  Rest.Controllers.ReportsController - Received Request: 'getJobTitles'. Result: Microsoft.AspNetCore.Mvc.OkObjectResult
2021-03-28 14:58:07,378 [9] INFO  Rest.Controllers.AdminsController - Received Request: 'validateManager/mrodrigues/D404559F602EAB6FD602AC7680DACBFAADD13630335E951F097AF3900E9DE176B6DB28512F2E000B9D04FBA5133E8B1C6E8DF59DB3A8AB9D60BE4B97CC9E81DB'. Result: Microsoft.AspNetCore.Mvc.OkResult
2021-03-28 14:58:25,452 [5] ERROR Rest.Controllers.ReportsController - Received Request: 'getRevenue/"2021-03-01T14:58:00"/"2021-03-28T14:58:00"'. Error: Unable to cast object of type 'System.Decimal' to type 'System.Double'.
2021-03-28 15:00:08,058 [12] INFO  Rest.Controllers.ReportsController - Received Request: 'getRevenue/"2021-03-01T14:59:00"/"2021-03-28T15:00:00"'. Result: 526.2000
2021-03-28 15:28:36,133 [11] INFO  Rest.Controllers.AdminsController - Received Request: 'validateManager/mrodrigues/D404559F602EAB6FD602AC7680DACBFAADD13630335E951F097AF3900E9DE176B6DB28512F2E000B9D04FBA5133E8B1C6E8DF59DB3A8AB9D60BE4B97CC9E81DB'. Result: Microsoft.AspNetCore.Mvc.OkResult
2021-03-28 15:28:46,389 [12] ERROR Rest.Controllers.ReportsController - Received Request: 'getRevenue/"2021-03-01T15:28:00"/"2021-03-14T15:28:00"'. Error: Data is Null. This method or property cannot be called on Null values.
2021-03-28 15:29:56,971 [17] INFO  Rest.Controllers.AdminsController - Received Request: 'validateManager/mrodrigues/D404559F602EAB6FD602AC7680DACBFAADD13630335E951F097AF3900E9DE176B6DB28512F2E000B9D04FBA5133E8B1C6E8DF59DB3A8AB9D60BE4B97CC9E81DB'. Result: Microsoft.AspNetCore.Mvc.OkResult
2021-03-28 15:30:29,422 [34] INFO  Rest.Controllers.ReportsController - Received Request: 'getOrders/"2021-03-01T15:30:00"/"2021-03-14T15:30:00"'. Result: System.Collections.Generic.Dictionary`2[System.Int32,System.Collections.Generic.List`1[Rest.Models.Order]]
2021-03-28 15:33:08,029 [17] ERROR Rest.Controllers.ReportsController - Received Request: 'getOrders/"2021-03-12T15:31:00"/"2021-03-28T15:31:00"'. Error: Unable to cast object of type 'System.Int64' to type 'System.Int32'.
2021-03-28 15:37:20,076 [9] INFO  Rest.Controllers.AdminsController - Received Request: 'validateManager/mrodrigues/D404559F602EAB6FD602AC7680DACBFAADD13630335E951F097AF3900E9DE176B6DB28512F2E000B9D04FBA5133E8B1C6E8DF59DB3A8AB9D60BE4B97CC9E81DB'. Result: Microsoft.AspNetCore.Mvc.OkResult
2021-03-28 15:37:56,709 [12] ERROR Rest.Controllers.ReportsController - Received Request: 'getOrders/"2021-03-07T15:37:00"/"2021-03-28T15:37:00"'. Error: The given key '18' was not present in the dictionary.
2021-03-28 15:38:48,252 [10] INFO  Rest.Controllers.ReportsController - Received Request: 'getOrders/"2021-03-07T15:38:00"/"2021-03-28T15:38:00"'. Result: System.Collections.Generic.Dictionary`2[System.Int64,System.Collections.Generic.List`1[Rest.Models.Order]]
2021-03-28 15:39:15,215 [22] INFO  Rest.Controllers.AdminsController - Received Request: 'validateManager/mrodrigues/D404559F602EAB6FD602AC7680DACBFAADD13630335E951F097AF3900E9DE176B6DB28512F2E000B9D04FBA5133E8B1C6E8DF59DB3A8AB9D60BE4B97CC9E81DB'. Result: Microsoft.AspNetCore.Mvc.OkResult
2021-03-28 15:39:24,217 [5] INFO  Rest.Controllers.ReportsController - Received Request: 'getOrders/"2021-03-07T15:39:00"/"2021-03-28T15:39:00"'. Result: System.Collections.Generic.Dictionary`2[System.Int64,System.Collections.Generic.List`1[Rest.Models.Order]]
2021-03-28 15:53:16,394 [38] INFO  Rest.Controllers.AdminsController - Received Request: 'validateManager/mrodrigues/D404559F602EAB6FD602AC7680DACBFAADD13630335E951F097AF3900E9DE176B6DB28512F2E000B9D04FBA5133E8B1C6E8DF59DB3A8AB9D60BE4B97CC9E81DB'. Result: Microsoft.AspNetCore.Mvc.OkResult
2021-03-28 15:53:23,419 [40] INFO  Rest.Controllers.ReportsController - Received Request: 'getOrders/"2021-03-04T15:53:00"/"2021-03-20T15:53:00"'. Result: System.Collections.Generic.Dictionary`2[System.Int64,System.Collections.Generic.List`1[Rest.Models.Order]]
2021-03-28 15:54:11,675 [57] INFO  Rest.Controllers.AdminsController - Received Request: 'validateManager/mrodrigues/D404559F602EAB6FD602AC7680DACBFAADD13630335E951F097AF3900E9DE176B6DB28512F2E000B9D04FBA5133E8B1C6E8DF59DB3A8AB9D60BE4B97CC9E81DB'. Result: Microsoft.AspNetCore.Mvc.OkResult
2021-03-28 15:54:21,865 [57] INFO  Rest.Controllers.ReportsController - Received Request: 'getOrders/"2021-03-01T15:54:00"/"2021-03-28T15:54:00"'. Result: System.Collections.Generic.Dictionary`2[System.Int64,System.Collections.Generic.List`1[Rest.Models.Order]]
2021-03-28 15:59:40,462 [77] INFO  Rest.Controllers.AdminsController - Received Request: 'validateManager/mrodrigues/D404559F602EAB6FD602AC7680DACBFAADD13630335E951F097AF3900E9DE176B6DB28512F2E000B9D04FBA5133E8B1C6E8DF59DB3A8AB9D60BE4B97CC9E81DB'. Result: Microsoft.AspNetCore.Mvc.OkResult
2021-03-28 15:59:51,163 [74] INFO  Rest.Controllers.ReportsController - Received Request: 'getOrders/"2021-03-01T15:59:00"/"2021-03-28T15:59:00"'. Result: System.Collections.Generic.Dictionary`2[System.Int64,System.Collections.Generic.List`1[Rest.Models.Order]]
2021-03-28 16:00:53,287 [88] INFO  Rest.Controllers.AdminsController - Received Request: 'validateManager/mrodrigues/D404559F602EAB6FD602AC7680DACBFAADD13630335E951F097AF3900E9DE176B6DB28512F2E000B9D04FBA5133E8B1C6E8DF59DB3A8AB9D60BE4B97CC9E81DB'. Result: Microsoft.AspNetCore.Mvc.OkResult
2021-03-28 16:01:03,828 [80] INFO  Rest.Controllers.ReportsController - Received Request: 'getOrders/"2021-03-01T16:00:00"/"2021-03-28T16:00:00"'. Result: System.Collections.Generic.Dictionary`2[System.Int64,System.Collections.Generic.List`1[Rest.Models.Order]]
2021-03-28 16:01:24,913 [94] INFO  Rest.Controllers.ReportsController - Received Request: 'getOrders/"2021-03-01T16:01:00"/"2021-03-21T16:01:00"'. Result: System.Collections.Generic.Dictionary`2[System.Int64,System.Collections.Generic.List`1[Rest.Models.Order]]
2021-03-28 16:02:35,186 [100] INFO  Rest.Controllers.AdminsController - Received Request: 'validateManager/mrodrigues/D404559F602EAB6FD602AC7680DACBFAADD13630335E951F097AF3900E9DE176B6DB28512F2E000B9D04FBA5133E8B1C6E8DF59DB3A8AB9D60BE4B97CC9E81DB'. Result: Microsoft.AspNetCore.Mvc.OkResult
2021-03-28 16:02:46,730 [87] INFO  Rest.Controllers.ReportsController - Received Request: 'getOrders/"2021-03-01T16:02:00"/"2021-03-28T16:02:00"'. Result: System.Collections.Generic.Dictionary`2[System.Int64,System.Collections.Generic.List`1[Rest.Models.Order]]
2021-03-28 16:03:42,898 [106] INFO  Rest.Controllers.AdminsController - Received Request: 'validateManager/mrodrigues/D404559F602EAB6FD602AC7680DACBFAADD13630335E951F097AF3900E9DE176B6DB28512F2E000B9D04FBA5133E8B1C6E8DF59DB3A8AB9D60BE4B97CC9E81DB'. Result: Microsoft.AspNetCore.Mvc.OkResult
2021-03-28 16:03:52,297 [111] INFO  Rest.Controllers.ReportsController - Received Request: 'getOrders/"2021-03-05T16:03:00"/"2021-03-28T16:03:00"'. Result: System.Collections.Generic.Dictionary`2[System.Int64,System.Collections.Generic.List`1[Rest.Models.Order]]
2021-03-28 16:04:22,322 [104] INFO  Rest.Controllers.ReportsController - Received Request: 'getOrders/"2021-03-07T16:04:00"/"2021-03-28T16:04:00"'. Result: System.Collections.Generic.Dictionary`2[System.Int64,System.Collections.Generic.List`1[Rest.Models.Order]]
2021-03-28 16:09:39,569 [12] INFO  Rest.Controllers.AdminsController - Received Request: 'validateManager/mrodrigues/D404559F602EAB6FD602AC7680DACBFAADD13630335E951F097AF3900E9DE176B6DB28512F2E000B9D04FBA5133E8B1C6E8DF59DB3A8AB9D60BE4B97CC9E81DB'. Result: Microsoft.AspNetCore.Mvc.OkResult
2021-03-28 16:09:50,931 [5] INFO  Rest.Controllers.ReportsController - Received Request: 'getOrders/"2021-03-05T16:09:00"/"2021-03-28T16:09:00"'. Result: System.Collections.Generic.Dictionary`2[System.Int64,System.Collections.Generic.List`1[Rest.Models.Order]]
2021-03-28 16:12:38,326 [26] INFO  Rest.Controllers.AdminsController - Received Request: 'validateManager/mrodrigues/D404559F602EAB6FD602AC7680DACBFAADD13630335E951F097AF3900E9DE176B6DB28512F2E000B9D04FBA5133E8B1C6E8DF59DB3A8AB9D60BE4B97CC9E81DB'. Result: Microsoft.AspNetCore.Mvc.OkResult
2021-03-28 16:12:48,746 [14] INFO  Rest.Controllers.ReportsController - Received Request: 'getOrders/"2021-03-12T16:12:00"/"2021-03-28T16:12:00"'. Result: System.Collections.Generic.Dictionary`2[System.Int64,System.Collections.Generic.List`1[Rest.Models.Order]]
2021-03-28 16:15:32,440 [31] INFO  Rest.Controllers.AdminsController - Received Request: 'validateManager/mrodrigues/D404559F602EAB6FD602AC7680DACBFAADD13630335E951F097AF3900E9DE176B6DB28512F2E000B9D04FBA5133E8B1C6E8DF59DB3A8AB9D60BE4B97CC9E81DB'. Result: Microsoft.AspNetCore.Mvc.OkResult
2021-03-28 16:15:42,308 [40] INFO  Rest.Controllers.ReportsController - Received Request: 'getOrders/"2021-03-01T16:15:00"/"2021-03-28T16:15:00"'. Result: System.Collections.Generic.Dictionary`2[System.Int64,System.Collections.Generic.List`1[Rest.Models.Order]]
2021-03-28 16:18:59,378 [58] INFO  Rest.Controllers.AdminsController - Received Request: 'validateManager/mrodrigues/D404559F602EAB6FD602AC7680DACBFAADD13630335E951F097AF3900E9DE176B6DB28512F2E000B9D04FBA5133E8B1C6E8DF59DB3A8AB9D60BE4B97CC9E81DB'. Result: Microsoft.AspNetCore.Mvc.OkResult
2021-03-28 16:19:12,717 [59] INFO  Rest.Controllers.ReportsController - Received Request: 'getOrders/"2021-03-01T16:19:00"/"2021-03-28T16:19:00"'. Result: System.Collections.Generic.Dictionary`2[System.Int64,System.Collections.Generic.List`1[Rest.Models.Order]]
2021-03-28 16:21:19,862 [72] INFO  Rest.Controllers.AdminsController - Received Request: 'validateManager/mrodrigues/D404559F602EAB6FD602AC7680DACBFAADD13630335E951F097AF3900E9DE176B6DB28512F2E000B9D04FBA5133E8B1C6E8DF59DB3A8AB9D60BE4B97CC9E81DB'. Result: Microsoft.AspNetCore.Mvc.OkResult
2021-03-28 16:21:29,394 [70] INFO  Rest.Controllers.ReportsController - Received Request: 'getOrders/"2021-03-01T16:21:00"/"2021-03-28T16:21:00"'. Result: System.Collections.Generic.Dictionary`2[System.Int64,System.Collections.Generic.List`1[Rest.Models.Order]]
2021-03-28 16:22:23,382 [81] INFO  Rest.Controllers.AdminsController - Received Request: 'validateManager/mrodrigues/D404559F602EAB6FD602AC7680DACBFAADD13630335E951F097AF3900E9DE176B6DB28512F2E000B9D04FBA5133E8B1C6E8DF59DB3A8AB9D60BE4B97CC9E81DB'. Result: Microsoft.AspNetCore.Mvc.OkResult
2021-03-28 16:22:32,718 [69] INFO  Rest.Controllers.ReportsController - Received Request: 'getOrders/"2021-03-01T16:22:00"/"2021-03-28T16:22:00"'. Result: System.Collections.Generic.Dictionary`2[System.Int64,System.Collections.Generic.List`1[Rest.Models.Order]]
2021-03-28 16:24:28,483 [99] INFO  Rest.Controllers.AdminsController - Received Request: 'validateManager/mrodrigues/D404559F602EAB6FD602AC7680DACBFAADD13630335E951F097AF3900E9DE176B6DB28512F2E000B9D04FBA5133E8B1C6E8DF59DB3A8AB9D60BE4B97CC9E81DB'. Result: Microsoft.AspNetCore.Mvc.OkResult
2021-03-28 16:24:37,789 [96] INFO  Rest.Controllers.ReportsController - Received Request: 'getOrders/"2021-03-01T16:24:00"/"2021-03-28T16:24:00"'. Result: System.Collections.Generic.Dictionary`2[System.Int64,System.Collections.Generic.List`1[Rest.Models.Order]]
2021-03-28 16:25:10,837 [106] INFO  Rest.Controllers.AdminsController - Received Request: 'validateManager/mrodrigues/D404559F602EAB6FD602AC7680DACBFAADD13630335E951F097AF3900E9DE176B6DB28512F2E000B9D04FBA5133E8B1C6E8DF59DB3A8AB9D60BE4B97CC9E81DB'. Result: Microsoft.AspNetCore.Mvc.OkResult
2021-03-28 16:25:20,782 [99] INFO  Rest.Controllers.ReportsController - Received Request: 'getOrders/"2021-03-01T16:25:00"/"2021-03-28T16:25:00"'. Result: System.Collections.Generic.Dictionary`2[System.Int64,System.Collections.Generic.List`1[Rest.Models.Order]]
