2021-03-27 10:49:15,954 [16] INFO  Rest.Controllers.AdminsController - Received Request: 'validateManager/mrodrigues/123'. Result: Microsoft.AspNetCore.Mvc.OkResult
2021-03-27 10:50:40,036 [28] INFO  Rest.Controllers.AdminsController - Received Request: 'validateManager/mrodrigues/123'. Result: Microsoft.AspNetCore.Mvc.OkResult
2021-03-27 10:50:43,625 [24] INFO  Rest.Controllers.AdminsController - Received Request: 'validateManager/mrodrigues/123'. Result: Microsoft.AspNetCore.Mvc.OkResult
2021-03-27 10:56:49,190 [40] INFO  Rest.Controllers.AdminsController - Received Request: 'validateManager/mrod/123'. Result: Microsoft.AspNetCore.Mvc.NotFoundResult
2021-03-27 10:57:14,729 [46] INFO  Rest.Controllers.AdminsController - Received Request: 'validateManager/mrodrig/123'. Result: Microsoft.AspNetCore.Mvc.NotFoundResult
2021-03-27 10:59:49,282 [54] INFO  Rest.Controllers.AdminsController - Received Request: 'validateManager/mrodrigues/123'. Result: Microsoft.AspNetCore.Mvc.OkResult
2021-03-27 10:59:53,733 [55] INFO  Rest.Controllers.AdminsController - Received Request: 'validateManager/mrodrigues/123'. Result: Microsoft.AspNetCore.Mvc.OkResult
2021-03-27 11:00:05,442 [55] INFO  Rest.Controllers.AdminsController - Received Request: 'validateManager/mrodrigues/123'. Result: Microsoft.AspNetCore.Mvc.OkResult
2021-03-27 11:00:34,205 [61] INFO  Rest.Controllers.AdminsController - Received Request: 'validateManager/mrodrigues/123'. Result: Microsoft.AspNetCore.Mvc.OkResult
2021-03-27 11:00:52,372 [58] INFO  Rest.Controllers.AdminsController - Received Request: 'validateManager/mrodrigues/123'. Result: Microsoft.AspNetCore.Mvc.OkResult
2021-03-27 11:00:59,263 [63] INFO  Rest.Controllers.AdminsController - Received Request: 'validateManager/mrodrigues/123'. Result: Microsoft.AspNetCore.Mvc.OkResult
2021-03-27 11:06:16,619 [73] INFO  Rest.Controllers.AdminsController - Received Request: 'validateManager/mrodrigues/123'. Result: Microsoft.AspNetCore.Mvc.OkResult
2021-03-27 11:06:20,120 [73] INFO  Rest.Controllers.AdminsController - Received Request: 'validateManager/mrodrigues/123'. Result: Microsoft.AspNetCore.Mvc.OkResult
2021-03-27 11:08:34,094 [88] INFO  Rest.Controllers.AdminsController - Received Request: 'validateManager/mrodrigues/123'. Result: Microsoft.AspNetCore.Mvc.OkResult
2021-03-27 11:08:44,924 [89] INFO  Rest.Controllers.AdminsController - Received Request: 'validateManager/mrodrigues/123'. Result: Microsoft.AspNetCore.Mvc.OkResult
2021-03-27 11:11:14,074 [100] INFO  Rest.Controllers.AdminsController - Received Request: 'validateManager/mrodrigues/123'. Result: Microsoft.AspNetCore.Mvc.OkResult
2021-03-27 11:11:20,943 [100] INFO  Rest.Controllers.AdminsController - Received Request: 'validateManager/mrodrigues/123'. Result: Microsoft.AspNetCore.Mvc.OkResult
2021-03-27 11:16:38,190 [97] INFO  Rest.Controllers.AdminsController - Received Request: 'validateManager/mrodrigues/123'. Result: Microsoft.AspNetCore.Mvc.OkResult
2021-03-27 11:19:31,781 [92] INFO  Rest.Controllers.AdminsController - Received Request: 'validateManager/mrodrigues/123'. Result: Microsoft.AspNetCore.Mvc.OkResult
2021-03-27 11:26:01,276 [94] INFO  Rest.Controllers.AdminsController - Received Request: 'validateManager/mrodrigues/123'. Result: Microsoft.AspNetCore.Mvc.OkResult
2021-03-27 11:26:25,667 [74] INFO  Rest.Controllers.AdminsController - Received Request: 'validateManager/mrodrigues/123'. Result: Microsoft.AspNetCore.Mvc.OkResult
2021-03-27 11:28:23,845 [61] INFO  Rest.Controllers.AdminsController - Received Request: 'validateManager/mrodrigues/123'. Result: Microsoft.AspNetCore.Mvc.OkResult
2021-03-27 11:28:51,403 [66] INFO  Rest.Controllers.AdminsController - Received Request: 'validateManager/mrodrigues/123'. Result: Microsoft.AspNetCore.Mvc.OkResult
2021-03-27 11:36:15,464 [45] INFO  Rest.Controllers.AdminsController - Received Request: 'validateManager/mrodrigues/123'. Result: Microsoft.AspNetCore.Mvc.OkResult
2021-03-27 11:37:27,581 [30] INFO  Rest.Controllers.AdminsController - Received Request: 'validateManager/mrodrigues/123'. Result: Microsoft.AspNetCore.Mvc.OkResult
2021-03-27 11:38:27,337 [28] INFO  Rest.Controllers.AdminsController - Received Request: 'validateManager/mrodrigues/123'. Result: Microsoft.AspNetCore.Mvc.OkResult
2021-03-27 11:38:51,990 [17] INFO  Rest.Controllers.AdminsController - Received Request: 'validateManager/mrodrigues/123'. Result: Microsoft.AspNetCore.Mvc.OkResult
2021-03-27 11:40:12,351 [9] INFO  Rest.Controllers.AdminsController - Received Request: 'validateManager/mrodrigues/123'. Result: Microsoft.AspNetCore.Mvc.OkResult
2021-03-27 11:40:43,727 [115] INFO  Rest.Controllers.AdminsController - Received Request: 'validateManager/mrodrigues/123'. Result: Microsoft.AspNetCore.Mvc.OkResult
2021-03-27 11:41:04,388 [119] INFO  Rest.Controllers.AdminsController - Received Request: 'validateManager/mrodrigues/123'. Result: Microsoft.AspNetCore.Mvc.OkResult
2021-03-27 11:42:17,671 [134] INFO  Rest.Controllers.AdminsController - Received Request: 'validateManager/mrodrigues/123'. Result: Microsoft.AspNetCore.Mvc.OkResult
2021-03-27 11:43:02,129 [144] INFO  Rest.Controllers.AdminsController - Received Request: 'validateManager/mrodrigues/123'. Result: Microsoft.AspNetCore.Mvc.OkResult
2021-03-27 11:44:35,729 [157] INFO  Rest.Controllers.AdminsController - Received Request: 'validateManager/mrodrigues/123'. Result: Microsoft.AspNetCore.Mvc.OkResult
2021-03-27 11:45:32,404 [164] INFO  Rest.Controllers.AdminsController - Received Request: 'validateManager/mrodrigues/123'. Result: Microsoft.AspNetCore.Mvc.OkResult
2021-03-27 11:49:58,631 [137] INFO  Rest.Controllers.AdminsController - Received Request: 'validateManager/mrodrigues/123'. Result: Microsoft.AspNetCore.Mvc.OkResult
2021-03-27 11:52:38,015 [127] INFO  Rest.Controllers.AdminsController - Received Request: 'validateManager/mrodrigues/123'. Result: Microsoft.AspNetCore.Mvc.OkResult
2021-03-27 11:53:29,375 [129] INFO  Rest.Controllers.AdminsController - Received Request: 'validateManager/mrodrigues/123'. Result: Microsoft.AspNetCore.Mvc.OkResult
2021-03-27 12:07:26,488 [5] INFO  Rest.Controllers.AdminsController - Received Request: 'validateManager/mrodrigues/123'. Result: Microsoft.AspNetCore.Mvc.OkResult
2021-03-27 12:08:31,449 [4] INFO  Rest.Controllers.AdminsController - Received Request: 'validateManager/mrodrigues/123'. Result: Microsoft.AspNetCore.Mvc.OkResult
2021-03-27 12:20:14,606 [8] INFO  Rest.Controllers.AdminsController - Received Request: 'getJobTitles'. Result: Microsoft.AspNetCore.Mvc.OkResult
2021-03-27 12:20:18,872 [12] INFO  Rest.Controllers.AdminsController - Received Request: 'getJobTitles'. Result: Microsoft.AspNetCore.Mvc.OkResult
2021-03-27 12:20:52,181 [16] INFO  Rest.Controllers.AdminsController - Received Request: 'getJobTitles'. Result: Microsoft.AspNetCore.Mvc.OkObjectResult
2021-03-27 12:24:07,766 [10] INFO  Rest.Controllers.AdminsController - Received Request: 'validateManager/mrodrigues/123'. Result: Microsoft.AspNetCore.Mvc.OkResult
2021-03-27 12:24:09,541 [11] INFO  Rest.Controllers.AdminsController - Received Request: 'getJobTitles'. Result: Microsoft.AspNetCore.Mvc.OkObjectResult
2021-03-27 12:27:51,070 [26] INFO  Rest.Controllers.AdminsController - Received Request: 'validateManager/mrodrigues/123'. Result: Microsoft.AspNetCore.Mvc.OkResult
2021-03-27 12:27:52,281 [23] INFO  Rest.Controllers.AdminsController - Received Request: 'getJobTitles'. Result: Microsoft.AspNetCore.Mvc.OkObjectResult
2021-03-27 12:28:37,789 [28] INFO  Rest.Controllers.AdminsController - Received Request: 'validateManager/mrodrigues/123'. Result: Microsoft.AspNetCore.Mvc.OkResult
2021-03-27 12:28:39,050 [33] INFO  Rest.Controllers.AdminsController - Received Request: 'getJobTitles'. Result: Microsoft.AspNetCore.Mvc.OkObjectResult
2021-03-27 12:28:55,107 [40] INFO  Rest.Controllers.AdminsController - Received Request: 'validateManager/mrodrigues/123'. Result: Microsoft.AspNetCore.Mvc.OkResult
2021-03-27 12:28:56,172 [28] INFO  Rest.Controllers.AdminsController - Received Request: 'getJobTitles'. Result: Microsoft.AspNetCore.Mvc.OkObjectResult
2021-03-27 12:29:27,477 [43] INFO  Rest.Controllers.AdminsController - Received Request: 'validateManager/mrodrigues/123'. Result: Microsoft.AspNetCore.Mvc.OkResult
2021-03-27 12:29:29,057 [43] INFO  Rest.Controllers.AdminsController - Received Request: 'getJobTitles'. Result: Microsoft.AspNetCore.Mvc.OkObjectResult
2021-03-27 12:31:23,824 [52] INFO  Rest.Controllers.AdminsController - Received Request: 'validateManager/mrodrigues/123'. Result: Microsoft.AspNetCore.Mvc.OkResult
2021-03-27 12:31:25,150 [52] INFO  Rest.Controllers.AdminsController - Received Request: 'getJobTitles'. Result: Microsoft.AspNetCore.Mvc.OkObjectResult
2021-03-27 12:36:03,168 [56] INFO  Rest.Controllers.AdminsController - Received Request: 'validateManager/mrodrigues/123'. Result: Microsoft.AspNetCore.Mvc.OkResult
2021-03-27 12:36:04,433 [63] INFO  Rest.Controllers.AdminsController - Received Request: 'getJobTitles'. Result: Microsoft.AspNetCore.Mvc.OkObjectResult
2021-03-27 12:36:33,747 [65] INFO  Rest.Controllers.AdminsController - Received Request: 'validateManager/mrodrigues/123'. Result: Microsoft.AspNetCore.Mvc.OkResult
2021-03-27 12:36:35,182 [61] INFO  Rest.Controllers.AdminsController - Received Request: 'getJobTitles'. Result: Microsoft.AspNetCore.Mvc.OkObjectResult
2021-03-27 12:37:30,720 [75] INFO  Rest.Controllers.AdminsController - Received Request: 'validateManager/mrodrigues/123'. Result: Microsoft.AspNetCore.Mvc.OkResult
2021-03-27 12:37:31,834 [74] INFO  Rest.Controllers.AdminsController - Received Request: 'getJobTitles'. Result: Microsoft.AspNetCore.Mvc.OkObjectResult
2021-03-27 12:38:11,721 [81] INFO  Rest.Controllers.AdminsController - Received Request: 'validateManager/mrodrigues/123'. Result: Microsoft.AspNetCore.Mvc.OkResult
2021-03-27 12:38:13,186 [86] INFO  Rest.Controllers.AdminsController - Received Request: 'getJobTitles'. Result: Microsoft.AspNetCore.Mvc.OkObjectResult
2021-03-27 12:39:39,105 [92] INFO  Rest.Controllers.AdminsController - Received Request: 'validateManager/mrodrigues/123'. Result: Microsoft.AspNetCore.Mvc.OkResult
2021-03-27 12:39:40,532 [93] INFO  Rest.Controllers.AdminsController - Received Request: 'getJobTitles'. Result: Microsoft.AspNetCore.Mvc.OkObjectResult
2021-03-27 12:45:59,377 [101] INFO  Rest.Controllers.AdminsController - Received Request: 'validateManager/mrodrigues/123'. Result: Microsoft.AspNetCore.Mvc.OkResult
2021-03-27 12:46:00,802 [102] INFO  Rest.Controllers.AdminsController - Received Request: 'getJobTitles'. Result: Microsoft.AspNetCore.Mvc.OkObjectResult
2021-03-27 12:46:35,782 [113] INFO  Rest.Controllers.AdminsController - Received Request: 'validateManager/mrodrigues/123'. Result: Microsoft.AspNetCore.Mvc.OkResult
2021-03-27 12:46:36,885 [113] INFO  Rest.Controllers.AdminsController - Received Request: 'getJobTitles'. Result: Microsoft.AspNetCore.Mvc.OkObjectResult
2021-03-27 12:47:05,166 [121] INFO  Rest.Controllers.AdminsController - Received Request: 'validateManager/mrodrigues/123'. Result: Microsoft.AspNetCore.Mvc.OkResult
2021-03-27 12:47:06,442 [109] INFO  Rest.Controllers.AdminsController - Received Request: 'getJobTitles'. Result: Microsoft.AspNetCore.Mvc.OkObjectResult
2021-03-27 12:56:38,822 [123] INFO  Rest.Controllers.AdminsController - Received Request: 'validateManager/mrodrigues/123'. Result: Microsoft.AspNetCore.Mvc.OkResult
2021-03-27 12:56:40,420 [114] INFO  Rest.Controllers.AdminsController - Received Request: 'getJobTitles'. Result: Microsoft.AspNetCore.Mvc.OkObjectResult
2021-03-27 12:59:43,905 [119] INFO  Rest.Controllers.AdminsController - Received Request: 'validateManager/mrodrigues/123'. Result: Microsoft.AspNetCore.Mvc.OkResult
2021-03-27 12:59:45,601 [115] INFO  Rest.Controllers.AdminsController - Received Request: 'getJobTitles'. Result: Microsoft.AspNetCore.Mvc.OkObjectResult
2021-03-27 13:14:53,399 [117] INFO  Rest.Controllers.AdminsController - Received Request: 'validateManager/mrodrigues/123'. Result: Microsoft.AspNetCore.Mvc.OkResult
2021-03-27 13:14:55,199 [111] INFO  Rest.Controllers.AdminsController - Received Request: 'getJobTitles'. Result: Microsoft.AspNetCore.Mvc.OkObjectResult
2021-03-27 13:16:14,333 [8] INFO  Rest.Controllers.AdminsController - Received Request: 'validateManager/mrodrigues/123'. Result: Microsoft.AspNetCore.Mvc.OkResult
2021-03-27 13:16:15,729 [8] INFO  Rest.Controllers.AdminsController - Received Request: 'getJobTitles'. Result: Microsoft.AspNetCore.Mvc.OkObjectResult
2021-03-27 13:18:25,101 [27] INFO  Rest.Controllers.AdminsController - Received Request: 'validateManager/mrodrigues/123'. Result: Microsoft.AspNetCore.Mvc.OkResult
2021-03-27 13:18:26,629 [27] INFO  Rest.Controllers.AdminsController - Received Request: 'getJobTitles'. Result: Microsoft.AspNetCore.Mvc.OkObjectResult
2021-03-27 13:21:58,627 [11] INFO  Rest.Controllers.AdminsController - Received Request: 'getJobTitles'. Result: Microsoft.AspNetCore.Mvc.OkObjectResult
2021-03-27 13:22:33,791 [16] INFO  Rest.Controllers.AdminsController - Received Request: 'validateManager/mrodrigues/123'. Result: Microsoft.AspNetCore.Mvc.OkResult
2021-03-27 13:22:35,194 [16] INFO  Rest.Controllers.AdminsController - Received Request: 'getJobTitles'. Result: Microsoft.AspNetCore.Mvc.OkObjectResult
2021-03-27 13:24:49,544 [13] INFO  Rest.Controllers.AdminsController - Received Request: 'validateManager/mrodrigues/123'. Result: Microsoft.AspNetCore.Mvc.OkResult
2021-03-27 13:24:51,110 [4] INFO  Rest.Controllers.AdminsController - Received Request: 'getJobTitles'. Result: Microsoft.AspNetCore.Mvc.OkObjectResult
2021-03-27 13:35:12,755 [5] INFO  Rest.Controllers.AdminsController - Received Request: 'validateManager/mrodrigues/123'. Result: Microsoft.AspNetCore.Mvc.OkResult
2021-03-27 13:35:14,466 [5] INFO  Rest.Controllers.AdminsController - Received Request: 'getJobTitles'. Result: Microsoft.AspNetCore.Mvc.OkObjectResult
2021-03-27 13:37:56,959 [34] INFO  Rest.Controllers.AdminsController - Received Request: 'validateManager/mrodrigues/123'. Result: Microsoft.AspNetCore.Mvc.OkResult
2021-03-27 13:37:58,601 [15] INFO  Rest.Controllers.AdminsController - Received Request: 'getJobTitles'. Result: Microsoft.AspNetCore.Mvc.OkObjectResult
2021-03-27 13:40:51,387 [35] INFO  Rest.Controllers.AdminsController - Received Request: 'validateManager/mrodrigues/123'. Result: Microsoft.AspNetCore.Mvc.OkResult
2021-03-27 13:40:52,922 [41] INFO  Rest.Controllers.AdminsController - Received Request: 'getJobTitles'. Result: Microsoft.AspNetCore.Mvc.OkObjectResult
2021-03-27 13:41:14,723 [40] INFO  Rest.Controllers.AdminsController - Received Request: 'validateManager/mrodrigues/123'. Result: Microsoft.AspNetCore.Mvc.OkResult
2021-03-27 13:41:15,904 [47] INFO  Rest.Controllers.AdminsController - Received Request: 'getJobTitles'. Result: Microsoft.AspNetCore.Mvc.OkObjectResult
2021-03-27 13:42:38,024 [40] ERROR Rest.Controllers.AdminsController - Received Request: 'createUser/{"jobTitle":"2","FName":"Andreas","MName":null,"LName":"Ioannou","personal_id":"432343","address_no":"90","postal_code":"12","address_street":"street","gender":"M","email":"andreas@gmail.com","DOB":"2000-02-27T00:00:00","salary_per_hour":"5","phone_no":"2211563","is_active":true,"is_manager":false}'. Error: Incorrect syntax near ','.
2021-03-27 13:42:38,168 [43] INFO  Rest.Controllers.AdminsController - Received Request: 'getJobTitles'. Result: Microsoft.AspNetCore.Mvc.OkObjectResult
2021-03-27 13:56:07,082 [17] INFO  Rest.Controllers.AdminsController - Received Request: 'validateManager/mrodrigues/123'. Result: Microsoft.AspNetCore.Mvc.OkResult
2021-03-27 13:56:08,427 [16] INFO  Rest.Controllers.AdminsController - Received Request: 'getJobTitles'. Result: Microsoft.AspNetCore.Mvc.OkObjectResult
2021-03-27 13:57:21,753 [21] INFO  Rest.Controllers.AdminsController - Received Request: 'createUser/{"jobTitle":"2","FName":"Maria","MName":"Eleni","LName":"Christodoulou","personal_id":"12431","address_no":"43","postal_code":"34","address_street":"street","gender":"F","email":"maria@gmail.com","DOB":"2001-01-02T00:00:00","salary_per_hour":"5","phone_no":"22216322","is_active":true,"is_manager":false}'. Result: Microsoft.AspNetCore.Mvc.OkResult
2021-03-27 13:57:25,039 [27] INFO  Rest.Controllers.AdminsController - Received Request: 'getJobTitles'. Result: Microsoft.AspNetCore.Mvc.OkObjectResult
2021-03-27 14:28:37,842 [15] INFO  Rest.Controllers.AdminsController - Received Request: 'validateManager/mrodrigues/123'. Result: Microsoft.AspNetCore.Mvc.OkResult
2021-03-27 14:28:39,342 [16] INFO  Rest.Controllers.AdminsController - Received Request: 'getJobTitles'. Result: Microsoft.AspNetCore.Mvc.OkObjectResult
2021-03-27 14:29:12,104 [26] INFO  Rest.Controllers.AdminsController - Received Request: 'validateManager/mrodrigues/123'. Result: Microsoft.AspNetCore.Mvc.OkResult
2021-03-27 14:29:13,962 [26] INFO  Rest.Controllers.AdminsController - Received Request: 'getJobTitles'. Result: Microsoft.AspNetCore.Mvc.OkObjectResult
2021-03-27 14:42:42,731 [4] ERROR Rest.Controllers.AdminsController - Received Request: 'getJobTitles'. Error: Unable to cast object of type 'System.String' to type 'System.DateTime'.
2021-03-27 14:44:38,506 [12] ERROR Rest.Controllers.AdminsController - Received Request: 'getJobTitles'. Error: Unable to cast object of type 'System.Int32' to type 'System.String'.
2021-03-27 14:45:19,488 [4] ERROR Rest.Controllers.AdminsController - Received Request: 'getJobTitles'. Error: Unable to cast object of type 'System.Byte' to type 'System.Int16'.
2021-03-27 14:45:36,792 [11] INFO  Rest.Controllers.AdminsController - Received Request: 'getJobTitles'. Result: Microsoft.AspNetCore.Mvc.OkObjectResult
2021-03-27 14:46:41,473 [4] INFO  Rest.Controllers.AdminsController - Received Request: 'getJobTitles'. Result: Microsoft.AspNetCore.Mvc.OkObjectResult
2021-03-27 14:47:26,745 [11] INFO  Rest.Controllers.AdminsController - Received Request: 'validateManager/mrodrigues/123'. Result: Microsoft.AspNetCore.Mvc.OkResult
2021-03-27 14:47:28,304 [6] INFO  Rest.Controllers.AdminsController - Received Request: 'getJobTitles'. Result: Microsoft.AspNetCore.Mvc.OkObjectResult
2021-03-27 14:47:35,591 [11] INFO  Rest.Controllers.AdminsController - Received Request: 'getJobTitles'. Result: Microsoft.AspNetCore.Mvc.OkObjectResult
2021-03-27 14:47:35,733 [9] INFO  Rest.Controllers.AdminsController - Received Request: 'getJobTitles'. Result: Microsoft.AspNetCore.Mvc.OkObjectResult
2021-03-27 14:49:25,469 [16] INFO  Rest.Controllers.AdminsController - Received Request: 'validateManager/mrodrigues/123'. Result: Microsoft.AspNetCore.Mvc.OkResult
2021-03-27 14:49:31,265 [23] INFO  Rest.Controllers.AdminsController - Received Request: 'getJobTitles'. Result: Microsoft.AspNetCore.Mvc.OkObjectResult
2021-03-27 14:49:31,508 [22] INFO  Rest.Controllers.AdminsController - Received Request: 'getJobTitles'. Result: Microsoft.AspNetCore.Mvc.OkObjectResult
2021-03-27 14:50:03,916 [27] INFO  Rest.Controllers.AdminsController - Received Request: 'validateManager/mrodrigues/123'. Result: Microsoft.AspNetCore.Mvc.OkResult
2021-03-27 14:50:07,106 [22] INFO  Rest.Controllers.AdminsController - Received Request: 'getJobTitles'. Result: Microsoft.AspNetCore.Mvc.OkObjectResult
2021-03-27 14:50:31,354 [26] INFO  Rest.Controllers.AdminsController - Received Request: 'getJobTitles'. Result: Microsoft.AspNetCore.Mvc.OkObjectResult
2021-03-27 14:51:40,715 [41] INFO  Rest.Controllers.AdminsController - Received Request: 'validateManager/mrodrigues/123'. Result: Microsoft.AspNetCore.Mvc.OkResult
2021-03-27 14:51:44,087 [39] INFO  Rest.Controllers.AdminsController - Received Request: 'getJobTitles'. Result: Microsoft.AspNetCore.Mvc.OkObjectResult
2021-03-27 14:51:56,677 [45] INFO  Rest.Controllers.AdminsController - Received Request: 'getJobTitles'. Result: Microsoft.AspNetCore.Mvc.OkObjectResult
2021-03-27 14:53:44,891 [47] INFO  Rest.Controllers.AdminsController - Received Request: 'validateManager/mrodrigues/123'. Result: Microsoft.AspNetCore.Mvc.OkResult
2021-03-27 14:53:48,336 [56] INFO  Rest.Controllers.AdminsController - Received Request: 'getJobTitles'. Result: Microsoft.AspNetCore.Mvc.OkObjectResult
2021-03-27 14:53:50,704 [47] INFO  Rest.Controllers.AdminsController - Received Request: 'getJobTitles'. Result: Microsoft.AspNetCore.Mvc.OkObjectResult
2021-03-27 14:55:26,138 [63] INFO  Rest.Controllers.AdminsController - Received Request: 'validateManager/mrodrigues/123'. Result: Microsoft.AspNetCore.Mvc.OkResult
2021-03-27 14:55:29,373 [62] INFO  Rest.Controllers.AdminsController - Received Request: 'getJobTitles'. Result: Microsoft.AspNetCore.Mvc.OkObjectResult
2021-03-27 14:55:29,565 [60] INFO  Rest.Controllers.AdminsController - Received Request: 'getJobTitles'. Result: Microsoft.AspNetCore.Mvc.OkObjectResult
2021-03-27 14:56:14,471 [70] INFO  Rest.Controllers.AdminsController - Received Request: 'validateManager/mrodrigues/123'. Result: Microsoft.AspNetCore.Mvc.OkResult
2021-03-27 14:56:17,588 [66] INFO  Rest.Controllers.AdminsController - Received Request: 'getJobTitles'. Result: Microsoft.AspNetCore.Mvc.OkObjectResult
2021-03-27 14:58:08,928 [68] INFO  Rest.Controllers.AdminsController - Received Request: 'validateManager/mrodrigues/123'. Result: Microsoft.AspNetCore.Mvc.OkResult
2021-03-27 14:58:13,819 [84] INFO  Rest.Controllers.AdminsController - Received Request: 'getJobTitles'. Result: Microsoft.AspNetCore.Mvc.OkObjectResult
2021-03-27 14:58:14,071 [82] INFO  Rest.Controllers.AdminsController - Received Request: 'getJobTitles'. Result: Microsoft.AspNetCore.Mvc.OkObjectResult
2021-03-27 14:58:51,829 [92] INFO  Rest.Controllers.AdminsController - Received Request: 'validateManager/mrodrigues/123'. Result: Microsoft.AspNetCore.Mvc.OkResult
2021-03-27 14:58:54,931 [92] INFO  Rest.Controllers.AdminsController - Received Request: 'getJobTitles'. Result: Microsoft.AspNetCore.Mvc.OkObjectResult
2021-03-27 14:59:24,347 [86] INFO  Rest.Controllers.AdminsController - Received Request: 'validateManager/mrodrigues/123'. Result: Microsoft.AspNetCore.Mvc.OkResult
2021-03-27 14:59:27,619 [92] INFO  Rest.Controllers.AdminsController - Received Request: 'getJobTitles'. Result: Microsoft.AspNetCore.Mvc.OkObjectResult
2021-03-27 14:59:31,533 [98] INFO  Rest.Controllers.AdminsController - Received Request: 'getJobTitles'. Result: Microsoft.AspNetCore.Mvc.OkObjectResult
2021-03-27 15:01:10,826 [110] INFO  Rest.Controllers.AdminsController - Received Request: 'validateManager/mrodrigues/123'. Result: Microsoft.AspNetCore.Mvc.OkResult
2021-03-27 15:01:14,776 [107] INFO  Rest.Controllers.AdminsController - Received Request: 'getJobTitles'. Result: Microsoft.AspNetCore.Mvc.OkObjectResult
2021-03-27 15:01:15,032 [104] INFO  Rest.Controllers.AdminsController - Received Request: 'getJobTitles'. Result: Microsoft.AspNetCore.Mvc.OkObjectResult
2021-03-27 15:01:54,129 [111] INFO  Rest.Controllers.AdminsController - Received Request: 'validateManager/mrodrigues/123'. Result: Microsoft.AspNetCore.Mvc.OkResult
2021-03-27 15:01:57,368 [115] INFO  Rest.Controllers.AdminsController - Received Request: 'getJobTitles'. Result: Microsoft.AspNetCore.Mvc.OkObjectResult
2021-03-27 15:02:22,959 [105] INFO  Rest.Controllers.AdminsController - Received Request: 'validateManager/mrodrigues/123'. Result: Microsoft.AspNetCore.Mvc.OkResult
2021-03-27 15:02:26,427 [111] INFO  Rest.Controllers.AdminsController - Received Request: 'getJobTitles'. Result: Microsoft.AspNetCore.Mvc.OkObjectResult
2021-03-27 15:02:28,721 [116] INFO  Rest.Controllers.AdminsController - Received Request: 'getJobTitles'. Result: Microsoft.AspNetCore.Mvc.OkObjectResult
2021-03-27 15:03:07,855 [112] INFO  Rest.Controllers.AdminsController - Received Request: 'validateManager/mrodrigues/123'. Result: Microsoft.AspNetCore.Mvc.OkResult
2021-03-27 15:03:11,479 [121] INFO  Rest.Controllers.AdminsController - Received Request: 'getJobTitles'. Result: Microsoft.AspNetCore.Mvc.OkObjectResult
2021-03-27 15:06:36,637 [140] INFO  Rest.Controllers.AdminsController - Received Request: 'validateManager/mrodrigues/123'. Result: Microsoft.AspNetCore.Mvc.OkResult
2021-03-27 15:06:39,842 [135] INFO  Rest.Controllers.AdminsController - Received Request: 'getJobTitles'. Result: Microsoft.AspNetCore.Mvc.OkObjectResult
2021-03-27 15:07:07,985 [143] INFO  Rest.Controllers.AdminsController - Received Request: 'getJobTitles'. Result: Microsoft.AspNetCore.Mvc.OkObjectResult
2021-03-27 15:08:05,654 [156] INFO  Rest.Controllers.AdminsController - Received Request: 'validateManager/mrodrigues/123'. Result: Microsoft.AspNetCore.Mvc.OkResult
2021-03-27 15:08:13,855 [158] INFO  Rest.Controllers.AdminsController - Received Request: 'getJobTitles'. Result: Microsoft.AspNetCore.Mvc.OkObjectResult
2021-03-27 15:08:14,118 [156] INFO  Rest.Controllers.AdminsController - Received Request: 'getJobTitles'. Result: Microsoft.AspNetCore.Mvc.OkObjectResult
2021-03-27 15:08:39,906 [162] INFO  Rest.Controllers.AdminsController - Received Request: 'getJobTitles'. Result: Microsoft.AspNetCore.Mvc.OkObjectResult
2021-03-27 15:13:18,626 [186] INFO  Rest.Controllers.AdminsController - Received Request: 'validateManager/mrodrigues/123'. Result: Microsoft.AspNetCore.Mvc.OkResult
2021-03-27 15:13:23,575 [185] INFO  Rest.Controllers.AdminsController - Received Request: 'getJobTitles'. Result: Microsoft.AspNetCore.Mvc.OkObjectResult
2021-03-27 15:13:23,845 [188] INFO  Rest.Controllers.AdminsController - Received Request: 'getJobTitles'. Result: Microsoft.AspNetCore.Mvc.OkObjectResult
2021-03-27 15:14:03,721 [201] INFO  Rest.Controllers.AdminsController - Received Request: 'validateManager/mrodrigues/123'. Result: Microsoft.AspNetCore.Mvc.OkResult
2021-03-27 15:14:07,283 [198] INFO  Rest.Controllers.AdminsController - Received Request: 'getJobTitles'. Result: Microsoft.AspNetCore.Mvc.OkObjectResult
2021-03-27 15:14:07,542 [201] INFO  Rest.Controllers.AdminsController - Received Request: 'getJobTitles'. Result: Microsoft.AspNetCore.Mvc.OkObjectResult
2021-03-27 15:15:49,331 [204] INFO  Rest.Controllers.AdminsController - Received Request: 'validateManager/mrodrigues/123'. Result: Microsoft.AspNetCore.Mvc.OkResult
2021-03-27 15:15:53,054 [217] INFO  Rest.Controllers.AdminsController - Received Request: 'getJobTitles'. Result: Microsoft.AspNetCore.Mvc.OkObjectResult
2021-03-27 15:15:53,313 [204] INFO  Rest.Controllers.AdminsController - Received Request: 'getJobTitles'. Result: Microsoft.AspNetCore.Mvc.OkObjectResult
2021-03-27 15:19:40,503 [217] INFO  Rest.Controllers.AdminsController - Received Request: 'validateManager/mrodrigues/123'. Result: Microsoft.AspNetCore.Mvc.OkResult
2021-03-27 15:19:43,828 [221] INFO  Rest.Controllers.AdminsController - Received Request: 'getJobTitles'. Result: Microsoft.AspNetCore.Mvc.OkObjectResult
2021-03-27 15:19:44,088 [218] INFO  Rest.Controllers.AdminsController - Received Request: 'getJobTitles'. Result: Microsoft.AspNetCore.Mvc.OkObjectResult
2021-03-27 15:19:52,174 [221] INFO  Rest.Controllers.AdminsController - Received Request: 'getJobTitles'. Result: Microsoft.AspNetCore.Mvc.OkObjectResult
2021-03-27 15:19:52,196 [219] INFO  Rest.Controllers.AdminsController - Received Request: 'getJobTitles'. Result: Microsoft.AspNetCore.Mvc.OkObjectResult
2021-03-27 15:20:04,419 [221] INFO  Rest.Controllers.AdminsController - Received Request: 'getJobTitles'. Result: Microsoft.AspNetCore.Mvc.OkObjectResult
2021-03-27 15:20:04,445 [221] INFO  Rest.Controllers.AdminsController - Received Request: 'getJobTitles'. Result: Microsoft.AspNetCore.Mvc.OkObjectResult
2021-03-27 15:21:22,217 [216] INFO  Rest.Controllers.AdminsController - Received Request: 'validateManager/mrodrigues/123'. Result: Microsoft.AspNetCore.Mvc.OkResult
2021-03-27 15:21:27,243 [212] INFO  Rest.Controllers.AdminsController - Received Request: 'getJobTitles'. Result: Microsoft.AspNetCore.Mvc.OkObjectResult
2021-03-27 15:21:27,480 [216] INFO  Rest.Controllers.AdminsController - Received Request: 'getJobTitles'. Result: Microsoft.AspNetCore.Mvc.OkObjectResult
2021-03-27 15:21:29,017 [213] INFO  Rest.Controllers.AdminsController - Received Request: 'getJobTitles'. Result: Microsoft.AspNetCore.Mvc.OkObjectResult
2021-03-27 15:22:55,922 [197] INFO  Rest.Controllers.AdminsController - Received Request: 'validateManager/mrodrigues/123'. Result: Microsoft.AspNetCore.Mvc.OkResult
2021-03-27 15:22:59,048 [197] INFO  Rest.Controllers.AdminsController - Received Request: 'getJobTitles'. Result: Microsoft.AspNetCore.Mvc.OkObjectResult
2021-03-27 15:22:59,313 [197] INFO  Rest.Controllers.AdminsController - Received Request: 'getJobTitles'. Result: Microsoft.AspNetCore.Mvc.OkObjectResult
2021-03-27 15:23:00,373 [198] INFO  Rest.Controllers.AdminsController - Received Request: 'getJobTitles'. Result: Microsoft.AspNetCore.Mvc.OkObjectResult
2021-03-27 15:24:18,754 [182] INFO  Rest.Controllers.AdminsController - Received Request: 'validateManager/mrodrigues/123'. Result: Microsoft.AspNetCore.Mvc.OkResult
2021-03-27 15:24:22,313 [180] INFO  Rest.Controllers.AdminsController - Received Request: 'getJobTitles'. Result: Microsoft.AspNetCore.Mvc.OkObjectResult
2021-03-27 15:24:22,611 [183] INFO  Rest.Controllers.AdminsController - Received Request: 'getJobTitles'. Result: Microsoft.AspNetCore.Mvc.OkObjectResult
2021-03-27 15:24:24,315 [183] INFO  Rest.Controllers.AdminsController - Received Request: 'getJobTitles'. Result: Microsoft.AspNetCore.Mvc.OkObjectResult
2021-03-27 15:24:54,716 [174] INFO  Rest.Controllers.AdminsController - Received Request: 'getJobTitles'. Result: Microsoft.AspNetCore.Mvc.OkObjectResult
2021-03-27 15:24:56,550 [175] INFO  Rest.Controllers.AdminsController - Received Request: 'getJobTitles'. Result: Microsoft.AspNetCore.Mvc.OkObjectResult
2021-03-27 15:25:41,090 [171] INFO  Rest.Controllers.AdminsController - Received Request: 'validateManager/mrodrigues/123'. Result: Microsoft.AspNetCore.Mvc.OkResult
2021-03-27 15:25:45,305 [171] INFO  Rest.Controllers.AdminsController - Received Request: 'getJobTitles'. Result: Microsoft.AspNetCore.Mvc.OkObjectResult
2021-03-27 15:25:45,627 [169] INFO  Rest.Controllers.AdminsController - Received Request: 'getJobTitles'. Result: Microsoft.AspNetCore.Mvc.OkObjectResult
2021-03-27 15:26:27,445 [146] INFO  Rest.Controllers.AdminsController - Received Request: 'validateManager/mrodrigues/123'. Result: Microsoft.AspNetCore.Mvc.OkResult
2021-03-27 15:26:30,577 [160] INFO  Rest.Controllers.AdminsController - Received Request: 'getJobTitles'. Result: Microsoft.AspNetCore.Mvc.OkObjectResult
2021-03-27 15:26:30,761 [160] INFO  Rest.Controllers.AdminsController - Received Request: 'getJobTitles'. Result: Microsoft.AspNetCore.Mvc.OkObjectResult
2021-03-27 15:37:29,106 [11] INFO  Rest.Controllers.AdminsController - Received Request: 'validateManager/mrodrigues/123'. Result: Microsoft.AspNetCore.Mvc.OkResult
2021-03-27 15:37:32,777 [10] INFO  Rest.Controllers.AdminsController - Received Request: 'getJobTitles'. Result: Microsoft.AspNetCore.Mvc.OkObjectResult
2021-03-27 15:37:33,106 [9] INFO  Rest.Controllers.AdminsController - Received Request: 'getJobTitles'. Result: Microsoft.AspNetCore.Mvc.OkObjectResult
2021-03-27 15:37:39,230 [4] INFO  Rest.Controllers.AdminsController - Received Request: 'createUser/{"jobTitle":"1","FName":"Myriam","MName":"Tereza","LName":"Rodrigues","personal_id":"980916","address_no":"2","postal_code":"5543","address_street":"Street","gender":"F","email":"mrodrigues@gmail.com","DOB":"1998-09-02T00:00:00","salary_per_hour":"2.00","phone_no":"3444323","is_active":true,"is_manager":true}'. Result: Microsoft.AspNetCore.Mvc.OkResult
2021-03-27 15:38:10,430 [17] INFO  Rest.Controllers.AdminsController - Received Request: 'validateManager/mrodrigues/123'. Result: Microsoft.AspNetCore.Mvc.OkResult
2021-03-27 15:38:14,149 [17] INFO  Rest.Controllers.AdminsController - Received Request: 'getJobTitles'. Result: Microsoft.AspNetCore.Mvc.OkObjectResult
2021-03-27 15:38:14,412 [16] INFO  Rest.Controllers.AdminsController - Received Request: 'getJobTitles'. Result: Microsoft.AspNetCore.Mvc.OkObjectResult
2021-03-27 15:38:46,442 [24] INFO  Rest.Controllers.AdminsController - Received Request: 'createUser/{"jobTitle":"1","FName":"Myriam","MName":"Tereza","LName":"Rodriguez","personal_id":"980916","address_no":"2","postal_code":"5543","address_street":"Street","gender":"F","email":"mrodrigues@gmail.com","DOB":"1998-09-02T00:00:00","salary_per_hour":"10.00","phone_no":"3444323","is_active":true,"is_manager":true}'. Result: Microsoft.AspNetCore.Mvc.OkResult
2021-03-27 15:40:03,963 [43] INFO  Rest.Controllers.AdminsController - Received Request: 'validateManager/mrodrigues/123'. Result: Microsoft.AspNetCore.Mvc.OkResult
2021-03-27 15:40:07,418 [41] INFO  Rest.Controllers.AdminsController - Received Request: 'getJobTitles'. Result: Microsoft.AspNetCore.Mvc.OkObjectResult
2021-03-27 15:40:07,661 [41] INFO  Rest.Controllers.AdminsController - Received Request: 'getJobTitles'. Result: Microsoft.AspNetCore.Mvc.OkObjectResult
2021-03-27 15:40:20,352 [44] INFO  Rest.Controllers.AdminsController - Received Request: 'createUser/{"jobTitle":"1","FName":"Myriam","MName":"Tereza","LName":"Rodrigues","personal_id":"980916","address_no":"2","postal_code":"5543","address_street":"Street","gender":"F","email":"mrodrigues@gmail.com","DOB":"1998-09-02T00:00:00","salary_per_hour":"10.00","phone_no":"3444323","is_active":true,"is_manager":true}'. Result: Microsoft.AspNetCore.Mvc.OkResult
2021-03-27 15:52:45,549 [12] INFO  Rest.Controllers.AdminsController - Received Request: 'validateManager/mrodrigues/123'. Result: Microsoft.AspNetCore.Mvc.OkResult
2021-03-27 15:52:55,930 [11] ERROR Rest.Controllers.AdminsController - Received Request: 'createPOSAccount/2/1'. Error: Incorrect syntax near '/'.
2021-03-27 15:53:43,622 [15] INFO  Rest.Controllers.AdminsController - Received Request: 'validateManager/mrodrigues/123'. Result: Microsoft.AspNetCore.Mvc.OkResult
2021-03-27 15:53:50,121 [12] ERROR Rest.Controllers.AdminsController - Received Request: 'createPOSAccount/2/6'. Error: Incorrect syntax near '/'.
2021-03-27 15:53:55,525 [16] ERROR Rest.Controllers.AdminsController - Received Request: 'createPOSAccount/980916/6'. Error: Incorrect syntax near '/'.
2021-03-27 15:53:57,409 [4] ERROR Rest.Controllers.AdminsController - Received Request: 'createPOSAccount/980916/6'. Error: Incorrect syntax near '/'.
2021-03-27 15:54:16,185 [15] ERROR Rest.Controllers.AdminsController - Received Request: 'createPOSAccount/432343/9999'. Error: Incorrect syntax near '/'.
2021-03-27 15:55:13,470 [11] ERROR Rest.Controllers.AdminsController - Received Request: 'createPOSAccount/1/9999'. Error: Cannot insert the value NULL into column 'ID', table 'POS.dbo.ACCOUNT'; column does not allow nulls. INSERT fails.
The statement has been terminated.
2021-03-27 15:55:23,228 [4] INFO  Rest.Controllers.AdminsController - Received Request: 'createPOSAccount/980916/9999'. Result: Microsoft.AspNetCore.Mvc.OkResult
2021-03-27 15:56:34,226 [16] ERROR Rest.Controllers.AdminsController - Received Request: 'createPOSAccount/980916/9999'. Error: Violation of UNIQUE KEY constraint 'UQ__ACCOUNT__3214EC2628FE1B3E'. Cannot insert duplicate key in object 'dbo.ACCOUNT'. The duplicate key value is (1).
The statement has been terminated.
2021-03-27 15:56:50,822 [19] ERROR Rest.Controllers.AdminsController - Received Request: 'createPOSAccount/33/123'. Error: Cannot insert the value NULL into column 'ID', table 'POS.dbo.ACCOUNT'; column does not allow nulls. INSERT fails.
The statement has been terminated.
2021-03-27 15:56:57,834 [19] ERROR Rest.Controllers.AdminsController - Received Request: 'createPOSAccount/432343/123'. Error: Violation of UNIQUE KEY constraint 'unique_password'. Cannot insert duplicate key in object 'dbo.ACCOUNT'. The duplicate key value is (123).
The statement has been terminated.
2021-03-27 15:56:59,623 [19] ERROR Rest.Controllers.AdminsController - Received Request: 'createPOSAccount/432343/123'. Error: Violation of UNIQUE KEY constraint 'unique_password'. Cannot insert duplicate key in object 'dbo.ACCOUNT'. The duplicate key value is (123).
The statement has been terminated.
2021-03-27 15:57:05,894 [20] INFO  Rest.Controllers.AdminsController - Received Request: 'createPOSAccount/432343/9999'. Result: Microsoft.AspNetCore.Mvc.OkResult
2021-03-27 15:57:29,789 [28] INFO  Rest.Controllers.UsersController - Received Request: 'checkPassword/9999'. Result: Microsoft.AspNetCore.Mvc.OkResult
2021-03-27 15:57:29,850 [28] INFO  Rest.Controllers.UsersController - Received Request: 'getUserName/9999'. Result: Microsoft.AspNetCore.Mvc.OkObjectResult
2021-03-27 15:57:29,878 [27] INFO  Rest.Controllers.UsersController - Received Request: 'getUserId/9999'. Result: Microsoft.AspNetCore.Mvc.OkObjectResult
2021-03-27 15:57:29,949 [23] INFO  Rest.Controllers.ItemsController - Received Request: 'getItemTypes'. Result: Microsoft.AspNetCore.Mvc.OkObjectResult
2021-03-27 15:57:30,260 [26] INFO  Rest.Controllers.ItemsController - Received Request: 'getCategories'. Result: Microsoft.AspNetCore.Mvc.OkObjectResult
2021-03-27 15:57:33,946 [23] INFO  Rest.Controllers.ItemsController - Received Request: 'getItemTypes'. Result: Microsoft.AspNetCore.Mvc.OkObjectResult
2021-03-27 15:57:33,972 [23] INFO  Rest.Controllers.ItemsController - Received Request: 'getItems/3'. Result: Microsoft.AspNetCore.Mvc.OkObjectResult
2021-03-27 15:57:38,608 [27] INFO  Rest.Controllers.OrdersController - Received Request: 'createOrder/2/CASH'. Result: Microsoft.AspNetCore.Mvc.OkObjectResult
2021-03-27 15:57:38,638 [27] INFO  Rest.Controllers.OrdersController - Received Request: 'insertItemInOrder/116/10/2'. Result: Microsoft.AspNetCore.Mvc.OkResult
2021-03-27 15:57:38,654 [23] INFO  Rest.Controllers.OrdersController - Received Request: 'insertItemInOrder/116/11/1'. Result: Microsoft.AspNetCore.Mvc.OkResult
2021-03-27 15:58:19,192 [37] INFO  Rest.Controllers.AdminsController - Received Request: 'createPOSAccount/12431/4561'. Result: Microsoft.AspNetCore.Mvc.OkResult
2021-03-27 15:58:34,533 [37] INFO  Rest.Controllers.UsersController - Received Request: 'checkPassword/4561'. Result: Microsoft.AspNetCore.Mvc.OkResult
2021-03-27 15:58:34,700 [36] INFO  Rest.Controllers.UsersController - Received Request: 'getUserName/4561'. Result: Microsoft.AspNetCore.Mvc.OkObjectResult
2021-03-27 15:58:34,721 [36] INFO  Rest.Controllers.UsersController - Received Request: 'getUserId/4561'. Result: Microsoft.AspNetCore.Mvc.OkObjectResult
2021-03-27 15:58:34,763 [35] INFO  Rest.Controllers.ItemsController - Received Request: 'getItemTypes'. Result: Microsoft.AspNetCore.Mvc.OkObjectResult
2021-03-27 15:58:34,980 [35] INFO  Rest.Controllers.ItemsController - Received Request: 'getCategories'. Result: Microsoft.AspNetCore.Mvc.OkObjectResult
