2021-03-24 10:35:09,049 [4] INFO  SPOS.Requests.Requests - Request sent: http://localhost:5000/checkPassword/123 .Result: Success
2021-03-24 10:35:09,088 [4] INFO  SPOS.Requests.Requests - Request sent: http://localhost:5000/getUserName/123 .Result: Success
2021-03-24 10:35:09,103 [4] INFO  SPOS.Requests.Requests - Request sent: http://localhost:5000/getUserId/123 .Result: Success
2021-03-24 10:35:09,135 [5] INFO  SPOS.Requests.Requests - Request sent: http://localhost:5000/getItemTypes .Result: Success
2021-03-24 10:35:09,335 [5] INFO  SPOS.Requests.Requests - Request sent: http://localhost:5000/getCategories .Result: Success
2021-03-24 10:35:10,209 [12] INFO  SPOS.Requests.Requests - Request sent: http://localhost:5000/getAllTodaysOrders . Result: Success
2021-03-24 10:35:48,700 [10] INFO  SPOS.Requests.Requests - Request sent: http://localhost:5000/getItemTypes .Result: Success
2021-03-24 10:35:48,709 [10] INFO  SPOS.Requests.Requests - Request sent: http://localhost:5000/getCategories .Result: Success
2021-03-24 10:35:53,608 [4] INFO  SPOS.Requests.Requests - Request sent: http://localhost:5000/getItemTypes .Result: Success
2021-03-24 10:35:53,628 [4] INFO  SPOS.Requests.Requests - Request sent: http://localhost:5000/getItems/2 .Result: Success
2021-03-24 10:39:28,458 [4] INFO  SPOS.Requests.Requests - Request sent: http://localhost:5000/checkPassword/123 .Result: Success
2021-03-24 10:39:28,506 [4] INFO  SPOS.Requests.Requests - Request sent: http://localhost:5000/getUserName/123 .Result: Success
2021-03-24 10:39:28,518 [4] INFO  SPOS.Requests.Requests - Request sent: http://localhost:5000/getUserId/123 .Result: Success
2021-03-24 10:39:28,552 [4] INFO  SPOS.Requests.Requests - Request sent: http://localhost:5000/getItemTypes .Result: Success
2021-03-24 10:39:28,745 [4] INFO  SPOS.Requests.Requests - Request sent: http://localhost:5000/getCategories .Result: Success
2021-03-24 10:39:29,405 [4] INFO  SPOS.Requests.Requests - Request sent: http://localhost:5000/getAllTodaysOrders . Result: Success
2021-03-24 10:39:30,535 [8] INFO  SPOS.Requests.Requests - Request sent: http://localhost:5000/getItemTypes .Result: Success
2021-03-24 10:39:30,545 [8] INFO  SPOS.Requests.Requests - Request sent: http://localhost:5000/getCategories .Result: Success
2021-03-24 10:39:32,043 [14] INFO  SPOS.Requests.Requests - Request sent: http://localhost:5000/getItemTypes .Result: Success
2021-03-24 10:39:32,052 [14] INFO  SPOS.Requests.Requests - Request sent: http://localhost:5000/getItems/1 .Result: Success
2021-03-24 10:39:53,779 [18] INFO  SPOS.Requests.Requests - Request sent: http://localhost:5000/checkPassword/123 .Result: Success
2021-03-24 10:39:53,817 [18] INFO  SPOS.Requests.Requests - Request sent: http://localhost:5000/getUserName/123 .Result: Success
2021-03-24 10:39:53,831 [18] INFO  SPOS.Requests.Requests - Request sent: http://localhost:5000/getUserId/123 .Result: Success
2021-03-24 10:39:53,867 [10] INFO  SPOS.Requests.Requests - Request sent: http://localhost:5000/getItemTypes .Result: Success
2021-03-24 10:39:54,038 [10] INFO  SPOS.Requests.Requests - Request sent: http://localhost:5000/getCategories .Result: Success
2021-03-24 10:39:55,922 [9] INFO  SPOS.Requests.Requests - Request sent: http://localhost:5000/getItemTypes .Result: Success
2021-03-24 10:39:55,932 [9] INFO  SPOS.Requests.Requests - Request sent: http://localhost:5000/getItems/1 .Result: Success
2021-03-24 10:41:29,216 [4] INFO  SPOS.Requests.Requests - Request sent: http://localhost:5000/checkPassword/123 .Result: Success
2021-03-24 10:41:29,252 [4] INFO  SPOS.Requests.Requests - Request sent: http://localhost:5000/getUserName/123 .Result: Success
2021-03-24 10:41:29,265 [4] INFO  SPOS.Requests.Requests - Request sent: http://localhost:5000/getUserId/123 .Result: Success
2021-03-24 10:41:29,306 [16] INFO  SPOS.Requests.Requests - Request sent: http://localhost:5000/getItemTypes .Result: Success
2021-03-24 10:41:29,490 [16] INFO  SPOS.Requests.Requests - Request sent: http://localhost:5000/getCategories .Result: Success
2021-03-24 10:41:31,648 [8] INFO  SPOS.Requests.Requests - Request sent: http://localhost:5000/getItemTypes .Result: Success
2021-03-24 10:41:31,658 [8] INFO  SPOS.Requests.Requests - Request sent: http://localhost:5000/getItems/1 .Result: Success
2021-03-24 10:42:24,593 [4] INFO  SPOS.Requests.Requests - Request sent: http://localhost:5000/checkPassword/123 .Result: Success
2021-03-24 10:42:24,663 [4] INFO  SPOS.Requests.Requests - Request sent: http://localhost:5000/getUserName/123 .Result: Success
2021-03-24 10:42:24,699 [4] INFO  SPOS.Requests.Requests - Request sent: http://localhost:5000/getUserId/123 .Result: Success
2021-03-24 10:42:24,777 [18] INFO  SPOS.Requests.Requests - Request sent: http://localhost:5000/getItemTypes .Result: Success
2021-03-24 10:42:25,013 [18] INFO  SPOS.Requests.Requests - Request sent: http://localhost:5000/getCategories .Result: Success
2021-03-24 10:42:31,202 [9] INFO  SPOS.Requests.Requests - Request sent: http://localhost:5000/getItemTypes .Result: Success
2021-03-24 10:42:31,224 [9] INFO  SPOS.Requests.Requests - Request sent: http://localhost:5000/getItems/3 .Result: Success
2021-03-24 10:42:51,510 [4] INFO  SPOS.Requests.Requests - Request sent: http://localhost:5000/checkPassword/123 .Result: Success
2021-03-24 10:42:51,556 [4] INFO  SPOS.Requests.Requests - Request sent: http://localhost:5000/getUserName/123 .Result: Success
2021-03-24 10:42:51,571 [4] INFO  SPOS.Requests.Requests - Request sent: http://localhost:5000/getUserId/123 .Result: Success
2021-03-24 10:42:51,606 [12] INFO  SPOS.Requests.Requests - Request sent: http://localhost:5000/getItemTypes .Result: Success
2021-03-24 10:42:51,780 [12] INFO  SPOS.Requests.Requests - Request sent: http://localhost:5000/getCategories .Result: Success
2021-03-24 10:42:53,315 [9] INFO  SPOS.Requests.Requests - Request sent: http://localhost:5000/getItemTypes .Result: Success
2021-03-24 10:42:53,327 [9] INFO  SPOS.Requests.Requests - Request sent: http://localhost:5000/getItems/3 .Result: Success
2021-03-24 10:45:54,229 [8] INFO  SPOS.Requests.Requests - Request sent: http://localhost:5000/checkPassword/123 .Result: Success
2021-03-24 10:45:54,269 [8] INFO  SPOS.Requests.Requests - Request sent: http://localhost:5000/getUserName/123 .Result: Success
2021-03-24 10:45:54,281 [8] INFO  SPOS.Requests.Requests - Request sent: http://localhost:5000/getUserId/123 .Result: Success
2021-03-24 10:45:54,317 [9] INFO  SPOS.Requests.Requests - Request sent: http://localhost:5000/getItemTypes .Result: Success
2021-03-24 10:45:54,505 [9] INFO  SPOS.Requests.Requests - Request sent: http://localhost:5000/getCategories .Result: Success
2021-03-24 10:45:55,713 [17] INFO  SPOS.Requests.Requests - Request sent: http://localhost:5000/getItemTypes .Result: Success
2021-03-24 10:45:55,735 [17] INFO  SPOS.Requests.Requests - Request sent: http://localhost:5000/getItems/1 .Result: Success
2021-03-24 10:46:00,156 [16] INFO  SPOS.Requests.Requests - Request sent: http://localhost:5000/createOrder/1/CASH/0 . Result: Success
2021-03-24 10:46:00,172 [16] INFO  SPOS.Requests.Requests - Request sent: http://localhost:5000/insertItemInOrder/30/1/1 . Result: Success
2021-03-24 10:46:00,183 [16] INFO  SPOS.Requests.Requests - Request sent: http://localhost:5000/insertItemInOrder/30/2/1 . Result: Success
2021-03-24 10:46:00,200 [16] INFO  SPOS.Requests.Requests - Request sent: http://localhost:5000/insertItemInOrder/30/3/1 . Result: Success
2021-03-24 10:46:42,216 [20] INFO  SPOS.Requests.Requests - Request sent: http://localhost:5000/checkPassword/123 .Result: Success
2021-03-24 10:46:42,239 [20] INFO  SPOS.Requests.Requests - Request sent: http://localhost:5000/getUserName/123 .Result: Success
2021-03-24 10:46:42,253 [20] INFO  SPOS.Requests.Requests - Request sent: http://localhost:5000/getUserId/123 .Result: Success
2021-03-24 10:46:42,271 [19] INFO  SPOS.Requests.Requests - Request sent: http://localhost:5000/getItemTypes .Result: Success
2021-03-24 10:46:42,283 [19] INFO  SPOS.Requests.Requests - Request sent: http://localhost:5000/getCategories .Result: Success
2021-03-24 10:46:43,298 [19] INFO  SPOS.Requests.Requests - Request sent: http://localhost:5000/getAllTodaysOrders . Result: Success
2021-03-24 10:46:44,388 [8] INFO  SPOS.Requests.Requests - Request sent: http://localhost:5000/getOrderById/30 . Result: Success
2021-03-24 10:46:44,416 [8] INFO  SPOS.Requests.Requests - Request sent: http://localhost:5000/getAllTodaysOrders . Result: Success
2021-03-24 10:46:45,631 [8] INFO  SPOS.Requests.Requests - Request sent: http://localhost:5000/getItemTypes .Result: Success
2021-03-24 10:46:45,642 [8] INFO  SPOS.Requests.Requests - Request sent: http://localhost:5000/getCategories .Result: Success
2021-03-24 10:50:35,461 [8] INFO  SPOS.Requests.Requests - Request sent: http://localhost:5000/checkPassword/123 .Result: Success
2021-03-24 10:50:35,508 [8] INFO  SPOS.Requests.Requests - Request sent: http://localhost:5000/getUserName/123 .Result: Success
2021-03-24 10:50:35,528 [8] INFO  SPOS.Requests.Requests - Request sent: http://localhost:5000/getUserId/123 .Result: Success
2021-03-24 10:50:35,564 [4] INFO  SPOS.Requests.Requests - Request sent: http://localhost:5000/getItemTypes .Result: Success
2021-03-24 10:50:35,732 [4] INFO  SPOS.Requests.Requests - Request sent: http://localhost:5000/getCategories .Result: Success
2021-03-24 10:50:38,386 [4] INFO  SPOS.Requests.Requests - Request sent: http://localhost:5000/getItemTypes .Result: Success
2021-03-24 10:50:38,401 [4] INFO  SPOS.Requests.Requests - Request sent: http://localhost:5000/getItems/3 .Result: Success
2021-03-24 10:50:49,772 [9] INFO  SPOS.Requests.Requests - Request sent: http://localhost:5000/createOrder/1/CASH/0 . Result: Success
2021-03-24 10:50:49,803 [9] INFO  SPOS.Requests.Requests - Request sent: http://localhost:5000/insertItemInOrder/31/10/1 . Result: Success
2021-03-24 10:50:49,813 [9] INFO  SPOS.Requests.Requests - Request sent: http://localhost:5000/insertItemInOrder/31/11/1 . Result: Success
2021-03-24 10:51:04,411 [8] INFO  SPOS.Requests.Requests - Request sent: http://localhost:5000/getItemTypes .Result: Success
2021-03-24 10:51:04,428 [8] INFO  SPOS.Requests.Requests - Request sent: http://localhost:5000/getCategories .Result: Success
2021-03-24 10:51:06,049 [16] INFO  SPOS.Requests.Requests - Request sent: http://localhost:5000/getItemTypes .Result: Success
2021-03-24 10:51:06,067 [16] INFO  SPOS.Requests.Requests - Request sent: http://localhost:5000/getCategories .Result: Success
2021-03-24 10:51:20,225 [12] INFO  SPOS.Requests.Requests - Request sent: http://localhost:5000/checkPassword/123 .Result: Success
2021-03-24 10:51:20,271 [12] INFO  SPOS.Requests.Requests - Request sent: http://localhost:5000/getUserName/123 .Result: Success
2021-03-24 10:51:20,286 [12] INFO  SPOS.Requests.Requests - Request sent: http://localhost:5000/getUserId/123 .Result: Success
2021-03-24 10:51:20,326 [12] INFO  SPOS.Requests.Requests - Request sent: http://localhost:5000/getItemTypes .Result: Success
2021-03-24 10:51:20,506 [12] INFO  SPOS.Requests.Requests - Request sent: http://localhost:5000/getCategories .Result: Success
2021-03-24 10:51:21,334 [4] INFO  SPOS.Requests.Requests - Request sent: http://localhost:5000/getItemTypes .Result: Success
2021-03-24 10:51:21,346 [4] INFO  SPOS.Requests.Requests - Request sent: http://localhost:5000/getItems/2 .Result: Success
2021-03-24 10:51:25,450 [10] INFO  SPOS.Requests.Requests - Request sent: http://localhost:5000/createOrder/1/CASH/0 . Result: Success
2021-03-24 10:51:25,461 [10] INFO  SPOS.Requests.Requests - Request sent: http://localhost:5000/insertItemInOrder/32/6/1 . Result: Success
2021-03-24 10:51:25,476 [10] INFO  SPOS.Requests.Requests - Request sent: http://localhost:5000/insertItemInOrder/32/7/1 . Result: Success
2021-03-24 10:51:37,487 [10] INFO  SPOS.Requests.Requests - Request sent: http://localhost:5000/checkPassword/123 .Result: Success
2021-03-24 10:51:37,501 [10] INFO  SPOS.Requests.Requests - Request sent: http://localhost:5000/getUserName/123 .Result: Success
2021-03-24 10:51:37,514 [10] INFO  SPOS.Requests.Requests - Request sent: http://localhost:5000/getUserId/123 .Result: Success
2021-03-24 10:51:37,533 [21] INFO  SPOS.Requests.Requests - Request sent: http://localhost:5000/getItemTypes .Result: Success
2021-03-24 10:51:37,546 [21] INFO  SPOS.Requests.Requests - Request sent: http://localhost:5000/getCategories .Result: Success
2021-03-24 10:51:38,455 [12] INFO  SPOS.Requests.Requests - Request sent: http://localhost:5000/getItemTypes .Result: Success
2021-03-24 10:51:38,465 [12] INFO  SPOS.Requests.Requests - Request sent: http://localhost:5000/getItems/1 .Result: Success
2021-03-24 10:51:42,228 [9] INFO  SPOS.Requests.Requests - Request sent: http://localhost:5000/createOrder/1/CASH/0 . Result: Success
2021-03-24 10:51:42,244 [9] INFO  SPOS.Requests.Requests - Request sent: http://localhost:5000/insertItemInOrder/33/1/1 . Result: Success
2021-03-24 10:51:47,679 [12] INFO  SPOS.Requests.Requests - Request sent: http://localhost:5000/getItemTypes .Result: Success
2021-03-24 10:51:47,697 [12] INFO  SPOS.Requests.Requests - Request sent: http://localhost:5000/getCategories .Result: Success
2021-03-24 10:51:49,049 [4] INFO  SPOS.Requests.Requests - Request sent: http://localhost:5000/getItemTypes .Result: Success
2021-03-24 10:51:49,065 [4] INFO  SPOS.Requests.Requests - Request sent: http://localhost:5000/getCategories .Result: Success
2021-03-24 10:54:17,896 [8] INFO  SPOS.Requests.Requests - Request sent: http://localhost:5000/checkPassword/123 .Result: Success
2021-03-24 10:54:17,939 [8] INFO  SPOS.Requests.Requests - Request sent: http://localhost:5000/getUserName/123 .Result: Success
2021-03-24 10:54:17,952 [8] INFO  SPOS.Requests.Requests - Request sent: http://localhost:5000/getUserId/123 .Result: Success
2021-03-24 10:54:17,986 [8] INFO  SPOS.Requests.Requests - Request sent: http://localhost:5000/getItemTypes .Result: Success
2021-03-24 10:54:18,169 [8] INFO  SPOS.Requests.Requests - Request sent: http://localhost:5000/getCategories .Result: Success
2021-03-24 10:54:19,981 [4] INFO  SPOS.Requests.Requests - Request sent: http://localhost:5000/getItemTypes .Result: Success
2021-03-24 10:54:19,992 [4] INFO  SPOS.Requests.Requests - Request sent: http://localhost:5000/getItems/3 .Result: Success
2021-03-24 10:54:24,382 [15] INFO  SPOS.Requests.Requests - Request sent: http://localhost:5000/createOrder/1/CASH/0 . Result: Success
2021-03-24 10:54:24,393 [15] INFO  SPOS.Requests.Requests - Request sent: http://localhost:5000/insertItemInOrder/34/10/1 . Result: Success
2021-03-24 10:54:24,404 [15] INFO  SPOS.Requests.Requests - Request sent: http://localhost:5000/insertItemInOrder/34/11/1 . Result: Success
2021-03-24 10:54:31,770 [17] INFO  SPOS.Requests.Requests - Request sent: http://localhost:5000/checkPassword/123 .Result: Success
2021-03-24 10:54:31,781 [17] INFO  SPOS.Requests.Requests - Request sent: http://localhost:5000/getUserName/123 .Result: Success
2021-03-24 10:54:31,793 [17] INFO  SPOS.Requests.Requests - Request sent: http://localhost:5000/getUserId/123 .Result: Success
2021-03-24 10:54:31,811 [4] INFO  SPOS.Requests.Requests - Request sent: http://localhost:5000/getItemTypes .Result: Success
2021-03-24 10:54:31,820 [4] INFO  SPOS.Requests.Requests - Request sent: http://localhost:5000/getCategories .Result: Success
2021-03-24 10:54:32,539 [14] INFO  SPOS.Requests.Requests - Request sent: http://localhost:5000/getItemTypes .Result: Success
2021-03-24 10:54:32,551 [14] INFO  SPOS.Requests.Requests - Request sent: http://localhost:5000/getItems/3 .Result: Success
2021-03-24 10:54:40,087 [4] INFO  SPOS.Requests.Requests - Request sent: http://localhost:5000/createOrder/1/CASH/0 . Result: Success
2021-03-24 10:54:40,177 [4] INFO  SPOS.Requests.Requests - Request sent: http://localhost:5000/insertItemInOrder/35/10/1 . Result: Success
2021-03-24 10:54:40,197 [4] INFO  SPOS.Requests.Requests - Request sent: http://localhost:5000/insertItemInOrder/35/11/1 . Result: Success
2021-03-24 10:56:39,124 [12] INFO  SPOS.Requests.Requests - Request sent: http://localhost:5000/checkPassword/123 .Result: Success
2021-03-24 10:56:39,161 [12] INFO  SPOS.Requests.Requests - Request sent: http://localhost:5000/getUserName/123 .Result: Success
2021-03-24 10:56:39,179 [12] INFO  SPOS.Requests.Requests - Request sent: http://localhost:5000/getUserId/123 .Result: Success
2021-03-24 10:56:39,217 [9] INFO  SPOS.Requests.Requests - Request sent: http://localhost:5000/getItemTypes .Result: Success
2021-03-24 10:56:39,396 [9] INFO  SPOS.Requests.Requests - Request sent: http://localhost:5000/getCategories .Result: Success
2021-03-24 10:56:39,868 [13] INFO  SPOS.Requests.Requests - Request sent: http://localhost:5000/getItemTypes .Result: Success
2021-03-24 10:56:39,880 [13] INFO  SPOS.Requests.Requests - Request sent: http://localhost:5000/getCategories .Result: Success
2021-03-24 10:56:40,080 [15] INFO  SPOS.Requests.Requests - Request sent: http://localhost:5000/getItemTypes .Result: Success
2021-03-24 10:56:40,088 [15] INFO  SPOS.Requests.Requests - Request sent: http://localhost:5000/getCategories .Result: Success
2021-03-24 10:56:41,442 [4] INFO  SPOS.Requests.Requests - Request sent: http://localhost:5000/getItemTypes .Result: Success
2021-03-24 10:56:41,453 [4] INFO  SPOS.Requests.Requests - Request sent: http://localhost:5000/getItems/3 .Result: Success
2021-03-24 10:56:46,614 [18] INFO  SPOS.Requests.Requests - Request sent: http://localhost:5000/createOrder/1/CASH/0 . Result: Success
2021-03-24 10:56:46,625 [18] INFO  SPOS.Requests.Requests - Request sent: http://localhost:5000/insertItemInOrder/36/10/1 . Result: Success
2021-03-24 10:56:46,638 [18] INFO  SPOS.Requests.Requests - Request sent: http://localhost:5000/insertItemInOrder/36/11/1 . Result: Success
2021-03-24 10:57:13,377 [17] INFO  SPOS.Requests.Requests - Request sent: http://localhost:5000/checkPassword/123 .Result: Success
2021-03-24 10:57:13,397 [17] INFO  SPOS.Requests.Requests - Request sent: http://localhost:5000/getUserName/123 .Result: Success
2021-03-24 10:57:13,410 [17] INFO  SPOS.Requests.Requests - Request sent: http://localhost:5000/getUserId/123 .Result: Success
2021-03-24 10:57:13,428 [13] INFO  SPOS.Requests.Requests - Request sent: http://localhost:5000/getItemTypes .Result: Success
2021-03-24 10:57:13,441 [13] INFO  SPOS.Requests.Requests - Request sent: http://localhost:5000/getCategories .Result: Success
2021-03-24 10:57:14,150 [19] INFO  SPOS.Requests.Requests - Request sent: http://localhost:5000/getItemTypes .Result: Success
2021-03-24 10:57:14,160 [19] INFO  SPOS.Requests.Requests - Request sent: http://localhost:5000/getItems/1 .Result: Success
2021-03-24 10:57:19,043 [9] INFO  SPOS.Requests.Requests - Request sent: http://localhost:5000/createOrder/1/CASH/0 . Result: Success
2021-03-24 10:57:19,056 [9] INFO  SPOS.Requests.Requests - Request sent: http://localhost:5000/insertItemInOrder/37/1/1 . Result: Success
2021-03-24 11:11:09,266 [4] INFO  SPOS.Requests.Requests - Request sent: http://localhost:5000/checkPassword/123 .Result: Success
2021-03-24 11:11:09,304 [4] INFO  SPOS.Requests.Requests - Request sent: http://localhost:5000/getUserName/123 .Result: Success
2021-03-24 11:11:09,321 [4] INFO  SPOS.Requests.Requests - Request sent: http://localhost:5000/getUserId/123 .Result: Success
2021-03-24 11:11:09,360 [17] INFO  SPOS.Requests.Requests - Request sent: http://localhost:5000/getItemTypes .Result: Success
2021-03-24 11:11:09,521 [17] INFO  SPOS.Requests.Requests - Request sent: http://localhost:5000/getCategories .Result: Success
2021-03-24 11:11:13,152 [9] INFO  SPOS.Requests.Requests - Request sent: http://localhost:5000/getAllTodaysOrders . Result: Success
2021-03-24 11:11:14,714 [9] INFO  SPOS.Requests.Requests - Request sent: http://localhost:5000/getOrderById/35 . Result: Success
2021-03-24 11:11:14,742 [9] INFO  SPOS.Requests.Requests - Request sent: http://localhost:5000/getAllTodaysOrders . Result: Success
2021-03-24 11:11:16,223 [15] INFO  SPOS.Requests.Requests - Request sent: http://localhost:5000/getItemTypes .Result: Success
2021-03-24 11:11:16,234 [15] INFO  SPOS.Requests.Requests - Request sent: http://localhost:5000/getCategories .Result: Success
2021-03-24 11:11:17,789 [20] INFO  SPOS.Requests.Requests - Request sent: http://localhost:5000/getItemTypes .Result: Success
2021-03-24 11:11:17,805 [20] INFO  SPOS.Requests.Requests - Request sent: http://localhost:5000/getItems/1 .Result: Success
2021-03-24 11:11:25,479 [9] INFO  SPOS.Requests.Requests - Request sent: http://localhost:5000/getItemTypes .Result: Success
2021-03-24 11:11:25,490 [9] INFO  SPOS.Requests.Requests - Request sent: http://localhost:5000/getCategories .Result: Success
2021-03-24 11:15:24,361 [15] INFO  SPOS.Requests.Requests - Request sent: http://localhost:5000/checkPassword/123 .Result: Success
2021-03-24 11:15:24,411 [15] INFO  SPOS.Requests.Requests - Request sent: http://localhost:5000/getUserName/123 .Result: Success
2021-03-24 11:15:24,426 [15] INFO  SPOS.Requests.Requests - Request sent: http://localhost:5000/getUserId/123 .Result: Success
2021-03-24 11:15:24,474 [15] INFO  SPOS.Requests.Requests - Request sent: http://localhost:5000/getItemTypes .Result: Success
2021-03-24 11:15:24,651 [15] INFO  SPOS.Requests.Requests - Request sent: http://localhost:5000/getCategories .Result: Success
2021-03-24 11:15:25,692 [6] INFO  SPOS.Requests.Requests - Request sent: http://localhost:5000/getAllTodaysOrders . Result: Success
2021-03-24 11:15:26,404 [14] INFO  SPOS.Requests.Requests - Request sent: http://localhost:5000/getOrderById/31 . Result: Success
2021-03-24 11:15:26,435 [14] INFO  SPOS.Requests.Requests - Request sent: http://localhost:5000/getAllTodaysOrders . Result: Success
2021-03-24 11:15:27,260 [13] INFO  SPOS.Requests.Requests - Request sent: http://localhost:5000/getItemTypes .Result: Success
2021-03-24 11:15:27,274 [13] INFO  SPOS.Requests.Requests - Request sent: http://localhost:5000/getCategories .Result: Success
2021-03-24 11:15:34,477 [6] INFO  SPOS.Requests.Requests - Request sent: http://localhost:5000/getItemTypes .Result: Success
2021-03-24 11:15:34,491 [6] INFO  SPOS.Requests.Requests - Request sent: http://localhost:5000/getCategories .Result: Success
2021-03-24 11:15:36,833 [18] INFO  SPOS.Requests.Requests - Request sent: http://localhost:5000/getItemTypes .Result: Success
2021-03-24 11:15:36,844 [18] INFO  SPOS.Requests.Requests - Request sent: http://localhost:5000/getCategories .Result: Success
2021-03-24 11:15:42,771 [9] INFO  SPOS.Requests.Requests - Request sent: http://localhost:5000/getItemTypes .Result: Success
2021-03-24 11:15:42,786 [9] INFO  SPOS.Requests.Requests - Request sent: http://localhost:5000/getCategories .Result: Success
2021-03-24 11:16:44,810 [10] INFO  SPOS.Requests.Requests - Request sent: http://localhost:5000/checkPassword/123 .Result: Success
2021-03-24 11:16:44,849 [10] INFO  SPOS.Requests.Requests - Request sent: http://localhost:5000/getUserName/123 .Result: Success
2021-03-24 11:16:44,867 [10] INFO  SPOS.Requests.Requests - Request sent: http://localhost:5000/getUserId/123 .Result: Success
2021-03-24 11:16:44,918 [12] INFO  SPOS.Requests.Requests - Request sent: http://localhost:5000/getItemTypes .Result: Success
2021-03-24 11:16:45,103 [12] INFO  SPOS.Requests.Requests - Request sent: http://localhost:5000/getCategories .Result: Success
2021-03-24 11:16:46,462 [13] INFO  SPOS.Requests.Requests - Request sent: http://localhost:5000/getAllTodaysOrders . Result: Success
2021-03-24 11:16:47,611 [4] INFO  SPOS.Requests.Requests - Request sent: http://localhost:5000/getOrderById/31 . Result: Success
2021-03-24 11:16:47,649 [4] INFO  SPOS.Requests.Requests - Request sent: http://localhost:5000/getAllTodaysOrders . Result: Success
2021-03-24 11:16:48,411 [10] INFO  SPOS.Requests.Requests - Request sent: http://localhost:5000/getItemTypes .Result: Success
2021-03-24 11:16:48,422 [10] INFO  SPOS.Requests.Requests - Request sent: http://localhost:5000/getCategories .Result: Success
2021-03-24 11:16:52,734 [4] INFO  SPOS.Requests.Requests - Request sent: http://localhost:5000/getItemTypes .Result: Success
2021-03-24 11:16:52,750 [4] INFO  SPOS.Requests.Requests - Request sent: http://localhost:5000/getItems/3 .Result: Success
2021-03-24 11:18:30,468 [8] INFO  SPOS.Requests.Requests - Request sent: http://localhost:5000/checkPassword/123 .Result: Success
2021-03-24 11:18:30,508 [8] INFO  SPOS.Requests.Requests - Request sent: http://localhost:5000/getUserName/123 .Result: Success
2021-03-24 11:18:30,529 [8] INFO  SPOS.Requests.Requests - Request sent: http://localhost:5000/getUserId/123 .Result: Success
2021-03-24 11:18:30,567 [10] INFO  SPOS.Requests.Requests - Request sent: http://localhost:5000/getItemTypes .Result: Success
2021-03-24 11:18:30,741 [10] INFO  SPOS.Requests.Requests - Request sent: http://localhost:5000/getCategories .Result: Success
2021-03-24 11:18:32,027 [4] INFO  SPOS.Requests.Requests - Request sent: http://localhost:5000/getItemTypes .Result: Success
2021-03-24 11:18:32,039 [4] INFO  SPOS.Requests.Requests - Request sent: http://localhost:5000/getItems/3 .Result: Success
2021-03-24 11:18:33,847 [4] INFO  SPOS.Requests.Requests - Request sent: http://localhost:5000/getAllTodaysOrders . Result: Success
2021-03-24 11:18:35,218 [14] INFO  SPOS.Requests.Requests - Request sent: http://localhost:5000/getItemTypes .Result: Success
2021-03-24 11:18:35,227 [14] INFO  SPOS.Requests.Requests - Request sent: http://localhost:5000/getCategories .Result: Success
2021-03-24 11:18:37,018 [17] INFO  SPOS.Requests.Requests - Request sent: http://localhost:5000/getItemTypes .Result: Success
2021-03-24 11:18:37,029 [17] INFO  SPOS.Requests.Requests - Request sent: http://localhost:5000/getItems/1 .Result: Success
2021-03-24 11:18:47,408 [15] INFO  SPOS.Requests.Requests - Request sent: http://localhost:5000/getItemTypes .Result: Success
2021-03-24 11:18:47,427 [15] INFO  SPOS.Requests.Requests - Request sent: http://localhost:5000/getCategories .Result: Success
2021-03-24 11:19:50,436 [15] INFO  SPOS.Requests.Requests - Request sent: http://localhost:5000/checkPassword/123 .Result: Success
2021-03-24 11:19:50,472 [15] INFO  SPOS.Requests.Requests - Request sent: http://localhost:5000/getUserName/123 .Result: Success
2021-03-24 11:19:50,486 [15] INFO  SPOS.Requests.Requests - Request sent: http://localhost:5000/getUserId/123 .Result: Success
2021-03-24 11:19:50,520 [4] INFO  SPOS.Requests.Requests - Request sent: http://localhost:5000/getItemTypes .Result: Success
2021-03-24 11:19:50,704 [4] INFO  SPOS.Requests.Requests - Request sent: http://localhost:5000/getCategories .Result: Success
2021-03-24 11:19:52,120 [4] INFO  SPOS.Requests.Requests - Request sent: http://localhost:5000/getAllTodaysOrders . Result: Success
2021-03-24 11:19:52,912 [13] INFO  SPOS.Requests.Requests - Request sent: http://localhost:5000/getOrderById/32 . Result: Success
2021-03-24 11:19:52,943 [13] INFO  SPOS.Requests.Requests - Request sent: http://localhost:5000/getAllTodaysOrders . Result: Success
2021-03-24 11:19:53,959 [15] INFO  SPOS.Requests.Requests - Request sent: http://localhost:5000/getItemTypes .Result: Success
2021-03-24 11:19:53,968 [15] INFO  SPOS.Requests.Requests - Request sent: http://localhost:5000/getCategories .Result: Success
2021-03-24 11:20:28,833 [20] INFO  SPOS.Requests.Requests - Request sent: http://localhost:5000/checkPassword/123 .Result: Success
2021-03-24 11:20:28,881 [20] INFO  SPOS.Requests.Requests - Request sent: http://localhost:5000/getUserName/123 .Result: Success
2021-03-24 11:20:28,895 [20] INFO  SPOS.Requests.Requests - Request sent: http://localhost:5000/getUserId/123 .Result: Success
2021-03-24 11:20:28,935 [20] INFO  SPOS.Requests.Requests - Request sent: http://localhost:5000/getItemTypes .Result: Success
2021-03-24 11:20:29,105 [20] INFO  SPOS.Requests.Requests - Request sent: http://localhost:5000/getCategories .Result: Success
2021-03-24 11:20:30,129 [20] INFO  SPOS.Requests.Requests - Request sent: http://localhost:5000/getAllTodaysOrders . Result: Success
2021-03-24 11:20:31,883 [4] INFO  SPOS.Requests.Requests - Request sent: http://localhost:5000/getOrderById/32 . Result: Success
2021-03-24 11:20:31,917 [4] INFO  SPOS.Requests.Requests - Request sent: http://localhost:5000/getAllTodaysOrders . Result: Success
2021-03-24 11:20:32,946 [10] INFO  SPOS.Requests.Requests - Request sent: http://localhost:5000/getItemTypes .Result: Success
2021-03-24 11:20:32,955 [10] INFO  SPOS.Requests.Requests - Request sent: http://localhost:5000/getCategories .Result: Success
2021-03-24 11:20:36,949 [15] INFO  SPOS.Requests.Requests - Request sent: http://localhost:5000/getItemTypes .Result: Success
2021-03-24 11:20:36,963 [15] INFO  SPOS.Requests.Requests - Request sent: http://localhost:5000/getItems/1 .Result: Success
2021-03-24 11:20:40,542 [16] INFO  SPOS.Requests.Requests - Request sent: http://localhost:5000/getItemTypes .Result: Success
2021-03-24 11:20:40,556 [16] INFO  SPOS.Requests.Requests - Request sent: http://localhost:5000/getCategories .Result: Success
2021-03-24 11:20:48,640 [15] INFO  SPOS.Requests.Requests - Request sent: http://localhost:5000/checkPassword/123 .Result: Success
2021-03-24 11:20:48,653 [15] INFO  SPOS.Requests.Requests - Request sent: http://localhost:5000/getUserName/123 .Result: Success
2021-03-24 11:20:48,663 [15] INFO  SPOS.Requests.Requests - Request sent: http://localhost:5000/getUserId/123 .Result: Success
2021-03-24 11:20:48,680 [8] INFO  SPOS.Requests.Requests - Request sent: http://localhost:5000/getItemTypes .Result: Success
2021-03-24 11:20:48,694 [8] INFO  SPOS.Requests.Requests - Request sent: http://localhost:5000/getCategories .Result: Success
2021-03-24 11:20:50,118 [4] INFO  SPOS.Requests.Requests - Request sent: http://localhost:5000/getAllTodaysOrders . Result: Success
2021-03-24 11:20:51,285 [16] INFO  SPOS.Requests.Requests - Request sent: http://localhost:5000/getItemTypes .Result: Success
2021-03-24 11:20:51,294 [16] INFO  SPOS.Requests.Requests - Request sent: http://localhost:5000/getCategories .Result: Success
2021-03-24 11:20:52,209 [9] INFO  SPOS.Requests.Requests - Request sent: http://localhost:5000/getAllTodaysOrders . Result: Success
2021-03-24 11:20:53,081 [14] INFO  SPOS.Requests.Requests - Request sent: http://localhost:5000/getOrderById/31 . Result: Success
2021-03-24 11:20:53,090 [14] INFO  SPOS.Requests.Requests - Request sent: http://localhost:5000/getAllTodaysOrders . Result: Success
2021-03-24 11:20:54,192 [4] INFO  SPOS.Requests.Requests - Request sent: http://localhost:5000/getItemTypes .Result: Success
2021-03-24 11:20:54,202 [4] INFO  SPOS.Requests.Requests - Request sent: http://localhost:5000/getCategories .Result: Success
2021-03-24 11:21:17,931 [19] INFO  SPOS.Requests.Requests - Request sent: http://localhost:5000/checkPassword/123 .Result: Success
2021-03-24 11:21:17,965 [19] INFO  SPOS.Requests.Requests - Request sent: http://localhost:5000/getUserName/123 .Result: Success
2021-03-24 11:21:17,981 [19] INFO  SPOS.Requests.Requests - Request sent: http://localhost:5000/getUserId/123 .Result: Success
2021-03-24 11:21:18,024 [10] INFO  SPOS.Requests.Requests - Request sent: http://localhost:5000/getItemTypes .Result: Success
2021-03-24 11:21:18,209 [10] INFO  SPOS.Requests.Requests - Request sent: http://localhost:5000/getCategories .Result: Success
2021-03-24 11:21:20,010 [10] INFO  SPOS.Requests.Requests - Request sent: http://localhost:5000/getAllTodaysOrders . Result: Success
2021-03-24 11:21:20,942 [15] INFO  SPOS.Requests.Requests - Request sent: http://localhost:5000/getOrderById/32 . Result: Success
2021-03-24 11:21:20,970 [15] INFO  SPOS.Requests.Requests - Request sent: http://localhost:5000/getAllTodaysOrders . Result: Success
2021-03-24 11:21:21,942 [10] INFO  SPOS.Requests.Requests - Request sent: http://localhost:5000/getItemTypes .Result: Success
2021-03-24 11:21:21,951 [10] INFO  SPOS.Requests.Requests - Request sent: http://localhost:5000/getCategories .Result: Success
2021-03-24 11:21:23,361 [10] INFO  SPOS.Requests.Requests - Request sent: http://localhost:5000/getItemTypes .Result: Success
2021-03-24 11:21:23,373 [10] INFO  SPOS.Requests.Requests - Request sent: http://localhost:5000/getItems/3 .Result: Success
2021-03-24 11:21:41,654 [8] INFO  SPOS.Requests.Requests - Request sent: http://localhost:5000/checkPassword/123 .Result: Success
2021-03-24 11:21:41,692 [8] INFO  SPOS.Requests.Requests - Request sent: http://localhost:5000/getUserName/123 .Result: Success
2021-03-24 11:21:41,705 [8] INFO  SPOS.Requests.Requests - Request sent: http://localhost:5000/getUserId/123 .Result: Success
2021-03-24 11:21:41,740 [10] INFO  SPOS.Requests.Requests - Request sent: http://localhost:5000/getItemTypes .Result: Success
2021-03-24 11:21:41,920 [10] INFO  SPOS.Requests.Requests - Request sent: http://localhost:5000/getCategories .Result: Success
2021-03-24 11:21:43,297 [4] INFO  SPOS.Requests.Requests - Request sent: http://localhost:5000/getAllTodaysOrders . Result: Success
2021-03-24 11:21:43,957 [8] INFO  SPOS.Requests.Requests - Request sent: http://localhost:5000/getOrderById/32 . Result: Success
2021-03-24 11:21:43,987 [8] INFO  SPOS.Requests.Requests - Request sent: http://localhost:5000/getAllTodaysOrders . Result: Success
2021-03-24 11:21:44,720 [13] INFO  SPOS.Requests.Requests - Request sent: http://localhost:5000/getItemTypes .Result: Success
2021-03-24 11:21:44,729 [13] INFO  SPOS.Requests.Requests - Request sent: http://localhost:5000/getCategories .Result: Success
2021-03-24 11:21:45,712 [13] INFO  SPOS.Requests.Requests - Request sent: http://localhost:5000/getItemTypes .Result: Success
2021-03-24 11:21:45,721 [13] INFO  SPOS.Requests.Requests - Request sent: http://localhost:5000/getItems/3 .Result: Success
2021-03-24 11:23:41,112 [16] INFO  SPOS.Requests.Requests - Request sent: http://localhost:5000/checkPassword/123 .Result: Success
2021-03-24 11:23:41,152 [16] INFO  SPOS.Requests.Requests - Request sent: http://localhost:5000/getUserName/123 .Result: Success
2021-03-24 11:23:41,173 [16] INFO  SPOS.Requests.Requests - Request sent: http://localhost:5000/getUserId/123 .Result: Success
2021-03-24 11:23:41,224 [16] INFO  SPOS.Requests.Requests - Request sent: http://localhost:5000/getItemTypes .Result: Success
2021-03-24 11:23:41,429 [16] INFO  SPOS.Requests.Requests - Request sent: http://localhost:5000/getCategories .Result: Success
2021-03-24 11:23:42,388 [9] INFO  SPOS.Requests.Requests - Request sent: http://localhost:5000/getAllTodaysOrders . Result: Success
2021-03-24 11:23:43,256 [9] INFO  SPOS.Requests.Requests - Request sent: http://localhost:5000/getOrderById/31 . Result: Success
2021-03-24 11:23:43,284 [9] INFO  SPOS.Requests.Requests - Request sent: http://localhost:5000/getAllTodaysOrders . Result: Success
2021-03-24 11:23:43,897 [8] INFO  SPOS.Requests.Requests - Request sent: http://localhost:5000/getItemTypes .Result: Success
2021-03-24 11:23:43,906 [8] INFO  SPOS.Requests.Requests - Request sent: http://localhost:5000/getCategories .Result: Success
2021-03-24 11:23:46,611 [17] INFO  SPOS.Requests.Requests - Request sent: http://localhost:5000/getItemTypes .Result: Success
2021-03-24 11:23:46,620 [17] INFO  SPOS.Requests.Requests - Request sent: http://localhost:5000/getCategories .Result: Success
2021-03-24 11:23:48,786 [11] INFO  SPOS.Requests.Requests - Request sent: http://localhost:5000/getItemTypes .Result: Success
2021-03-24 11:23:48,795 [11] INFO  SPOS.Requests.Requests - Request sent: http://localhost:5000/getItems/3 .Result: Success
2021-03-24 11:24:26,574 [9] INFO  SPOS.Requests.Requests - Request sent: http://localhost:5000/checkPassword/123 .Result: Success
2021-03-24 11:24:26,631 [9] INFO  SPOS.Requests.Requests - Request sent: http://localhost:5000/getUserName/123 .Result: Success
2021-03-24 11:24:26,653 [9] INFO  SPOS.Requests.Requests - Request sent: http://localhost:5000/getUserId/123 .Result: Success
2021-03-24 11:24:26,702 [8] INFO  SPOS.Requests.Requests - Request sent: http://localhost:5000/getItemTypes .Result: Success
2021-03-24 11:24:26,925 [8] INFO  SPOS.Requests.Requests - Request sent: http://localhost:5000/getCategories .Result: Success
2021-03-24 11:24:27,814 [8] INFO  SPOS.Requests.Requests - Request sent: http://localhost:5000/getAllTodaysOrders . Result: Success
2021-03-24 11:24:29,204 [9] INFO  SPOS.Requests.Requests - Request sent: http://localhost:5000/getOrderById/31 . Result: Success
2021-03-24 11:24:29,236 [9] INFO  SPOS.Requests.Requests - Request sent: http://localhost:5000/getAllTodaysOrders . Result: Success
2021-03-24 11:24:29,798 [8] INFO  SPOS.Requests.Requests - Request sent: http://localhost:5000/getItemTypes .Result: Success
2021-03-24 11:24:29,808 [8] INFO  SPOS.Requests.Requests - Request sent: http://localhost:5000/getCategories .Result: Success
2021-03-24 11:24:31,054 [8] INFO  SPOS.Requests.Requests - Request sent: http://localhost:5000/getItemTypes .Result: Success
2021-03-24 11:24:31,063 [8] INFO  SPOS.Requests.Requests - Request sent: http://localhost:5000/getCategories .Result: Success
2021-03-24 11:24:32,123 [14] INFO  SPOS.Requests.Requests - Request sent: http://localhost:5000/getItemTypes .Result: Success
2021-03-24 11:24:32,133 [14] INFO  SPOS.Requests.Requests - Request sent: http://localhost:5000/getCategories .Result: Success
2021-03-24 11:24:33,931 [14] INFO  SPOS.Requests.Requests - Request sent: http://localhost:5000/getItemTypes .Result: Success
2021-03-24 11:24:33,943 [14] INFO  SPOS.Requests.Requests - Request sent: http://localhost:5000/getItems/1 .Result: Success
2021-03-24 11:25:07,408 [12] INFO  SPOS.Requests.Requests - Request sent: http://localhost:5000/checkPassword/123 .Result: Success
2021-03-24 11:25:07,440 [12] INFO  SPOS.Requests.Requests - Request sent: http://localhost:5000/getUserName/123 .Result: Success
2021-03-24 11:25:07,453 [12] INFO  SPOS.Requests.Requests - Request sent: http://localhost:5000/getUserId/123 .Result: Success
2021-03-24 11:25:07,486 [4] INFO  SPOS.Requests.Requests - Request sent: http://localhost:5000/getItemTypes .Result: Success
2021-03-24 11:25:07,645 [4] INFO  SPOS.Requests.Requests - Request sent: http://localhost:5000/getCategories .Result: Success
2021-03-24 11:25:08,627 [9] INFO  SPOS.Requests.Requests - Request sent: http://localhost:5000/getAllTodaysOrders . Result: Success
2021-03-24 11:25:09,318 [10] INFO  SPOS.Requests.Requests - Request sent: http://localhost:5000/getOrderById/32 . Result: Success
2021-03-24 11:25:09,346 [10] INFO  SPOS.Requests.Requests - Request sent: http://localhost:5000/getAllTodaysOrders . Result: Success
2021-03-24 11:25:09,998 [9] INFO  SPOS.Requests.Requests - Request sent: http://localhost:5000/getItemTypes .Result: Success
2021-03-24 11:25:10,007 [9] INFO  SPOS.Requests.Requests - Request sent: http://localhost:5000/getCategories .Result: Success
2021-03-24 11:25:30,960 [4] INFO  SPOS.Requests.Requests - Request sent: http://localhost:5000/checkPassword/123 .Result: Success
2021-03-24 11:25:31,002 [4] INFO  SPOS.Requests.Requests - Request sent: http://localhost:5000/getUserName/123 .Result: Success
2021-03-24 11:25:31,018 [4] INFO  SPOS.Requests.Requests - Request sent: http://localhost:5000/getUserId/123 .Result: Success
2021-03-24 11:25:31,059 [17] INFO  SPOS.Requests.Requests - Request sent: http://localhost:5000/getItemTypes .Result: Success
2021-03-24 11:25:31,250 [17] INFO  SPOS.Requests.Requests - Request sent: http://localhost:5000/getCategories .Result: Success
2021-03-24 11:25:31,971 [8] INFO  SPOS.Requests.Requests - Request sent: http://localhost:5000/getAllTodaysOrders . Result: Success
2021-03-24 11:25:32,706 [4] INFO  SPOS.Requests.Requests - Request sent: http://localhost:5000/getOrderById/32 . Result: Success
2021-03-24 11:25:32,765 [4] INFO  SPOS.Requests.Requests - Request sent: http://localhost:5000/getAllTodaysOrders . Result: Success
2021-03-24 11:25:33,378 [13] INFO  SPOS.Requests.Requests - Request sent: http://localhost:5000/getItemTypes .Result: Success
2021-03-24 11:25:33,387 [13] INFO  SPOS.Requests.Requests - Request sent: http://localhost:5000/getCategories .Result: Success
2021-03-24 11:25:51,546 [4] INFO  SPOS.Requests.Requests - Request sent: http://localhost:5000/checkPassword/123 .Result: Success
2021-03-24 11:25:51,589 [4] INFO  SPOS.Requests.Requests - Request sent: http://localhost:5000/getUserName/123 .Result: Success
2021-03-24 11:25:51,607 [4] INFO  SPOS.Requests.Requests - Request sent: http://localhost:5000/getUserId/123 .Result: Success
2021-03-24 11:25:51,649 [17] INFO  SPOS.Requests.Requests - Request sent: http://localhost:5000/getItemTypes .Result: Success
2021-03-24 11:25:51,817 [17] INFO  SPOS.Requests.Requests - Request sent: http://localhost:5000/getCategories .Result: Success
2021-03-24 11:25:53,176 [16] INFO  SPOS.Requests.Requests - Request sent: http://localhost:5000/getAllTodaysOrders . Result: Success
2021-03-24 11:25:54,036 [10] INFO  SPOS.Requests.Requests - Request sent: http://localhost:5000/getOrderById/35 . Result: Success
2021-03-24 11:25:54,061 [10] INFO  SPOS.Requests.Requests - Request sent: http://localhost:5000/getAllTodaysOrders . Result: Success
2021-03-24 11:25:55,122 [16] INFO  SPOS.Requests.Requests - Request sent: http://localhost:5000/getItemTypes .Result: Success
2021-03-24 11:25:55,132 [16] INFO  SPOS.Requests.Requests - Request sent: http://localhost:5000/getCategories .Result: Success
2021-03-24 11:33:07,368 [12] INFO  SPOS.Requests.Requests - Request sent: http://localhost:5000/checkPassword/123 .Result: Success
2021-03-24 11:33:07,412 [12] INFO  SPOS.Requests.Requests - Request sent: http://localhost:5000/getUserName/123 .Result: Success
2021-03-24 11:33:07,429 [12] INFO  SPOS.Requests.Requests - Request sent: http://localhost:5000/getUserId/123 .Result: Success
2021-03-24 11:33:07,472 [12] INFO  SPOS.Requests.Requests - Request sent: http://localhost:5000/getItemTypes .Result: Success
2021-03-24 11:33:07,657 [12] INFO  SPOS.Requests.Requests - Request sent: http://localhost:5000/getCategories .Result: Success
2021-03-24 11:33:09,850 [9] INFO  SPOS.Requests.Requests - Request sent: http://localhost:5000/getItemTypes .Result: Success
2021-03-24 11:33:09,861 [9] INFO  SPOS.Requests.Requests - Request sent: http://localhost:5000/getItems/1 .Result: Success
2021-03-24 11:33:12,102 [8] INFO  SPOS.Requests.Requests - Request sent: http://localhost:5000/getAllTodaysOrders . Result: Success
2021-03-24 11:33:14,850 [12] INFO  SPOS.Requests.Requests - Request sent: http://localhost:5000/getOrderById/33 . Result: Success
2021-03-24 11:33:14,882 [12] INFO  SPOS.Requests.Requests - Request sent: http://localhost:5000/getAllTodaysOrders . Result: Success
2021-03-24 11:33:16,906 [12] INFO  SPOS.Requests.Requests - Request sent: http://localhost:5000/getItemTypes .Result: Success
2021-03-24 11:33:16,917 [12] INFO  SPOS.Requests.Requests - Request sent: http://localhost:5000/getCategories .Result: Success
2021-03-24 11:33:28,015 [9] INFO  SPOS.Requests.Requests - Request sent: http://localhost:5000/checkPassword/123 .Result: Success
2021-03-24 11:33:28,029 [9] INFO  SPOS.Requests.Requests - Request sent: http://localhost:5000/getUserName/123 .Result: Success
2021-03-24 11:33:28,047 [9] INFO  SPOS.Requests.Requests - Request sent: http://localhost:5000/getUserId/123 .Result: Success
2021-03-24 11:33:28,064 [19] INFO  SPOS.Requests.Requests - Request sent: http://localhost:5000/getItemTypes .Result: Success
2021-03-24 11:33:28,077 [19] INFO  SPOS.Requests.Requests - Request sent: http://localhost:5000/getCategories .Result: Success
2021-03-24 11:33:30,042 [19] INFO  SPOS.Requests.Requests - Request sent: http://localhost:5000/getItemTypes .Result: Success
2021-03-24 11:33:30,054 [19] INFO  SPOS.Requests.Requests - Request sent: http://localhost:5000/getItems/1 .Result: Success
2021-03-24 11:33:35,657 [4] INFO  SPOS.Requests.Requests - Request sent: http://localhost:5000/createOrder/1/CASH/0 . Result: Success
2021-03-24 11:33:36,006 [4] INFO  SPOS.Requests.Requests - Request sent: http://localhost:5000/insertItemInOrder/38/1/1 . Result: Success
2021-03-24 11:33:36,026 [4] INFO  SPOS.Requests.Requests - Request sent: http://localhost:5000/insertItemInOrder/38/2/1 . Result: Success
2021-03-24 11:36:44,705 [8] INFO  SPOS.Requests.Requests - Request sent: http://localhost:5000/checkPassword/123 .Result: Success
2021-03-24 11:36:44,745 [8] INFO  SPOS.Requests.Requests - Request sent: http://localhost:5000/getUserName/123 .Result: Success
2021-03-24 11:36:44,761 [8] INFO  SPOS.Requests.Requests - Request sent: http://localhost:5000/getUserId/123 .Result: Success
2021-03-24 11:36:44,802 [8] INFO  SPOS.Requests.Requests - Request sent: http://localhost:5000/getItemTypes .Result: Success
2021-03-24 11:36:44,968 [8] INFO  SPOS.Requests.Requests - Request sent: http://localhost:5000/getCategories .Result: Success
2021-03-24 11:36:48,328 [4] INFO  SPOS.Requests.Requests - Request sent: http://localhost:5000/getAllTodaysOrders . Result: Success
2021-03-24 11:36:49,363 [18] INFO  SPOS.Requests.Requests - Request sent: http://localhost:5000/getOrderById/31 . Result: Success
2021-03-24 11:36:49,395 [18] INFO  SPOS.Requests.Requests - Request sent: http://localhost:5000/getAllTodaysOrders . Result: Success
2021-03-24 11:36:50,654 [4] INFO  SPOS.Requests.Requests - Request sent: http://localhost:5000/getItemTypes .Result: Success
2021-03-24 11:36:50,662 [4] INFO  SPOS.Requests.Requests - Request sent: http://localhost:5000/getCategories .Result: Success
2021-03-24 13:07:59,056 [4] INFO  SPOS.Requests.Requests - Request sent: http://localhost:5000/checkPassword/123 .Result: Success
2021-03-24 13:07:59,136 [4] INFO  SPOS.Requests.Requests - Request sent: http://localhost:5000/getUserName/123 .Result: Success
2021-03-24 13:07:59,177 [4] INFO  SPOS.Requests.Requests - Request sent: http://localhost:5000/getUserId/123 .Result: Success
2021-03-24 13:07:59,265 [13] INFO  SPOS.Requests.Requests - Request sent: http://localhost:5000/getItemTypes .Result: Success
2021-03-24 13:07:59,466 [13] INFO  SPOS.Requests.Requests - Request sent: http://localhost:5000/getCategories .Result: Success
2021-03-24 13:08:00,476 [13] INFO  SPOS.Requests.Requests - Request sent: http://localhost:5000/getAllTodaysOrders . Result: Success
2021-03-24 13:08:03,061 [9] INFO  SPOS.Requests.Requests - Request sent: http://localhost:5000/getItemTypes .Result: Success
2021-03-24 13:08:03,069 [9] INFO  SPOS.Requests.Requests - Request sent: http://localhost:5000/getCategories .Result: Success
2021-03-24 13:08:04,108 [13] INFO  SPOS.Requests.Requests - Request sent: http://localhost:5000/getItemTypes .Result: Success
2021-03-24 13:08:04,152 [13] INFO  SPOS.Requests.Requests - Request sent: http://localhost:5000/getItems/1 .Result: Success
2021-03-24 13:08:07,856 [10] INFO  SPOS.Requests.Requests - Request sent: http://localhost:5000/getItemTypes .Result: Success
2021-03-24 13:08:07,877 [10] INFO  SPOS.Requests.Requests - Request sent: http://localhost:5000/getCategories .Result: Success
2021-03-24 13:08:08,563 [18] INFO  SPOS.Requests.Requests - Request sent: http://localhost:5000/getItemTypes .Result: Success
2021-03-24 13:08:08,581 [18] INFO  SPOS.Requests.Requests - Request sent: http://localhost:5000/getItems/4 .Result: Success
2021-03-24 13:08:25,172 [17] INFO  SPOS.Requests.Requests - Request sent: http://localhost:5000/createOrder/1/CASH/0 . Result: Success
2021-03-24 13:08:25,295 [17] INFO  SPOS.Requests.Requests - Request sent: http://localhost:5000/insertItemInOrder/39/1/2 . Result: Success
2021-03-24 13:08:25,306 [17] INFO  SPOS.Requests.Requests - Request sent: http://localhost:5000/insertItemInOrder/39/2/3 . Result: Success
2021-03-24 13:08:25,316 [17] INFO  SPOS.Requests.Requests - Request sent: http://localhost:5000/insertItemInOrder/39/3/4 . Result: Success
2021-03-24 13:08:25,328 [17] INFO  SPOS.Requests.Requests - Request sent: http://localhost:5000/insertItemInOrder/39/4/1 . Result: Success
2021-03-24 13:08:25,339 [17] INFO  SPOS.Requests.Requests - Request sent: http://localhost:5000/insertItemInOrder/39/5/1 . Result: Success
2021-03-24 13:08:25,350 [17] INFO  SPOS.Requests.Requests - Request sent: http://localhost:5000/insertItemInOrder/39/12/3 . Result: Success
2021-03-24 13:08:25,367 [17] INFO  SPOS.Requests.Requests - Request sent: http://localhost:5000/insertItemInOrder/39/13/2 . Result: Success
2021-03-24 13:08:25,381 [17] INFO  SPOS.Requests.Requests - Request sent: http://localhost:5000/insertItemInOrder/39/14/2 . Result: Success
2021-03-24 13:08:30,219 [10] INFO  SPOS.Requests.Requests - Request sent: http://localhost:5000/checkPassword/123 .Result: Success
2021-03-24 13:08:30,236 [10] INFO  SPOS.Requests.Requests - Request sent: http://localhost:5000/getUserName/123 .Result: Success
2021-03-24 13:08:30,251 [10] INFO  SPOS.Requests.Requests - Request sent: http://localhost:5000/getUserId/123 .Result: Success
2021-03-24 13:08:30,270 [4] INFO  SPOS.Requests.Requests - Request sent: http://localhost:5000/getItemTypes .Result: Success
2021-03-24 13:08:30,282 [4] INFO  SPOS.Requests.Requests - Request sent: http://localhost:5000/getCategories .Result: Success
2021-03-24 13:08:30,886 [14] INFO  SPOS.Requests.Requests - Request sent: http://localhost:5000/getAllTodaysOrders . Result: Success
2021-03-24 13:08:31,751 [8] INFO  SPOS.Requests.Requests - Request sent: http://localhost:5000/getOrderById/39 . Result: Success
2021-03-24 13:08:31,788 [8] INFO  SPOS.Requests.Requests - Request sent: http://localhost:5000/getAllTodaysOrders . Result: Success
2021-03-24 13:08:34,464 [4] INFO  SPOS.Requests.Requests - Request sent: http://localhost:5000/getItemTypes .Result: Success
2021-03-24 13:08:34,480 [4] INFO  SPOS.Requests.Requests - Request sent: http://localhost:5000/getCategories .Result: Success
2021-03-24 13:08:42,473 [18] INFO  SPOS.Requests.Requests - Request sent: http://localhost:5000/checkPassword/123 .Result: Success
2021-03-24 13:08:42,491 [18] INFO  SPOS.Requests.Requests - Request sent: http://localhost:5000/getUserName/123 .Result: Success
2021-03-24 13:08:42,508 [18] INFO  SPOS.Requests.Requests - Request sent: http://localhost:5000/getUserId/123 .Result: Success
2021-03-24 13:08:42,532 [16] INFO  SPOS.Requests.Requests - Request sent: http://localhost:5000/getItemTypes .Result: Success
2021-03-24 13:08:42,550 [16] INFO  SPOS.Requests.Requests - Request sent: http://localhost:5000/getCategories .Result: Success
2021-03-24 13:08:43,318 [9] INFO  SPOS.Requests.Requests - Request sent: http://localhost:5000/getAllTodaysOrders . Result: Success
2021-03-24 13:08:44,212 [8] INFO  SPOS.Requests.Requests - Request sent: http://localhost:5000/getOrderById/39 . Result: Success
2021-03-24 13:08:44,226 [8] INFO  SPOS.Requests.Requests - Request sent: http://localhost:5000/getAllTodaysOrders . Result: Success
2021-03-24 13:09:24,817 [4] INFO  SPOS.Requests.Requests - Request sent: http://localhost:5000/getItemTypes .Result: Success
2021-03-24 13:09:24,833 [4] INFO  SPOS.Requests.Requests - Request sent: http://localhost:5000/getCategories .Result: Success
2021-03-24 13:09:25,846 [4] INFO  SPOS.Requests.Requests - Request sent: http://localhost:5000/getAllTodaysOrders . Result: Success
2021-03-24 13:09:35,246 [13] INFO  SPOS.Requests.Requests - Request sent: http://localhost:5000/getItemTypes .Result: Success
2021-03-24 13:09:35,268 [13] INFO  SPOS.Requests.Requests - Request sent: http://localhost:5000/getCategories .Result: Success
2021-03-24 13:09:37,221 [13] INFO  SPOS.Requests.Requests - Request sent: http://localhost:5000/getItemTypes .Result: Success
2021-03-24 13:09:37,233 [13] INFO  SPOS.Requests.Requests - Request sent: http://localhost:5000/getItems/1 .Result: Success
2021-03-24 13:09:40,085 [18] INFO  SPOS.Requests.Requests - Request sent: http://localhost:5000/getItemTypes .Result: Success
2021-03-24 13:09:40,104 [18] INFO  SPOS.Requests.Requests - Request sent: http://localhost:5000/getCategories .Result: Success
2021-03-24 13:09:40,745 [8] INFO  SPOS.Requests.Requests - Request sent: http://localhost:5000/getItemTypes .Result: Success
2021-03-24 13:09:40,760 [8] INFO  SPOS.Requests.Requests - Request sent: http://localhost:5000/getItems/3 .Result: Success
2021-03-24 13:09:45,978 [14] INFO  SPOS.Requests.Requests - Request sent: http://localhost:5000/createOrder/1/CASH/0 . Result: Success
2021-03-24 13:09:46,000 [14] INFO  SPOS.Requests.Requests - Request sent: http://localhost:5000/insertItemInOrder/40/2/2 . Result: Success
2021-03-24 13:09:46,015 [14] INFO  SPOS.Requests.Requests - Request sent: http://localhost:5000/insertItemInOrder/40/1/3 . Result: Success
2021-03-24 13:09:46,035 [14] INFO  SPOS.Requests.Requests - Request sent: http://localhost:5000/insertItemInOrder/40/3/2 . Result: Success
2021-03-24 13:09:46,050 [14] INFO  SPOS.Requests.Requests - Request sent: http://localhost:5000/insertItemInOrder/40/4/1 . Result: Success
2021-03-24 13:09:46,410 [14] INFO  SPOS.Requests.Requests - Request sent: http://localhost:5000/insertItemInOrder/40/5/1 . Result: Success
2021-03-24 13:09:46,427 [14] INFO  SPOS.Requests.Requests - Request sent: http://localhost:5000/insertItemInOrder/40/10/2 . Result: Success
2021-03-24 13:09:46,443 [14] INFO  SPOS.Requests.Requests - Request sent: http://localhost:5000/insertItemInOrder/40/11/3 . Result: Success
2021-03-24 13:10:09,428 [18] INFO  SPOS.Requests.Requests - Request sent: http://localhost:5000/checkPassword/123 .Result: Success
2021-03-24 13:10:09,448 [18] INFO  SPOS.Requests.Requests - Request sent: http://localhost:5000/getUserName/123 .Result: Success
2021-03-24 13:10:09,473 [18] INFO  SPOS.Requests.Requests - Request sent: http://localhost:5000/getUserId/123 .Result: Success
2021-03-24 13:10:09,498 [4] INFO  SPOS.Requests.Requests - Request sent: http://localhost:5000/getItemTypes .Result: Success
2021-03-24 13:10:09,510 [4] INFO  SPOS.Requests.Requests - Request sent: http://localhost:5000/getCategories .Result: Success
2021-03-24 13:10:10,028 [13] INFO  SPOS.Requests.Requests - Request sent: http://localhost:5000/getAllTodaysOrders . Result: Success
2021-03-24 13:10:13,670 [17] INFO  SPOS.Requests.Requests - Request sent: http://localhost:5000/getOrderById/40 . Result: Success
2021-03-24 13:10:13,683 [17] INFO  SPOS.Requests.Requests - Request sent: http://localhost:5000/getAllTodaysOrders . Result: Success
2021-03-24 13:10:25,469 [4] INFO  SPOS.Requests.Requests - Request sent: http://localhost:5000/getItemTypes .Result: Success
2021-03-24 13:10:25,483 [4] INFO  SPOS.Requests.Requests - Request sent: http://localhost:5000/getCategories .Result: Success
2021-03-24 13:10:52,279 [8] INFO  SPOS.Requests.Requests - Request sent: http://localhost:5000/getItemTypes .Result: Success
2021-03-24 13:10:52,300 [8] INFO  SPOS.Requests.Requests - Request sent: http://localhost:5000/getItems/1 .Result: Success
2021-03-24 13:10:54,686 [17] INFO  SPOS.Requests.Requests - Request sent: http://localhost:5000/getItemTypes .Result: Success
2021-03-24 13:10:54,702 [17] INFO  SPOS.Requests.Requests - Request sent: http://localhost:5000/getCategories .Result: Success
2021-03-24 13:10:55,447 [4] INFO  SPOS.Requests.Requests - Request sent: http://localhost:5000/getItemTypes .Result: Success
2021-03-24 13:10:55,461 [4] INFO  SPOS.Requests.Requests - Request sent: http://localhost:5000/getItems/3 .Result: Success
2021-03-24 13:11:38,812 [8] INFO  SPOS.Requests.Requests - Request sent: http://localhost:5000/checkPassword/123 .Result: Success
2021-03-24 13:11:38,857 [8] INFO  SPOS.Requests.Requests - Request sent: http://localhost:5000/getUserName/123 .Result: Success
2021-03-24 13:11:38,873 [8] INFO  SPOS.Requests.Requests - Request sent: http://localhost:5000/getUserId/123 .Result: Success
2021-03-24 13:11:38,920 [4] INFO  SPOS.Requests.Requests - Request sent: http://localhost:5000/getItemTypes .Result: Success
2021-03-24 13:11:39,097 [4] INFO  SPOS.Requests.Requests - Request sent: http://localhost:5000/getCategories .Result: Success
2021-03-24 13:11:40,160 [14] INFO  SPOS.Requests.Requests - Request sent: http://localhost:5000/getAllTodaysOrders . Result: Success
2021-03-24 13:11:40,917 [9] INFO  SPOS.Requests.Requests - Request sent: http://localhost:5000/getOrderById/40 . Result: Success
2021-03-24 13:11:40,950 [9] INFO  SPOS.Requests.Requests - Request sent: http://localhost:5000/getAllTodaysOrders . Result: Success
2021-03-24 13:11:42,115 [10] INFO  SPOS.Requests.Requests - Request sent: http://localhost:5000/getItemTypes .Result: Success
2021-03-24 13:11:42,127 [10] INFO  SPOS.Requests.Requests - Request sent: http://localhost:5000/getCategories .Result: Success
2021-03-24 13:11:43,145 [10] INFO  SPOS.Requests.Requests - Request sent: http://localhost:5000/getItemTypes .Result: Success
2021-03-24 13:11:43,157 [10] INFO  SPOS.Requests.Requests - Request sent: http://localhost:5000/getItems/3 .Result: Success
2021-03-24 13:11:46,153 [13] ERROR SPOS.Requests.Requests - Request sent: http://localhost:5000/modifyReceipt/40/VISA/0 . Result: The remote server returned an error: (404) Not Found.
2021-03-24 13:11:46,202 [13] ERROR SPOS.Requests.Requests - Request sent: http://localhost:5000/removeReceiptContents/40 . Result: The remote server returned an error: (404) Not Found.
2021-03-24 13:11:46,215 [13] INFO  SPOS.Requests.Requests - Request sent: http://localhost:5000/insertItemInOrder/40/2/2 . Result: Success
2021-03-24 13:11:46,227 [13] INFO  SPOS.Requests.Requests - Request sent: http://localhost:5000/insertItemInOrder/40/1/3 . Result: Success
2021-03-24 13:11:46,239 [13] INFO  SPOS.Requests.Requests - Request sent: http://localhost:5000/insertItemInOrder/40/3/2 . Result: Success
2021-03-24 13:11:46,265 [13] INFO  SPOS.Requests.Requests - Request sent: http://localhost:5000/insertItemInOrder/40/4/1 . Result: Success
2021-03-24 13:11:46,275 [13] INFO  SPOS.Requests.Requests - Request sent: http://localhost:5000/insertItemInOrder/40/5/1 . Result: Success
2021-03-24 13:11:46,287 [13] INFO  SPOS.Requests.Requests - Request sent: http://localhost:5000/insertItemInOrder/40/10/2 . Result: Success
2021-03-24 13:11:46,302 [13] INFO  SPOS.Requests.Requests - Request sent: http://localhost:5000/insertItemInOrder/40/11/3 . Result: Success
2021-03-24 13:11:46,316 [13] INFO  SPOS.Requests.Requests - Request sent: http://localhost:5000/insertItemInOrder/40/10/1 . Result: Success
2021-03-24 13:12:02,377 [4] INFO  SPOS.Requests.Requests - Request sent: http://localhost:5000/checkPassword/123 .Result: Success
2021-03-24 13:12:02,398 [4] INFO  SPOS.Requests.Requests - Request sent: http://localhost:5000/getUserName/123 .Result: Success
2021-03-24 13:12:02,420 [4] INFO  SPOS.Requests.Requests - Request sent: http://localhost:5000/getUserId/123 .Result: Success
2021-03-24 13:12:02,460 [4] INFO  SPOS.Requests.Requests - Request sent: http://localhost:5000/getItemTypes .Result: Success
2021-03-24 13:12:02,474 [4] INFO  SPOS.Requests.Requests - Request sent: http://localhost:5000/getCategories .Result: Success
2021-03-24 13:12:09,420 [4] INFO  SPOS.Requests.Requests - Request sent: http://localhost:5000/getAllTodaysOrders . Result: Success
2021-03-24 13:12:10,200 [4] INFO  SPOS.Requests.Requests - Request sent: http://localhost:5000/getOrderById/40 . Result: Success
2021-03-24 13:12:10,212 [4] INFO  SPOS.Requests.Requests - Request sent: http://localhost:5000/getAllTodaysOrders . Result: Success
2021-03-24 13:12:11,388 [8] INFO  SPOS.Requests.Requests - Request sent: http://localhost:5000/getItemTypes .Result: Success
2021-03-24 13:12:11,403 [8] INFO  SPOS.Requests.Requests - Request sent: http://localhost:5000/getCategories .Result: Success
2021-03-24 13:33:54,649 [4] INFO  SPOS.Requests.Requests - Request sent: http://localhost:5000/checkPassword/123 .Result: Success
2021-03-24 13:33:54,705 [4] INFO  SPOS.Requests.Requests - Request sent: http://localhost:5000/getUserName/123 .Result: Success
2021-03-24 13:33:54,724 [4] INFO  SPOS.Requests.Requests - Request sent: http://localhost:5000/getUserId/123 .Result: Success
2021-03-24 13:33:54,773 [4] INFO  SPOS.Requests.Requests - Request sent: http://localhost:5000/getItemTypes .Result: Success
2021-03-24 13:33:54,991 [4] INFO  SPOS.Requests.Requests - Request sent: http://localhost:5000/getCategories .Result: Success
2021-03-24 13:33:56,202 [4] INFO  SPOS.Requests.Requests - Request sent: http://localhost:5000/getItemTypes .Result: Success
2021-03-24 13:33:56,218 [4] INFO  SPOS.Requests.Requests - Request sent: http://localhost:5000/getItems/1 .Result: Success
2021-03-24 13:34:00,662 [4] INFO  SPOS.Requests.Requests - Request sent: http://localhost:5000/getItemTypes .Result: Success
2021-03-24 13:34:00,682 [4] INFO  SPOS.Requests.Requests - Request sent: http://localhost:5000/getCategories .Result: Success
