2021-03-19 11:14:33,248 [9] INFO  SPOS.Requests.Requests - Request sent: http://localhost:5000/checkPassword/123 .Result: Success
2021-03-19 11:14:33,306 [9] INFO  SPOS.Requests.Requests - Request sent: http://localhost:5000/getUserName/123 .Result: Success
2021-03-19 11:14:33,371 [14] INFO  SPOS.Requests.Requests - Request sent: http://localhost:5000/getItemTypes .Result: Success
2021-03-19 11:14:33,709 [14] INFO  SPOS.Requests.Requests - Request sent: http://localhost:5000/getCategories .Result: Success
2021-03-19 11:18:27,156 [5] INFO  SPOS.Requests.Requests - Request sent: http://localhost:5000/checkPassword/123 .Result: Success
2021-03-19 11:18:27,209 [5] INFO  SPOS.Requests.Requests - Request sent: http://localhost:5000/getUserName/123 .Result: Success
2021-03-19 11:18:27,253 [5] INFO  SPOS.Requests.Requests - Request sent: http://localhost:5000/getItemTypes .Result: Success
2021-03-19 11:18:27,532 [5] INFO  SPOS.Requests.Requests - Request sent: http://localhost:5000/getCategories .Result: Success
2021-03-19 11:18:58,985 [9] INFO  SPOS.Requests.Requests - Request sent: http://localhost:5000/checkPassword/123 .Result: Success
2021-03-19 11:18:59,094 [9] INFO  SPOS.Requests.Requests - Request sent: http://localhost:5000/getUserName/123 .Result: Success
2021-03-19 11:18:59,180 [4] INFO  SPOS.Requests.Requests - Request sent: http://localhost:5000/getItemTypes .Result: Success
2021-03-19 11:18:59,468 [4] INFO  SPOS.Requests.Requests - Request sent: http://localhost:5000/getCategories .Result: Success
2021-03-19 11:19:43,644 [6] INFO  SPOS.Requests.Requests - Request sent: http://localhost:5000/checkPassword/123 .Result: Success
2021-03-19 11:19:43,783 [6] INFO  SPOS.Requests.Requests - Request sent: http://localhost:5000/getUserName/123 .Result: Success
2021-03-19 11:19:43,829 [6] INFO  SPOS.Requests.Requests - Request sent: http://localhost:5000/getItemTypes .Result: Success
2021-03-19 11:19:44,097 [6] INFO  SPOS.Requests.Requests - Request sent: http://localhost:5000/getCategories .Result: Success
2021-03-19 11:20:23,633 [16] INFO  SPOS.Requests.Requests - Request sent: http://localhost:5000/checkPassword/123 .Result: Success
2021-03-19 11:20:23,722 [16] INFO  SPOS.Requests.Requests - Request sent: http://localhost:5000/getUserName/123 .Result: Success
2021-03-19 11:20:23,776 [16] INFO  SPOS.Requests.Requests - Request sent: http://localhost:5000/getItemTypes .Result: Success
2021-03-19 11:20:24,082 [16] INFO  SPOS.Requests.Requests - Request sent: http://localhost:5000/getCategories .Result: Success
2021-03-19 11:21:17,123 [6] INFO  SPOS.Requests.Requests - Request sent: http://localhost:5000/checkPassword/123 .Result: Success
2021-03-19 11:21:17,238 [6] INFO  SPOS.Requests.Requests - Request sent: http://localhost:5000/getUserName/123 .Result: Success
2021-03-19 11:21:17,293 [6] INFO  SPOS.Requests.Requests - Request sent: http://localhost:5000/getItemTypes .Result: Success
2021-03-19 11:21:17,582 [6] INFO  SPOS.Requests.Requests - Request sent: http://localhost:5000/getCategories .Result: Success
2021-03-19 11:22:28,581 [14] INFO  SPOS.Requests.Requests - Request sent: http://localhost:5000/checkPassword/123 .Result: Success
2021-03-19 11:22:28,687 [14] INFO  SPOS.Requests.Requests - Request sent: http://localhost:5000/getUserName/123 .Result: Success
2021-03-19 11:22:28,740 [9] INFO  SPOS.Requests.Requests - Request sent: http://localhost:5000/getItemTypes .Result: Success
2021-03-19 11:22:29,008 [9] INFO  SPOS.Requests.Requests - Request sent: http://localhost:5000/getCategories .Result: Success
2021-03-19 11:23:17,444 [5] INFO  SPOS.Requests.Requests - Request sent: http://localhost:5000/checkPassword/123 .Result: Success
2021-03-19 11:23:17,507 [5] INFO  SPOS.Requests.Requests - Request sent: http://localhost:5000/getUserName/123 .Result: Success
2021-03-19 11:23:17,564 [9] INFO  SPOS.Requests.Requests - Request sent: http://localhost:5000/getItemTypes .Result: Success
2021-03-19 11:23:17,793 [9] INFO  SPOS.Requests.Requests - Request sent: http://localhost:5000/getCategories .Result: Success
2021-03-19 11:24:53,155 [18] INFO  SPOS.Requests.Requests - Request sent: http://localhost:5000/checkPassword/123 .Result: Success
2021-03-19 11:24:53,263 [18] INFO  SPOS.Requests.Requests - Request sent: http://localhost:5000/getUserName/123 .Result: Success
2021-03-19 11:24:53,347 [5] INFO  SPOS.Requests.Requests - Request sent: http://localhost:5000/getItemTypes .Result: Success
2021-03-19 11:24:53,785 [5] INFO  SPOS.Requests.Requests - Request sent: http://localhost:5000/getCategories .Result: Success
2021-03-19 11:25:39,961 [5] INFO  SPOS.Requests.Requests - Request sent: http://localhost:5000/checkPassword/123 .Result: Success
2021-03-19 11:25:40,072 [5] INFO  SPOS.Requests.Requests - Request sent: http://localhost:5000/getUserName/123 .Result: Success
2021-03-19 11:25:40,119 [4] INFO  SPOS.Requests.Requests - Request sent: http://localhost:5000/getItemTypes .Result: Success
2021-03-19 11:25:40,376 [4] INFO  SPOS.Requests.Requests - Request sent: http://localhost:5000/getCategories .Result: Success
2021-03-19 11:26:10,200 [17] INFO  SPOS.Requests.Requests - Request sent: http://localhost:5000/checkPassword/123 .Result: Success
2021-03-19 11:26:10,324 [17] INFO  SPOS.Requests.Requests - Request sent: http://localhost:5000/getUserName/123 .Result: Success
2021-03-19 11:26:10,390 [17] INFO  SPOS.Requests.Requests - Request sent: http://localhost:5000/getItemTypes .Result: Success
2021-03-19 11:26:10,654 [17] INFO  SPOS.Requests.Requests - Request sent: http://localhost:5000/getCategories .Result: Success
2021-03-19 11:28:00,895 [9] INFO  SPOS.Requests.Requests - Request sent: http://localhost:5000/checkPassword/123 .Result: Success
2021-03-19 11:28:00,990 [9] INFO  SPOS.Requests.Requests - Request sent: http://localhost:5000/getUserName/123 .Result: Success
2021-03-19 11:28:01,062 [10] INFO  SPOS.Requests.Requests - Request sent: http://localhost:5000/getItemTypes .Result: Success
2021-03-19 11:28:01,354 [10] INFO  SPOS.Requests.Requests - Request sent: http://localhost:5000/getCategories .Result: Success
2021-03-19 11:28:22,525 [14] INFO  SPOS.Requests.Requests - Request sent: http://localhost:5000/checkPassword/123 .Result: Success
2021-03-19 11:28:22,630 [14] INFO  SPOS.Requests.Requests - Request sent: http://localhost:5000/getUserName/123 .Result: Success
2021-03-19 11:28:22,688 [14] INFO  SPOS.Requests.Requests - Request sent: http://localhost:5000/getItemTypes .Result: Success
2021-03-19 11:28:22,993 [14] INFO  SPOS.Requests.Requests - Request sent: http://localhost:5000/getCategories .Result: Success
2021-03-19 11:28:58,699 [18] INFO  SPOS.Requests.Requests - Request sent: http://localhost:5000/checkPassword/123 .Result: Success
2021-03-19 11:28:58,810 [18] INFO  SPOS.Requests.Requests - Request sent: http://localhost:5000/getUserName/123 .Result: Success
2021-03-19 11:28:58,862 [10] INFO  SPOS.Requests.Requests - Request sent: http://localhost:5000/getItemTypes .Result: Success
2021-03-19 11:28:59,117 [10] INFO  SPOS.Requests.Requests - Request sent: http://localhost:5000/getCategories .Result: Success
2021-03-19 11:29:38,497 [4] INFO  SPOS.Requests.Requests - Request sent: http://localhost:5000/checkPassword/123 .Result: Success
2021-03-19 11:29:38,564 [4] INFO  SPOS.Requests.Requests - Request sent: http://localhost:5000/getUserName/123 .Result: Success
2021-03-19 11:29:38,622 [4] INFO  SPOS.Requests.Requests - Request sent: http://localhost:5000/getItemTypes .Result: Success
2021-03-19 11:29:38,878 [4] INFO  SPOS.Requests.Requests - Request sent: http://localhost:5000/getCategories .Result: Success
2021-03-19 11:30:52,722 [13] INFO  SPOS.Requests.Requests - Request sent: http://localhost:5000/checkPassword/123 .Result: Success
2021-03-19 11:30:52,840 [13] INFO  SPOS.Requests.Requests - Request sent: http://localhost:5000/getUserName/123 .Result: Success
2021-03-19 11:30:52,918 [13] INFO  SPOS.Requests.Requests - Request sent: http://localhost:5000/getItemTypes .Result: Success
2021-03-19 11:30:53,379 [13] INFO  SPOS.Requests.Requests - Request sent: http://localhost:5000/getCategories .Result: Success
2021-03-19 11:35:30,143 [9] INFO  SPOS.Requests.Requests - Request sent: http://localhost:5000/checkPassword/123 .Result: Success
2021-03-19 11:35:30,203 [9] INFO  SPOS.Requests.Requests - Request sent: http://localhost:5000/getUserName/123 .Result: Success
2021-03-19 11:35:30,255 [10] INFO  SPOS.Requests.Requests - Request sent: http://localhost:5000/getItemTypes .Result: Success
2021-03-19 11:35:30,525 [10] INFO  SPOS.Requests.Requests - Request sent: http://localhost:5000/getCategories .Result: Success
2021-03-19 11:37:58,256 [4] INFO  SPOS.Requests.Requests - Request sent: http://localhost:5000/checkPassword/123 .Result: Success
2021-03-19 11:37:58,326 [4] INFO  SPOS.Requests.Requests - Request sent: http://localhost:5000/getUserName/123 .Result: Success
2021-03-19 11:37:58,391 [4] INFO  SPOS.Requests.Requests - Request sent: http://localhost:5000/getItemTypes .Result: Success
2021-03-19 11:37:58,629 [4] INFO  SPOS.Requests.Requests - Request sent: http://localhost:5000/getCategories .Result: Success
2021-03-19 11:38:05,873 [4] INFO  SPOS.Requests.Requests - Request sent: http://localhost:5000/getItemTypes .Result: Success
2021-03-19 11:38:05,899 [4] INFO  SPOS.Requests.Requests - Request sent: http://localhost:5000/getCategories .Result: Success
2021-03-19 11:38:30,617 [4] INFO  SPOS.Requests.Requests - Request sent: http://localhost:5000/checkPassword/123 .Result: Success
2021-03-19 11:38:30,711 [4] INFO  SPOS.Requests.Requests - Request sent: http://localhost:5000/getUserName/123 .Result: Success
2021-03-19 11:38:30,803 [5] INFO  SPOS.Requests.Requests - Request sent: http://localhost:5000/getItemTypes .Result: Success
2021-03-19 11:38:31,053 [5] INFO  SPOS.Requests.Requests - Request sent: http://localhost:5000/getCategories .Result: Success
2021-03-19 11:38:32,697 [15] INFO  SPOS.Requests.Requests - Request sent: http://localhost:5000/getItemTypes .Result: Success
2021-03-19 11:38:33,080 [15] INFO  SPOS.Requests.Requests - Request sent: http://localhost:5000/getItems/1 .Result: Success
2021-03-19 11:39:09,473 [9] INFO  SPOS.Requests.Requests - Request sent: http://localhost:5000/checkPassword/123 .Result: Success
2021-03-19 11:39:09,553 [9] INFO  SPOS.Requests.Requests - Request sent: http://localhost:5000/getUserName/123 .Result: Success
2021-03-19 11:39:09,609 [14] INFO  SPOS.Requests.Requests - Request sent: http://localhost:5000/getItemTypes .Result: Success
2021-03-19 11:39:09,894 [14] INFO  SPOS.Requests.Requests - Request sent: http://localhost:5000/getCategories .Result: Success
2021-03-19 11:39:10,923 [12] INFO  SPOS.Requests.Requests - Request sent: http://localhost:5000/getItemTypes .Result: Success
2021-03-19 11:39:10,942 [12] INFO  SPOS.Requests.Requests - Request sent: http://localhost:5000/getItems/1 .Result: Success
2021-03-19 11:40:01,393 [10] INFO  SPOS.Requests.Requests - Request sent: http://localhost:5000/checkPassword/123 .Result: Success
2021-03-19 11:40:01,504 [10] INFO  SPOS.Requests.Requests - Request sent: http://localhost:5000/getUserName/123 .Result: Success
2021-03-19 11:40:01,589 [10] INFO  SPOS.Requests.Requests - Request sent: http://localhost:5000/getItemTypes .Result: Success
2021-03-19 11:40:01,914 [10] INFO  SPOS.Requests.Requests - Request sent: http://localhost:5000/getCategories .Result: Success
2021-03-19 11:40:03,846 [18] INFO  SPOS.Requests.Requests - Request sent: http://localhost:5000/getItemTypes .Result: Success
2021-03-19 11:40:03,867 [18] INFO  SPOS.Requests.Requests - Request sent: http://localhost:5000/getItems/1 .Result: Success
2021-03-19 11:41:34,204 [18] INFO  SPOS.Requests.Requests - Request sent: http://localhost:5000/checkPassword/123 .Result: Success
2021-03-19 11:41:34,261 [18] INFO  SPOS.Requests.Requests - Request sent: http://localhost:5000/getUserName/123 .Result: Success
2021-03-19 11:41:34,309 [4] INFO  SPOS.Requests.Requests - Request sent: http://localhost:5000/getItemTypes .Result: Success
2021-03-19 11:41:34,566 [4] INFO  SPOS.Requests.Requests - Request sent: http://localhost:5000/getCategories .Result: Success
2021-03-19 11:41:36,136 [19] INFO  SPOS.Requests.Requests - Request sent: http://localhost:5000/getItemTypes .Result: Success
2021-03-19 11:41:36,155 [19] INFO  SPOS.Requests.Requests - Request sent: http://localhost:5000/getItems/1 .Result: Success
2021-03-19 11:42:04,035 [14] INFO  SPOS.Requests.Requests - Request sent: http://localhost:5000/checkPassword/123 .Result: Success
2021-03-19 11:42:04,118 [14] INFO  SPOS.Requests.Requests - Request sent: http://localhost:5000/getUserName/123 .Result: Success
2021-03-19 11:42:04,182 [5] INFO  SPOS.Requests.Requests - Request sent: http://localhost:5000/getItemTypes .Result: Success
2021-03-19 11:42:04,507 [5] INFO  SPOS.Requests.Requests - Request sent: http://localhost:5000/getCategories .Result: Success
2021-03-19 11:42:06,260 [14] INFO  SPOS.Requests.Requests - Request sent: http://localhost:5000/getItemTypes .Result: Success
2021-03-19 11:42:06,278 [14] INFO  SPOS.Requests.Requests - Request sent: http://localhost:5000/getItems/1 .Result: Success
2021-03-19 11:42:57,501 [9] INFO  SPOS.Requests.Requests - Request sent: http://localhost:5000/checkPassword/123 .Result: Success
2021-03-19 11:42:57,615 [9] INFO  SPOS.Requests.Requests - Request sent: http://localhost:5000/getUserName/123 .Result: Success
2021-03-19 11:42:57,666 [10] INFO  SPOS.Requests.Requests - Request sent: http://localhost:5000/getItemTypes .Result: Success
2021-03-19 11:42:57,936 [10] INFO  SPOS.Requests.Requests - Request sent: http://localhost:5000/getCategories .Result: Success
2021-03-19 11:43:00,117 [4] INFO  SPOS.Requests.Requests - Request sent: http://localhost:5000/getItemTypes .Result: Success
2021-03-19 11:43:00,139 [4] INFO  SPOS.Requests.Requests - Request sent: http://localhost:5000/getItems/1 .Result: Success
2021-03-19 11:43:26,791 [8] INFO  SPOS.Requests.Requests - Request sent: http://localhost:5000/checkPassword/123 .Result: Success
2021-03-19 11:43:26,877 [8] INFO  SPOS.Requests.Requests - Request sent: http://localhost:5000/getUserName/123 .Result: Success
2021-03-19 11:43:26,957 [10] INFO  SPOS.Requests.Requests - Request sent: http://localhost:5000/getItemTypes .Result: Success
2021-03-19 11:43:27,265 [10] INFO  SPOS.Requests.Requests - Request sent: http://localhost:5000/getCategories .Result: Success
2021-03-19 11:43:31,993 [19] INFO  SPOS.Requests.Requests - Request sent: http://localhost:5000/getItemTypes .Result: Success
2021-03-19 11:43:32,019 [19] INFO  SPOS.Requests.Requests - Request sent: http://localhost:5000/getItems/1 .Result: Success
2021-03-19 11:44:31,311 [5] INFO  SPOS.Requests.Requests - Request sent: http://localhost:5000/checkPassword/123 .Result: Success
2021-03-19 11:44:31,393 [5] INFO  SPOS.Requests.Requests - Request sent: http://localhost:5000/getUserName/123 .Result: Success
2021-03-19 11:44:31,549 [4] INFO  SPOS.Requests.Requests - Request sent: http://localhost:5000/getItemTypes .Result: Success
2021-03-19 11:44:31,955 [4] INFO  SPOS.Requests.Requests - Request sent: http://localhost:5000/getCategories .Result: Success
2021-03-19 11:45:13,592 [7] INFO  SPOS.Requests.Requests - Request sent: http://localhost:5000/checkPassword/123 .Result: Success
2021-03-19 11:45:13,690 [7] INFO  SPOS.Requests.Requests - Request sent: http://localhost:5000/getUserName/123 .Result: Success
2021-03-19 11:45:13,766 [7] INFO  SPOS.Requests.Requests - Request sent: http://localhost:5000/getItemTypes .Result: Success
2021-03-19 11:45:14,115 [7] INFO  SPOS.Requests.Requests - Request sent: http://localhost:5000/getCategories .Result: Success
2021-03-19 11:45:22,077 [21] INFO  SPOS.Requests.Requests - Request sent: http://localhost:5000/getItemTypes .Result: Success
2021-03-19 11:45:22,102 [21] INFO  SPOS.Requests.Requests - Request sent: http://localhost:5000/getCategories .Result: Success
2021-03-19 11:45:31,456 [15] INFO  SPOS.Requests.Requests - Request sent: http://localhost:5000/getItemTypes .Result: Success
2021-03-19 11:45:31,484 [15] INFO  SPOS.Requests.Requests - Request sent: http://localhost:5000/getItems/1 .Result: Success
2021-03-19 11:45:41,230 [21] INFO  SPOS.Requests.Requests - Request sent: http://localhost:5000/getItemTypes .Result: Success
2021-03-19 11:45:41,249 [21] INFO  SPOS.Requests.Requests - Request sent: http://localhost:5000/getCategories .Result: Success
2021-03-19 11:45:41,981 [5] INFO  SPOS.Requests.Requests - Request sent: http://localhost:5000/getItemTypes .Result: Success
2021-03-19 11:45:42,001 [5] INFO  SPOS.Requests.Requests - Request sent: http://localhost:5000/getItems/2 .Result: Success
2021-03-19 11:45:49,388 [4] INFO  SPOS.Requests.Requests - Request sent: http://localhost:5000/getItemTypes .Result: Success
2021-03-19 11:45:49,409 [4] INFO  SPOS.Requests.Requests - Request sent: http://localhost:5000/getCategories .Result: Success
2021-03-19 11:47:36,168 [15] INFO  SPOS.Requests.Requests - Request sent: http://localhost:5000/checkPassword/123 .Result: Success
2021-03-19 11:47:36,276 [15] INFO  SPOS.Requests.Requests - Request sent: http://localhost:5000/getUserName/123 .Result: Success
2021-03-19 11:47:36,333 [15] INFO  SPOS.Requests.Requests - Request sent: http://localhost:5000/getItemTypes .Result: Success
2021-03-19 11:47:36,723 [15] INFO  SPOS.Requests.Requests - Request sent: http://localhost:5000/getCategories .Result: Success
2021-03-19 11:47:38,480 [4] INFO  SPOS.Requests.Requests - Request sent: http://localhost:5000/getItemTypes .Result: Success
2021-03-19 11:47:38,499 [4] INFO  SPOS.Requests.Requests - Request sent: http://localhost:5000/getItems/1 .Result: Success
2021-03-19 11:53:24,308 [19] INFO  SPOS.Requests.Requests - Request sent: http://localhost:5000/checkPassword/123 .Result: Success
2021-03-19 11:53:24,423 [19] INFO  SPOS.Requests.Requests - Request sent: http://localhost:5000/getUserName/123 .Result: Success
2021-03-19 11:53:24,496 [19] INFO  SPOS.Requests.Requests - Request sent: http://localhost:5000/getItemTypes .Result: Success
2021-03-19 11:53:24,864 [19] INFO  SPOS.Requests.Requests - Request sent: http://localhost:5000/getCategories .Result: Success
2021-03-19 11:55:05,547 [5] INFO  SPOS.Requests.Requests - Request sent: http://localhost:5000/checkPassword/123 .Result: Success
2021-03-19 11:55:05,674 [5] INFO  SPOS.Requests.Requests - Request sent: http://localhost:5000/getUserName/123 .Result: Success
2021-03-19 11:55:05,743 [4] INFO  SPOS.Requests.Requests - Request sent: http://localhost:5000/getItemTypes .Result: Success
2021-03-19 11:55:06,118 [4] INFO  SPOS.Requests.Requests - Request sent: http://localhost:5000/getCategories .Result: Success
2021-03-19 11:55:52,368 [4] INFO  SPOS.Requests.Requests - Request sent: http://localhost:5000/checkPassword/123 .Result: Success
2021-03-19 11:55:52,682 [4] INFO  SPOS.Requests.Requests - Request sent: http://localhost:5000/getUserName/123 .Result: Success
2021-03-19 11:55:52,894 [18] INFO  SPOS.Requests.Requests - Request sent: http://localhost:5000/getItemTypes .Result: Success
2021-03-19 11:55:54,078 [18] INFO  SPOS.Requests.Requests - Request sent: http://localhost:5000/getCategories .Result: Success
2021-03-19 11:55:59,423 [19] INFO  SPOS.Requests.Requests - Request sent: http://localhost:5000/getItemTypes .Result: Success
2021-03-19 11:55:59,472 [19] INFO  SPOS.Requests.Requests - Request sent: http://localhost:5000/getCategories .Result: Success
2021-03-19 11:56:00,779 [13] INFO  SPOS.Requests.Requests - Request sent: http://localhost:5000/getItemTypes .Result: Success
2021-03-19 11:56:00,849 [13] INFO  SPOS.Requests.Requests - Request sent: http://localhost:5000/getItems/1 .Result: Success
2021-03-19 12:01:18,624 [5] INFO  SPOS.Requests.Requests - Request sent: http://localhost:5000/checkPassword/123 .Result: Success
2021-03-19 12:01:18,968 [5] INFO  SPOS.Requests.Requests - Request sent: http://localhost:5000/getUserName/123 .Result: Success
2021-03-19 12:01:19,349 [12] INFO  SPOS.Requests.Requests - Request sent: http://localhost:5000/getItemTypes .Result: Success
2021-03-19 12:01:20,517 [12] INFO  SPOS.Requests.Requests - Request sent: http://localhost:5000/getCategories .Result: Success
2021-03-19 12:01:23,220 [7] INFO  SPOS.Requests.Requests - Request sent: http://localhost:5000/getItemTypes .Result: Success
2021-03-19 12:01:23,288 [7] INFO  SPOS.Requests.Requests - Request sent: http://localhost:5000/getItems/1 .Result: Success
2021-03-19 12:02:36,492 [17] INFO  SPOS.Requests.Requests - Request sent: http://localhost:5000/checkPassword/123 .Result: Success
2021-03-19 12:02:36,741 [17] INFO  SPOS.Requests.Requests - Request sent: http://localhost:5000/getUserName/123 .Result: Success
2021-03-19 12:02:36,911 [9] INFO  SPOS.Requests.Requests - Request sent: http://localhost:5000/getItemTypes .Result: Success
2021-03-19 12:02:38,038 [9] INFO  SPOS.Requests.Requests - Request sent: http://localhost:5000/getCategories .Result: Success
2021-03-19 12:02:44,046 [9] INFO  SPOS.Requests.Requests - Request sent: http://localhost:5000/getItemTypes .Result: Success
2021-03-19 12:02:44,120 [9] INFO  SPOS.Requests.Requests - Request sent: http://localhost:5000/getCategories .Result: Success
2021-03-19 12:02:45,653 [17] INFO  SPOS.Requests.Requests - Request sent: http://localhost:5000/getItemTypes .Result: Success
2021-03-19 12:02:45,714 [17] INFO  SPOS.Requests.Requests - Request sent: http://localhost:5000/getItems/1 .Result: Success
2021-03-19 12:04:14,734 [14] INFO  SPOS.Requests.Requests - Request sent: http://localhost:5000/checkPassword/123 .Result: Success
2021-03-19 12:04:15,009 [14] INFO  SPOS.Requests.Requests - Request sent: http://localhost:5000/getUserName/123 .Result: Success
2021-03-19 12:04:15,283 [13] INFO  SPOS.Requests.Requests - Request sent: http://localhost:5000/getItemTypes .Result: Success
2021-03-19 12:04:16,502 [13] INFO  SPOS.Requests.Requests - Request sent: http://localhost:5000/getCategories .Result: Success
2021-03-19 12:04:20,552 [20] INFO  SPOS.Requests.Requests - Request sent: http://localhost:5000/getItemTypes .Result: Success
2021-03-19 12:04:20,714 [20] INFO  SPOS.Requests.Requests - Request sent: http://localhost:5000/getCategories .Result: Success
2021-03-19 12:04:22,446 [5] INFO  SPOS.Requests.Requests - Request sent: http://localhost:5000/getItemTypes .Result: Success
2021-03-19 12:04:22,496 [5] INFO  SPOS.Requests.Requests - Request sent: http://localhost:5000/getItems/1 .Result: Success
2021-03-19 12:05:38,637 [5] INFO  SPOS.Requests.Requests - Request sent: http://localhost:5000/checkPassword/123 .Result: Success
2021-03-19 12:05:38,883 [5] INFO  SPOS.Requests.Requests - Request sent: http://localhost:5000/getUserName/123 .Result: Success
2021-03-19 12:05:39,056 [9] INFO  SPOS.Requests.Requests - Request sent: http://localhost:5000/getItemTypes .Result: Success
2021-03-19 12:05:40,183 [9] INFO  SPOS.Requests.Requests - Request sent: http://localhost:5000/getCategories .Result: Success
2021-03-19 12:06:02,495 [4] INFO  SPOS.Requests.Requests - Request sent: http://localhost:5000/getItemTypes .Result: Success
2021-03-19 12:06:02,633 [4] INFO  SPOS.Requests.Requests - Request sent: http://localhost:5000/getItems/1 .Result: Success
2021-03-19 12:08:32,980 [9] INFO  SPOS.Requests.Requests - Request sent: http://localhost:5000/checkPassword/123 .Result: Success
2021-03-19 12:08:33,240 [9] INFO  SPOS.Requests.Requests - Request sent: http://localhost:5000/getUserName/123 .Result: Success
2021-03-19 12:08:33,482 [22] INFO  SPOS.Requests.Requests - Request sent: http://localhost:5000/getItemTypes .Result: Success
2021-03-19 12:08:34,606 [22] INFO  SPOS.Requests.Requests - Request sent: http://localhost:5000/getCategories .Result: Success
2021-03-19 12:09:51,709 [5] INFO  SPOS.Requests.Requests - Request sent: http://localhost:5000/checkPassword/123 .Result: Success
2021-03-19 12:09:51,969 [5] INFO  SPOS.Requests.Requests - Request sent: http://localhost:5000/getUserName/123 .Result: Success
2021-03-19 12:09:52,352 [5] INFO  SPOS.Requests.Requests - Request sent: http://localhost:5000/getItemTypes .Result: Success
2021-03-19 12:09:53,554 [5] INFO  SPOS.Requests.Requests - Request sent: http://localhost:5000/getCategories .Result: Success
2021-03-19 12:11:15,246 [6] INFO  SPOS.Requests.Requests - Request sent: http://localhost:5000/checkPassword/123 .Result: Success
2021-03-19 12:11:15,573 [6] INFO  SPOS.Requests.Requests - Request sent: http://localhost:5000/getUserName/123 .Result: Success
2021-03-19 12:11:15,785 [15] INFO  SPOS.Requests.Requests - Request sent: http://localhost:5000/getItemTypes .Result: Success
2021-03-19 12:11:17,189 [15] INFO  SPOS.Requests.Requests - Request sent: http://localhost:5000/getCategories .Result: Success
2021-03-19 12:16:53,491 [14] INFO  SPOS.Requests.Requests - Request sent: http://localhost:5000/checkPassword/123 .Result: Success
2021-03-19 12:16:53,732 [14] INFO  SPOS.Requests.Requests - Request sent: http://localhost:5000/getUserName/123 .Result: Success
2021-03-19 12:16:53,931 [14] INFO  SPOS.Requests.Requests - Request sent: http://localhost:5000/getItemTypes .Result: Success
2021-03-19 12:16:55,009 [14] INFO  SPOS.Requests.Requests - Request sent: http://localhost:5000/getCategories .Result: Success
2021-03-19 12:16:58,104 [19] INFO  SPOS.Requests.Requests - Request sent: http://localhost:5000/getItemTypes .Result: Success
2021-03-19 12:16:58,157 [19] INFO  SPOS.Requests.Requests - Request sent: http://localhost:5000/getItems/1 .Result: Success
2021-03-19 12:18:56,463 [20] INFO  SPOS.Requests.Requests - Request sent: http://localhost:5000/checkPassword/123 .Result: Success
2021-03-19 12:18:56,803 [20] INFO  SPOS.Requests.Requests - Request sent: http://localhost:5000/getUserName/123 .Result: Success
2021-03-19 12:18:57,021 [12] INFO  SPOS.Requests.Requests - Request sent: http://localhost:5000/getItemTypes .Result: Success
2021-03-19 12:18:58,133 [12] INFO  SPOS.Requests.Requests - Request sent: http://localhost:5000/getCategories .Result: Success
2021-03-19 12:19:00,763 [20] INFO  SPOS.Requests.Requests - Request sent: http://localhost:5000/getItemTypes .Result: Success
2021-03-19 12:19:00,825 [20] INFO  SPOS.Requests.Requests - Request sent: http://localhost:5000/getItems/1 .Result: Success
2021-03-19 12:20:50,417 [4] INFO  SPOS.Requests.Requests - Request sent: http://localhost:5000/checkPassword/123 .Result: Success
2021-03-19 12:20:50,648 [4] INFO  SPOS.Requests.Requests - Request sent: http://localhost:5000/getUserName/123 .Result: Success
2021-03-19 12:20:51,279 [4] INFO  SPOS.Requests.Requests - Request sent: http://localhost:5000/getItemTypes .Result: Success
2021-03-19 12:20:52,517 [4] INFO  SPOS.Requests.Requests - Request sent: http://localhost:5000/getCategories .Result: Success
2021-03-19 12:20:55,037 [13] INFO  SPOS.Requests.Requests - Request sent: http://localhost:5000/getItemTypes .Result: Success
2021-03-19 12:20:55,095 [13] INFO  SPOS.Requests.Requests - Request sent: http://localhost:5000/getItems/1 .Result: Success
2021-03-19 12:23:09,416 [7] INFO  SPOS.Requests.Requests - Request sent: http://localhost:5000/checkPassword/123 .Result: Success
2021-03-19 12:23:09,651 [7] INFO  SPOS.Requests.Requests - Request sent: http://localhost:5000/getUserName/123 .Result: Success
2021-03-19 12:23:09,816 [13] INFO  SPOS.Requests.Requests - Request sent: http://localhost:5000/getItemTypes .Result: Success
2021-03-19 12:23:11,103 [13] INFO  SPOS.Requests.Requests - Request sent: http://localhost:5000/getCategories .Result: Success
2021-03-19 12:23:13,348 [17] INFO  SPOS.Requests.Requests - Request sent: http://localhost:5000/getItemTypes .Result: Success
2021-03-19 12:23:13,400 [17] INFO  SPOS.Requests.Requests - Request sent: http://localhost:5000/getItems/1 .Result: Success
2021-03-19 12:26:01,945 [10] INFO  SPOS.Requests.Requests - Request sent: http://localhost:5000/checkPassword/123 .Result: Success
2021-03-19 12:26:02,192 [10] INFO  SPOS.Requests.Requests - Request sent: http://localhost:5000/getUserName/123 .Result: Success
2021-03-19 12:26:02,405 [10] INFO  SPOS.Requests.Requests - Request sent: http://localhost:5000/getItemTypes .Result: Success
2021-03-19 12:26:04,187 [10] INFO  SPOS.Requests.Requests - Request sent: http://localhost:5000/getCategories .Result: Success
2021-03-19 12:26:06,157 [15] INFO  SPOS.Requests.Requests - Request sent: http://localhost:5000/getItemTypes .Result: Success
2021-03-19 12:26:06,209 [15] INFO  SPOS.Requests.Requests - Request sent: http://localhost:5000/getItems/1 .Result: Success
2021-03-19 12:27:30,556 [4] INFO  SPOS.Requests.Requests - Request sent: http://localhost:5000/checkPassword/123 .Result: Success
2021-03-19 12:27:30,782 [4] INFO  SPOS.Requests.Requests - Request sent: http://localhost:5000/getUserName/123 .Result: Success
2021-03-19 12:27:31,003 [5] INFO  SPOS.Requests.Requests - Request sent: http://localhost:5000/getItemTypes .Result: Success
2021-03-19 12:27:32,294 [5] INFO  SPOS.Requests.Requests - Request sent: http://localhost:5000/getCategories .Result: Success
2021-03-19 12:27:37,054 [19] INFO  SPOS.Requests.Requests - Request sent: http://localhost:5000/getItemTypes .Result: Success
2021-03-19 12:27:37,100 [19] INFO  SPOS.Requests.Requests - Request sent: http://localhost:5000/getCategories .Result: Success
2021-03-19 12:27:38,303 [18] INFO  SPOS.Requests.Requests - Request sent: http://localhost:5000/getItemTypes .Result: Success
2021-03-19 12:27:38,356 [18] INFO  SPOS.Requests.Requests - Request sent: http://localhost:5000/getItems/1 .Result: Success
2021-03-19 12:30:01,322 [5] INFO  SPOS.Requests.Requests - Request sent: http://localhost:5000/checkPassword/123 .Result: Success
2021-03-19 12:30:01,529 [5] INFO  SPOS.Requests.Requests - Request sent: http://localhost:5000/getUserName/123 .Result: Success
2021-03-19 12:30:01,761 [10] INFO  SPOS.Requests.Requests - Request sent: http://localhost:5000/getItemTypes .Result: Success
2021-03-19 12:30:03,036 [10] INFO  SPOS.Requests.Requests - Request sent: http://localhost:5000/getCategories .Result: Success
2021-03-19 12:30:05,495 [10] INFO  SPOS.Requests.Requests - Request sent: http://localhost:5000/getItemTypes .Result: Success
2021-03-19 12:30:05,560 [10] INFO  SPOS.Requests.Requests - Request sent: http://localhost:5000/getItems/1 .Result: Success
2021-03-19 12:33:25,047 [9] INFO  SPOS.Requests.Requests - Request sent: http://localhost:5000/checkPassword/123 .Result: Success
2021-03-19 12:33:25,161 [9] INFO  SPOS.Requests.Requests - Request sent: http://localhost:5000/getUserName/123 .Result: Success
2021-03-19 12:33:25,249 [9] INFO  SPOS.Requests.Requests - Request sent: http://localhost:5000/getItemTypes .Result: Success
2021-03-19 12:33:25,748 [9] INFO  SPOS.Requests.Requests - Request sent: http://localhost:5000/getCategories .Result: Success
2021-03-19 12:33:34,494 [5] INFO  SPOS.Requests.Requests - Request sent: http://localhost:5000/getItemTypes .Result: Success
2021-03-19 12:33:34,527 [5] INFO  SPOS.Requests.Requests - Request sent: http://localhost:5000/getItems/1 .Result: Success
2021-03-19 12:34:13,810 [9] INFO  SPOS.Requests.Requests - Request sent: http://localhost:5000/checkPassword/123 .Result: Success
2021-03-19 12:34:13,945 [9] INFO  SPOS.Requests.Requests - Request sent: http://localhost:5000/getUserName/123 .Result: Success
2021-03-19 12:34:14,033 [5] INFO  SPOS.Requests.Requests - Request sent: http://localhost:5000/getItemTypes .Result: Success
2021-03-19 12:34:14,567 [5] INFO  SPOS.Requests.Requests - Request sent: http://localhost:5000/getCategories .Result: Success
2021-03-19 12:34:16,754 [13] INFO  SPOS.Requests.Requests - Request sent: http://localhost:5000/getItemTypes .Result: Success
2021-03-19 12:34:16,787 [13] INFO  SPOS.Requests.Requests - Request sent: http://localhost:5000/getItems/1 .Result: Success
2021-03-19 12:39:24,509 [10] INFO  SPOS.Requests.Requests - Request sent: http://localhost:5000/checkPassword/123 .Result: Success
2021-03-19 12:39:24,658 [10] INFO  SPOS.Requests.Requests - Request sent: http://localhost:5000/getUserName/123 .Result: Success
2021-03-19 12:39:24,746 [13] INFO  SPOS.Requests.Requests - Request sent: http://localhost:5000/getItemTypes .Result: Success
2021-03-19 12:39:25,254 [13] INFO  SPOS.Requests.Requests - Request sent: http://localhost:5000/getCategories .Result: Success
2021-03-19 12:39:26,475 [23] INFO  SPOS.Requests.Requests - Request sent: http://localhost:5000/getItemTypes .Result: Success
2021-03-19 12:39:26,501 [23] INFO  SPOS.Requests.Requests - Request sent: http://localhost:5000/getItems/1 .Result: Success
2021-03-19 12:42:22,534 [9] INFO  SPOS.Requests.Requests - Request sent: http://localhost:5000/checkPassword/123 .Result: Success
2021-03-19 12:42:22,652 [9] INFO  SPOS.Requests.Requests - Request sent: http://localhost:5000/getUserName/123 .Result: Success
2021-03-19 12:42:22,764 [5] INFO  SPOS.Requests.Requests - Request sent: http://localhost:5000/getItemTypes .Result: Success
2021-03-19 12:42:23,324 [5] INFO  SPOS.Requests.Requests - Request sent: http://localhost:5000/getCategories .Result: Success
2021-03-19 12:42:25,360 [9] INFO  SPOS.Requests.Requests - Request sent: http://localhost:5000/getItemTypes .Result: Success
2021-03-19 12:42:25,392 [9] INFO  SPOS.Requests.Requests - Request sent: http://localhost:5000/getItems/1 .Result: Success
2021-03-19 12:43:23,383 [4] INFO  SPOS.Requests.Requests - Request sent: http://localhost:5000/checkPassword/123 .Result: Success
2021-03-19 12:43:23,517 [4] INFO  SPOS.Requests.Requests - Request sent: http://localhost:5000/getUserName/123 .Result: Success
2021-03-19 12:43:23,609 [4] INFO  SPOS.Requests.Requests - Request sent: http://localhost:5000/getItemTypes .Result: Success
2021-03-19 12:43:24,196 [4] INFO  SPOS.Requests.Requests - Request sent: http://localhost:5000/getCategories .Result: Success
2021-03-19 12:43:25,488 [14] INFO  SPOS.Requests.Requests - Request sent: http://localhost:5000/getItemTypes .Result: Success
2021-03-19 12:43:25,524 [14] INFO  SPOS.Requests.Requests - Request sent: http://localhost:5000/getItems/1 .Result: Success
2021-03-19 12:44:46,265 [4] INFO  SPOS.Requests.Requests - Request sent: http://localhost:5000/checkPassword/123 .Result: Success
2021-03-19 12:44:46,376 [4] INFO  SPOS.Requests.Requests - Request sent: http://localhost:5000/getUserName/123 .Result: Success
2021-03-19 12:44:46,468 [4] INFO  SPOS.Requests.Requests - Request sent: http://localhost:5000/getItemTypes .Result: Success
2021-03-19 12:44:47,054 [4] INFO  SPOS.Requests.Requests - Request sent: http://localhost:5000/getCategories .Result: Success
2021-03-19 12:44:48,957 [21] INFO  SPOS.Requests.Requests - Request sent: http://localhost:5000/getItemTypes .Result: Success
2021-03-19 12:44:48,993 [21] INFO  SPOS.Requests.Requests - Request sent: http://localhost:5000/getItems/1 .Result: Success
2021-03-19 12:56:22,374 [7] INFO  SPOS.Requests.Requests - Request sent: http://localhost:5000/checkPassword/123 .Result: Success
2021-03-19 12:56:22,485 [7] INFO  SPOS.Requests.Requests - Request sent: http://localhost:5000/getUserName/123 .Result: Success
2021-03-19 12:56:22,583 [6] INFO  SPOS.Requests.Requests - Request sent: http://localhost:5000/getItemTypes .Result: Success
2021-03-19 12:56:23,095 [6] INFO  SPOS.Requests.Requests - Request sent: http://localhost:5000/getCategories .Result: Success
2021-03-19 12:56:24,582 [10] INFO  SPOS.Requests.Requests - Request sent: http://localhost:5000/getItemTypes .Result: Success
2021-03-19 12:56:24,609 [10] INFO  SPOS.Requests.Requests - Request sent: http://localhost:5000/getItems/1 .Result: Success
2021-03-19 12:58:18,539 [13] INFO  SPOS.Requests.Requests - Request sent: http://localhost:5000/checkPassword/123 .Result: Success
2021-03-19 12:58:18,674 [13] INFO  SPOS.Requests.Requests - Request sent: http://localhost:5000/getUserName/123 .Result: Success
2021-03-19 12:58:18,770 [13] INFO  SPOS.Requests.Requests - Request sent: http://localhost:5000/getItemTypes .Result: Success
2021-03-19 12:58:19,291 [13] INFO  SPOS.Requests.Requests - Request sent: http://localhost:5000/getCategories .Result: Success
2021-03-19 12:58:20,833 [9] INFO  SPOS.Requests.Requests - Request sent: http://localhost:5000/getItemTypes .Result: Success
2021-03-19 12:58:20,860 [9] INFO  SPOS.Requests.Requests - Request sent: http://localhost:5000/getItems/1 .Result: Success
2021-03-19 12:58:55,718 [6] INFO  SPOS.Requests.Requests - Request sent: http://localhost:5000/checkPassword/123 .Result: Success
2021-03-19 12:58:55,832 [6] INFO  SPOS.Requests.Requests - Request sent: http://localhost:5000/getUserName/123 .Result: Success
2021-03-19 12:58:55,915 [6] INFO  SPOS.Requests.Requests - Request sent: http://localhost:5000/getItemTypes .Result: Success
2021-03-19 12:58:56,496 [6] INFO  SPOS.Requests.Requests - Request sent: http://localhost:5000/getCategories .Result: Success
2021-03-19 12:58:57,789 [9] INFO  SPOS.Requests.Requests - Request sent: http://localhost:5000/getItemTypes .Result: Success
2021-03-19 12:58:57,824 [9] INFO  SPOS.Requests.Requests - Request sent: http://localhost:5000/getItems/1 .Result: Success
2021-03-19 12:59:35,394 [14] INFO  SPOS.Requests.Requests - Request sent: http://localhost:5000/checkPassword/123 .Result: Success
2021-03-19 12:59:35,529 [14] INFO  SPOS.Requests.Requests - Request sent: http://localhost:5000/getUserName/123 .Result: Success
2021-03-19 12:59:35,621 [9] INFO  SPOS.Requests.Requests - Request sent: http://localhost:5000/getItemTypes .Result: Success
2021-03-19 12:59:36,156 [9] INFO  SPOS.Requests.Requests - Request sent: http://localhost:5000/getCategories .Result: Success
2021-03-19 12:59:38,340 [4] INFO  SPOS.Requests.Requests - Request sent: http://localhost:5000/getItemTypes .Result: Success
2021-03-19 12:59:38,363 [4] INFO  SPOS.Requests.Requests - Request sent: http://localhost:5000/getItems/1 .Result: Success
2021-03-19 13:01:36,907 [13] INFO  SPOS.Requests.Requests - Request sent: http://localhost:5000/checkPassword/123 .Result: Success
2021-03-19 13:01:37,069 [13] INFO  SPOS.Requests.Requests - Request sent: http://localhost:5000/getUserName/123 .Result: Success
2021-03-19 13:01:37,266 [13] INFO  SPOS.Requests.Requests - Request sent: http://localhost:5000/getItemTypes .Result: Success
2021-03-19 13:01:37,850 [13] INFO  SPOS.Requests.Requests - Request sent: http://localhost:5000/getCategories .Result: Success
2021-03-19 13:01:39,080 [19] INFO  SPOS.Requests.Requests - Request sent: http://localhost:5000/getItemTypes .Result: Success
2021-03-19 13:01:39,107 [19] INFO  SPOS.Requests.Requests - Request sent: http://localhost:5000/getItems/1 .Result: Success
2021-03-19 13:04:15,079 [14] INFO  SPOS.Requests.Requests - Request sent: http://localhost:5000/checkPassword/123 .Result: Success
2021-03-19 13:04:15,243 [14] INFO  SPOS.Requests.Requests - Request sent: http://localhost:5000/getUserName/123 .Result: Success
2021-03-19 13:04:15,378 [5] INFO  SPOS.Requests.Requests - Request sent: http://localhost:5000/getItemTypes .Result: Success
2021-03-19 13:04:15,941 [5] INFO  SPOS.Requests.Requests - Request sent: http://localhost:5000/getCategories .Result: Success
2021-03-19 13:04:17,216 [22] INFO  SPOS.Requests.Requests - Request sent: http://localhost:5000/getItemTypes .Result: Success
2021-03-19 13:04:17,249 [22] INFO  SPOS.Requests.Requests - Request sent: http://localhost:5000/getItems/1 .Result: Success
2021-03-19 13:05:08,391 [5] INFO  SPOS.Requests.Requests - Request sent: http://localhost:5000/checkPassword/123 .Result: Success
2021-03-19 13:05:08,526 [5] INFO  SPOS.Requests.Requests - Request sent: http://localhost:5000/getUserName/123 .Result: Success
2021-03-19 13:05:08,628 [5] INFO  SPOS.Requests.Requests - Request sent: http://localhost:5000/getItemTypes .Result: Success
2021-03-19 13:05:09,176 [5] INFO  SPOS.Requests.Requests - Request sent: http://localhost:5000/getCategories .Result: Success
2021-03-19 13:05:10,863 [14] INFO  SPOS.Requests.Requests - Request sent: http://localhost:5000/getItemTypes .Result: Success
2021-03-19 13:05:10,894 [14] INFO  SPOS.Requests.Requests - Request sent: http://localhost:5000/getItems/1 .Result: Success
2021-03-19 13:05:48,528 [9] INFO  SPOS.Requests.Requests - Request sent: http://localhost:5000/checkPassword/123 .Result: Success
2021-03-19 13:05:48,676 [9] INFO  SPOS.Requests.Requests - Request sent: http://localhost:5000/getUserName/123 .Result: Success
2021-03-19 13:05:48,781 [5] INFO  SPOS.Requests.Requests - Request sent: http://localhost:5000/getItemTypes .Result: Success
2021-03-19 13:05:49,353 [5] INFO  SPOS.Requests.Requests - Request sent: http://localhost:5000/getCategories .Result: Success
2021-03-19 13:05:50,475 [10] INFO  SPOS.Requests.Requests - Request sent: http://localhost:5000/getItemTypes .Result: Success
2021-03-19 13:05:50,500 [10] INFO  SPOS.Requests.Requests - Request sent: http://localhost:5000/getItems/1 .Result: Success
2021-03-19 13:06:38,616 [4] INFO  SPOS.Requests.Requests - Request sent: http://localhost:5000/checkPassword/123 .Result: Success
2021-03-19 13:06:38,767 [4] INFO  SPOS.Requests.Requests - Request sent: http://localhost:5000/getUserName/123 .Result: Success
2021-03-19 13:06:38,864 [22] INFO  SPOS.Requests.Requests - Request sent: http://localhost:5000/getItemTypes .Result: Success
2021-03-19 13:06:39,379 [22] INFO  SPOS.Requests.Requests - Request sent: http://localhost:5000/getCategories .Result: Success
2021-03-19 13:06:40,621 [8] INFO  SPOS.Requests.Requests - Request sent: http://localhost:5000/getItemTypes .Result: Success
2021-03-19 13:06:40,649 [8] INFO  SPOS.Requests.Requests - Request sent: http://localhost:5000/getItems/1 .Result: Success
2021-03-19 13:13:33,695 [4] INFO  SPOS.Requests.Requests - Request sent: http://localhost:5000/checkPassword/123 .Result: Success
2021-03-19 13:13:34,037 [4] INFO  SPOS.Requests.Requests - Request sent: http://localhost:5000/getUserName/123 .Result: Success
2021-03-19 13:13:34,128 [4] INFO  SPOS.Requests.Requests - Request sent: http://localhost:5000/getItemTypes .Result: Success
2021-03-19 13:13:34,621 [4] INFO  SPOS.Requests.Requests - Request sent: http://localhost:5000/getCategories .Result: Success
2021-03-19 13:13:35,905 [9] INFO  SPOS.Requests.Requests - Request sent: http://localhost:5000/getItemTypes .Result: Success
2021-03-19 13:13:35,929 [9] INFO  SPOS.Requests.Requests - Request sent: http://localhost:5000/getItems/1 .Result: Success
2021-03-19 13:15:05,983 [8] INFO  SPOS.Requests.Requests - Request sent: http://localhost:5000/checkPassword/123 .Result: Success
2021-03-19 13:15:06,094 [8] INFO  SPOS.Requests.Requests - Request sent: http://localhost:5000/getUserName/123 .Result: Success
2021-03-19 13:15:06,174 [10] INFO  SPOS.Requests.Requests - Request sent: http://localhost:5000/getItemTypes .Result: Success
2021-03-19 13:15:06,698 [10] INFO  SPOS.Requests.Requests - Request sent: http://localhost:5000/getCategories .Result: Success
2021-03-19 13:15:08,090 [6] INFO  SPOS.Requests.Requests - Request sent: http://localhost:5000/getItemTypes .Result: Success
2021-03-19 13:15:08,115 [6] INFO  SPOS.Requests.Requests - Request sent: http://localhost:5000/getItems/1 .Result: Success
2021-03-19 13:16:24,686 [4] INFO  SPOS.Requests.Requests - Request sent: http://localhost:5000/checkPassword/123 .Result: Success
2021-03-19 13:16:24,839 [4] INFO  SPOS.Requests.Requests - Request sent: http://localhost:5000/getUserName/123 .Result: Success
2021-03-19 13:16:24,959 [13] INFO  SPOS.Requests.Requests - Request sent: http://localhost:5000/getItemTypes .Result: Success
2021-03-19 13:16:25,543 [13] INFO  SPOS.Requests.Requests - Request sent: http://localhost:5000/getCategories .Result: Success
2021-03-19 13:16:27,004 [14] INFO  SPOS.Requests.Requests - Request sent: http://localhost:5000/getItemTypes .Result: Success
2021-03-19 13:16:27,031 [14] INFO  SPOS.Requests.Requests - Request sent: http://localhost:5000/getItems/1 .Result: Success
2021-03-19 13:19:46,075 [5] INFO  SPOS.Requests.Requests - Request sent: http://localhost:5000/checkPassword/123 .Result: Success
2021-03-19 13:19:46,227 [5] INFO  SPOS.Requests.Requests - Request sent: http://localhost:5000/getUserName/123 .Result: Success
2021-03-19 13:19:46,347 [12] INFO  SPOS.Requests.Requests - Request sent: http://localhost:5000/getItemTypes .Result: Success
2021-03-19 13:19:47,035 [12] INFO  SPOS.Requests.Requests - Request sent: http://localhost:5000/getCategories .Result: Success
2021-03-19 13:19:48,179 [17] INFO  SPOS.Requests.Requests - Request sent: http://localhost:5000/getItemTypes .Result: Success
2021-03-19 13:19:48,209 [17] INFO  SPOS.Requests.Requests - Request sent: http://localhost:5000/getItems/1 .Result: Success
2021-03-19 13:22:07,048 [20] INFO  SPOS.Requests.Requests - Request sent: http://localhost:5000/checkPassword/123 .Result: Success
2021-03-19 13:22:07,180 [20] INFO  SPOS.Requests.Requests - Request sent: http://localhost:5000/getUserName/123 .Result: Success
2021-03-19 13:22:07,286 [20] INFO  SPOS.Requests.Requests - Request sent: http://localhost:5000/getItemTypes .Result: Success
2021-03-19 13:22:07,847 [20] INFO  SPOS.Requests.Requests - Request sent: http://localhost:5000/getCategories .Result: Success
2021-03-19 13:22:09,593 [4] INFO  SPOS.Requests.Requests - Request sent: http://localhost:5000/getItemTypes .Result: Success
2021-03-19 13:22:09,629 [4] INFO  SPOS.Requests.Requests - Request sent: http://localhost:5000/getItems/1 .Result: Success
2021-03-19 13:23:49,736 [16] INFO  SPOS.Requests.Requests - Request sent: http://localhost:5000/checkPassword/123 .Result: Success
2021-03-19 13:23:49,925 [16] INFO  SPOS.Requests.Requests - Request sent: http://localhost:5000/getUserName/123 .Result: Success
2021-03-19 13:23:50,077 [20] INFO  SPOS.Requests.Requests - Request sent: http://localhost:5000/getItemTypes .Result: Success
2021-03-19 13:23:50,681 [20] INFO  SPOS.Requests.Requests - Request sent: http://localhost:5000/getCategories .Result: Success
2021-03-19 13:23:51,977 [10] INFO  SPOS.Requests.Requests - Request sent: http://localhost:5000/getItemTypes .Result: Success
2021-03-19 13:23:51,999 [10] INFO  SPOS.Requests.Requests - Request sent: http://localhost:5000/getItems/1 .Result: Success
2021-03-19 13:24:26,246 [10] INFO  SPOS.Requests.Requests - Request sent: http://localhost:5000/checkPassword/123 .Result: Success
2021-03-19 13:24:26,394 [10] INFO  SPOS.Requests.Requests - Request sent: http://localhost:5000/getUserName/123 .Result: Success
2021-03-19 13:24:26,545 [10] INFO  SPOS.Requests.Requests - Request sent: http://localhost:5000/getItemTypes .Result: Success
2021-03-19 13:24:27,116 [10] INFO  SPOS.Requests.Requests - Request sent: http://localhost:5000/getCategories .Result: Success
2021-03-19 13:24:28,347 [4] INFO  SPOS.Requests.Requests - Request sent: http://localhost:5000/getItemTypes .Result: Success
2021-03-19 13:24:28,373 [4] INFO  SPOS.Requests.Requests - Request sent: http://localhost:5000/getItems/1 .Result: Success
2021-03-19 13:26:47,079 [13] INFO  SPOS.Requests.Requests - Request sent: http://localhost:5000/checkPassword/123 .Result: Success
2021-03-19 13:26:47,211 [13] INFO  SPOS.Requests.Requests - Request sent: http://localhost:5000/getUserName/123 .Result: Success
2021-03-19 13:26:47,301 [9] INFO  SPOS.Requests.Requests - Request sent: http://localhost:5000/getItemTypes .Result: Success
2021-03-19 13:26:47,952 [9] INFO  SPOS.Requests.Requests - Request sent: http://localhost:5000/getCategories .Result: Success
2021-03-19 13:26:49,163 [13] INFO  SPOS.Requests.Requests - Request sent: http://localhost:5000/getItemTypes .Result: Success
2021-03-19 13:26:49,189 [13] INFO  SPOS.Requests.Requests - Request sent: http://localhost:5000/getItems/1 .Result: Success
2021-03-19 13:27:01,994 [10] INFO  SPOS.Requests.Requests - Request sent: http://localhost:5000/checkPassword/123 .Result: Success
2021-03-19 13:27:02,036 [10] INFO  SPOS.Requests.Requests - Request sent: http://localhost:5000/getUserName/123 .Result: Success
2021-03-19 13:27:02,072 [10] INFO  SPOS.Requests.Requests - Request sent: http://localhost:5000/getItemTypes .Result: Success
2021-03-19 13:27:02,097 [10] INFO  SPOS.Requests.Requests - Request sent: http://localhost:5000/getCategories .Result: Success
2021-03-19 13:27:03,240 [14] INFO  SPOS.Requests.Requests - Request sent: http://localhost:5000/getItemTypes .Result: Success
2021-03-19 13:27:03,272 [14] INFO  SPOS.Requests.Requests - Request sent: http://localhost:5000/getItems/4 .Result: Success
2021-03-19 13:27:12,233 [13] INFO  SPOS.Requests.Requests - Request sent: http://localhost:5000/checkPassword/123 .Result: Success
2021-03-19 13:27:12,262 [13] INFO  SPOS.Requests.Requests - Request sent: http://localhost:5000/getUserName/123 .Result: Success
2021-03-19 13:27:12,301 [13] INFO  SPOS.Requests.Requests - Request sent: http://localhost:5000/getItemTypes .Result: Success
2021-03-19 13:27:12,340 [13] INFO  SPOS.Requests.Requests - Request sent: http://localhost:5000/getCategories .Result: Success
2021-03-19 13:27:13,236 [10] INFO  SPOS.Requests.Requests - Request sent: http://localhost:5000/getItemTypes .Result: Success
2021-03-19 13:27:13,260 [10] INFO  SPOS.Requests.Requests - Request sent: http://localhost:5000/getItems/2 .Result: Success
2021-03-19 13:27:21,310 [14] INFO  SPOS.Requests.Requests - Request sent: http://localhost:5000/checkPassword/123 .Result: Success
2021-03-19 13:27:21,348 [14] INFO  SPOS.Requests.Requests - Request sent: http://localhost:5000/getUserName/123 .Result: Success
2021-03-19 13:27:21,396 [20] INFO  SPOS.Requests.Requests - Request sent: http://localhost:5000/getItemTypes .Result: Success
2021-03-19 13:27:21,432 [20] INFO  SPOS.Requests.Requests - Request sent: http://localhost:5000/getCategories .Result: Success
2021-03-19 13:27:22,221 [23] INFO  SPOS.Requests.Requests - Request sent: http://localhost:5000/getItemTypes .Result: Success
2021-03-19 13:27:22,253 [23] INFO  SPOS.Requests.Requests - Request sent: http://localhost:5000/getItems/1 .Result: Success
2021-03-19 13:29:10,841 [4] INFO  SPOS.Requests.Requests - Request sent: http://localhost:5000/checkPassword/123 .Result: Success
2021-03-19 13:29:10,952 [4] INFO  SPOS.Requests.Requests - Request sent: http://localhost:5000/getUserName/123 .Result: Success
2021-03-19 13:29:11,043 [9] INFO  SPOS.Requests.Requests - Request sent: http://localhost:5000/getItemTypes .Result: Success
2021-03-19 13:29:11,553 [9] INFO  SPOS.Requests.Requests - Request sent: http://localhost:5000/getCategories .Result: Success
2021-03-19 13:29:13,410 [5] INFO  SPOS.Requests.Requests - Request sent: http://localhost:5000/getItemTypes .Result: Success
2021-03-19 13:29:13,447 [5] INFO  SPOS.Requests.Requests - Request sent: http://localhost:5000/getItems/1 .Result: Success
2021-03-19 13:29:14,700 [20] INFO  SPOS.Requests.Requests - Request sent: http://localhost:5000/getItemTypes .Result: Success
2021-03-19 13:29:14,740 [20] INFO  SPOS.Requests.Requests - Request sent: http://localhost:5000/getCategories .Result: Success
2021-03-19 13:29:16,293 [5] INFO  SPOS.Requests.Requests - Request sent: http://localhost:5000/getItemTypes .Result: Success
2021-03-19 13:29:16,317 [5] INFO  SPOS.Requests.Requests - Request sent: http://localhost:5000/getItems/1 .Result: Success
2021-03-19 13:29:18,211 [5] INFO  SPOS.Requests.Requests - Request sent: http://localhost:5000/getItemTypes .Result: Success
2021-03-19 13:29:18,236 [5] INFO  SPOS.Requests.Requests - Request sent: http://localhost:5000/getCategories .Result: Success
2021-03-19 13:29:20,454 [9] INFO  SPOS.Requests.Requests - Request sent: http://localhost:5000/getItemTypes .Result: Success
2021-03-19 13:29:20,476 [9] INFO  SPOS.Requests.Requests - Request sent: http://localhost:5000/getItems/4 .Result: Success
2021-03-19 13:29:22,239 [16] INFO  SPOS.Requests.Requests - Request sent: http://localhost:5000/getItemTypes .Result: Success
2021-03-19 13:29:22,266 [16] INFO  SPOS.Requests.Requests - Request sent: http://localhost:5000/getCategories .Result: Success
2021-03-19 13:52:04,221 [5] INFO  SPOS.Requests.Requests - Request sent: http://localhost:5000/checkPassword/123 .Result: Success
2021-03-19 13:52:04,337 [5] INFO  SPOS.Requests.Requests - Request sent: http://localhost:5000/getUserName/123 .Result: Success
2021-03-19 13:52:04,502 [9] INFO  SPOS.Requests.Requests - Request sent: http://localhost:5000/getItemTypes .Result: Success
2021-03-19 13:52:05,140 [9] INFO  SPOS.Requests.Requests - Request sent: http://localhost:5000/getCategories .Result: Success
2021-03-19 13:52:07,648 [9] INFO  SPOS.Requests.Requests - Request sent: http://localhost:5000/getItemTypes .Result: Success
2021-03-19 13:52:07,676 [9] INFO  SPOS.Requests.Requests - Request sent: http://localhost:5000/getItems/1 .Result: Success
2021-03-19 13:52:12,055 [9] INFO  SPOS.Requests.Requests - Request sent: http://localhost:5000/getItemTypes .Result: Success
2021-03-19 13:52:12,081 [9] INFO  SPOS.Requests.Requests - Request sent: http://localhost:5000/getCategories .Result: Success
2021-03-19 13:52:17,961 [5] INFO  SPOS.Requests.Requests - Request sent: http://localhost:5000/getItemTypes .Result: Success
2021-03-19 13:52:17,987 [5] INFO  SPOS.Requests.Requests - Request sent: http://localhost:5000/getItems/1 .Result: Success
2021-03-19 13:52:24,218 [5] INFO  SPOS.Requests.Requests - Request sent: http://localhost:5000/getItemTypes .Result: Success
2021-03-19 13:52:24,253 [5] INFO  SPOS.Requests.Requests - Request sent: http://localhost:5000/getCategories .Result: Success
2021-03-19 13:52:27,426 [9] INFO  SPOS.Requests.Requests - Request sent: http://localhost:5000/getItemTypes .Result: Success
2021-03-19 13:52:27,456 [9] INFO  SPOS.Requests.Requests - Request sent: http://localhost:5000/getItems/1 .Result: Success
2021-03-19 13:53:30,010 [10] INFO  SPOS.Requests.Requests - Request sent: http://localhost:5000/checkPassword/123 .Result: Success
2021-03-19 13:53:30,128 [10] INFO  SPOS.Requests.Requests - Request sent: http://localhost:5000/getUserName/123 .Result: Success
2021-03-19 13:53:30,219 [9] INFO  SPOS.Requests.Requests - Request sent: http://localhost:5000/getItemTypes .Result: Success
2021-03-19 13:53:30,757 [9] INFO  SPOS.Requests.Requests - Request sent: http://localhost:5000/getCategories .Result: Success
2021-03-19 13:53:32,189 [4] INFO  SPOS.Requests.Requests - Request sent: http://localhost:5000/getItemTypes .Result: Success
2021-03-19 13:53:32,223 [4] INFO  SPOS.Requests.Requests - Request sent: http://localhost:5000/getItems/1 .Result: Success
2021-03-19 13:53:38,906 [5] INFO  SPOS.Requests.Requests - Request sent: http://localhost:5000/getItemTypes .Result: Success
2021-03-19 13:53:38,934 [5] INFO  SPOS.Requests.Requests - Request sent: http://localhost:5000/getCategories .Result: Success
2021-03-19 13:53:43,495 [4] INFO  SPOS.Requests.Requests - Request sent: http://localhost:5000/getItemTypes .Result: Success
2021-03-19 13:53:43,519 [4] INFO  SPOS.Requests.Requests - Request sent: http://localhost:5000/getItems/1 .Result: Success
2021-03-19 13:54:55,126 [10] INFO  SPOS.Requests.Requests - Request sent: http://localhost:5000/checkPassword/123 .Result: Success
2021-03-19 13:54:55,292 [10] INFO  SPOS.Requests.Requests - Request sent: http://localhost:5000/getUserName/123 .Result: Success
2021-03-19 13:54:55,493 [5] INFO  SPOS.Requests.Requests - Request sent: http://localhost:5000/getItemTypes .Result: Success
2021-03-19 13:54:56,085 [5] INFO  SPOS.Requests.Requests - Request sent: http://localhost:5000/getCategories .Result: Success
2021-03-19 13:54:57,177 [5] INFO  SPOS.Requests.Requests - Request sent: http://localhost:5000/getItemTypes .Result: Success
2021-03-19 13:54:57,210 [5] INFO  SPOS.Requests.Requests - Request sent: http://localhost:5000/getItems/1 .Result: Success
2021-03-19 13:55:01,919 [13] INFO  SPOS.Requests.Requests - Request sent: http://localhost:5000/getItemTypes .Result: Success
2021-03-19 13:55:01,942 [13] INFO  SPOS.Requests.Requests - Request sent: http://localhost:5000/getCategories .Result: Success
2021-03-19 13:55:03,133 [15] INFO  SPOS.Requests.Requests - Request sent: http://localhost:5000/getItemTypes .Result: Success
2021-03-19 13:55:03,226 [15] INFO  SPOS.Requests.Requests - Request sent: http://localhost:5000/getItems/4 .Result: Success
2021-03-19 14:14:28,513 [4] INFO  SPOS.Requests.Requests - Request sent: http://localhost:5000/checkPassword/123 .Result: Success
2021-03-19 14:14:28,623 [4] INFO  SPOS.Requests.Requests - Request sent: http://localhost:5000/getUserName/123 .Result: Success
2021-03-19 14:14:28,705 [5] INFO  SPOS.Requests.Requests - Request sent: http://localhost:5000/getItemTypes .Result: Success
2021-03-19 14:14:29,267 [5] INFO  SPOS.Requests.Requests - Request sent: http://localhost:5000/getCategories .Result: Success
2021-03-19 14:14:30,704 [4] INFO  SPOS.Requests.Requests - Request sent: http://localhost:5000/getItemTypes .Result: Success
2021-03-19 14:14:30,735 [4] INFO  SPOS.Requests.Requests - Request sent: http://localhost:5000/getItems/1 .Result: Success
2021-03-19 14:15:27,572 [5] INFO  SPOS.Requests.Requests - Request sent: http://localhost:5000/checkPassword/123 .Result: Success
2021-03-19 14:15:27,692 [5] INFO  SPOS.Requests.Requests - Request sent: http://localhost:5000/getUserName/123 .Result: Success
2021-03-19 14:15:27,791 [5] INFO  SPOS.Requests.Requests - Request sent: http://localhost:5000/getItemTypes .Result: Success
2021-03-19 14:15:28,327 [5] INFO  SPOS.Requests.Requests - Request sent: http://localhost:5000/getCategories .Result: Success
2021-03-19 14:15:30,021 [4] INFO  SPOS.Requests.Requests - Request sent: http://localhost:5000/getItemTypes .Result: Success
2021-03-19 14:15:30,052 [4] INFO  SPOS.Requests.Requests - Request sent: http://localhost:5000/getItems/1 .Result: Success
2021-03-19 14:17:04,348 [10] INFO  SPOS.Requests.Requests - Request sent: http://localhost:5000/checkPassword/123 .Result: Success
2021-03-19 14:17:04,475 [10] INFO  SPOS.Requests.Requests - Request sent: http://localhost:5000/getUserName/123 .Result: Success
2021-03-19 14:17:04,587 [10] INFO  SPOS.Requests.Requests - Request sent: http://localhost:5000/getItemTypes .Result: Success
2021-03-19 14:17:05,146 [10] INFO  SPOS.Requests.Requests - Request sent: http://localhost:5000/getCategories .Result: Success
2021-03-19 14:17:06,705 [4] INFO  SPOS.Requests.Requests - Request sent: http://localhost:5000/getItemTypes .Result: Success
2021-03-19 14:17:06,728 [4] INFO  SPOS.Requests.Requests - Request sent: http://localhost:5000/getItems/1 .Result: Success
2021-03-19 14:17:34,830 [14] INFO  SPOS.Requests.Requests - Request sent: http://localhost:5000/checkPassword/123 .Result: Success
2021-03-19 14:17:34,937 [14] INFO  SPOS.Requests.Requests - Request sent: http://localhost:5000/getUserName/123 .Result: Success
2021-03-19 14:17:35,027 [5] INFO  SPOS.Requests.Requests - Request sent: http://localhost:5000/getItemTypes .Result: Success
2021-03-19 14:17:35,585 [5] INFO  SPOS.Requests.Requests - Request sent: http://localhost:5000/getCategories .Result: Success
2021-03-19 14:17:37,317 [9] INFO  SPOS.Requests.Requests - Request sent: http://localhost:5000/getItemTypes .Result: Success
2021-03-19 14:17:37,348 [9] INFO  SPOS.Requests.Requests - Request sent: http://localhost:5000/getItems/1 .Result: Success
2021-03-19 14:18:57,387 [4] INFO  SPOS.Requests.Requests - Request sent: http://localhost:5000/checkPassword/123 .Result: Success
2021-03-19 14:18:57,502 [4] INFO  SPOS.Requests.Requests - Request sent: http://localhost:5000/getUserName/123 .Result: Success
2021-03-19 14:18:57,668 [9] INFO  SPOS.Requests.Requests - Request sent: http://localhost:5000/getItemTypes .Result: Success
2021-03-19 14:18:58,250 [9] INFO  SPOS.Requests.Requests - Request sent: http://localhost:5000/getCategories .Result: Success
2021-03-19 14:19:00,670 [5] INFO  SPOS.Requests.Requests - Request sent: http://localhost:5000/getItemTypes .Result: Success
2021-03-19 14:19:00,705 [5] INFO  SPOS.Requests.Requests - Request sent: http://localhost:5000/getItems/1 .Result: Success
2021-03-19 14:20:03,194 [21] INFO  SPOS.Requests.Requests - Request sent: http://localhost:5000/checkPassword/123 .Result: Success
2021-03-19 14:20:03,319 [21] INFO  SPOS.Requests.Requests - Request sent: http://localhost:5000/getUserName/123 .Result: Success
2021-03-19 14:20:03,426 [21] INFO  SPOS.Requests.Requests - Request sent: http://localhost:5000/getItemTypes .Result: Success
2021-03-19 14:20:03,978 [21] INFO  SPOS.Requests.Requests - Request sent: http://localhost:5000/getCategories .Result: Success
2021-03-19 14:20:05,718 [4] INFO  SPOS.Requests.Requests - Request sent: http://localhost:5000/getItemTypes .Result: Success
2021-03-19 14:20:05,753 [4] INFO  SPOS.Requests.Requests - Request sent: http://localhost:5000/getItems/1 .Result: Success
2021-03-19 14:20:39,442 [5] INFO  SPOS.Requests.Requests - Request sent: http://localhost:5000/checkPassword/123 .Result: Success
2021-03-19 14:20:39,549 [5] INFO  SPOS.Requests.Requests - Request sent: http://localhost:5000/getUserName/123 .Result: Success
2021-03-19 14:20:39,650 [5] INFO  SPOS.Requests.Requests - Request sent: http://localhost:5000/getItemTypes .Result: Success
2021-03-19 14:20:40,263 [5] INFO  SPOS.Requests.Requests - Request sent: http://localhost:5000/getCategories .Result: Success
2021-03-19 14:20:41,952 [15] INFO  SPOS.Requests.Requests - Request sent: http://localhost:5000/getItemTypes .Result: Success
2021-03-19 14:20:41,976 [15] INFO  SPOS.Requests.Requests - Request sent: http://localhost:5000/getItems/1 .Result: Success
2021-03-19 14:22:20,831 [4] INFO  SPOS.Requests.Requests - Request sent: http://localhost:5000/checkPassword/123 .Result: Success
2021-03-19 14:22:20,967 [4] INFO  SPOS.Requests.Requests - Request sent: http://localhost:5000/getUserName/123 .Result: Success
2021-03-19 14:22:21,042 [4] INFO  SPOS.Requests.Requests - Request sent: http://localhost:5000/getItemTypes .Result: Success
2021-03-19 14:22:21,527 [4] INFO  SPOS.Requests.Requests - Request sent: http://localhost:5000/getCategories .Result: Success
2021-03-19 14:22:23,006 [17] INFO  SPOS.Requests.Requests - Request sent: http://localhost:5000/getItemTypes .Result: Success
2021-03-19 14:22:23,033 [17] INFO  SPOS.Requests.Requests - Request sent: http://localhost:5000/getItems/1 .Result: Success
2021-03-19 14:23:23,532 [4] INFO  SPOS.Requests.Requests - Request sent: http://localhost:5000/checkPassword/123 .Result: Success
2021-03-19 14:23:23,675 [4] INFO  SPOS.Requests.Requests - Request sent: http://localhost:5000/getUserName/123 .Result: Success
2021-03-19 14:23:23,762 [4] INFO  SPOS.Requests.Requests - Request sent: http://localhost:5000/getItemTypes .Result: Success
2021-03-19 14:23:24,309 [4] INFO  SPOS.Requests.Requests - Request sent: http://localhost:5000/getCategories .Result: Success
2021-03-19 14:23:35,645 [10] INFO  SPOS.Requests.Requests - Request sent: http://localhost:5000/getItemTypes .Result: Success
2021-03-19 14:23:35,676 [10] INFO  SPOS.Requests.Requests - Request sent: http://localhost:5000/getItems/1 .Result: Success
2021-03-19 14:25:44,180 [13] INFO  SPOS.Requests.Requests - Request sent: http://localhost:5000/checkPassword/123 .Result: Success
2021-03-19 14:25:44,304 [13] INFO  SPOS.Requests.Requests - Request sent: http://localhost:5000/getUserName/123 .Result: Success
2021-03-19 14:25:44,750 [13] INFO  SPOS.Requests.Requests - Request sent: http://localhost:5000/getItemTypes .Result: Success
2021-03-19 14:25:45,374 [13] INFO  SPOS.Requests.Requests - Request sent: http://localhost:5000/getCategories .Result: Success
2021-03-19 14:25:46,730 [14] INFO  SPOS.Requests.Requests - Request sent: http://localhost:5000/getItemTypes .Result: Success
2021-03-19 14:25:46,763 [14] INFO  SPOS.Requests.Requests - Request sent: http://localhost:5000/getItems/1 .Result: Success
2021-03-19 14:28:40,939 [15] INFO  SPOS.Requests.Requests - Request sent: http://localhost:5000/checkPassword/123 .Result: Success
2021-03-19 14:28:41,108 [15] INFO  SPOS.Requests.Requests - Request sent: http://localhost:5000/getUserName/123 .Result: Success
2021-03-19 14:28:41,219 [15] INFO  SPOS.Requests.Requests - Request sent: http://localhost:5000/getItemTypes .Result: Success
2021-03-19 14:28:41,784 [15] INFO  SPOS.Requests.Requests - Request sent: http://localhost:5000/getCategories .Result: Success
2021-03-19 14:28:43,035 [9] INFO  SPOS.Requests.Requests - Request sent: http://localhost:5000/getItemTypes .Result: Success
2021-03-19 14:28:43,074 [9] INFO  SPOS.Requests.Requests - Request sent: http://localhost:5000/getItems/1 .Result: Success
2021-03-19 14:30:53,524 [18] INFO  SPOS.Requests.Requests - Request sent: http://localhost:5000/checkPassword/123 .Result: Success
2021-03-19 14:30:53,693 [18] INFO  SPOS.Requests.Requests - Request sent: http://localhost:5000/getUserName/123 .Result: Success
2021-03-19 14:30:53,821 [18] INFO  SPOS.Requests.Requests - Request sent: http://localhost:5000/getItemTypes .Result: Success
2021-03-19 14:30:54,485 [18] INFO  SPOS.Requests.Requests - Request sent: http://localhost:5000/getCategories .Result: Success
2021-03-19 14:30:55,652 [8] INFO  SPOS.Requests.Requests - Request sent: http://localhost:5000/getItemTypes .Result: Success
2021-03-19 14:30:55,680 [8] INFO  SPOS.Requests.Requests - Request sent: http://localhost:5000/getItems/1 .Result: Success
2021-03-19 14:33:40,095 [10] INFO  SPOS.Requests.Requests - Request sent: http://localhost:5000/checkPassword/123 .Result: Success
2021-03-19 14:33:40,274 [10] INFO  SPOS.Requests.Requests - Request sent: http://localhost:5000/getUserName/123 .Result: Success
2021-03-19 14:33:40,392 [10] INFO  SPOS.Requests.Requests - Request sent: http://localhost:5000/getItemTypes .Result: Success
2021-03-19 14:33:41,054 [10] INFO  SPOS.Requests.Requests - Request sent: http://localhost:5000/getCategories .Result: Success
2021-03-19 14:37:19,307 [14] INFO  SPOS.Requests.Requests - Request sent: http://localhost:5000/checkPassword/123 .Result: Success
2021-03-19 14:37:19,464 [14] INFO  SPOS.Requests.Requests - Request sent: http://localhost:5000/getUserName/123 .Result: Success
2021-03-19 14:37:19,557 [4] INFO  SPOS.Requests.Requests - Request sent: http://localhost:5000/getItemTypes .Result: Success
2021-03-19 14:37:20,105 [4] INFO  SPOS.Requests.Requests - Request sent: http://localhost:5000/getCategories .Result: Success
2021-03-19 14:37:54,410 [9] INFO  SPOS.Requests.Requests - Request sent: http://localhost:5000/checkPassword/123 .Result: Success
2021-03-19 14:37:54,608 [9] INFO  SPOS.Requests.Requests - Request sent: http://localhost:5000/getUserName/123 .Result: Success
2021-03-19 14:37:54,734 [13] INFO  SPOS.Requests.Requests - Request sent: http://localhost:5000/getItemTypes .Result: Success
2021-03-19 14:37:55,474 [13] INFO  SPOS.Requests.Requests - Request sent: http://localhost:5000/getCategories .Result: Success
2021-03-19 14:37:56,771 [10] INFO  SPOS.Requests.Requests - Request sent: http://localhost:5000/getItemTypes .Result: Success
2021-03-19 14:37:56,885 [10] INFO  SPOS.Requests.Requests - Request sent: http://localhost:5000/getItems/3 .Result: Success
2021-03-19 14:37:59,047 [4] INFO  SPOS.Requests.Requests - Request sent: http://localhost:5000/getItemTypes .Result: Success
2021-03-19 14:37:59,068 [4] INFO  SPOS.Requests.Requests - Request sent: http://localhost:5000/getCategories .Result: Success
2021-03-19 14:37:59,989 [4] INFO  SPOS.Requests.Requests - Request sent: http://localhost:5000/getItemTypes .Result: Success
2021-03-19 14:38:00,027 [4] INFO  SPOS.Requests.Requests - Request sent: http://localhost:5000/getItems/2 .Result: Success
2021-03-19 14:39:03,114 [4] INFO  SPOS.Requests.Requests - Request sent: http://localhost:5000/checkPassword/123 .Result: Success
2021-03-19 14:39:03,239 [4] INFO  SPOS.Requests.Requests - Request sent: http://localhost:5000/getUserName/123 .Result: Success
2021-03-19 14:39:03,340 [5] INFO  SPOS.Requests.Requests - Request sent: http://localhost:5000/getItemTypes .Result: Success
2021-03-19 14:39:03,890 [5] INFO  SPOS.Requests.Requests - Request sent: http://localhost:5000/getCategories .Result: Success
2021-03-19 14:39:05,327 [5] INFO  SPOS.Requests.Requests - Request sent: http://localhost:5000/getItemTypes .Result: Success
2021-03-19 14:39:05,359 [5] INFO  SPOS.Requests.Requests - Request sent: http://localhost:5000/getItems/1 .Result: Success
2021-03-19 14:39:21,942 [9] INFO  SPOS.Requests.Requests - Request sent: http://localhost:5000/checkPassword/123 .Result: Success
2021-03-19 14:39:21,971 [9] INFO  SPOS.Requests.Requests - Request sent: http://localhost:5000/getUserName/123 .Result: Success
2021-03-19 14:39:22,010 [5] INFO  SPOS.Requests.Requests - Request sent: http://localhost:5000/getItemTypes .Result: Success
2021-03-19 14:39:22,037 [5] INFO  SPOS.Requests.Requests - Request sent: http://localhost:5000/getCategories .Result: Success
2021-03-19 14:39:22,893 [9] INFO  SPOS.Requests.Requests - Request sent: http://localhost:5000/getItemTypes .Result: Success
2021-03-19 14:39:22,923 [9] INFO  SPOS.Requests.Requests - Request sent: http://localhost:5000/getItems/4 .Result: Success
2021-03-19 14:39:35,610 [21] ERROR SPOS.Requests.Requests - Request sent: http://localhost:5000/checkPassword/10 .Result: The remote server returned an error: (404) Not Found.
2021-03-19 14:39:37,519 [9] INFO  SPOS.Requests.Requests - Request sent: http://localhost:5000/checkPassword/123 .Result: Success
2021-03-19 14:39:37,546 [9] INFO  SPOS.Requests.Requests - Request sent: http://localhost:5000/getUserName/123 .Result: Success
2021-03-19 14:39:37,578 [13] INFO  SPOS.Requests.Requests - Request sent: http://localhost:5000/getItemTypes .Result: Success
2021-03-19 14:39:37,606 [13] INFO  SPOS.Requests.Requests - Request sent: http://localhost:5000/getCategories .Result: Success
2021-03-19 14:39:38,395 [21] INFO  SPOS.Requests.Requests - Request sent: http://localhost:5000/getItemTypes .Result: Success
2021-03-19 14:39:38,428 [21] INFO  SPOS.Requests.Requests - Request sent: http://localhost:5000/getItems/1 .Result: Success
2021-03-19 14:49:43,751 [14] INFO  SPOS.Requests.Requests - Request sent: http://localhost:5000/checkPassword/123 .Result: Success
2021-03-19 14:49:43,958 [14] INFO  SPOS.Requests.Requests - Request sent: http://localhost:5000/getUserName/123 .Result: Success
2021-03-19 14:49:44,057 [14] INFO  SPOS.Requests.Requests - Request sent: http://localhost:5000/getItemTypes .Result: Success
2021-03-19 14:49:44,780 [14] INFO  SPOS.Requests.Requests - Request sent: http://localhost:5000/getCategories .Result: Success
2021-03-19 14:49:46,653 [22] INFO  SPOS.Requests.Requests - Request sent: http://localhost:5000/getItemTypes .Result: Success
2021-03-19 14:49:46,683 [22] INFO  SPOS.Requests.Requests - Request sent: http://localhost:5000/getItems/1 .Result: Success
2021-03-19 14:49:48,931 [10] INFO  SPOS.Requests.Requests - Request sent: http://localhost:5000/getItemTypes .Result: Success
2021-03-19 14:49:48,956 [10] INFO  SPOS.Requests.Requests - Request sent: http://localhost:5000/getCategories .Result: Success
2021-03-19 14:49:50,023 [14] INFO  SPOS.Requests.Requests - Request sent: http://localhost:5000/getItemTypes .Result: Success
2021-03-19 14:49:50,048 [14] INFO  SPOS.Requests.Requests - Request sent: http://localhost:5000/getItems/3 .Result: Success
2021-03-19 15:14:42,641 [5] INFO  SPOS.Requests.Requests - Request sent: http://localhost:5000/checkPassword/123 .Result: Success
2021-03-19 15:14:42,789 [5] INFO  SPOS.Requests.Requests - Request sent: http://localhost:5000/getUserName/123 .Result: Success
2021-03-19 15:14:42,915 [5] INFO  SPOS.Requests.Requests - Request sent: http://localhost:5000/getItemTypes .Result: Success
2021-03-19 15:14:43,657 [5] INFO  SPOS.Requests.Requests - Request sent: http://localhost:5000/getCategories .Result: Success
2021-03-19 15:14:45,621 [19] INFO  SPOS.Requests.Requests - Request sent: http://localhost:5000/getItemTypes .Result: Success
2021-03-19 15:14:45,652 [19] INFO  SPOS.Requests.Requests - Request sent: http://localhost:5000/getItems/1 .Result: Success
2021-03-19 15:15:05,610 [9] INFO  SPOS.Requests.Requests - Request sent: http://localhost:5000/checkPassword/123 .Result: Success
2021-03-19 15:15:05,645 [9] INFO  SPOS.Requests.Requests - Request sent: http://localhost:5000/getUserName/123 .Result: Success
2021-03-19 15:15:05,693 [9] INFO  SPOS.Requests.Requests - Request sent: http://localhost:5000/getItemTypes .Result: Success
2021-03-19 15:15:05,747 [9] INFO  SPOS.Requests.Requests - Request sent: http://localhost:5000/getCategories .Result: Success
2021-03-19 15:15:06,799 [14] INFO  SPOS.Requests.Requests - Request sent: http://localhost:5000/getItemTypes .Result: Success
2021-03-19 15:15:06,826 [14] INFO  SPOS.Requests.Requests - Request sent: http://localhost:5000/getItems/1 .Result: Success
2021-03-19 15:16:57,666 [9] INFO  SPOS.Requests.Requests - Request sent: http://localhost:5000/checkPassword/123 .Result: Success
2021-03-19 15:16:57,819 [9] INFO  SPOS.Requests.Requests - Request sent: http://localhost:5000/getUserName/123 .Result: Success
2021-03-19 15:16:57,956 [14] INFO  SPOS.Requests.Requests - Request sent: http://localhost:5000/getItemTypes .Result: Success
2021-03-19 15:16:58,608 [14] INFO  SPOS.Requests.Requests - Request sent: http://localhost:5000/getCategories .Result: Success
2021-03-19 15:18:07,622 [10] INFO  SPOS.Requests.Requests - Request sent: http://localhost:5000/getItemTypes .Result: Success
2021-03-19 15:18:07,672 [10] INFO  SPOS.Requests.Requests - Request sent: http://localhost:5000/getItems/3 .Result: Success
2021-03-19 15:22:21,103 [4] INFO  SPOS.Requests.Requests - Request sent: http://localhost:5000/checkPassword/123 .Result: Success
2021-03-19 15:22:21,230 [4] INFO  SPOS.Requests.Requests - Request sent: http://localhost:5000/getUserName/123 .Result: Success
2021-03-19 15:22:21,345 [17] INFO  SPOS.Requests.Requests - Request sent: http://localhost:5000/getItemTypes .Result: Success
2021-03-19 15:22:22,140 [17] INFO  SPOS.Requests.Requests - Request sent: http://localhost:5000/getCategories .Result: Success
2021-03-19 15:22:23,548 [9] INFO  SPOS.Requests.Requests - Request sent: http://localhost:5000/getItemTypes .Result: Success
2021-03-19 15:22:23,584 [9] INFO  SPOS.Requests.Requests - Request sent: http://localhost:5000/getItems/1 .Result: Success
2021-03-19 15:23:15,209 [5] INFO  SPOS.Requests.Requests - Request sent: http://localhost:5000/checkPassword/123 .Result: Success
2021-03-19 15:23:15,341 [5] INFO  SPOS.Requests.Requests - Request sent: http://localhost:5000/getUserName/123 .Result: Success
2021-03-19 15:23:15,436 [9] INFO  SPOS.Requests.Requests - Request sent: http://localhost:5000/getItemTypes .Result: Success
2021-03-19 15:23:15,971 [9] INFO  SPOS.Requests.Requests - Request sent: http://localhost:5000/getCategories .Result: Success
2021-03-19 15:23:17,400 [15] INFO  SPOS.Requests.Requests - Request sent: http://localhost:5000/getItemTypes .Result: Success
2021-03-19 15:23:17,427 [15] INFO  SPOS.Requests.Requests - Request sent: http://localhost:5000/getItems/1 .Result: Success
2021-03-19 15:23:35,647 [4] INFO  SPOS.Requests.Requests - Request sent: http://localhost:5000/checkPassword/123 .Result: Success
2021-03-19 15:23:35,689 [4] INFO  SPOS.Requests.Requests - Request sent: http://localhost:5000/getUserName/123 .Result: Success
2021-03-19 15:23:35,780 [9] INFO  SPOS.Requests.Requests - Request sent: http://localhost:5000/getItemTypes .Result: Success
2021-03-19 15:23:35,814 [9] INFO  SPOS.Requests.Requests - Request sent: http://localhost:5000/getCategories .Result: Success
2021-03-19 15:23:49,501 [10] INFO  SPOS.Requests.Requests - Request sent: http://localhost:5000/checkPassword/123 .Result: Success
2021-03-19 15:23:49,527 [10] INFO  SPOS.Requests.Requests - Request sent: http://localhost:5000/getUserName/123 .Result: Success
2021-03-19 15:23:49,565 [10] INFO  SPOS.Requests.Requests - Request sent: http://localhost:5000/getItemTypes .Result: Success
2021-03-19 15:23:49,595 [10] INFO  SPOS.Requests.Requests - Request sent: http://localhost:5000/getCategories .Result: Success
2021-03-19 15:24:01,194 [4] INFO  SPOS.Requests.Requests - Request sent: http://localhost:5000/checkPassword/123 .Result: Success
2021-03-19 15:24:01,221 [4] INFO  SPOS.Requests.Requests - Request sent: http://localhost:5000/getUserName/123 .Result: Success
2021-03-19 15:24:01,262 [4] INFO  SPOS.Requests.Requests - Request sent: http://localhost:5000/getItemTypes .Result: Success
2021-03-19 15:24:01,306 [4] INFO  SPOS.Requests.Requests - Request sent: http://localhost:5000/getCategories .Result: Success
2021-03-19 15:24:02,908 [4] INFO  SPOS.Requests.Requests - Request sent: http://localhost:5000/getItemTypes .Result: Success
2021-03-19 15:24:02,935 [4] INFO  SPOS.Requests.Requests - Request sent: http://localhost:5000/getItems/2 .Result: Success
