2021-03-28 11:49:30,922 [4] ERROR SPOS.Requests.Requests - Request sent: http://localhost:5000/getAllUsersByCheckIn/1 .Result: The remote server returned an error: (404) Not Found.
2021-03-28 11:49:31,114 [4] INFO  SPOS.Requests.Requests - Request sent: http://localhost:5000/getAllUsersByCheckIn/0 .Result: Success
2021-03-28 11:49:38,089 [4] INFO  SPOS.Requests.Requests - Request sent: http://localhost:5000/validateUserByIdAndPin/2/9999 .Result: Success
2021-03-28 11:49:38,125 [4] INFO  SPOS.Requests.Requests - Request sent: http://localhost:5000/checkInOutUser/1/2 .Result: Success
2021-03-28 11:49:38,147 [4] INFO  SPOS.Requests.Requests - Request sent: http://localhost:5000/getAllUsersByCheckIn/1 .Result: Success
2021-03-28 11:49:38,170 [4] INFO  SPOS.Requests.Requests - Request sent: http://localhost:5000/getAllUsersByCheckIn/0 .Result: Success
2021-03-28 11:49:44,070 [9] ERROR SPOS.Requests.Requests - Request sent: http://localhost:5000/validateUserByIdAndPin/3/4567 .Result: The remote server returned an error: (404) Not Found.
2021-03-28 11:49:44,093 [9] INFO  SPOS.Requests.Requests - Request sent: http://localhost:5000/getAllUsersByCheckIn/1 .Result: Success
2021-03-28 11:49:44,126 [9] INFO  SPOS.Requests.Requests - Request sent: http://localhost:5000/getAllUsersByCheckIn/0 .Result: Success
2021-03-28 11:49:47,684 [4] INFO  SPOS.Requests.Requests - Request sent: http://localhost:5000/validateUserByIdAndPin/3/4561 .Result: Success
2021-03-28 11:49:47,703 [4] INFO  SPOS.Requests.Requests - Request sent: http://localhost:5000/checkInOutUser/1/3 .Result: Success
2021-03-28 11:49:47,718 [4] INFO  SPOS.Requests.Requests - Request sent: http://localhost:5000/getAllUsersByCheckIn/1 .Result: Success
2021-03-28 11:49:47,735 [4] INFO  SPOS.Requests.Requests - Request sent: http://localhost:5000/getAllUsersByCheckIn/0 .Result: Success
2021-03-28 11:50:00,170 [12] INFO  SPOS.Requests.Requests - Request sent: http://localhost:5000/validateUserByIdAndPin/3/4561 .Result: Success
2021-03-28 11:50:00,201 [12] INFO  SPOS.Requests.Requests - Request sent: http://localhost:5000/checkInOutUser/0/3 .Result: Success
2021-03-28 11:50:00,224 [12] INFO  SPOS.Requests.Requests - Request sent: http://localhost:5000/getAllUsersByCheckIn/1 .Result: Success
2021-03-28 11:50:00,243 [12] INFO  SPOS.Requests.Requests - Request sent: http://localhost:5000/getAllUsersByCheckIn/0 .Result: Success
2021-03-28 11:50:04,330 [4] INFO  SPOS.Requests.Requests - Request sent: http://localhost:5000/validateUserByIdAndPin/2/9999 .Result: Success
2021-03-28 11:50:04,347 [4] INFO  SPOS.Requests.Requests - Request sent: http://localhost:5000/checkInOutUser/0/2 .Result: Success
2021-03-28 11:50:04,417 [4] ERROR SPOS.Requests.Requests - Request sent: http://localhost:5000/getAllUsersByCheckIn/1 .Result: The remote server returned an error: (404) Not Found.
2021-03-28 11:50:04,430 [4] INFO  SPOS.Requests.Requests - Request sent: http://localhost:5000/getAllUsersByCheckIn/0 .Result: Success
2021-03-28 11:53:01,492 [15] INFO  SPOS.Requests.Requests - Request sent: http://localhost:5000/checkPassword/123 .Result: Success
2021-03-28 11:53:01,585 [15] INFO  SPOS.Requests.Requests - Request sent: http://localhost:5000/getUserName/123 .Result: Success
2021-03-28 11:53:01,626 [15] INFO  SPOS.Requests.Requests - Request sent: http://localhost:5000/getUserId/123 .Result: Success
2021-03-28 11:53:01,722 [18] INFO  SPOS.Requests.Requests - Request sent: http://localhost:5000/getItemTypes .Result: Success
2021-03-28 11:53:02,014 [18] INFO  SPOS.Requests.Requests - Request sent: http://localhost:5000/getCategories .Result: Success
2021-03-28 11:53:04,387 [10] ERROR SPOS.Requests.Requests - Request sent: http://localhost:5000/getAllUsersByCheckIn/1 .Result: The remote server returned an error: (404) Not Found.
2021-03-28 11:53:04,407 [10] INFO  SPOS.Requests.Requests - Request sent: http://localhost:5000/getAllUsersByCheckIn/0 .Result: Success
2021-03-28 11:53:07,071 [10] INFO  SPOS.Requests.Requests - Request sent: http://localhost:5000/validateUserByIdAndPin/2/9999 .Result: Success
2021-03-28 11:53:07,095 [10] INFO  SPOS.Requests.Requests - Request sent: http://localhost:5000/checkInOutUser/1/2 .Result: Success
2021-03-28 11:53:07,113 [10] INFO  SPOS.Requests.Requests - Request sent: http://localhost:5000/getAllUsersByCheckIn/1 .Result: Success
2021-03-28 11:53:07,134 [10] INFO  SPOS.Requests.Requests - Request sent: http://localhost:5000/getAllUsersByCheckIn/0 .Result: Success
2021-03-28 11:57:18,385 [4] INFO  SPOS.Requests.Requests - Request sent: http://localhost:5000/getAllUsersByCheckIn/1 .Result: Success
2021-03-28 11:57:18,715 [4] INFO  SPOS.Requests.Requests - Request sent: http://localhost:5000/getAllUsersByCheckIn/0 .Result: Success
2021-03-28 11:57:21,213 [20] INFO  SPOS.Requests.Requests - Request sent: http://localhost:5000/validateUserByIdAndPin/2/9999 .Result: Success
2021-03-28 11:57:21,244 [20] INFO  SPOS.Requests.Requests - Request sent: http://localhost:5000/checkInOutUser/0/2 .Result: Success
2021-03-28 11:57:21,363 [20] ERROR SPOS.Requests.Requests - Request sent: http://localhost:5000/getAllUsersByCheckIn/1 .Result: The remote server returned an error: (404) Not Found.
2021-03-28 11:57:21,378 [20] INFO  SPOS.Requests.Requests - Request sent: http://localhost:5000/getAllUsersByCheckIn/0 .Result: Success
2021-03-28 12:19:59,868 [5] INFO  SPOS.Requests.Requests - Request sent: http://localhost:5000/checkPassword/123 .Result: Success
2021-03-28 12:19:59,937 [5] INFO  SPOS.Requests.Requests - Request sent: http://localhost:5000/getUserName/123 .Result: Success
2021-03-28 12:19:59,969 [5] INFO  SPOS.Requests.Requests - Request sent: http://localhost:5000/getUserId/123 .Result: Success
2021-03-28 12:20:00,082 [5] INFO  SPOS.Requests.Requests - Request sent: http://localhost:5000/getItemTypes .Result: Success
2021-03-28 12:20:00,493 [5] INFO  SPOS.Requests.Requests - Request sent: http://localhost:5000/getCategories .Result: Success
2021-03-28 12:20:03,245 [9] ERROR SPOS.Requests.Requests - Request sent: http://localhost:5000/getAllUsersByCheckIn/1 .Result: The remote server returned an error: (404) Not Found.
2021-03-28 12:20:03,261 [9] INFO  SPOS.Requests.Requests - Request sent: http://localhost:5000/getAllUsersByCheckIn/0 .Result: Success
2021-03-28 12:20:05,962 [9] INFO  SPOS.Requests.Requests - Request sent: http://localhost:5000/validateUserByIdAndPin/1/123 .Result: Success
2021-03-28 12:20:05,989 [9] INFO  SPOS.Requests.Requests - Request sent: http://localhost:5000/checkInOutUser/1/1 .Result: Success
2021-03-28 12:20:06,008 [9] INFO  SPOS.Requests.Requests - Request sent: http://localhost:5000/getAllUsersByCheckIn/1 .Result: Success
2021-03-28 12:20:06,035 [9] INFO  SPOS.Requests.Requests - Request sent: http://localhost:5000/getAllUsersByCheckIn/0 .Result: Success
2021-03-28 14:33:11,039 [4] INFO  SPOS.Requests.Requests - Request sent: http://localhost:5000/getAllUsersByCheckIn/1 .Result: Success
2021-03-28 14:33:11,562 [4] INFO  SPOS.Requests.Requests - Request sent: http://localhost:5000/getAllUsersByCheckIn/0 .Result: Success
2021-03-28 14:33:14,177 [20] INFO  SPOS.Requests.Requests - Request sent: http://localhost:5000/validateUserByIdAndPin/1/123 .Result: Success
2021-03-28 14:33:14,215 [20] INFO  SPOS.Requests.Requests - Request sent: http://localhost:5000/checkInOutUser/0/1 .Result: Success
2021-03-28 14:33:14,381 [20] ERROR SPOS.Requests.Requests - Request sent: http://localhost:5000/getAllUsersByCheckIn/1 .Result: The remote server returned an error: (404) Not Found.
2021-03-28 14:33:14,394 [20] INFO  SPOS.Requests.Requests - Request sent: http://localhost:5000/getAllUsersByCheckIn/0 .Result: Success
