2021-03-21 12:46:36,125 [14] ERROR SPOS.Requests.Requests - Request sent: http://localhost:5000/checkPassword/123 .Result: No connection could be made because the target machine actively refused it. [::ffff:127.0.0.1]:5000 (localhost:5000)
2021-03-21 12:47:15,061 [14] INFO  SPOS.Requests.Requests - Request sent: http://localhost:5000/checkPassword/123 .Result: Success
2021-03-21 12:47:15,329 [14] INFO  SPOS.Requests.Requests - Request sent: http://localhost:5000/getUserName/123 .Result: Success
2021-03-21 12:47:15,386 [14] INFO  SPOS.Requests.Requests - Request sent: http://localhost:5000/getUserId/123 .Result: Success
2021-03-21 13:15:10,855 [4] INFO  SPOS.Requests.Requests - Request sent: http://localhost:5000/checkPassword/123 .Result: Success
2021-03-21 13:15:11,086 [4] INFO  SPOS.Requests.Requests - Request sent: http://localhost:5000/getUserName/123 .Result: Success
2021-03-21 13:15:11,127 [4] INFO  SPOS.Requests.Requests - Request sent: http://localhost:5000/getUserId/123 .Result: Success
2021-03-21 13:15:11,232 [9] INFO  SPOS.Requests.Requests - Request sent: http://localhost:5000/getItemTypes .Result: Success
2021-03-21 13:15:11,568 [9] INFO  SPOS.Requests.Requests - Request sent: http://localhost:5000/getCategories .Result: Success
2021-03-21 13:15:13,657 [19] INFO  SPOS.Requests.Requests - Request sent: http://localhost:5000/getItemTypes .Result: Success
2021-03-21 13:15:13,701 [19] INFO  SPOS.Requests.Requests - Request sent: http://localhost:5000/getItems/1 .Result: Success
2021-03-21 13:15:17,962 [4] INFO  SPOS.Requests.Requests - Request sent: http://localhost:5000/createOrder/1/VISA . Result: Success
2021-03-21 13:37:54,858 [13] INFO  SPOS.Requests.Requests - Request sent: http://localhost:5000/checkPassword/123 .Result: Success
2021-03-21 13:37:55,114 [13] INFO  SPOS.Requests.Requests - Request sent: http://localhost:5000/getUserName/123 .Result: Success
2021-03-21 13:37:55,183 [13] INFO  SPOS.Requests.Requests - Request sent: http://localhost:5000/getUserId/123 .Result: Success
2021-03-21 13:37:55,292 [13] INFO  SPOS.Requests.Requests - Request sent: http://localhost:5000/getItemTypes .Result: Success
2021-03-21 13:37:55,670 [13] INFO  SPOS.Requests.Requests - Request sent: http://localhost:5000/getCategories .Result: Success
2021-03-21 13:37:57,774 [5] INFO  SPOS.Requests.Requests - Request sent: http://localhost:5000/getItemTypes .Result: Success
2021-03-21 13:37:57,806 [5] INFO  SPOS.Requests.Requests - Request sent: http://localhost:5000/getItems/1 .Result: Success
2021-03-21 13:38:01,434 [10] INFO  SPOS.Requests.Requests - Request sent: http://localhost:5000/createOrder/1/VISA . Result: Success
2021-03-21 13:38:01,959 [10] ERROR SPOS.Requests.Requests - Request sent: http://localhost:5000/insertItemInOrder/7/1/1 . Result: The remote server returned an error: (400) Bad Request.
2021-03-21 13:39:11,273 [18] INFO  SPOS.Requests.Requests - Request sent: http://localhost:5000/checkPassword/123 .Result: Success
2021-03-21 13:39:11,289 [18] INFO  SPOS.Requests.Requests - Request sent: http://localhost:5000/getUserName/123 .Result: Success
2021-03-21 13:39:11,307 [18] INFO  SPOS.Requests.Requests - Request sent: http://localhost:5000/getUserId/123 .Result: Success
2021-03-21 13:39:11,336 [9] INFO  SPOS.Requests.Requests - Request sent: http://localhost:5000/getItemTypes .Result: Success
2021-03-21 13:39:11,356 [9] INFO  SPOS.Requests.Requests - Request sent: http://localhost:5000/getCategories .Result: Success
2021-03-21 13:39:12,475 [20] INFO  SPOS.Requests.Requests - Request sent: http://localhost:5000/getItemTypes .Result: Success
2021-03-21 13:39:12,495 [20] INFO  SPOS.Requests.Requests - Request sent: http://localhost:5000/getItems/1 .Result: Success
2021-03-21 13:39:14,304 [19] INFO  SPOS.Requests.Requests - Request sent: http://localhost:5000/createOrder/1/VISA . Result: Success
2021-03-21 13:39:30,833 [19] INFO  SPOS.Requests.Requests - Request sent: http://localhost:5000/insertItemInOrder/8/1/1 . Result: Success
2021-03-21 13:40:21,738 [9] INFO  SPOS.Requests.Requests - Request sent: http://localhost:5000/checkPassword/123 .Result: Success
2021-03-21 13:40:21,770 [9] INFO  SPOS.Requests.Requests - Request sent: http://localhost:5000/getUserName/123 .Result: Success
2021-03-21 13:40:21,790 [9] INFO  SPOS.Requests.Requests - Request sent: http://localhost:5000/getUserId/123 .Result: Success
2021-03-21 13:40:21,814 [19] INFO  SPOS.Requests.Requests - Request sent: http://localhost:5000/getItemTypes .Result: Success
2021-03-21 13:40:21,850 [19] INFO  SPOS.Requests.Requests - Request sent: http://localhost:5000/getCategories .Result: Success
2021-03-21 13:40:23,048 [28] INFO  SPOS.Requests.Requests - Request sent: http://localhost:5000/getItemTypes .Result: Success
2021-03-21 13:40:23,064 [28] INFO  SPOS.Requests.Requests - Request sent: http://localhost:5000/getItems/1 .Result: Success
2021-03-21 13:40:27,928 [29] INFO  SPOS.Requests.Requests - Request sent: http://localhost:5000/createOrder/1/CASH . Result: Success
2021-03-21 13:40:37,391 [29] INFO  SPOS.Requests.Requests - Request sent: http://localhost:5000/insertItemInOrder/9/2/1 . Result: Success
2021-03-21 13:40:38,215 [29] INFO  SPOS.Requests.Requests - Request sent: http://localhost:5000/insertItemInOrder/9/3/1 . Result: Success
2021-03-21 13:42:00,633 [32] INFO  SPOS.Requests.Requests - Request sent: http://localhost:5000/checkPassword/123 .Result: Success
2021-03-21 13:42:00,667 [32] INFO  SPOS.Requests.Requests - Request sent: http://localhost:5000/getUserName/123 .Result: Success
2021-03-21 13:42:00,709 [32] INFO  SPOS.Requests.Requests - Request sent: http://localhost:5000/getUserId/123 .Result: Success
2021-03-21 13:42:00,767 [5] INFO  SPOS.Requests.Requests - Request sent: http://localhost:5000/getItemTypes .Result: Success
2021-03-21 13:42:00,791 [5] INFO  SPOS.Requests.Requests - Request sent: http://localhost:5000/getCategories .Result: Success
2021-03-21 13:42:01,561 [26] INFO  SPOS.Requests.Requests - Request sent: http://localhost:5000/getItemTypes .Result: Success
2021-03-21 13:42:01,584 [26] INFO  SPOS.Requests.Requests - Request sent: http://localhost:5000/getItems/1 .Result: Success
2021-03-21 13:42:09,385 [26] INFO  SPOS.Requests.Requests - Request sent: http://localhost:5000/createOrder/1/MASTER . Result: Success
2021-03-21 13:42:54,942 [26] INFO  SPOS.Requests.Requests - Request sent: http://localhost:5000/insertItemInOrder/10/1/1 . Result: Success
2021-03-21 13:42:55,095 [26] INFO  SPOS.Requests.Requests - Request sent: http://localhost:5000/insertItemInOrder/10/2/1 . Result: Success
2021-03-21 13:45:55,200 [9] INFO  SPOS.Requests.Requests - Request sent: http://localhost:5000/checkPassword/123 .Result: Success
2021-03-21 13:45:55,294 [9] INFO  SPOS.Requests.Requests - Request sent: http://localhost:5000/getUserName/123 .Result: Success
2021-03-21 13:45:55,682 [9] INFO  SPOS.Requests.Requests - Request sent: http://localhost:5000/getUserId/123 .Result: Success
2021-03-21 13:45:55,905 [58] INFO  SPOS.Requests.Requests - Request sent: http://localhost:5000/getItemTypes .Result: Success
2021-03-21 13:45:55,975 [58] INFO  SPOS.Requests.Requests - Request sent: http://localhost:5000/getCategories .Result: Success
2021-03-21 13:45:58,164 [62] INFO  SPOS.Requests.Requests - Request sent: http://localhost:5000/getItemTypes .Result: Success
2021-03-21 13:45:58,246 [62] INFO  SPOS.Requests.Requests - Request sent: http://localhost:5000/getItems/3 .Result: Success
2021-03-21 13:46:06,462 [59] INFO  SPOS.Requests.Requests - Request sent: http://localhost:5000/createOrder/1/MASTER . Result: Success
2021-03-21 13:48:27,883 [4] INFO  SPOS.Requests.Requests - Request sent: http://localhost:5000/checkPassword/123 .Result: Success
2021-03-21 13:48:28,367 [4] INFO  SPOS.Requests.Requests - Request sent: http://localhost:5000/getUserName/123 .Result: Success
2021-03-21 13:48:28,546 [4] INFO  SPOS.Requests.Requests - Request sent: http://localhost:5000/getUserId/123 .Result: Success
2021-03-21 13:48:28,876 [4] INFO  SPOS.Requests.Requests - Request sent: http://localhost:5000/getItemTypes .Result: Success
2021-03-21 13:48:30,362 [4] INFO  SPOS.Requests.Requests - Request sent: http://localhost:5000/getCategories .Result: Success
2021-03-21 13:48:33,443 [15] INFO  SPOS.Requests.Requests - Request sent: http://localhost:5000/getItemTypes .Result: Success
2021-03-21 13:48:33,543 [15] INFO  SPOS.Requests.Requests - Request sent: http://localhost:5000/getItems/4 .Result: Success
2021-03-21 13:48:50,993 [5] INFO  SPOS.Requests.Requests - Request sent: http://localhost:5000/createOrder/1/CASH . Result: Success
2021-03-21 13:48:57,235 [5] INFO  SPOS.Requests.Requests - Request sent: http://localhost:5000/insertItemInOrder/16/12/1 . Result: Success
2021-03-21 13:48:57,285 [5] INFO  SPOS.Requests.Requests - Request sent: http://localhost:5000/insertItemInOrder/16/13/1 . Result: Success
2021-03-21 13:48:57,335 [5] INFO  SPOS.Requests.Requests - Request sent: http://localhost:5000/insertItemInOrder/16/14/1 . Result: Success
