2021-03-18 12:28:25,444 [13] INFO  SPOS.Requests.Requests - Request sent: http://localhost:5000/checkPassword/123 .Result: Success
2021-03-18 12:28:25,725 [9] INFO  SPOS.Requests.Requests - Request sent: http://localhost:5000/getItemTypes .Result: Success
2021-03-18 12:28:26,222 [9] INFO  SPOS.Requests.Requests - Request sent: http://localhost:5000/getCategories .Result: Success
2021-03-18 12:40:25,546 [14] INFO  SPOS.Requests.Requests - Request sent: http://localhost:5000/checkPassword/123 .Result: Success
2021-03-18 12:41:30,893 [10] INFO  SPOS.Requests.Requests - Request sent: http://localhost:5000/checkPassword/123 .Result: Success
2021-03-18 12:41:36,687 [10] ERROR SPOS.Requests.Requests - Request sent: http://localhost:5000/getUserName/123 .Result: System error.
2021-03-18 12:51:50,432 [6] ERROR SPOS.Requests.Requests - Request sent: http://localhost:5000/checkPassword/123 .Result: No connection could be made because the target machine actively refused it. [::ffff:127.0.0.1]:5000 (localhost:5000)
2021-03-18 12:52:15,635 [18] INFO  SPOS.Requests.Requests - Request sent: http://localhost:5000/checkPassword/123 .Result: Success
2021-03-18 13:06:35,460 [10] INFO  SPOS.Requests.Requests - Request sent: http://localhost:5000/checkPassword/123 .Result: Success
2021-03-18 13:07:48,531 [12] INFO  SPOS.Requests.Requests - Request sent: http://localhost:5000/checkPassword/123 .Result: Success
2021-03-18 13:12:46,740 [9] INFO  SPOS.Requests.Requests - Request sent: http://localhost:5000/checkPassword/123 .Result: Success
2021-03-18 13:12:46,957 [4] INFO  SPOS.Requests.Requests - Request sent: http://localhost:5000/getItemTypes .Result: Success
2021-03-18 13:12:47,203 [4] INFO  SPOS.Requests.Requests - Request sent: http://localhost:5000/getCategories .Result: Success
2021-03-18 13:15:41,176 [5] INFO  SPOS.Requests.Requests - Request sent: http://localhost:5000/checkPassword/123 .Result: Success
2021-03-18 13:15:41,270 [4] INFO  SPOS.Requests.Requests - Request sent: http://localhost:5000/getItemTypes .Result: Success
2021-03-18 13:15:41,542 [4] INFO  SPOS.Requests.Requests - Request sent: http://localhost:5000/getCategories .Result: Success
2021-03-18 13:18:22,360 [4] INFO  SPOS.Requests.Requests - Request sent: http://localhost:5000/checkPassword/123 .Result: Success
2021-03-18 13:18:22,509 [5] INFO  SPOS.Requests.Requests - Request sent: http://localhost:5000/getItemTypes .Result: Success
2021-03-18 13:18:22,873 [5] INFO  SPOS.Requests.Requests - Request sent: http://localhost:5000/getCategories .Result: Success
2021-03-18 13:18:49,894 [9] INFO  SPOS.Requests.Requests - Request sent: http://localhost:5000/checkPassword/123 .Result: Success
2021-03-18 13:18:50,011 [4] INFO  SPOS.Requests.Requests - Request sent: http://localhost:5000/getItemTypes .Result: Success
2021-03-18 13:18:50,291 [4] INFO  SPOS.Requests.Requests - Request sent: http://localhost:5000/getCategories .Result: Success
2021-03-18 13:19:12,981 [15] INFO  SPOS.Requests.Requests - Request sent: http://localhost:5000/checkPassword/123 .Result: Success
2021-03-18 13:19:13,146 [5] INFO  SPOS.Requests.Requests - Request sent: http://localhost:5000/getItemTypes .Result: Success
2021-03-18 13:19:13,421 [5] INFO  SPOS.Requests.Requests - Request sent: http://localhost:5000/getCategories .Result: Success
2021-03-18 13:19:52,872 [15] INFO  SPOS.Requests.Requests - Request sent: http://localhost:5000/checkPassword/123 .Result: Success
2021-03-18 13:19:52,990 [15] INFO  SPOS.Requests.Requests - Request sent: http://localhost:5000/getItemTypes .Result: Success
2021-03-18 13:19:53,274 [15] INFO  SPOS.Requests.Requests - Request sent: http://localhost:5000/getCategories .Result: Success
2021-03-18 13:19:56,876 [20] INFO  SPOS.Requests.Requests - Request sent: http://localhost:5000/getItemTypes .Result: Success
2021-03-18 13:19:56,916 [20] INFO  SPOS.Requests.Requests - Request sent: http://localhost:5000/getCategories .Result: Success
2021-03-18 13:20:27,575 [4] INFO  SPOS.Requests.Requests - Request sent: http://localhost:5000/checkPassword/123 .Result: Success
2021-03-18 13:20:27,721 [13] INFO  SPOS.Requests.Requests - Request sent: http://localhost:5000/getItemTypes .Result: Success
2021-03-18 13:20:27,962 [13] INFO  SPOS.Requests.Requests - Request sent: http://localhost:5000/getCategories .Result: Success
2021-03-18 13:22:15,378 [5] INFO  SPOS.Requests.Requests - Request sent: http://localhost:5000/checkPassword/123 .Result: Success
2021-03-18 13:22:15,487 [5] INFO  SPOS.Requests.Requests - Request sent: http://localhost:5000/getItemTypes .Result: Success
2021-03-18 13:22:15,812 [5] INFO  SPOS.Requests.Requests - Request sent: http://localhost:5000/getCategories .Result: Success
2021-03-18 13:23:40,791 [18] INFO  SPOS.Requests.Requests - Request sent: http://localhost:5000/checkPassword/123 .Result: Success
2021-03-18 13:23:40,935 [5] INFO  SPOS.Requests.Requests - Request sent: http://localhost:5000/getItemTypes .Result: Success
2021-03-18 13:23:41,251 [5] INFO  SPOS.Requests.Requests - Request sent: http://localhost:5000/getCategories .Result: Success
2021-03-18 13:24:26,450 [14] INFO  SPOS.Requests.Requests - Request sent: http://localhost:5000/checkPassword/123 .Result: Success
2021-03-18 13:24:26,593 [14] INFO  SPOS.Requests.Requests - Request sent: http://localhost:5000/getItemTypes .Result: Success
2021-03-18 13:24:26,861 [14] INFO  SPOS.Requests.Requests - Request sent: http://localhost:5000/getCategories .Result: Success
2021-03-18 13:40:54,725 [9] INFO  SPOS.Requests.Requests - Request sent: http://localhost:5000/checkPassword/123 .Result: Success
2021-03-18 13:42:15,963 [15] INFO  SPOS.Requests.Requests - Request sent: http://localhost:5000/checkPassword/123 .Result: Success
2021-03-18 13:50:38,577 [7] INFO  SPOS.Requests.Requests - Request sent: http://localhost:5000/checkPassword/123 .Result: Success
2021-03-18 13:50:38,870 [7] INFO  SPOS.Requests.Requests - Request sent: http://localhost:5000/getUserName/123 .Result: Success
2021-03-18 13:50:39,921 [7] ERROR SPOS.Requests.Requests - Request sent: http://localhost:5000/getUserName/123 .Result: Unexpected character encountered while parsing value: M. Path '', line 1, position 1.
2021-03-18 13:50:40,061 [5] INFO  SPOS.Requests.Requests - Request sent: http://localhost:5000/getItemTypes .Result: Success
2021-03-18 13:50:40,644 [5] INFO  SPOS.Requests.Requests - Request sent: http://localhost:5000/getCategories .Result: Success
2021-03-18 13:53:13,464 [4] INFO  SPOS.Requests.Requests - Request sent: http://localhost:5000/checkPassword/123 .Result: Success
2021-03-18 13:53:13,755 [4] INFO  SPOS.Requests.Requests - Request sent: http://localhost:5000/getUserName/123 .Result: Success
2021-03-18 13:53:14,782 [4] ERROR SPOS.Requests.Requests - Request sent: http://localhost:5000/getUserName/123 .Result: Unexpected character encountered while parsing value: M. Path '', line 1, position 1.
2021-03-18 13:53:32,418 [4] ERROR SPOS.Requests.Requests - Request sent: http://localhost:5000/getUserName/123 .Result: System error.
2021-03-18 13:54:15,006 [5] INFO  SPOS.Requests.Requests - Request sent: http://localhost:5000/checkPassword/123 .Result: Success
2021-03-18 13:54:21,482 [5] INFO  SPOS.Requests.Requests - Request sent: http://localhost:5000/getUserName/123 .Result: Success
2021-03-18 13:56:06,740 [7] INFO  SPOS.Requests.Requests - Request sent: http://localhost:5000/checkPassword/123 .Result: Success
2021-03-18 13:56:07,115 [7] INFO  SPOS.Requests.Requests - Request sent: http://localhost:5000/getUserName/123 .Result: Success
2021-03-18 13:57:10,988 [4] INFO  SPOS.Requests.Requests - Request sent: http://localhost:5000/checkPassword/123 .Result: Success
2021-03-18 13:57:11,208 [4] INFO  SPOS.Requests.Requests - Request sent: http://localhost:5000/getUserName/123 .Result: Success
2021-03-18 13:58:15,678 [4] INFO  SPOS.Requests.Requests - Request sent: http://localhost:5000/checkPassword/123 .Result: Success
2021-03-18 13:58:15,899 [4] INFO  SPOS.Requests.Requests - Request sent: http://localhost:5000/getUserName/123 .Result: Success
2021-03-18 14:02:25,965 [5] INFO  SPOS.Requests.Requests - Request sent: http://localhost:5000/checkPassword/123 .Result: Success
2021-03-18 14:02:26,189 [5] INFO  SPOS.Requests.Requests - Request sent: http://localhost:5000/getUserName/123 .Result: Success
2021-03-18 14:02:26,450 [13] INFO  SPOS.Requests.Requests - Request sent: http://localhost:5000/getItemTypes .Result: Success
2021-03-18 14:02:27,420 [13] INFO  SPOS.Requests.Requests - Request sent: http://localhost:5000/getCategories .Result: Success
2021-03-18 14:04:30,040 [9] INFO  SPOS.Requests.Requests - Request sent: http://localhost:5000/checkPassword/123 .Result: Success
2021-03-18 14:04:30,280 [9] INFO  SPOS.Requests.Requests - Request sent: http://localhost:5000/getUserName/123 .Result: Success
2021-03-18 14:04:30,492 [4] INFO  SPOS.Requests.Requests - Request sent: http://localhost:5000/getItemTypes .Result: Success
2021-03-18 14:04:31,680 [4] INFO  SPOS.Requests.Requests - Request sent: http://localhost:5000/getCategories .Result: Success
2021-03-18 14:05:34,604 [15] INFO  SPOS.Requests.Requests - Request sent: http://localhost:5000/checkPassword/123 .Result: Success
2021-03-18 14:05:34,841 [15] INFO  SPOS.Requests.Requests - Request sent: http://localhost:5000/getUserName/123 .Result: Success
2021-03-18 14:05:35,118 [15] INFO  SPOS.Requests.Requests - Request sent: http://localhost:5000/getItemTypes .Result: Success
2021-03-18 14:05:36,392 [15] INFO  SPOS.Requests.Requests - Request sent: http://localhost:5000/getCategories .Result: Success
2021-03-18 14:06:19,407 [10] INFO  SPOS.Requests.Requests - Request sent: http://localhost:5000/checkPassword/123 .Result: Success
2021-03-18 14:06:19,620 [10] INFO  SPOS.Requests.Requests - Request sent: http://localhost:5000/getUserName/123 .Result: Success
2021-03-18 14:06:19,842 [13] INFO  SPOS.Requests.Requests - Request sent: http://localhost:5000/getItemTypes .Result: Success
2021-03-18 14:06:21,021 [13] INFO  SPOS.Requests.Requests - Request sent: http://localhost:5000/getCategories .Result: Success
2021-03-18 14:07:29,011 [17] INFO  SPOS.Requests.Requests - Request sent: http://localhost:5000/checkPassword/123 .Result: Success
2021-03-18 14:07:29,270 [17] INFO  SPOS.Requests.Requests - Request sent: http://localhost:5000/getUserName/123 .Result: Success
2021-03-18 14:07:29,448 [5] INFO  SPOS.Requests.Requests - Request sent: http://localhost:5000/getItemTypes .Result: Success
2021-03-18 14:07:32,477 [5] INFO  SPOS.Requests.Requests - Request sent: http://localhost:5000/getCategories .Result: Success
2021-03-18 14:55:11,521 [4] INFO  SPOS.Requests.Requests - Request sent: http://localhost:5000/checkPassword/123 .Result: Success
2021-03-18 14:55:11,637 [4] INFO  SPOS.Requests.Requests - Request sent: http://localhost:5000/getUserName/123 .Result: Success
2021-03-18 14:55:11,710 [4] INFO  SPOS.Requests.Requests - Request sent: http://localhost:5000/getItemTypes .Result: Success
2021-03-18 14:55:12,212 [4] INFO  SPOS.Requests.Requests - Request sent: http://localhost:5000/getCategories .Result: Success
2021-03-18 14:56:45,567 [4] INFO  SPOS.Requests.Requests - Request sent: http://localhost:5000/checkPassword/123 .Result: Success
2021-03-18 14:56:45,696 [4] INFO  SPOS.Requests.Requests - Request sent: http://localhost:5000/getUserName/123 .Result: Success
2021-03-18 14:56:45,806 [14] INFO  SPOS.Requests.Requests - Request sent: http://localhost:5000/getItemTypes .Result: Success
2021-03-18 14:56:46,394 [14] INFO  SPOS.Requests.Requests - Request sent: http://localhost:5000/getCategories .Result: Success
2021-03-18 14:57:47,681 [9] INFO  SPOS.Requests.Requests - Request sent: http://localhost:5000/checkPassword/123 .Result: Success
2021-03-18 14:57:47,768 [9] INFO  SPOS.Requests.Requests - Request sent: http://localhost:5000/getUserName/123 .Result: Success
2021-03-18 14:57:47,853 [6] INFO  SPOS.Requests.Requests - Request sent: http://localhost:5000/getItemTypes .Result: Success
2021-03-18 14:57:48,303 [6] INFO  SPOS.Requests.Requests - Request sent: http://localhost:5000/getCategories .Result: Success
2021-03-18 14:58:17,330 [18] INFO  SPOS.Requests.Requests - Request sent: http://localhost:5000/checkPassword/123 .Result: Success
2021-03-18 14:58:17,437 [18] INFO  SPOS.Requests.Requests - Request sent: http://localhost:5000/getUserName/123 .Result: Success
2021-03-18 14:58:17,543 [18] INFO  SPOS.Requests.Requests - Request sent: http://localhost:5000/getItemTypes .Result: Success
2021-03-18 14:58:18,028 [18] INFO  SPOS.Requests.Requests - Request sent: http://localhost:5000/getCategories .Result: Success
2021-03-18 15:00:11,818 [9] INFO  SPOS.Requests.Requests - Request sent: http://localhost:5000/checkPassword/123 .Result: Success
2021-03-18 15:00:11,944 [9] INFO  SPOS.Requests.Requests - Request sent: http://localhost:5000/getUserName/123 .Result: Success
2021-03-18 15:00:12,022 [9] INFO  SPOS.Requests.Requests - Request sent: http://localhost:5000/getItemTypes .Result: Success
2021-03-18 15:00:12,499 [9] INFO  SPOS.Requests.Requests - Request sent: http://localhost:5000/getCategories .Result: Success
2021-03-18 15:01:30,253 [23] INFO  SPOS.Requests.Requests - Request sent: http://localhost:5000/getItemTypes .Result: Success
2021-03-18 15:01:30,278 [23] INFO  SPOS.Requests.Requests - Request sent: http://localhost:5000/getCategories .Result: Success
2021-03-18 15:03:38,525 [18] INFO  SPOS.Requests.Requests - Request sent: http://localhost:5000/checkPassword/123 .Result: Success
2021-03-18 15:03:38,633 [18] INFO  SPOS.Requests.Requests - Request sent: http://localhost:5000/getUserName/123 .Result: Success
2021-03-18 15:03:38,717 [4] INFO  SPOS.Requests.Requests - Request sent: http://localhost:5000/getItemTypes .Result: Success
2021-03-18 15:03:39,354 [4] INFO  SPOS.Requests.Requests - Request sent: http://localhost:5000/getCategories .Result: Success
2021-03-18 15:07:48,571 [5] INFO  SPOS.Requests.Requests - Request sent: http://localhost:5000/checkPassword/123 .Result: Success
2021-03-18 15:07:48,684 [5] INFO  SPOS.Requests.Requests - Request sent: http://localhost:5000/getUserName/123 .Result: Success
2021-03-18 15:07:48,760 [5] INFO  SPOS.Requests.Requests - Request sent: http://localhost:5000/getItemTypes .Result: Success
2021-03-18 15:07:49,258 [5] INFO  SPOS.Requests.Requests - Request sent: http://localhost:5000/getCategories .Result: Success
